CRITICAL - 2022-11-15 00:45:28 --> Invalid file: home.php
in SYSTEMPATH\Exceptions\FrameworkException.php on line 33.
 1 SYSTEMPATH\View\View.php(201): CodeIgniter\Exceptions\FrameworkException::forInvalidFile('home.php')
 2 SYSTEMPATH\Common.php(1142): CodeIgniter\View\View->render('home', [], true)
 3 APPPATH\Controllers\GoogleReCaptcha.php(16): view('home')
 4 SYSTEMPATH\CodeIgniter.php(904): App\Controllers\GoogleReCaptcha->index()
 5 SYSTEMPATH\CodeIgniter.php(457): CodeIgniter\CodeIgniter->runController(Object(App\Controllers\GoogleReCaptcha))
 6 SYSTEMPATH\CodeIgniter.php(340): CodeIgniter\CodeIgniter->handleRequest(null, Object(Config\Cache), false)
 7 FCPATH\index.php(67): CodeIgniter\CodeIgniter->run()
 8 SYSTEMPATH\Commands\Server\rewrite.php(43): require_once('FCPATH\\index.php')
CRITICAL - 2022-11-15 00:45:59 --> Undefined property: CodeIgniter\View\View::$session
in APPPATH\Views\recapcha.php on line 18.
 1 APPPATH\Views\recapcha.php(18): CodeIgniter\Debug\Exceptions->errorHandler(8, 'Undefined property: CodeIgniter\\View\\View::$session', 'APPPATH\\Views\\recapcha.php', 18, [])
 2 SYSTEMPATH\View\View.php(213): include('APPPATH\\Views\\recapcha.php')
 3 SYSTEMPATH\View\View.php(216): CodeIgniter\View\View->CodeIgniter\View\{closure}()
 4 SYSTEMPATH\Common.php(1142): CodeIgniter\View\View->render('recapcha', [], true)
 5 APPPATH\Controllers\GoogleReCaptcha.php(16): view('recapcha')
 6 SYSTEMPATH\CodeIgniter.php(904): App\Controllers\GoogleReCaptcha->index()
 7 SYSTEMPATH\CodeIgniter.php(457): CodeIgniter\CodeIgniter->runController(Object(App\Controllers\GoogleReCaptcha))
 8 SYSTEMPATH\CodeIgniter.php(340): CodeIgniter\CodeIgniter->handleRequest(null, Object(Config\Cache), false)
 9 FCPATH\index.php(67): CodeIgniter\CodeIgniter->run()
10 SYSTEMPATH\Commands\Server\rewrite.php(43): require_once('FCPATH\\index.php')
CRITICAL - 2022-11-15 00:46:00 --> Undefined property: CodeIgniter\View\View::$session
in APPPATH\Views\recapcha.php on line 18.
 1 APPPATH\Views\recapcha.php(18): CodeIgniter\Debug\Exceptions->errorHandler(8, 'Undefined property: CodeIgniter\\View\\View::$session', 'APPPATH\\Views\\recapcha.php', 18, [])
 2 SYSTEMPATH\View\View.php(213): include('APPPATH\\Views\\recapcha.php')
 3 SYSTEMPATH\View\View.php(216): CodeIgniter\View\View->CodeIgniter\View\{closure}()
 4 SYSTEMPATH\Common.php(1142): CodeIgniter\View\View->render('recapcha', [], true)
 5 APPPATH\Controllers\GoogleReCaptcha.php(16): view('recapcha')
 6 SYSTEMPATH\CodeIgniter.php(904): App\Controllers\GoogleReCaptcha->index()
 7 SYSTEMPATH\CodeIgniter.php(457): CodeIgniter\CodeIgniter->runController(Object(App\Controllers\GoogleReCaptcha))
 8 SYSTEMPATH\CodeIgniter.php(340): CodeIgniter\CodeIgniter->handleRequest(null, Object(Config\Cache), false)
 9 FCPATH\index.php(67): CodeIgniter\CodeIgniter->run()
10 SYSTEMPATH\Commands\Server\rewrite.php(43): require_once('FCPATH\\index.php')
CRITICAL - 2022-11-15 00:46:00 --> Undefined property: CodeIgniter\View\View::$session
in APPPATH\Views\recapcha.php on line 18.
 1 APPPATH\Views\recapcha.php(18): CodeIgniter\Debug\Exceptions->errorHandler(8, 'Undefined property: CodeIgniter\\View\\View::$session', 'APPPATH\\Views\\recapcha.php', 18, [])
 2 SYSTEMPATH\View\View.php(213): include('APPPATH\\Views\\recapcha.php')
 3 SYSTEMPATH\View\View.php(216): CodeIgniter\View\View->CodeIgniter\View\{closure}()
 4 SYSTEMPATH\Common.php(1142): CodeIgniter\View\View->render('recapcha', [], true)
 5 APPPATH\Controllers\GoogleReCaptcha.php(16): view('recapcha')
 6 SYSTEMPATH\CodeIgniter.php(904): App\Controllers\GoogleReCaptcha->index()
 7 SYSTEMPATH\CodeIgniter.php(457): CodeIgniter\CodeIgniter->runController(Object(App\Controllers\GoogleReCaptcha))
 8 SYSTEMPATH\CodeIgniter.php(340): CodeIgniter\CodeIgniter->handleRequest(null, Object(Config\Cache), false)
 9 FCPATH\index.php(67): CodeIgniter\CodeIgniter->run()
10 SYSTEMPATH\Commands\Server\rewrite.php(43): require_once('FCPATH\\index.php')
CRITICAL - 2022-11-15 00:46:01 --> Undefined property: CodeIgniter\View\View::$session
in APPPATH\Views\recapcha.php on line 18.
 1 APPPATH\Views\recapcha.php(18): CodeIgniter\Debug\Exceptions->errorHandler(8, 'Undefined property: CodeIgniter\\View\\View::$session', 'APPPATH\\Views\\recapcha.php', 18, [])
 2 SYSTEMPATH\View\View.php(213): include('APPPATH\\Views\\recapcha.php')
 3 SYSTEMPATH\View\View.php(216): CodeIgniter\View\View->CodeIgniter\View\{closure}()
 4 SYSTEMPATH\Common.php(1142): CodeIgniter\View\View->render('recapcha', [], true)
 5 APPPATH\Controllers\GoogleReCaptcha.php(16): view('recapcha')
 6 SYSTEMPATH\CodeIgniter.php(904): App\Controllers\GoogleReCaptcha->index()
 7 SYSTEMPATH\CodeIgniter.php(457): CodeIgniter\CodeIgniter->runController(Object(App\Controllers\GoogleReCaptcha))
 8 SYSTEMPATH\CodeIgniter.php(340): CodeIgniter\CodeIgniter->handleRequest(null, Object(Config\Cache), false)
 9 FCPATH\index.php(67): CodeIgniter\CodeIgniter->run()
10 SYSTEMPATH\Commands\Server\rewrite.php(43): require_once('FCPATH\\index.php')
CRITICAL - 2022-11-15 00:58:41 --> Call to undefined method CodeIgniter\HTTP\IncomingRequest::ip_address()
in APPPATH\Controllers\authentications\AuthenticationController.php on line 73.
 1 SYSTEMPATH\CodeIgniter.php(904): App\Controllers\authentications\AuthenticationController->LoginUser()
 2 SYSTEMPATH\CodeIgniter.php(457): CodeIgniter\CodeIgniter->runController(Object(App\Controllers\authentications\AuthenticationController))
 3 SYSTEMPATH\CodeIgniter.php(340): CodeIgniter\CodeIgniter->handleRequest(null, Object(Config\Cache), false)
 4 FCPATH\index.php(67): CodeIgniter\CodeIgniter->run()
 5 SYSTEMPATH\Commands\Server\rewrite.php(43): require_once('FCPATH\\index.php')
CRITICAL - 2022-11-15 00:59:36 --> Undefined variable: user_info
in APPPATH\Views\DashboardView.php on line 12.
 1 APPPATH\Views\DashboardView.php(12): CodeIgniter\Debug\Exceptions->errorHandler(8, 'Undefined variable: user_info', 'APPPATH\\Views\\DashboardView.php', 12, [...])
 2 SYSTEMPATH\View\View.php(213): include('APPPATH\\Views\\DashboardView.php')
 3 SYSTEMPATH\View\View.php(216): CodeIgniter\View\View->CodeIgniter\View\{closure}()
 4 SYSTEMPATH\Common.php(1142): CodeIgniter\View\View->render('DashboardView', [], true)
 5 APPPATH\Controllers\BaseController.php(69): view('DashboardView', [...])
 6 APPPATH\Controllers\DashboardController.php(20): App\Controllers\BaseController->render('DashboardView', [...])
 7 SYSTEMPATH\CodeIgniter.php(904): App\Controllers\DashboardController->index()
 8 SYSTEMPATH\CodeIgniter.php(457): CodeIgniter\CodeIgniter->runController(Object(App\Controllers\DashboardController))
 9 SYSTEMPATH\CodeIgniter.php(340): CodeIgniter\CodeIgniter->handleRequest(null, Object(Config\Cache), false)
10 FCPATH\index.php(67): CodeIgniter\CodeIgniter->run()
11 SYSTEMPATH\Commands\Server\rewrite.php(43): require_once('FCPATH\\index.php')
