ERROR - 2023-08-31 08:38:19 --> mysqli_sql_exception: Column 'desID' in where clause is ambiguous in C:\Laragon\www\promis\system\Database\MySQLi\Connection.php:292
Stack trace:
#0 C:\Laragon\www\promis\system\Database\MySQLi\Connection.php(292): mysqli->query('SELECT COUNT(*)...', 0)
#1 C:\Laragon\www\promis\system\Database\BaseConnection.php(693): CodeIgniter\Database\MySQLi\Connection->execute('SELECT COUNT(*)...')
#2 C:\Laragon\www\promis\system\Database\BaseConnection.php(620): CodeIgniter\Database\BaseConnection->simpleQuery('SELECT COUNT(*)...')
#3 C:\Laragon\www\promis\system\Database\BaseBuilder.php(1669): CodeIgniter\Database\BaseConnection->query('SELECT COUNT(*)...', Array, false)
#4 C:\Laragon\www\promis\vendor\hermawan\codeigniter4-datatables\src\DataTableQuery.php(53): CodeIgniter\Database\BaseBuilder->countAllResults()
#5 C:\Laragon\www\promis\vendor\hermawan\codeigniter4-datatables\src\DataTable.php(174): Hermawan\DataTables\DataTableQuery->countAll()
#6 C:\Laragon\www\promis\app\Controllers\libraries\Office\DivisionController.php(89): Hermawan\DataTables\DataTable->toJson(true)
#7 C:\Laragon\www\promis\system\CodeIgniter.php(904): App\Controllers\Libraries\Office\DivisionController->getDatatable('64ef61213f7af')
#8 C:\Laragon\www\promis\system\CodeIgniter.php(457): CodeIgniter\CodeIgniter->runController(Object(App\Controllers\Libraries\Office\DivisionController))
#9 C:\Laragon\www\promis\system\CodeIgniter.php(340): CodeIgniter\CodeIgniter->handleRequest(NULL, Object(Config\Cache), false)
#10 C:\Laragon\www\promis\public\index.php(67): CodeIgniter\CodeIgniter->run()
#11 C:\Laragon\www\promis\system\Commands\Server\rewrite.php(43): require_once('C:\\Laragon\\www\\...')
#12 {main}
CRITICAL - 2023-08-31 08:38:19 --> Column 'desID' in where clause is ambiguous
in SYSTEMPATH\Database\MySQLi\Connection.php on line 292.
 1 SYSTEMPATH\Database\MySQLi\Connection.php(292): mysqli->query('SELECT COUNT(*) AS `numrows`
FROM `lib_office_division` AS `div`
LEFT JOIN `lib_office_head` AS `head` ON `head`.`headID` = `div`.`headID`
LEFT JOIN `lib_office_designation` AS `des` ON `des`.`desID` = `div`.`desID`
WHERE `desID` = \'64ef61213f7af\'', 0)
 2 SYSTEMPATH\Database\BaseConnection.php(693): CodeIgniter\Database\MySQLi\Connection->execute('SELECT COUNT(*) AS `numrows`
FROM `lib_office_division` AS `div`
LEFT JOIN `lib_office_head` AS `head` ON `head`.`headID` = `div`.`headID`
LEFT JOIN `lib_office_designation` AS `des` ON `des`.`desID` = `div`.`desID`
WHERE `desID` = \'64ef61213f7af\'')
 3 SYSTEMPATH\Database\BaseConnection.php(620): CodeIgniter\Database\BaseConnection->simpleQuery('SELECT COUNT(*) AS `numrows`
FROM `lib_office_division` AS `div`
LEFT JOIN `lib_office_head` AS `head` ON `head`.`headID` = `div`.`headID`
LEFT JOIN `lib_office_designation` AS `des` ON `des`.`desID` = `div`.`desID`
WHERE `desID` = \'64ef61213f7af\'')
 4 SYSTEMPATH\Database\BaseBuilder.php(1669): CodeIgniter\Database\BaseConnection->query('SELECT COUNT(*) AS `numrows`
FROM `lib_office_division` AS `div`
LEFT JOIN `lib_office_head` AS `head` ON `head`.`headID` = `div`.`headID`
LEFT JOIN `lib_office_designation` AS `des` ON `des`.`desID` = `div`.`desID`
WHERE `desID` = :desID:', [...], false)
 5 VENDORPATH\hermawan\codeigniter4-datatables\src\DataTableQuery.php(53): CodeIgniter\Database\BaseBuilder->countAllResults()
 6 VENDORPATH\hermawan\codeigniter4-datatables\src\DataTable.php(174): Hermawan\DataTables\DataTableQuery->countAll()
 7 APPPATH\Controllers\libraries\Office\DivisionController.php(89): Hermawan\DataTables\DataTable->toJson(true)
 8 SYSTEMPATH\CodeIgniter.php(904): App\Controllers\Libraries\Office\DivisionController->getDatatable('64ef61213f7af')
 9 SYSTEMPATH\CodeIgniter.php(457): CodeIgniter\CodeIgniter->runController(Object(App\Controllers\Libraries\Office\DivisionController))
10 SYSTEMPATH\CodeIgniter.php(340): CodeIgniter\CodeIgniter->handleRequest(null, Object(Config\Cache), false)
11 FCPATH\index.php(67): CodeIgniter\CodeIgniter->run()
12 SYSTEMPATH\Commands\Server\rewrite.php(43): require_once('FCPATH\\index.php')
