ERROR - 2023-09-18 10:41:15 --> mysqli_sql_exception: Unknown column 'province.regionCode' in 'field list' in C:\laragon\www\promis\system\Database\MySQLi\Connection.php:292
Stack trace:
#0 C:\laragon\www\promis\system\Database\MySQLi\Connection.php(292): mysqli->query('SELECT `provinc...', 0)
#1 C:\laragon\www\promis\system\Database\BaseConnection.php(693): CodeIgniter\Database\MySQLi\Connection->execute('SELECT `provinc...')
#2 C:\laragon\www\promis\system\Database\BaseConnection.php(620): CodeIgniter\Database\BaseConnection->simpleQuery('SELECT `provinc...')
#3 C:\laragon\www\promis\system\Database\BaseBuilder.php(1585): CodeIgniter\Database\BaseConnection->query('SELECT `provinc...', Array, false)
#4 C:\laragon\www\promis\vendor\hermawan\codeigniter4-datatables\src\DataTableQuery.php(219): CodeIgniter\Database\BaseBuilder->get()
#5 C:\laragon\www\promis\vendor\hermawan\codeigniter4-datatables\src\DataTableQuery.php(70): Hermawan\DataTables\DataTableQuery->queryResult()
#6 C:\laragon\www\promis\vendor\hermawan\codeigniter4-datatables\src\DataTable.php(176): Hermawan\DataTables\DataTableQuery->getDataResult()
#7 C:\laragon\www\promis\app\Controllers\libraries\Psgc\ProvinceController.php(86): Hermawan\DataTables\DataTable->toJson(true)
#8 C:\laragon\www\promis\system\CodeIgniter.php(904): App\Controllers\Libraries\Psgc\ProvinceController->getProvince()
#9 C:\laragon\www\promis\system\CodeIgniter.php(457): CodeIgniter\CodeIgniter->runController(Object(App\Controllers\Libraries\Psgc\ProvinceController))
#10 C:\laragon\www\promis\system\CodeIgniter.php(340): CodeIgniter\CodeIgniter->handleRequest(NULL, Object(Config\Cache), false)
#11 C:\laragon\www\promis\public\index.php(67): CodeIgniter\CodeIgniter->run()
#12 C:\laragon\www\promis\system\Commands\Server\rewrite.php(43): require_once('C:\\laragon\\www\\...')
#13 {main}
CRITICAL - 2023-09-18 10:41:15 --> Unknown column 'province.regionCode' in 'field list'
in SYSTEMPATH\Database\MySQLi\Connection.php on line 292.
 1 SYSTEMPATH\Database\MySQLi\Connection.php(292): mysqli->query('SELECT `province`.`provinceID`, `province`.`provinceCode`, `province`.`provinceName`, `province`.`provinceAcronym`, `province`.`regionCode`, `province`.`dateAdded`, `province`.`isActive`, `region`.`regionName`
FROM `lib_psgc_provinces` AS `province`
LEFT JOIN `lib_psgc_region` AS `region` ON `region`.`regionID` = `province`.`regionID`
ORDER BY `region`.`regionName` ASC, `province`.`provinceName` ASC
 LIMIT 10', 0)
 2 SYSTEMPATH\Database\BaseConnection.php(693): CodeIgniter\Database\MySQLi\Connection->execute('SELECT `province`.`provinceID`, `province`.`provinceCode`, `province`.`provinceName`, `province`.`provinceAcronym`, `province`.`regionCode`, `province`.`dateAdded`, `province`.`isActive`, `region`.`regionName`
FROM `lib_psgc_provinces` AS `province`
LEFT JOIN `lib_psgc_region` AS `region` ON `region`.`regionID` = `province`.`regionID`
ORDER BY `region`.`regionName` ASC, `province`.`provinceName` ASC
 LIMIT 10')
 3 SYSTEMPATH\Database\BaseConnection.php(620): CodeIgniter\Database\BaseConnection->simpleQuery('SELECT `province`.`provinceID`, `province`.`provinceCode`, `province`.`provinceName`, `province`.`provinceAcronym`, `province`.`regionCode`, `province`.`dateAdded`, `province`.`isActive`, `region`.`regionName`
FROM `lib_psgc_provinces` AS `province`
LEFT JOIN `lib_psgc_region` AS `region` ON `region`.`regionID` = `province`.`regionID`
ORDER BY `region`.`regionName` ASC, `province`.`provinceName` ASC
 LIMIT 10')
 4 SYSTEMPATH\Database\BaseBuilder.php(1585): CodeIgniter\Database\BaseConnection->query('SELECT `province`.`provinceID`, `province`.`provinceCode`, `province`.`provinceName`, `province`.`provinceAcronym`, `province`.`regionCode`, `province`.`dateAdded`, `province`.`isActive`, `region`.`regionName`
FROM `lib_psgc_provinces` AS `province`
LEFT JOIN `lib_psgc_region` AS `region` ON `region`.`regionID` = `province`.`regionID`
ORDER BY `region`.`regionName` ASC, `province`.`provinceName` ASC
 LIMIT 10', [], false)
 5 VENDORPATH\hermawan\codeigniter4-datatables\src\DataTableQuery.php(219): CodeIgniter\Database\BaseBuilder->get()
 6 VENDORPATH\hermawan\codeigniter4-datatables\src\DataTableQuery.php(70): Hermawan\DataTables\DataTableQuery->queryResult()
 7 VENDORPATH\hermawan\codeigniter4-datatables\src\DataTable.php(176): Hermawan\DataTables\DataTableQuery->getDataResult()
 8 APPPATH\Controllers\libraries\Psgc\ProvinceController.php(86): Hermawan\DataTables\DataTable->toJson(true)
 9 SYSTEMPATH\CodeIgniter.php(904): App\Controllers\Libraries\Psgc\ProvinceController->getProvince()
10 SYSTEMPATH\CodeIgniter.php(457): CodeIgniter\CodeIgniter->runController(Object(App\Controllers\Libraries\Psgc\ProvinceController))
11 SYSTEMPATH\CodeIgniter.php(340): CodeIgniter\CodeIgniter->handleRequest(null, Object(Config\Cache), false)
12 FCPATH\index.php(67): CodeIgniter\CodeIgniter->run()
13 SYSTEMPATH\Commands\Server\rewrite.php(43): require_once('FCPATH\\index.php')
ERROR - 2023-09-18 10:42:11 --> mysqli_sql_exception: Unknown column 'province.regionCode' in 'field list' in C:\laragon\www\promis\system\Database\MySQLi\Connection.php:292
Stack trace:
#0 C:\laragon\www\promis\system\Database\MySQLi\Connection.php(292): mysqli->query('SELECT `provinc...', 0)
#1 C:\laragon\www\promis\system\Database\BaseConnection.php(693): CodeIgniter\Database\MySQLi\Connection->execute('SELECT `provinc...')
#2 C:\laragon\www\promis\system\Database\BaseConnection.php(620): CodeIgniter\Database\BaseConnection->simpleQuery('SELECT `provinc...')
#3 C:\laragon\www\promis\system\Database\BaseBuilder.php(1585): CodeIgniter\Database\BaseConnection->query('SELECT `provinc...', Array, false)
#4 C:\laragon\www\promis\vendor\hermawan\codeigniter4-datatables\src\DataTableQuery.php(219): CodeIgniter\Database\BaseBuilder->get()
#5 C:\laragon\www\promis\vendor\hermawan\codeigniter4-datatables\src\DataTableQuery.php(70): Hermawan\DataTables\DataTableQuery->queryResult()
#6 C:\laragon\www\promis\vendor\hermawan\codeigniter4-datatables\src\DataTable.php(176): Hermawan\DataTables\DataTableQuery->getDataResult()
#7 C:\laragon\www\promis\app\Controllers\libraries\Psgc\ProvinceController.php(86): Hermawan\DataTables\DataTable->toJson(true)
#8 C:\laragon\www\promis\system\CodeIgniter.php(904): App\Controllers\Libraries\Psgc\ProvinceController->getProvince()
#9 C:\laragon\www\promis\system\CodeIgniter.php(457): CodeIgniter\CodeIgniter->runController(Object(App\Controllers\Libraries\Psgc\ProvinceController))
#10 C:\laragon\www\promis\system\CodeIgniter.php(340): CodeIgniter\CodeIgniter->handleRequest(NULL, Object(Config\Cache), false)
#11 C:\laragon\www\promis\public\index.php(67): CodeIgniter\CodeIgniter->run()
#12 C:\laragon\www\promis\system\Commands\Server\rewrite.php(43): require_once('C:\\laragon\\www\\...')
#13 {main}
CRITICAL - 2023-09-18 10:42:11 --> Unknown column 'province.regionCode' in 'field list'
in SYSTEMPATH\Database\MySQLi\Connection.php on line 292.
 1 SYSTEMPATH\Database\MySQLi\Connection.php(292): mysqli->query('SELECT `province`.`provinceID`, `province`.`provinceCode`, `province`.`provinceName`, `province`.`provinceAcronym`, `province`.`regionCode`, `province`.`dateAdded`, `province`.`isActive`, `region`.`regionName`
FROM `lib_psgc_provinces` AS `province`
LEFT JOIN `lib_psgc_region` AS `region` ON `region`.`regionID` = `province`.`regionID`
ORDER BY `region`.`regionName` ASC, `province`.`provinceName` ASC
 LIMIT 10', 0)
 2 SYSTEMPATH\Database\BaseConnection.php(693): CodeIgniter\Database\MySQLi\Connection->execute('SELECT `province`.`provinceID`, `province`.`provinceCode`, `province`.`provinceName`, `province`.`provinceAcronym`, `province`.`regionCode`, `province`.`dateAdded`, `province`.`isActive`, `region`.`regionName`
FROM `lib_psgc_provinces` AS `province`
LEFT JOIN `lib_psgc_region` AS `region` ON `region`.`regionID` = `province`.`regionID`
ORDER BY `region`.`regionName` ASC, `province`.`provinceName` ASC
 LIMIT 10')
 3 SYSTEMPATH\Database\BaseConnection.php(620): CodeIgniter\Database\BaseConnection->simpleQuery('SELECT `province`.`provinceID`, `province`.`provinceCode`, `province`.`provinceName`, `province`.`provinceAcronym`, `province`.`regionCode`, `province`.`dateAdded`, `province`.`isActive`, `region`.`regionName`
FROM `lib_psgc_provinces` AS `province`
LEFT JOIN `lib_psgc_region` AS `region` ON `region`.`regionID` = `province`.`regionID`
ORDER BY `region`.`regionName` ASC, `province`.`provinceName` ASC
 LIMIT 10')
 4 SYSTEMPATH\Database\BaseBuilder.php(1585): CodeIgniter\Database\BaseConnection->query('SELECT `province`.`provinceID`, `province`.`provinceCode`, `province`.`provinceName`, `province`.`provinceAcronym`, `province`.`regionCode`, `province`.`dateAdded`, `province`.`isActive`, `region`.`regionName`
FROM `lib_psgc_provinces` AS `province`
LEFT JOIN `lib_psgc_region` AS `region` ON `region`.`regionID` = `province`.`regionID`
ORDER BY `region`.`regionName` ASC, `province`.`provinceName` ASC
 LIMIT 10', [], false)
 5 VENDORPATH\hermawan\codeigniter4-datatables\src\DataTableQuery.php(219): CodeIgniter\Database\BaseBuilder->get()
 6 VENDORPATH\hermawan\codeigniter4-datatables\src\DataTableQuery.php(70): Hermawan\DataTables\DataTableQuery->queryResult()
 7 VENDORPATH\hermawan\codeigniter4-datatables\src\DataTable.php(176): Hermawan\DataTables\DataTableQuery->getDataResult()
 8 APPPATH\Controllers\libraries\Psgc\ProvinceController.php(86): Hermawan\DataTables\DataTable->toJson(true)
 9 SYSTEMPATH\CodeIgniter.php(904): App\Controllers\Libraries\Psgc\ProvinceController->getProvince()
10 SYSTEMPATH\CodeIgniter.php(457): CodeIgniter\CodeIgniter->runController(Object(App\Controllers\Libraries\Psgc\ProvinceController))
11 SYSTEMPATH\CodeIgniter.php(340): CodeIgniter\CodeIgniter->handleRequest(null, Object(Config\Cache), false)
12 FCPATH\index.php(67): CodeIgniter\CodeIgniter->run()
13 SYSTEMPATH\Commands\Server\rewrite.php(43): require_once('FCPATH\\index.php')
ERROR - 2023-09-18 14:00:04 --> mysqli_sql_exception: Duplicate entry '64fdd601b031a' for key 'PRIMARY' in C:\laragon\www\promis\system\Database\MySQLi\Connection.php:292
Stack trace:
#0 C:\laragon\www\promis\system\Database\MySQLi\Connection.php(292): mysqli->query('INSERT INTO `li...', 0)
#1 C:\laragon\www\promis\system\Database\BaseConnection.php(693): CodeIgniter\Database\MySQLi\Connection->execute('INSERT INTO `li...')
#2 C:\laragon\www\promis\system\Database\BaseConnection.php(620): CodeIgniter\Database\BaseConnection->simpleQuery('INSERT INTO `li...')
#3 C:\laragon\www\promis\system\Database\BaseBuilder.php(1916): CodeIgniter\Database\BaseConnection->query('INSERT INTO `li...', Array, false)
#4 C:\laragon\www\promis\app\Models\Libraries\Psgc\ProvinceModel.php(15): CodeIgniter\Database\BaseBuilder->insert()
#5 C:\laragon\www\promis\app\Controllers\libraries\Psgc\ProvinceController.php(56): App\Models\Libraries\Psgc\ProvinceModel->provinceInsert(Array, '64fdd601b031a')
#6 C:\laragon\www\promis\system\CodeIgniter.php(904): App\Controllers\Libraries\Psgc\ProvinceController->actionInsertUpdate()
#7 C:\laragon\www\promis\system\CodeIgniter.php(457): CodeIgniter\CodeIgniter->runController(Object(App\Controllers\Libraries\Psgc\ProvinceController))
#8 C:\laragon\www\promis\system\CodeIgniter.php(340): CodeIgniter\CodeIgniter->handleRequest(NULL, Object(Config\Cache), false)
#9 C:\laragon\www\promis\public\index.php(67): CodeIgniter\CodeIgniter->run()
#10 C:\laragon\www\promis\system\Commands\Server\rewrite.php(43): require_once('C:\\laragon\\www\\...')
#11 {main}
CRITICAL - 2023-09-18 14:00:04 --> Duplicate entry '64fdd601b031a' for key 'PRIMARY'
in SYSTEMPATH\Database\MySQLi\Connection.php on line 292.
 1 SYSTEMPATH\Database\MySQLi\Connection.php(292): mysqli->query('INSERT INTO `lib_psgc_provinces` (`provinceID`, `provinceCode`, `provinceName`, `provinceAcronym`, `regionID`, `isActive`, `dateAdded`) VALUES (\'64fdd601b031a\', \'asdasdad\', \'asdaad\', \'test update\', \'64fd6eba4c3a7\', 1, \'2023-09-18 14:00:04\')', 0)
 2 SYSTEMPATH\Database\BaseConnection.php(693): CodeIgniter\Database\MySQLi\Connection->execute('INSERT INTO `lib_psgc_provinces` (`provinceID`, `provinceCode`, `provinceName`, `provinceAcronym`, `regionID`, `isActive`, `dateAdded`) VALUES (\'64fdd601b031a\', \'asdasdad\', \'asdaad\', \'test update\', \'64fd6eba4c3a7\', 1, \'2023-09-18 14:00:04\')')
 3 SYSTEMPATH\Database\BaseConnection.php(620): CodeIgniter\Database\BaseConnection->simpleQuery('INSERT INTO `lib_psgc_provinces` (`provinceID`, `provinceCode`, `provinceName`, `provinceAcronym`, `regionID`, `isActive`, `dateAdded`) VALUES (\'64fdd601b031a\', \'asdasdad\', \'asdaad\', \'test update\', \'64fd6eba4c3a7\', 1, \'2023-09-18 14:00:04\')')
 4 SYSTEMPATH\Database\BaseBuilder.php(1916): CodeIgniter\Database\BaseConnection->query('INSERT INTO `lib_psgc_provinces` (`provinceID`, `provinceCode`, `provinceName`, `provinceAcronym`, `regionID`, `isActive`, `dateAdded`) VALUES (:provinceID:, :provinceCode:, :provinceName:, :provinceAcronym:, :regionID:, :isActive:, :dateAdded:)', [...], false)
 5 APPPATH\Models\Libraries\Psgc\ProvinceModel.php(15): CodeIgniter\Database\BaseBuilder->insert()
 6 APPPATH\Controllers\libraries\Psgc\ProvinceController.php(56): App\Models\Libraries\Psgc\ProvinceModel->provinceInsert([...], '64fdd601b031a')
 7 SYSTEMPATH\CodeIgniter.php(904): App\Controllers\Libraries\Psgc\ProvinceController->actionInsertUpdate()
 8 SYSTEMPATH\CodeIgniter.php(457): CodeIgniter\CodeIgniter->runController(Object(App\Controllers\Libraries\Psgc\ProvinceController))
 9 SYSTEMPATH\CodeIgniter.php(340): CodeIgniter\CodeIgniter->handleRequest(null, Object(Config\Cache), false)
10 FCPATH\index.php(67): CodeIgniter\CodeIgniter->run()
11 SYSTEMPATH\Commands\Server\rewrite.php(43): require_once('FCPATH\\index.php')
ERROR - 2023-09-18 14:00:06 --> mysqli_sql_exception: Duplicate entry '64fdd601b031a' for key 'PRIMARY' in C:\laragon\www\promis\system\Database\MySQLi\Connection.php:292
Stack trace:
#0 C:\laragon\www\promis\system\Database\MySQLi\Connection.php(292): mysqli->query('INSERT INTO `li...', 0)
#1 C:\laragon\www\promis\system\Database\BaseConnection.php(693): CodeIgniter\Database\MySQLi\Connection->execute('INSERT INTO `li...')
#2 C:\laragon\www\promis\system\Database\BaseConnection.php(620): CodeIgniter\Database\BaseConnection->simpleQuery('INSERT INTO `li...')
#3 C:\laragon\www\promis\system\Database\BaseBuilder.php(1916): CodeIgniter\Database\BaseConnection->query('INSERT INTO `li...', Array, false)
#4 C:\laragon\www\promis\app\Models\Libraries\Psgc\ProvinceModel.php(15): CodeIgniter\Database\BaseBuilder->insert()
#5 C:\laragon\www\promis\app\Controllers\libraries\Psgc\ProvinceController.php(56): App\Models\Libraries\Psgc\ProvinceModel->provinceInsert(Array, '64fdd601b031a')
#6 C:\laragon\www\promis\system\CodeIgniter.php(904): App\Controllers\Libraries\Psgc\ProvinceController->actionInsertUpdate()
#7 C:\laragon\www\promis\system\CodeIgniter.php(457): CodeIgniter\CodeIgniter->runController(Object(App\Controllers\Libraries\Psgc\ProvinceController))
#8 C:\laragon\www\promis\system\CodeIgniter.php(340): CodeIgniter\CodeIgniter->handleRequest(NULL, Object(Config\Cache), false)
#9 C:\laragon\www\promis\public\index.php(67): CodeIgniter\CodeIgniter->run()
#10 C:\laragon\www\promis\system\Commands\Server\rewrite.php(43): require_once('C:\\laragon\\www\\...')
#11 {main}
CRITICAL - 2023-09-18 14:00:06 --> Duplicate entry '64fdd601b031a' for key 'PRIMARY'
in SYSTEMPATH\Database\MySQLi\Connection.php on line 292.
 1 SYSTEMPATH\Database\MySQLi\Connection.php(292): mysqli->query('INSERT INTO `lib_psgc_provinces` (`provinceID`, `provinceCode`, `provinceName`, `provinceAcronym`, `regionID`, `isActive`, `dateAdded`) VALUES (\'64fdd601b031a\', \'asdasdad\', \'asdaad\', \'test update\', \'64fd6eba4c3a7\', 1, \'2023-09-18 14:00:06\')', 0)
 2 SYSTEMPATH\Database\BaseConnection.php(693): CodeIgniter\Database\MySQLi\Connection->execute('INSERT INTO `lib_psgc_provinces` (`provinceID`, `provinceCode`, `provinceName`, `provinceAcronym`, `regionID`, `isActive`, `dateAdded`) VALUES (\'64fdd601b031a\', \'asdasdad\', \'asdaad\', \'test update\', \'64fd6eba4c3a7\', 1, \'2023-09-18 14:00:06\')')
 3 SYSTEMPATH\Database\BaseConnection.php(620): CodeIgniter\Database\BaseConnection->simpleQuery('INSERT INTO `lib_psgc_provinces` (`provinceID`, `provinceCode`, `provinceName`, `provinceAcronym`, `regionID`, `isActive`, `dateAdded`) VALUES (\'64fdd601b031a\', \'asdasdad\', \'asdaad\', \'test update\', \'64fd6eba4c3a7\', 1, \'2023-09-18 14:00:06\')')
 4 SYSTEMPATH\Database\BaseBuilder.php(1916): CodeIgniter\Database\BaseConnection->query('INSERT INTO `lib_psgc_provinces` (`provinceID`, `provinceCode`, `provinceName`, `provinceAcronym`, `regionID`, `isActive`, `dateAdded`) VALUES (:provinceID:, :provinceCode:, :provinceName:, :provinceAcronym:, :regionID:, :isActive:, :dateAdded:)', [...], false)
 5 APPPATH\Models\Libraries\Psgc\ProvinceModel.php(15): CodeIgniter\Database\BaseBuilder->insert()
 6 APPPATH\Controllers\libraries\Psgc\ProvinceController.php(56): App\Models\Libraries\Psgc\ProvinceModel->provinceInsert([...], '64fdd601b031a')
 7 SYSTEMPATH\CodeIgniter.php(904): App\Controllers\Libraries\Psgc\ProvinceController->actionInsertUpdate()
 8 SYSTEMPATH\CodeIgniter.php(457): CodeIgniter\CodeIgniter->runController(Object(App\Controllers\Libraries\Psgc\ProvinceController))
 9 SYSTEMPATH\CodeIgniter.php(340): CodeIgniter\CodeIgniter->handleRequest(null, Object(Config\Cache), false)
10 FCPATH\index.php(67): CodeIgniter\CodeIgniter->run()
11 SYSTEMPATH\Commands\Server\rewrite.php(43): require_once('FCPATH\\index.php')
CRITICAL - 2023-09-18 16:39:48 --> __clone method called on non-object
in VENDORPATH\hermawan\codeigniter4-datatables\src\DataTableColumnDefs.php on line 240.
 1 VENDORPATH\hermawan\codeigniter4-datatables\src\DataTableColumnDefs.php(17): Hermawan\DataTables\DataTableColumnDefs->initFromBuilder(null)
 2 VENDORPATH\hermawan\codeigniter4-datatables\src\DataTable.php(35): Hermawan\DataTables\DataTableColumnDefs->__construct(null)
 3 VENDORPATH\hermawan\codeigniter4-datatables\src\DataTable.php(46): Hermawan\DataTables\DataTable->__construct(null)
 4 APPPATH\Controllers\libraries\Psgc\CityMunController.php(19): Hermawan\DataTables\DataTable::of(null)
 5 SYSTEMPATH\CodeIgniter.php(904): App\Controllers\Libraries\Psgc\CityMunController->getCityMunDatatable()
 6 SYSTEMPATH\CodeIgniter.php(457): CodeIgniter\CodeIgniter->runController(Object(App\Controllers\Libraries\Psgc\CityMunController))
 7 SYSTEMPATH\CodeIgniter.php(340): CodeIgniter\CodeIgniter->handleRequest(null, Object(Config\Cache), false)
 8 FCPATH\index.php(67): CodeIgniter\CodeIgniter->run()
 9 SYSTEMPATH\Commands\Server\rewrite.php(43): require_once('FCPATH\\index.php')
CRITICAL - 2023-09-18 16:40:53 --> __clone method called on non-object
in VENDORPATH\hermawan\codeigniter4-datatables\src\DataTableColumnDefs.php on line 240.
 1 VENDORPATH\hermawan\codeigniter4-datatables\src\DataTableColumnDefs.php(17): Hermawan\DataTables\DataTableColumnDefs->initFromBuilder(null)
 2 VENDORPATH\hermawan\codeigniter4-datatables\src\DataTable.php(35): Hermawan\DataTables\DataTableColumnDefs->__construct(null)
 3 VENDORPATH\hermawan\codeigniter4-datatables\src\DataTable.php(46): Hermawan\DataTables\DataTable->__construct(null)
 4 APPPATH\Controllers\libraries\Psgc\CityMunController.php(19): Hermawan\DataTables\DataTable::of(null)
 5 SYSTEMPATH\CodeIgniter.php(904): App\Controllers\Libraries\Psgc\CityMunController->getCityMunDatatable()
 6 SYSTEMPATH\CodeIgniter.php(457): CodeIgniter\CodeIgniter->runController(Object(App\Controllers\Libraries\Psgc\CityMunController))
 7 SYSTEMPATH\CodeIgniter.php(340): CodeIgniter\CodeIgniter->handleRequest(null, Object(Config\Cache), false)
 8 FCPATH\index.php(67): CodeIgniter\CodeIgniter->run()
 9 SYSTEMPATH\Commands\Server\rewrite.php(43): require_once('FCPATH\\index.php')
CRITICAL - 2023-09-18 16:41:40 --> __clone method called on non-object
in VENDORPATH\hermawan\codeigniter4-datatables\src\DataTableColumnDefs.php on line 240.
 1 VENDORPATH\hermawan\codeigniter4-datatables\src\DataTableColumnDefs.php(17): Hermawan\DataTables\DataTableColumnDefs->initFromBuilder(null)
 2 VENDORPATH\hermawan\codeigniter4-datatables\src\DataTable.php(35): Hermawan\DataTables\DataTableColumnDefs->__construct(null)
 3 VENDORPATH\hermawan\codeigniter4-datatables\src\DataTable.php(46): Hermawan\DataTables\DataTable->__construct(null)
 4 APPPATH\Controllers\libraries\Psgc\CityMunController.php(19): Hermawan\DataTables\DataTable::of(null)
 5 SYSTEMPATH\CodeIgniter.php(904): App\Controllers\Libraries\Psgc\CityMunController->getCityMunDatatable()
 6 SYSTEMPATH\CodeIgniter.php(457): CodeIgniter\CodeIgniter->runController(Object(App\Controllers\Libraries\Psgc\CityMunController))
 7 SYSTEMPATH\CodeIgniter.php(340): CodeIgniter\CodeIgniter->handleRequest(null, Object(Config\Cache), false)
 8 FCPATH\index.php(67): CodeIgniter\CodeIgniter->run()
 9 SYSTEMPATH\Commands\Server\rewrite.php(43): require_once('FCPATH\\index.php')
CRITICAL - 2023-09-18 16:41:52 --> __clone method called on non-object
in VENDORPATH\hermawan\codeigniter4-datatables\src\DataTableColumnDefs.php on line 240.
 1 VENDORPATH\hermawan\codeigniter4-datatables\src\DataTableColumnDefs.php(17): Hermawan\DataTables\DataTableColumnDefs->initFromBuilder(null)
 2 VENDORPATH\hermawan\codeigniter4-datatables\src\DataTable.php(35): Hermawan\DataTables\DataTableColumnDefs->__construct(null)
 3 VENDORPATH\hermawan\codeigniter4-datatables\src\DataTable.php(46): Hermawan\DataTables\DataTable->__construct(null)
 4 APPPATH\Controllers\libraries\Psgc\CityMunController.php(19): Hermawan\DataTables\DataTable::of(null)
 5 SYSTEMPATH\CodeIgniter.php(904): App\Controllers\Libraries\Psgc\CityMunController->getCityMunDatatable()
 6 SYSTEMPATH\CodeIgniter.php(457): CodeIgniter\CodeIgniter->runController(Object(App\Controllers\Libraries\Psgc\CityMunController))
 7 SYSTEMPATH\CodeIgniter.php(340): CodeIgniter\CodeIgniter->handleRequest(null, Object(Config\Cache), false)
 8 FCPATH\index.php(67): CodeIgniter\CodeIgniter->run()
 9 SYSTEMPATH\Commands\Server\rewrite.php(43): require_once('FCPATH\\index.php')
CRITICAL - 2023-09-18 16:42:18 --> __clone method called on non-object
in VENDORPATH\hermawan\codeigniter4-datatables\src\DataTableColumnDefs.php on line 240.
 1 VENDORPATH\hermawan\codeigniter4-datatables\src\DataTableColumnDefs.php(17): Hermawan\DataTables\DataTableColumnDefs->initFromBuilder(null)
 2 VENDORPATH\hermawan\codeigniter4-datatables\src\DataTable.php(35): Hermawan\DataTables\DataTableColumnDefs->__construct(null)
 3 VENDORPATH\hermawan\codeigniter4-datatables\src\DataTable.php(46): Hermawan\DataTables\DataTable->__construct(null)
 4 APPPATH\Controllers\libraries\Psgc\CityMunController.php(19): Hermawan\DataTables\DataTable::of(null)
 5 SYSTEMPATH\CodeIgniter.php(904): App\Controllers\Libraries\Psgc\CityMunController->getCityMunDatatable()
 6 SYSTEMPATH\CodeIgniter.php(457): CodeIgniter\CodeIgniter->runController(Object(App\Controllers\Libraries\Psgc\CityMunController))
 7 SYSTEMPATH\CodeIgniter.php(340): CodeIgniter\CodeIgniter->handleRequest(null, Object(Config\Cache), false)
 8 FCPATH\index.php(67): CodeIgniter\CodeIgniter->run()
 9 SYSTEMPATH\Commands\Server\rewrite.php(43): require_once('FCPATH\\index.php')
CRITICAL - 2023-09-18 16:42:27 --> __clone method called on non-object
in VENDORPATH\hermawan\codeigniter4-datatables\src\DataTableColumnDefs.php on line 240.
 1 VENDORPATH\hermawan\codeigniter4-datatables\src\DataTableColumnDefs.php(17): Hermawan\DataTables\DataTableColumnDefs->initFromBuilder(null)
 2 VENDORPATH\hermawan\codeigniter4-datatables\src\DataTable.php(35): Hermawan\DataTables\DataTableColumnDefs->__construct(null)
 3 VENDORPATH\hermawan\codeigniter4-datatables\src\DataTable.php(46): Hermawan\DataTables\DataTable->__construct(null)
 4 APPPATH\Controllers\libraries\Psgc\CityMunController.php(19): Hermawan\DataTables\DataTable::of(null)
 5 SYSTEMPATH\CodeIgniter.php(904): App\Controllers\Libraries\Psgc\CityMunController->getCityMunDatatable()
 6 SYSTEMPATH\CodeIgniter.php(457): CodeIgniter\CodeIgniter->runController(Object(App\Controllers\Libraries\Psgc\CityMunController))
 7 SYSTEMPATH\CodeIgniter.php(340): CodeIgniter\CodeIgniter->handleRequest(null, Object(Config\Cache), false)
 8 FCPATH\index.php(67): CodeIgniter\CodeIgniter->run()
 9 SYSTEMPATH\Commands\Server\rewrite.php(43): require_once('FCPATH\\index.php')
CRITICAL - 2023-09-18 16:42:36 --> __clone method called on non-object
in VENDORPATH\hermawan\codeigniter4-datatables\src\DataTableColumnDefs.php on line 240.
 1 VENDORPATH\hermawan\codeigniter4-datatables\src\DataTableColumnDefs.php(17): Hermawan\DataTables\DataTableColumnDefs->initFromBuilder(null)
 2 VENDORPATH\hermawan\codeigniter4-datatables\src\DataTable.php(35): Hermawan\DataTables\DataTableColumnDefs->__construct(null)
 3 VENDORPATH\hermawan\codeigniter4-datatables\src\DataTable.php(46): Hermawan\DataTables\DataTable->__construct(null)
 4 APPPATH\Controllers\libraries\Psgc\CityMunController.php(19): Hermawan\DataTables\DataTable::of(null)
 5 SYSTEMPATH\CodeIgniter.php(904): App\Controllers\Libraries\Psgc\CityMunController->getCityMunDatatable()
 6 SYSTEMPATH\CodeIgniter.php(457): CodeIgniter\CodeIgniter->runController(Object(App\Controllers\Libraries\Psgc\CityMunController))
 7 SYSTEMPATH\CodeIgniter.php(340): CodeIgniter\CodeIgniter->handleRequest(null, Object(Config\Cache), false)
 8 FCPATH\index.php(67): CodeIgniter\CodeIgniter->run()
 9 SYSTEMPATH\Commands\Server\rewrite.php(43): require_once('FCPATH\\index.php')
CRITICAL - 2023-09-18 16:43:21 --> Call to a member function get() on null
in APPPATH\Controllers\libraries\Psgc\CityMunController.php on line 18.
 1 SYSTEMPATH\CodeIgniter.php(904): App\Controllers\Libraries\Psgc\CityMunController->getCityMunDatatable()
 2 SYSTEMPATH\CodeIgniter.php(457): CodeIgniter\CodeIgniter->runController(Object(App\Controllers\Libraries\Psgc\CityMunController))
 3 SYSTEMPATH\CodeIgniter.php(340): CodeIgniter\CodeIgniter->handleRequest(null, Object(Config\Cache), false)
 4 FCPATH\index.php(67): CodeIgniter\CodeIgniter->run()
 5 SYSTEMPATH\Commands\Server\rewrite.php(43): require_once('FCPATH\\index.php')
CRITICAL - 2023-09-18 16:44:40 --> Undefined property: stdClass::$firstname
in APPPATH\Controllers\libraries\Psgc\CityMunController.php on line 33.
 1 APPPATH\Controllers\libraries\Psgc\CityMunController.php(33): CodeIgniter\Debug\Exceptions->errorHandler(8, 'Undefined property: stdClass::$firstname', 'APPPATH\\Controllers\\libraries\\Psgc\\CityMunController.php', 33, [...])
 2 VENDORPATH\hermawan\codeigniter4-datatables\src\DataTableQuery.php(91): App\Controllers\Libraries\Psgc\CityMunController->App\Controllers\Libraries\Psgc\{closure}(Object(stdClass))
 3 VENDORPATH\hermawan\codeigniter4-datatables\src\DataTable.php(176): Hermawan\DataTables\DataTableQuery->getDataResult()
 4 APPPATH\Controllers\libraries\Psgc\CityMunController.php(35): Hermawan\DataTables\DataTable->toJson(true)
 5 SYSTEMPATH\CodeIgniter.php(904): App\Controllers\Libraries\Psgc\CityMunController->getCityMunDatatable()
 6 SYSTEMPATH\CodeIgniter.php(457): CodeIgniter\CodeIgniter->runController(Object(App\Controllers\Libraries\Psgc\CityMunController))
 7 SYSTEMPATH\CodeIgniter.php(340): CodeIgniter\CodeIgniter->handleRequest(null, Object(Config\Cache), false)
 8 FCPATH\index.php(67): CodeIgniter\CodeIgniter->run()
 9 SYSTEMPATH\Commands\Server\rewrite.php(43): require_once('FCPATH\\index.php')
ERROR - 2023-09-18 16:46:49 --> mysqli_sql_exception: Unknown column 'provice.province.provinceCode' in 'field list' in C:\laragon\www\promis\system\Database\MySQLi\Connection.php:292
Stack trace:
#0 C:\laragon\www\promis\system\Database\MySQLi\Connection.php(292): mysqli->query('SELECT `citymun...', 0)
#1 C:\laragon\www\promis\system\Database\BaseConnection.php(693): CodeIgniter\Database\MySQLi\Connection->execute('SELECT `citymun...')
#2 C:\laragon\www\promis\system\Database\BaseConnection.php(620): CodeIgniter\Database\BaseConnection->simpleQuery('SELECT `citymun...')
#3 C:\laragon\www\promis\system\Database\BaseBuilder.php(1585): CodeIgniter\Database\BaseConnection->query('SELECT `citymun...', Array, false)
#4 C:\laragon\www\promis\vendor\hermawan\codeigniter4-datatables\src\DataTableQuery.php(219): CodeIgniter\Database\BaseBuilder->get()
#5 C:\laragon\www\promis\vendor\hermawan\codeigniter4-datatables\src\DataTableQuery.php(70): Hermawan\DataTables\DataTableQuery->queryResult()
#6 C:\laragon\www\promis\vendor\hermawan\codeigniter4-datatables\src\DataTable.php(176): Hermawan\DataTables\DataTableQuery->getDataResult()
#7 C:\laragon\www\promis\app\Controllers\libraries\Psgc\CityMunController.php(32): Hermawan\DataTables\DataTable->toJson(true)
#8 C:\laragon\www\promis\system\CodeIgniter.php(904): App\Controllers\Libraries\Psgc\CityMunController->getCityMunDatatable()
#9 C:\laragon\www\promis\system\CodeIgniter.php(457): CodeIgniter\CodeIgniter->runController(Object(App\Controllers\Libraries\Psgc\CityMunController))
#10 C:\laragon\www\promis\system\CodeIgniter.php(340): CodeIgniter\CodeIgniter->handleRequest(NULL, Object(Config\Cache), false)
#11 C:\laragon\www\promis\public\index.php(67): CodeIgniter\CodeIgniter->run()
#12 C:\laragon\www\promis\system\Commands\Server\rewrite.php(43): require_once('C:\\laragon\\www\\...')
#13 {main}
CRITICAL - 2023-09-18 16:46:49 --> Unknown column 'provice.province.provinceCode' in 'field list'
in SYSTEMPATH\Database\MySQLi\Connection.php on line 292.
 1 SYSTEMPATH\Database\MySQLi\Connection.php(292): mysqli->query('SELECT `citymun`.`citymunID`, `citymun`.`citymunCode`, `citymun`.`citymunName`, `citymun`.`citymunAcronym`, `citymun`.`provinceCode`, `citymun`.`provinceID`, `citymun`.`zip_code`, `citymun`.`dateAdded`, `citymun`.`isActive`, `provice`.`province`.`provinceCode`, `provice`.`province`.`provinceName`, `region`.`regionID`, `region`.`regionName`
FROM `lib_psgc_citymun` AS `citymun`
LEFT JOIN `lib_psgc_provinces` AS `province` ON `province`.`provinceID` = `citymun`.`provinceID`
LEFT JOIN `lib_psgc_region` AS `region` ON `region`.`regionID` = `province`.`regionID`
 LIMIT 10', 0)
 2 SYSTEMPATH\Database\BaseConnection.php(693): CodeIgniter\Database\MySQLi\Connection->execute('SELECT `citymun`.`citymunID`, `citymun`.`citymunCode`, `citymun`.`citymunName`, `citymun`.`citymunAcronym`, `citymun`.`provinceCode`, `citymun`.`provinceID`, `citymun`.`zip_code`, `citymun`.`dateAdded`, `citymun`.`isActive`, `provice`.`province`.`provinceCode`, `provice`.`province`.`provinceName`, `region`.`regionID`, `region`.`regionName`
FROM `lib_psgc_citymun` AS `citymun`
LEFT JOIN `lib_psgc_provinces` AS `province` ON `province`.`provinceID` = `citymun`.`provinceID`
LEFT JOIN `lib_psgc_region` AS `region` ON `region`.`regionID` = `province`.`regionID`
 LIMIT 10')
 3 SYSTEMPATH\Database\BaseConnection.php(620): CodeIgniter\Database\BaseConnection->simpleQuery('SELECT `citymun`.`citymunID`, `citymun`.`citymunCode`, `citymun`.`citymunName`, `citymun`.`citymunAcronym`, `citymun`.`provinceCode`, `citymun`.`provinceID`, `citymun`.`zip_code`, `citymun`.`dateAdded`, `citymun`.`isActive`, `provice`.`province`.`provinceCode`, `provice`.`province`.`provinceName`, `region`.`regionID`, `region`.`regionName`
FROM `lib_psgc_citymun` AS `citymun`
LEFT JOIN `lib_psgc_provinces` AS `province` ON `province`.`provinceID` = `citymun`.`provinceID`
LEFT JOIN `lib_psgc_region` AS `region` ON `region`.`regionID` = `province`.`regionID`
 LIMIT 10')
 4 SYSTEMPATH\Database\BaseBuilder.php(1585): CodeIgniter\Database\BaseConnection->query('SELECT `citymun`.`citymunID`, `citymun`.`citymunCode`, `citymun`.`citymunName`, `citymun`.`citymunAcronym`, `citymun`.`provinceCode`, `citymun`.`provinceID`, `citymun`.`zip_code`, `citymun`.`dateAdded`, `citymun`.`isActive`, `provice`.`province`.`provinceCode`, `provice`.`province`.`provinceName`, `region`.`regionID`, `region`.`regionName`
FROM `lib_psgc_citymun` AS `citymun`
LEFT JOIN `lib_psgc_provinces` AS `province` ON `province`.`provinceID` = `citymun`.`provinceID`
LEFT JOIN `lib_psgc_region` AS `region` ON `region`.`regionID` = `province`.`regionID`
 LIMIT 10', [], false)
 5 VENDORPATH\hermawan\codeigniter4-datatables\src\DataTableQuery.php(219): CodeIgniter\Database\BaseBuilder->get()
 6 VENDORPATH\hermawan\codeigniter4-datatables\src\DataTableQuery.php(70): Hermawan\DataTables\DataTableQuery->queryResult()
 7 VENDORPATH\hermawan\codeigniter4-datatables\src\DataTable.php(176): Hermawan\DataTables\DataTableQuery->getDataResult()
 8 APPPATH\Controllers\libraries\Psgc\CityMunController.php(32): Hermawan\DataTables\DataTable->toJson(true)
 9 SYSTEMPATH\CodeIgniter.php(904): App\Controllers\Libraries\Psgc\CityMunController->getCityMunDatatable()
10 SYSTEMPATH\CodeIgniter.php(457): CodeIgniter\CodeIgniter->runController(Object(App\Controllers\Libraries\Psgc\CityMunController))
11 SYSTEMPATH\CodeIgniter.php(340): CodeIgniter\CodeIgniter->handleRequest(null, Object(Config\Cache), false)
12 FCPATH\index.php(67): CodeIgniter\CodeIgniter->run()
13 SYSTEMPATH\Commands\Server\rewrite.php(43): require_once('FCPATH\\index.php')
ERROR - 2023-09-18 16:47:22 --> mysqli_sql_exception: Unknown column 'provice.provinceCode' in 'field list' in C:\laragon\www\promis\system\Database\MySQLi\Connection.php:292
Stack trace:
#0 C:\laragon\www\promis\system\Database\MySQLi\Connection.php(292): mysqli->query('SELECT `citymun...', 0)
#1 C:\laragon\www\promis\system\Database\BaseConnection.php(693): CodeIgniter\Database\MySQLi\Connection->execute('SELECT `citymun...')
#2 C:\laragon\www\promis\system\Database\BaseConnection.php(620): CodeIgniter\Database\BaseConnection->simpleQuery('SELECT `citymun...')
#3 C:\laragon\www\promis\system\Database\BaseBuilder.php(1585): CodeIgniter\Database\BaseConnection->query('SELECT `citymun...', Array, false)
#4 C:\laragon\www\promis\vendor\hermawan\codeigniter4-datatables\src\DataTableQuery.php(219): CodeIgniter\Database\BaseBuilder->get()
#5 C:\laragon\www\promis\vendor\hermawan\codeigniter4-datatables\src\DataTableQuery.php(70): Hermawan\DataTables\DataTableQuery->queryResult()
#6 C:\laragon\www\promis\vendor\hermawan\codeigniter4-datatables\src\DataTable.php(176): Hermawan\DataTables\DataTableQuery->getDataResult()
#7 C:\laragon\www\promis\app\Controllers\libraries\Psgc\CityMunController.php(32): Hermawan\DataTables\DataTable->toJson(true)
#8 C:\laragon\www\promis\system\CodeIgniter.php(904): App\Controllers\Libraries\Psgc\CityMunController->getCityMunDatatable()
#9 C:\laragon\www\promis\system\CodeIgniter.php(457): CodeIgniter\CodeIgniter->runController(Object(App\Controllers\Libraries\Psgc\CityMunController))
#10 C:\laragon\www\promis\system\CodeIgniter.php(340): CodeIgniter\CodeIgniter->handleRequest(NULL, Object(Config\Cache), false)
#11 C:\laragon\www\promis\public\index.php(67): CodeIgniter\CodeIgniter->run()
#12 C:\laragon\www\promis\system\Commands\Server\rewrite.php(43): require_once('C:\\laragon\\www\\...')
#13 {main}
CRITICAL - 2023-09-18 16:47:22 --> Unknown column 'provice.provinceCode' in 'field list'
in SYSTEMPATH\Database\MySQLi\Connection.php on line 292.
 1 SYSTEMPATH\Database\MySQLi\Connection.php(292): mysqli->query('SELECT `citymun`.`citymunID`, `citymun`.`citymunCode`, `citymun`.`citymunName`, `citymun`.`citymunAcronym`, `citymun`.`provinceCode`, `citymun`.`provinceID`, `citymun`.`zip_code`, `citymun`.`dateAdded`, `citymun`.`isActive`, `provice`.`provinceCode`, `provice`.`provinceName`, `region`.`regionID`, `region`.`regionName`
FROM `lib_psgc_citymun` AS `citymun`
LEFT JOIN `lib_psgc_provinces` AS `province` ON `province`.`provinceID` = `citymun`.`provinceID`
LEFT JOIN `lib_psgc_region` AS `region` ON `region`.`regionID` = `province`.`regionID`
 LIMIT 10', 0)
 2 SYSTEMPATH\Database\BaseConnection.php(693): CodeIgniter\Database\MySQLi\Connection->execute('SELECT `citymun`.`citymunID`, `citymun`.`citymunCode`, `citymun`.`citymunName`, `citymun`.`citymunAcronym`, `citymun`.`provinceCode`, `citymun`.`provinceID`, `citymun`.`zip_code`, `citymun`.`dateAdded`, `citymun`.`isActive`, `provice`.`provinceCode`, `provice`.`provinceName`, `region`.`regionID`, `region`.`regionName`
FROM `lib_psgc_citymun` AS `citymun`
LEFT JOIN `lib_psgc_provinces` AS `province` ON `province`.`provinceID` = `citymun`.`provinceID`
LEFT JOIN `lib_psgc_region` AS `region` ON `region`.`regionID` = `province`.`regionID`
 LIMIT 10')
 3 SYSTEMPATH\Database\BaseConnection.php(620): CodeIgniter\Database\BaseConnection->simpleQuery('SELECT `citymun`.`citymunID`, `citymun`.`citymunCode`, `citymun`.`citymunName`, `citymun`.`citymunAcronym`, `citymun`.`provinceCode`, `citymun`.`provinceID`, `citymun`.`zip_code`, `citymun`.`dateAdded`, `citymun`.`isActive`, `provice`.`provinceCode`, `provice`.`provinceName`, `region`.`regionID`, `region`.`regionName`
FROM `lib_psgc_citymun` AS `citymun`
LEFT JOIN `lib_psgc_provinces` AS `province` ON `province`.`provinceID` = `citymun`.`provinceID`
LEFT JOIN `lib_psgc_region` AS `region` ON `region`.`regionID` = `province`.`regionID`
 LIMIT 10')
 4 SYSTEMPATH\Database\BaseBuilder.php(1585): CodeIgniter\Database\BaseConnection->query('SELECT `citymun`.`citymunID`, `citymun`.`citymunCode`, `citymun`.`citymunName`, `citymun`.`citymunAcronym`, `citymun`.`provinceCode`, `citymun`.`provinceID`, `citymun`.`zip_code`, `citymun`.`dateAdded`, `citymun`.`isActive`, `provice`.`provinceCode`, `provice`.`provinceName`, `region`.`regionID`, `region`.`regionName`
FROM `lib_psgc_citymun` AS `citymun`
LEFT JOIN `lib_psgc_provinces` AS `province` ON `province`.`provinceID` = `citymun`.`provinceID`
LEFT JOIN `lib_psgc_region` AS `region` ON `region`.`regionID` = `province`.`regionID`
 LIMIT 10', [], false)
 5 VENDORPATH\hermawan\codeigniter4-datatables\src\DataTableQuery.php(219): CodeIgniter\Database\BaseBuilder->get()
 6 VENDORPATH\hermawan\codeigniter4-datatables\src\DataTableQuery.php(70): Hermawan\DataTables\DataTableQuery->queryResult()
 7 VENDORPATH\hermawan\codeigniter4-datatables\src\DataTable.php(176): Hermawan\DataTables\DataTableQuery->getDataResult()
 8 APPPATH\Controllers\libraries\Psgc\CityMunController.php(32): Hermawan\DataTables\DataTable->toJson(true)
 9 SYSTEMPATH\CodeIgniter.php(904): App\Controllers\Libraries\Psgc\CityMunController->getCityMunDatatable()
10 SYSTEMPATH\CodeIgniter.php(457): CodeIgniter\CodeIgniter->runController(Object(App\Controllers\Libraries\Psgc\CityMunController))
11 SYSTEMPATH\CodeIgniter.php(340): CodeIgniter\CodeIgniter->handleRequest(null, Object(Config\Cache), false)
12 FCPATH\index.php(67): CodeIgniter\CodeIgniter->run()
13 SYSTEMPATH\Commands\Server\rewrite.php(43): require_once('FCPATH\\index.php')
