CRITICAL - 2022-11-23 22:58:31 --> Undefined property: App\Controllers\authentications\AuthenticationController::$input
in APPPATH\Controllers\authentications\AuthenticationController.php on line 59.
 1 APPPATH\Controllers\authentications\AuthenticationController.php(59): CodeIgniter\Debug\Exceptions->errorHandler(8, 'Undefined property: App\\Controllers\\authentications\\AuthenticationController::$input', 'APPPATH\\Controllers\\authentications\\AuthenticationController.php', 59, [])
 2 SYSTEMPATH\CodeIgniter.php(904): App\Controllers\authentications\AuthenticationController->IsssoLogin()
 3 SYSTEMPATH\CodeIgniter.php(457): CodeIgniter\CodeIgniter->runController(Object(App\Controllers\authentications\AuthenticationController))
 4 SYSTEMPATH\CodeIgniter.php(340): CodeIgniter\CodeIgniter->handleRequest(null, Object(Config\Cache), false)
 5 FCPATH\index.php(67): CodeIgniter\CodeIgniter->run()
 6 SYSTEMPATH\Commands\Server\rewrite.php(43): require_once('FCPATH\\index.php')
CRITICAL - 2022-11-23 23:00:20 --> Undefined property: App\Controllers\authentications\AuthenticationController::$input
in APPPATH\Controllers\authentications\AuthenticationController.php on line 59.
 1 APPPATH\Controllers\authentications\AuthenticationController.php(59): CodeIgniter\Debug\Exceptions->errorHandler(8, 'Undefined property: App\\Controllers\\authentications\\AuthenticationController::$input', 'APPPATH\\Controllers\\authentications\\AuthenticationController.php', 59, [])
 2 SYSTEMPATH\CodeIgniter.php(904): App\Controllers\authentications\AuthenticationController->IsssoLogin()
 3 SYSTEMPATH\CodeIgniter.php(457): CodeIgniter\CodeIgniter->runController(Object(App\Controllers\authentications\AuthenticationController))
 4 SYSTEMPATH\CodeIgniter.php(340): CodeIgniter\CodeIgniter->handleRequest(null, Object(Config\Cache), false)
 5 FCPATH\index.php(67): CodeIgniter\CodeIgniter->run()
 6 SYSTEMPATH\Commands\Server\rewrite.php(43): require_once('FCPATH\\index.php')
CRITICAL - 2022-11-23 23:19:07 --> Undefined property: App\Controllers\authentications\AuthenticationController::$input
in APPPATH\Controllers\authentications\AuthenticationController.php on line 59.
 1 APPPATH\Controllers\authentications\AuthenticationController.php(59): CodeIgniter\Debug\Exceptions->errorHandler(8, 'Undefined property: App\\Controllers\\authentications\\AuthenticationController::$input', 'APPPATH\\Controllers\\authentications\\AuthenticationController.php', 59, [])
 2 SYSTEMPATH\CodeIgniter.php(904): App\Controllers\authentications\AuthenticationController->IsssoLogin()
 3 SYSTEMPATH\CodeIgniter.php(457): CodeIgniter\CodeIgniter->runController(Object(App\Controllers\authentications\AuthenticationController))
 4 SYSTEMPATH\CodeIgniter.php(340): CodeIgniter\CodeIgniter->handleRequest(null, Object(Config\Cache), false)
 5 FCPATH\index.php(67): CodeIgniter\CodeIgniter->run()
 6 SYSTEMPATH\Commands\Server\rewrite.php(43): require_once('FCPATH\\index.php')
CRITICAL - 2022-11-23 23:19:43 --> Undefined property: App\Controllers\authentications\AuthenticationController::$input
in APPPATH\Controllers\authentications\AuthenticationController.php on line 59.
 1 APPPATH\Controllers\authentications\AuthenticationController.php(59): CodeIgniter\Debug\Exceptions->errorHandler(8, 'Undefined property: App\\Controllers\\authentications\\AuthenticationController::$input', 'APPPATH\\Controllers\\authentications\\AuthenticationController.php', 59, [])
 2 SYSTEMPATH\CodeIgniter.php(904): App\Controllers\authentications\AuthenticationController->IsssoLogin()
 3 SYSTEMPATH\CodeIgniter.php(457): CodeIgniter\CodeIgniter->runController(Object(App\Controllers\authentications\AuthenticationController))
 4 SYSTEMPATH\CodeIgniter.php(340): CodeIgniter\CodeIgniter->handleRequest(null, Object(Config\Cache), false)
 5 FCPATH\index.php(67): CodeIgniter\CodeIgniter->run()
 6 SYSTEMPATH\Commands\Server\rewrite.php(43): require_once('FCPATH\\index.php')
CRITICAL - 2022-11-23 23:20:25 --> Undefined property: App\Controllers\authentications\AuthenticationController::$input
in APPPATH\Controllers\authentications\AuthenticationController.php on line 59.
 1 APPPATH\Controllers\authentications\AuthenticationController.php(59): CodeIgniter\Debug\Exceptions->errorHandler(8, 'Undefined property: App\\Controllers\\authentications\\AuthenticationController::$input', 'APPPATH\\Controllers\\authentications\\AuthenticationController.php', 59, [])
 2 SYSTEMPATH\CodeIgniter.php(904): App\Controllers\authentications\AuthenticationController->IsssoLogin()
 3 SYSTEMPATH\CodeIgniter.php(457): CodeIgniter\CodeIgniter->runController(Object(App\Controllers\authentications\AuthenticationController))
 4 SYSTEMPATH\CodeIgniter.php(340): CodeIgniter\CodeIgniter->handleRequest(null, Object(Config\Cache), false)
 5 FCPATH\index.php(67): CodeIgniter\CodeIgniter->run()
 6 SYSTEMPATH\Commands\Server\rewrite.php(43): require_once('FCPATH\\index.php')
CRITICAL - 2022-11-23 23:31:07 --> Call to undefined method CodeIgniter\HTTP\IncomingRequest::get()
in APPPATH\Controllers\authentications\AuthenticationController.php on line 59.
 1 SYSTEMPATH\CodeIgniter.php(904): App\Controllers\authentications\AuthenticationController->IsssoLogin()
 2 SYSTEMPATH\CodeIgniter.php(457): CodeIgniter\CodeIgniter->runController(Object(App\Controllers\authentications\AuthenticationController))
 3 SYSTEMPATH\CodeIgniter.php(340): CodeIgniter\CodeIgniter->handleRequest(null, Object(Config\Cache), false)
 4 FCPATH\index.php(67): CodeIgniter\CodeIgniter->run()
 5 SYSTEMPATH\Commands\Server\rewrite.php(43): require_once('FCPATH\\index.php')
