ERROR - 2023-09-19 14:01:01 --> Error connecting to the database: mysqli_sql_exception: No connection could be made because the target machine actively refused it.
 in C:\laragon\www\promis\system\Database\MySQLi\Connection.php:171
Stack trace:
#0 C:\laragon\www\promis\system\Database\MySQLi\Connection.php(171): mysqli->real_connect('localhost', 'root', '', 'prism', 3306, '', 0)
#1 C:\laragon\www\promis\system\Database\BaseConnection.php(382): CodeIgniter\Database\MySQLi\Connection->connect(false)
#2 C:\laragon\www\promis\system\Database\BaseConnection.php(588): CodeIgniter\Database\BaseConnection->initialize()
#3 C:\laragon\www\promis\system\Database\BaseBuilder.php(1585): CodeIgniter\Database\BaseConnection->query('SELECT *\nFROM `...', Array, false)
#4 C:\laragon\www\promis\app\Models\Authentications\AuthModel.php(57): CodeIgniter\Database\BaseBuilder->get()
#5 C:\laragon\www\promis\app\Controllers\authentications\AuthenticationController.php(138): App\Models\Authentications\AuthModel->getLogin(Array)
#6 C:\laragon\www\promis\system\CodeIgniter.php(904): App\Controllers\authentications\AuthenticationController->LoginUser()
#7 C:\laragon\www\promis\system\CodeIgniter.php(457): CodeIgniter\CodeIgniter->runController(Object(App\Controllers\authentications\AuthenticationController))
#8 C:\laragon\www\promis\system\CodeIgniter.php(340): CodeIgniter\CodeIgniter->handleRequest(NULL, Object(Config\Cache), false)
#9 C:\laragon\www\promis\public\index.php(67): CodeIgniter\CodeIgniter->run()
#10 C:\laragon\www\promis\system\Commands\Server\rewrite.php(43): require_once('C:\\laragon\\www\\...')
#11 {main}

Next CodeIgniter\Database\Exceptions\DatabaseException: No connection could be made because the target machine actively refused it.
 in C:\laragon\www\promis\system\Database\MySQLi\Connection.php:215
Stack trace:
#0 C:\laragon\www\promis\system\Database\BaseConnection.php(382): CodeIgniter\Database\MySQLi\Connection->connect(false)
#1 C:\laragon\www\promis\system\Database\BaseConnection.php(588): CodeIgniter\Database\BaseConnection->initialize()
#2 C:\laragon\www\promis\system\Database\BaseBuilder.php(1585): CodeIgniter\Database\BaseConnection->query('SELECT *\nFROM `...', Array, false)
#3 C:\laragon\www\promis\app\Models\Authentications\AuthModel.php(57): CodeIgniter\Database\BaseBuilder->get()
#4 C:\laragon\www\promis\app\Controllers\authentications\AuthenticationController.php(138): App\Models\Authentications\AuthModel->getLogin(Array)
#5 C:\laragon\www\promis\system\CodeIgniter.php(904): App\Controllers\authentications\AuthenticationController->LoginUser()
#6 C:\laragon\www\promis\system\CodeIgniter.php(457): CodeIgniter\CodeIgniter->runController(Object(App\Controllers\authentications\AuthenticationController))
#7 C:\laragon\www\promis\system\CodeIgniter.php(340): CodeIgniter\CodeIgniter->handleRequest(NULL, Object(Config\Cache), false)
#8 C:\laragon\www\promis\public\index.php(67): CodeIgniter\CodeIgniter->run()
#9 C:\laragon\www\promis\system\Commands\Server\rewrite.php(43): require_once('C:\\laragon\\www\\...')
#10 {main}
CRITICAL - 2023-09-19 14:01:01 --> Unable to connect to the database.
Main connection [MySQLi]: No connection could be made because the target machine actively refused it.

in SYSTEMPATH\Database\BaseConnection.php on line 418.
 1 SYSTEMPATH\Database\BaseConnection.php(588): CodeIgniter\Database\BaseConnection->initialize()
 2 SYSTEMPATH\Database\BaseBuilder.php(1585): CodeIgniter\Database\BaseConnection->query('SELECT *
FROM `auth_user`
WHERE `username` = :username:', [...], false)
 3 APPPATH\Models\Authentications\AuthModel.php(57): CodeIgniter\Database\BaseBuilder->get()
 4 APPPATH\Controllers\authentications\AuthenticationController.php(138): App\Models\Authentications\AuthModel->getLogin([...])
 5 SYSTEMPATH\CodeIgniter.php(904): App\Controllers\authentications\AuthenticationController->LoginUser()
 6 SYSTEMPATH\CodeIgniter.php(457): CodeIgniter\CodeIgniter->runController(Object(App\Controllers\authentications\AuthenticationController))
 7 SYSTEMPATH\CodeIgniter.php(340): CodeIgniter\CodeIgniter->handleRequest(null, Object(Config\Cache), false)
 8 FCPATH\index.php(67): CodeIgniter\CodeIgniter->run()
 9 SYSTEMPATH\Commands\Server\rewrite.php(43): require_once('FCPATH\\index.php')
ERROR - 2023-09-19 14:16:25 --> mysqli_sql_exception: Unknown column 'citymun.provinceCode' in 'field list' in C:\laragon\www\promis\system\Database\MySQLi\Connection.php:292
Stack trace:
#0 C:\laragon\www\promis\system\Database\MySQLi\Connection.php(292): mysqli->query('SELECT `citymun...', 0)
#1 C:\laragon\www\promis\system\Database\BaseConnection.php(693): CodeIgniter\Database\MySQLi\Connection->execute('SELECT `citymun...')
#2 C:\laragon\www\promis\system\Database\BaseConnection.php(620): CodeIgniter\Database\BaseConnection->simpleQuery('SELECT `citymun...')
#3 C:\laragon\www\promis\system\Database\BaseBuilder.php(1585): CodeIgniter\Database\BaseConnection->query('SELECT `citymun...', Array, false)
#4 C:\laragon\www\promis\vendor\hermawan\codeigniter4-datatables\src\DataTableQuery.php(219): CodeIgniter\Database\BaseBuilder->get()
#5 C:\laragon\www\promis\vendor\hermawan\codeigniter4-datatables\src\DataTableQuery.php(70): Hermawan\DataTables\DataTableQuery->queryResult()
#6 C:\laragon\www\promis\vendor\hermawan\codeigniter4-datatables\src\DataTable.php(176): Hermawan\DataTables\DataTableQuery->getDataResult()
#7 C:\laragon\www\promis\app\Controllers\libraries\Psgc\CityMunController.php(36): Hermawan\DataTables\DataTable->toJson(true)
#8 C:\laragon\www\promis\system\CodeIgniter.php(904): App\Controllers\Libraries\Psgc\CityMunController->getCityMunDatatable()
#9 C:\laragon\www\promis\system\CodeIgniter.php(457): CodeIgniter\CodeIgniter->runController(Object(App\Controllers\Libraries\Psgc\CityMunController))
#10 C:\laragon\www\promis\system\CodeIgniter.php(340): CodeIgniter\CodeIgniter->handleRequest(NULL, Object(Config\Cache), false)
#11 C:\laragon\www\promis\public\index.php(67): CodeIgniter\CodeIgniter->run()
#12 C:\laragon\www\promis\system\Commands\Server\rewrite.php(43): require_once('C:\\laragon\\www\\...')
#13 {main}
CRITICAL - 2023-09-19 14:16:25 --> Unknown column 'citymun.provinceCode' in 'field list'
in SYSTEMPATH\Database\MySQLi\Connection.php on line 292.
 1 SYSTEMPATH\Database\MySQLi\Connection.php(292): mysqli->query('SELECT `citymun`.`citymunID`, `citymun`.`citymunCode`, `citymun`.`citymunName`, `citymun`.`citymunAcronym`, `citymun`.`provinceCode`, `citymun`.`provinceID`, `citymun`.`zip_code`, `citymun`.`dateAdded`, `citymun`.`isActive`, `province`.`provinceCode`, `province`.`provinceName`, `region`.`regionID`, `region`.`regionName`
FROM `lib_psgc_citymun` AS `citymun`
LEFT JOIN `lib_psgc_provinces` AS `province` ON `province`.`provinceID` = `citymun`.`provinceID`
LEFT JOIN `lib_psgc_region` AS `region` ON `region`.`regionID` = `province`.`regionID`
ORDER BY `region`.`regionName` ASC, `province`.`provinceName` ASC, `citymun`.`citymunName` ASC
 LIMIT 10', 0)
 2 SYSTEMPATH\Database\BaseConnection.php(693): CodeIgniter\Database\MySQLi\Connection->execute('SELECT `citymun`.`citymunID`, `citymun`.`citymunCode`, `citymun`.`citymunName`, `citymun`.`citymunAcronym`, `citymun`.`provinceCode`, `citymun`.`provinceID`, `citymun`.`zip_code`, `citymun`.`dateAdded`, `citymun`.`isActive`, `province`.`provinceCode`, `province`.`provinceName`, `region`.`regionID`, `region`.`regionName`
FROM `lib_psgc_citymun` AS `citymun`
LEFT JOIN `lib_psgc_provinces` AS `province` ON `province`.`provinceID` = `citymun`.`provinceID`
LEFT JOIN `lib_psgc_region` AS `region` ON `region`.`regionID` = `province`.`regionID`
ORDER BY `region`.`regionName` ASC, `province`.`provinceName` ASC, `citymun`.`citymunName` ASC
 LIMIT 10')
 3 SYSTEMPATH\Database\BaseConnection.php(620): CodeIgniter\Database\BaseConnection->simpleQuery('SELECT `citymun`.`citymunID`, `citymun`.`citymunCode`, `citymun`.`citymunName`, `citymun`.`citymunAcronym`, `citymun`.`provinceCode`, `citymun`.`provinceID`, `citymun`.`zip_code`, `citymun`.`dateAdded`, `citymun`.`isActive`, `province`.`provinceCode`, `province`.`provinceName`, `region`.`regionID`, `region`.`regionName`
FROM `lib_psgc_citymun` AS `citymun`
LEFT JOIN `lib_psgc_provinces` AS `province` ON `province`.`provinceID` = `citymun`.`provinceID`
LEFT JOIN `lib_psgc_region` AS `region` ON `region`.`regionID` = `province`.`regionID`
ORDER BY `region`.`regionName` ASC, `province`.`provinceName` ASC, `citymun`.`citymunName` ASC
 LIMIT 10')
 4 SYSTEMPATH\Database\BaseBuilder.php(1585): CodeIgniter\Database\BaseConnection->query('SELECT `citymun`.`citymunID`, `citymun`.`citymunCode`, `citymun`.`citymunName`, `citymun`.`citymunAcronym`, `citymun`.`provinceCode`, `citymun`.`provinceID`, `citymun`.`zip_code`, `citymun`.`dateAdded`, `citymun`.`isActive`, `province`.`provinceCode`, `province`.`provinceName`, `region`.`regionID`, `region`.`regionName`
FROM `lib_psgc_citymun` AS `citymun`
LEFT JOIN `lib_psgc_provinces` AS `province` ON `province`.`provinceID` = `citymun`.`provinceID`
LEFT JOIN `lib_psgc_region` AS `region` ON `region`.`regionID` = `province`.`regionID`
ORDER BY `region`.`regionName` ASC, `province`.`provinceName` ASC, `citymun`.`citymunName` ASC
 LIMIT 10', [], false)
 5 VENDORPATH\hermawan\codeigniter4-datatables\src\DataTableQuery.php(219): CodeIgniter\Database\BaseBuilder->get()
 6 VENDORPATH\hermawan\codeigniter4-datatables\src\DataTableQuery.php(70): Hermawan\DataTables\DataTableQuery->queryResult()
 7 VENDORPATH\hermawan\codeigniter4-datatables\src\DataTable.php(176): Hermawan\DataTables\DataTableQuery->getDataResult()
 8 APPPATH\Controllers\libraries\Psgc\CityMunController.php(36): Hermawan\DataTables\DataTable->toJson(true)
 9 SYSTEMPATH\CodeIgniter.php(904): App\Controllers\Libraries\Psgc\CityMunController->getCityMunDatatable()
10 SYSTEMPATH\CodeIgniter.php(457): CodeIgniter\CodeIgniter->runController(Object(App\Controllers\Libraries\Psgc\CityMunController))
11 SYSTEMPATH\CodeIgniter.php(340): CodeIgniter\CodeIgniter->handleRequest(null, Object(Config\Cache), false)
12 FCPATH\index.php(67): CodeIgniter\CodeIgniter->run()
13 SYSTEMPATH\Commands\Server\rewrite.php(43): require_once('FCPATH\\index.php')
