ERROR - 2023-08-02 08:54:51 --> Error connecting to the database: mysqli_sql_exception: Unknown database 'i-aims' in C:\laragon\www\prism\system\Database\MySQLi\Connection.php:171
Stack trace:
#0 C:\laragon\www\prism\system\Database\MySQLi\Connection.php(171): mysqli->real_connect('localhost', 'root', '', 'i-aims', 3306, '', 0)
#1 C:\laragon\www\prism\system\Database\BaseConnection.php(382): CodeIgniter\Database\MySQLi\Connection->connect(false)
#2 C:\laragon\www\prism\system\Database\BaseConnection.php(588): CodeIgniter\Database\BaseConnection->initialize()
#3 C:\laragon\www\prism\system\Database\BaseBuilder.php(1585): CodeIgniter\Database\BaseConnection->query('SELECT *\nFROM `...', Array, false)
#4 C:\laragon\www\prism\system\Model.php(250): CodeIgniter\Database\BaseBuilder->get()
#5 C:\laragon\www\prism\system\BaseModel.php(622): CodeIgniter\Model->doFirst()
#6 C:\laragon\www\prism\app\Controllers\authentications\AuthenticationController.php(141): CodeIgniter\BaseModel->first()
#7 C:\laragon\www\prism\system\CodeIgniter.php(904): App\Controllers\authentications\AuthenticationController->LoginUser()
#8 C:\laragon\www\prism\system\CodeIgniter.php(457): CodeIgniter\CodeIgniter->runController(Object(App\Controllers\authentications\AuthenticationController))
#9 C:\laragon\www\prism\system\CodeIgniter.php(340): CodeIgniter\CodeIgniter->handleRequest(NULL, Object(Config\Cache), false)
#10 C:\laragon\www\prism\public\index.php(67): CodeIgniter\CodeIgniter->run()
#11 C:\laragon\www\prism\system\Commands\Server\rewrite.php(43): require_once('C:\\laragon\\www\\...')
#12 {main}

Next CodeIgniter\Database\Exceptions\DatabaseException: Unknown database 'i-aims' in C:\laragon\www\prism\system\Database\MySQLi\Connection.php:215
Stack trace:
#0 C:\laragon\www\prism\system\Database\BaseConnection.php(382): CodeIgniter\Database\MySQLi\Connection->connect(false)
#1 C:\laragon\www\prism\system\Database\BaseConnection.php(588): CodeIgniter\Database\BaseConnection->initialize()
#2 C:\laragon\www\prism\system\Database\BaseBuilder.php(1585): CodeIgniter\Database\BaseConnection->query('SELECT *\nFROM `...', Array, false)
#3 C:\laragon\www\prism\system\Model.php(250): CodeIgniter\Database\BaseBuilder->get()
#4 C:\laragon\www\prism\system\BaseModel.php(622): CodeIgniter\Model->doFirst()
#5 C:\laragon\www\prism\app\Controllers\authentications\AuthenticationController.php(141): CodeIgniter\BaseModel->first()
#6 C:\laragon\www\prism\system\CodeIgniter.php(904): App\Controllers\authentications\AuthenticationController->LoginUser()
#7 C:\laragon\www\prism\system\CodeIgniter.php(457): CodeIgniter\CodeIgniter->runController(Object(App\Controllers\authentications\AuthenticationController))
#8 C:\laragon\www\prism\system\CodeIgniter.php(340): CodeIgniter\CodeIgniter->handleRequest(NULL, Object(Config\Cache), false)
#9 C:\laragon\www\prism\public\index.php(67): CodeIgniter\CodeIgniter->run()
#10 C:\laragon\www\prism\system\Commands\Server\rewrite.php(43): require_once('C:\\laragon\\www\\...')
#11 {main}
CRITICAL - 2023-08-02 08:54:51 --> Unable to connect to the database.
Main connection [MySQLi]: Unknown database 'i-aims'
in SYSTEMPATH\Database\BaseConnection.php on line 418.
 1 SYSTEMPATH\Database\BaseConnection.php(588): CodeIgniter\Database\BaseConnection->initialize()
 2 SYSTEMPATH\Database\BaseBuilder.php(1585): CodeIgniter\Database\BaseConnection->query('SELECT *
FROM `auth_user`
WHERE `email` = :email:
 LIMIT 1', [...], false)
 3 SYSTEMPATH\Model.php(250): CodeIgniter\Database\BaseBuilder->get()
 4 SYSTEMPATH\BaseModel.php(622): CodeIgniter\Model->doFirst()
 5 APPPATH\Controllers\authentications\AuthenticationController.php(141): CodeIgniter\BaseModel->first()
 6 SYSTEMPATH\CodeIgniter.php(904): App\Controllers\authentications\AuthenticationController->LoginUser()
 7 SYSTEMPATH\CodeIgniter.php(457): CodeIgniter\CodeIgniter->runController(Object(App\Controllers\authentications\AuthenticationController))
 8 SYSTEMPATH\CodeIgniter.php(340): CodeIgniter\CodeIgniter->handleRequest(null, Object(Config\Cache), false)
 9 FCPATH\index.php(67): CodeIgniter\CodeIgniter->run()
10 SYSTEMPATH\Commands\Server\rewrite.php(43): require_once('FCPATH\\index.php')
ERROR - 2023-08-02 08:55:36 --> Error connecting to the database: mysqli_sql_exception: Unknown database 'i-aims' in C:\laragon\www\prism\system\Database\MySQLi\Connection.php:171
Stack trace:
#0 C:\laragon\www\prism\system\Database\MySQLi\Connection.php(171): mysqli->real_connect('localhost', 'root', '', 'i-aims', 3306, '', 0)
#1 C:\laragon\www\prism\system\Database\BaseConnection.php(382): CodeIgniter\Database\MySQLi\Connection->connect(false)
#2 C:\laragon\www\prism\system\Database\BaseConnection.php(588): CodeIgniter\Database\BaseConnection->initialize()
#3 C:\laragon\www\prism\system\Database\BaseBuilder.php(1585): CodeIgniter\Database\BaseConnection->query('SELECT *\nFROM `...', Array, false)
#4 C:\laragon\www\prism\system\Model.php(250): CodeIgniter\Database\BaseBuilder->get()
#5 C:\laragon\www\prism\system\BaseModel.php(622): CodeIgniter\Model->doFirst()
#6 C:\laragon\www\prism\app\Controllers\authentications\AuthenticationController.php(141): CodeIgniter\BaseModel->first()
#7 C:\laragon\www\prism\system\CodeIgniter.php(904): App\Controllers\authentications\AuthenticationController->LoginUser()
#8 C:\laragon\www\prism\system\CodeIgniter.php(457): CodeIgniter\CodeIgniter->runController(Object(App\Controllers\authentications\AuthenticationController))
#9 C:\laragon\www\prism\system\CodeIgniter.php(340): CodeIgniter\CodeIgniter->handleRequest(NULL, Object(Config\Cache), false)
#10 C:\laragon\www\prism\public\index.php(67): CodeIgniter\CodeIgniter->run()
#11 C:\laragon\www\prism\system\Commands\Server\rewrite.php(43): require_once('C:\\laragon\\www\\...')
#12 {main}

Next CodeIgniter\Database\Exceptions\DatabaseException: Unknown database 'i-aims' in C:\laragon\www\prism\system\Database\MySQLi\Connection.php:215
Stack trace:
#0 C:\laragon\www\prism\system\Database\BaseConnection.php(382): CodeIgniter\Database\MySQLi\Connection->connect(false)
#1 C:\laragon\www\prism\system\Database\BaseConnection.php(588): CodeIgniter\Database\BaseConnection->initialize()
#2 C:\laragon\www\prism\system\Database\BaseBuilder.php(1585): CodeIgniter\Database\BaseConnection->query('SELECT *\nFROM `...', Array, false)
#3 C:\laragon\www\prism\system\Model.php(250): CodeIgniter\Database\BaseBuilder->get()
#4 C:\laragon\www\prism\system\BaseModel.php(622): CodeIgniter\Model->doFirst()
#5 C:\laragon\www\prism\app\Controllers\authentications\AuthenticationController.php(141): CodeIgniter\BaseModel->first()
#6 C:\laragon\www\prism\system\CodeIgniter.php(904): App\Controllers\authentications\AuthenticationController->LoginUser()
#7 C:\laragon\www\prism\system\CodeIgniter.php(457): CodeIgniter\CodeIgniter->runController(Object(App\Controllers\authentications\AuthenticationController))
#8 C:\laragon\www\prism\system\CodeIgniter.php(340): CodeIgniter\CodeIgniter->handleRequest(NULL, Object(Config\Cache), false)
#9 C:\laragon\www\prism\public\index.php(67): CodeIgniter\CodeIgniter->run()
#10 C:\laragon\www\prism\system\Commands\Server\rewrite.php(43): require_once('C:\\laragon\\www\\...')
#11 {main}
CRITICAL - 2023-08-02 08:55:36 --> Unable to connect to the database.
Main connection [MySQLi]: Unknown database 'i-aims'
in SYSTEMPATH\Database\BaseConnection.php on line 418.
 1 SYSTEMPATH\Database\BaseConnection.php(588): CodeIgniter\Database\BaseConnection->initialize()
 2 SYSTEMPATH\Database\BaseBuilder.php(1585): CodeIgniter\Database\BaseConnection->query('SELECT *
FROM `auth_user`
WHERE `email` = :email:
 LIMIT 1', [...], false)
 3 SYSTEMPATH\Model.php(250): CodeIgniter\Database\BaseBuilder->get()
 4 SYSTEMPATH\BaseModel.php(622): CodeIgniter\Model->doFirst()
 5 APPPATH\Controllers\authentications\AuthenticationController.php(141): CodeIgniter\BaseModel->first()
 6 SYSTEMPATH\CodeIgniter.php(904): App\Controllers\authentications\AuthenticationController->LoginUser()
 7 SYSTEMPATH\CodeIgniter.php(457): CodeIgniter\CodeIgniter->runController(Object(App\Controllers\authentications\AuthenticationController))
 8 SYSTEMPATH\CodeIgniter.php(340): CodeIgniter\CodeIgniter->handleRequest(null, Object(Config\Cache), false)
 9 FCPATH\index.php(67): CodeIgniter\CodeIgniter->run()
10 SYSTEMPATH\Commands\Server\rewrite.php(43): require_once('FCPATH\\index.php')
