ERROR - 2022-11-13 08:06:17 --> Error connecting to the database: mysqli_sql_exception: Unknown database 'i-aims8' in C:\laragon\www\i-aims\system\Database\MySQLi\Connection.php:171
Stack trace:
#0 C:\laragon\www\i-aims\system\Database\MySQLi\Connection.php(171): mysqli->real_connect('localhost', 'root', '', 'i-aims8', 3306, '', 0)
#1 C:\laragon\www\i-aims\system\Database\BaseConnection.php(382): CodeIgniter\Database\MySQLi\Connection->connect(false)
#2 C:\laragon\www\i-aims\system\Database\BaseConnection.php(588): CodeIgniter\Database\BaseConnection->initialize()
#3 C:\laragon\www\i-aims\system\Database\BaseBuilder.php(1916): CodeIgniter\Database\BaseConnection->query('INSERT INTO `au...', Array, false)
#4 C:\laragon\www\i-aims\system\Model.php(279): CodeIgniter\Database\BaseBuilder->insert()
#5 C:\laragon\www\i-aims\system\BaseModel.php(738): CodeIgniter\Model->doInsert(Array)
#6 C:\laragon\www\i-aims\system\Model.php(667): CodeIgniter\BaseModel->insert(Array, true)
#7 C:\laragon\www\i-aims\app\Controllers\authentications\AuthenticationController.php(98): CodeIgniter\Model->insert(Array)
#8 C:\laragon\www\i-aims\system\CodeIgniter.php(904): App\Controllers\authentications\AuthenticationController->RegisterUser()
#9 C:\laragon\www\i-aims\system\CodeIgniter.php(457): CodeIgniter\CodeIgniter->runController(Object(App\Controllers\authentications\AuthenticationController))
#10 C:\laragon\www\i-aims\system\CodeIgniter.php(340): CodeIgniter\CodeIgniter->handleRequest(NULL, Object(Config\Cache), false)
#11 C:\laragon\www\i-aims\public\index.php(67): CodeIgniter\CodeIgniter->run()
#12 C:\laragon\www\i-aims\system\Commands\Server\rewrite.php(43): require_once('C:\\laragon\\www\\...')
#13 {main}

Next CodeIgniter\Database\Exceptions\DatabaseException: Unknown database 'i-aims8' in C:\laragon\www\i-aims\system\Database\MySQLi\Connection.php:215
Stack trace:
#0 C:\laragon\www\i-aims\system\Database\BaseConnection.php(382): CodeIgniter\Database\MySQLi\Connection->connect(false)
#1 C:\laragon\www\i-aims\system\Database\BaseConnection.php(588): CodeIgniter\Database\BaseConnection->initialize()
#2 C:\laragon\www\i-aims\system\Database\BaseBuilder.php(1916): CodeIgniter\Database\BaseConnection->query('INSERT INTO `au...', Array, false)
#3 C:\laragon\www\i-aims\system\Model.php(279): CodeIgniter\Database\BaseBuilder->insert()
#4 C:\laragon\www\i-aims\system\BaseModel.php(738): CodeIgniter\Model->doInsert(Array)
#5 C:\laragon\www\i-aims\system\Model.php(667): CodeIgniter\BaseModel->insert(Array, true)
#6 C:\laragon\www\i-aims\app\Controllers\authentications\AuthenticationController.php(98): CodeIgniter\Model->insert(Array)
#7 C:\laragon\www\i-aims\system\CodeIgniter.php(904): App\Controllers\authentications\AuthenticationController->RegisterUser()
#8 C:\laragon\www\i-aims\system\CodeIgniter.php(457): CodeIgniter\CodeIgniter->runController(Object(App\Controllers\authentications\AuthenticationController))
#9 C:\laragon\www\i-aims\system\CodeIgniter.php(340): CodeIgniter\CodeIgniter->handleRequest(NULL, Object(Config\Cache), false)
#10 C:\laragon\www\i-aims\public\index.php(67): CodeIgniter\CodeIgniter->run()
#11 C:\laragon\www\i-aims\system\Commands\Server\rewrite.php(43): require_once('C:\\laragon\\www\\...')
#12 {main}
CRITICAL - 2022-11-13 08:06:17 --> Unable to connect to the database.
Main connection [MySQLi]: Unknown database 'i-aims8'
in SYSTEMPATH\Database\BaseConnection.php on line 418.
 1 SYSTEMPATH\Database\BaseConnection.php(588): CodeIgniter\Database\BaseConnection->initialize()
 2 SYSTEMPATH\Database\BaseBuilder.php(1916): CodeIgniter\Database\BaseConnection->query('INSERT INTO `auth_user` (`firstname`, `lastname`, `email`) VALUES (:firstname:, :lastname:, :email:)', [...], false)
 3 SYSTEMPATH\Model.php(279): CodeIgniter\Database\BaseBuilder->insert()
 4 SYSTEMPATH\BaseModel.php(738): CodeIgniter\Model->doInsert([...])
 5 SYSTEMPATH\Model.php(667): CodeIgniter\BaseModel->insert([...], true)
 6 APPPATH\Controllers\authentications\AuthenticationController.php(98): CodeIgniter\Model->insert([...])
 7 SYSTEMPATH\CodeIgniter.php(904): App\Controllers\authentications\AuthenticationController->RegisterUser()
 8 SYSTEMPATH\CodeIgniter.php(457): CodeIgniter\CodeIgniter->runController(Object(App\Controllers\authentications\AuthenticationController))
 9 SYSTEMPATH\CodeIgniter.php(340): CodeIgniter\CodeIgniter->handleRequest(null, Object(Config\Cache), false)
10 FCPATH\index.php(67): CodeIgniter\CodeIgniter->run()
11 SYSTEMPATH\Commands\Server\rewrite.php(43): require_once('FCPATH\\index.php')
ERROR - 2022-11-13 08:08:17 --> mysqli_sql_exception: Duplicate entry '0' for key 'PRIMARY' in C:\laragon\www\i-aims\system\Database\MySQLi\Connection.php:292
Stack trace:
#0 C:\laragon\www\i-aims\system\Database\MySQLi\Connection.php(292): mysqli->query('INSERT INTO `au...', 0)
#1 C:\laragon\www\i-aims\system\Database\BaseConnection.php(693): CodeIgniter\Database\MySQLi\Connection->execute('INSERT INTO `au...')
#2 C:\laragon\www\i-aims\system\Database\BaseConnection.php(620): CodeIgniter\Database\BaseConnection->simpleQuery('INSERT INTO `au...')
#3 C:\laragon\www\i-aims\system\Database\BaseBuilder.php(1916): CodeIgniter\Database\BaseConnection->query('INSERT INTO `au...', Array, false)
#4 C:\laragon\www\i-aims\system\Model.php(279): CodeIgniter\Database\BaseBuilder->insert()
#5 C:\laragon\www\i-aims\system\BaseModel.php(738): CodeIgniter\Model->doInsert(Array)
#6 C:\laragon\www\i-aims\system\Model.php(667): CodeIgniter\BaseModel->insert(Array, true)
#7 C:\laragon\www\i-aims\app\Controllers\authentications\AuthenticationController.php(98): CodeIgniter\Model->insert(Array)
#8 C:\laragon\www\i-aims\system\CodeIgniter.php(904): App\Controllers\authentications\AuthenticationController->RegisterUser()
#9 C:\laragon\www\i-aims\system\CodeIgniter.php(457): CodeIgniter\CodeIgniter->runController(Object(App\Controllers\authentications\AuthenticationController))
#10 C:\laragon\www\i-aims\system\CodeIgniter.php(340): CodeIgniter\CodeIgniter->handleRequest(NULL, Object(Config\Cache), false)
#11 C:\laragon\www\i-aims\public\index.php(67): CodeIgniter\CodeIgniter->run()
#12 C:\laragon\www\i-aims\system\Commands\Server\rewrite.php(43): require_once('C:\\laragon\\www\\...')
#13 {main}
CRITICAL - 2022-11-13 08:08:17 --> Duplicate entry '0' for key 'PRIMARY'
in SYSTEMPATH\Database\MySQLi\Connection.php on line 292.
 1 SYSTEMPATH\Database\MySQLi\Connection.php(292): mysqli->query('INSERT INTO `auth_user` (`firstname`, `lastname`, `email`) VALUES (\'MICHAEL\', \'BERAY\', \'mpberay@dswd.gov.ph\')', 0)
 2 SYSTEMPATH\Database\BaseConnection.php(693): CodeIgniter\Database\MySQLi\Connection->execute('INSERT INTO `auth_user` (`firstname`, `lastname`, `email`) VALUES (\'MICHAEL\', \'BERAY\', \'mpberay@dswd.gov.ph\')')
 3 SYSTEMPATH\Database\BaseConnection.php(620): CodeIgniter\Database\BaseConnection->simpleQuery('INSERT INTO `auth_user` (`firstname`, `lastname`, `email`) VALUES (\'MICHAEL\', \'BERAY\', \'mpberay@dswd.gov.ph\')')
 4 SYSTEMPATH\Database\BaseBuilder.php(1916): CodeIgniter\Database\BaseConnection->query('INSERT INTO `auth_user` (`firstname`, `lastname`, `email`) VALUES (:firstname:, :lastname:, :email:)', [...], false)
 5 SYSTEMPATH\Model.php(279): CodeIgniter\Database\BaseBuilder->insert()
 6 SYSTEMPATH\BaseModel.php(738): CodeIgniter\Model->doInsert([...])
 7 SYSTEMPATH\Model.php(667): CodeIgniter\BaseModel->insert([...], true)
 8 APPPATH\Controllers\authentications\AuthenticationController.php(98): CodeIgniter\Model->insert([...])
 9 SYSTEMPATH\CodeIgniter.php(904): App\Controllers\authentications\AuthenticationController->RegisterUser()
10 SYSTEMPATH\CodeIgniter.php(457): CodeIgniter\CodeIgniter->runController(Object(App\Controllers\authentications\AuthenticationController))
11 SYSTEMPATH\CodeIgniter.php(340): CodeIgniter\CodeIgniter->handleRequest(null, Object(Config\Cache), false)
12 FCPATH\index.php(67): CodeIgniter\CodeIgniter->run()
13 SYSTEMPATH\Commands\Server\rewrite.php(43): require_once('FCPATH\\index.php')
ERROR - 2022-11-13 08:10:08 --> mysqli_sql_exception: Duplicate entry '0' for key 'PRIMARY' in C:\laragon\www\i-aims\system\Database\MySQLi\Connection.php:292
Stack trace:
#0 C:\laragon\www\i-aims\system\Database\MySQLi\Connection.php(292): mysqli->query('INSERT INTO `au...', 0)
#1 C:\laragon\www\i-aims\system\Database\BaseConnection.php(693): CodeIgniter\Database\MySQLi\Connection->execute('INSERT INTO `au...')
#2 C:\laragon\www\i-aims\system\Database\BaseConnection.php(620): CodeIgniter\Database\BaseConnection->simpleQuery('INSERT INTO `au...')
#3 C:\laragon\www\i-aims\system\Database\BaseBuilder.php(1916): CodeIgniter\Database\BaseConnection->query('INSERT INTO `au...', Array, false)
#4 C:\laragon\www\i-aims\system\Model.php(279): CodeIgniter\Database\BaseBuilder->insert()
#5 C:\laragon\www\i-aims\system\BaseModel.php(738): CodeIgniter\Model->doInsert(Array)
#6 C:\laragon\www\i-aims\system\Model.php(667): CodeIgniter\BaseModel->insert(Array, true)
#7 C:\laragon\www\i-aims\app\Controllers\authentications\AuthenticationController.php(99): CodeIgniter\Model->insert(Array)
#8 C:\laragon\www\i-aims\system\CodeIgniter.php(904): App\Controllers\authentications\AuthenticationController->RegisterUser()
#9 C:\laragon\www\i-aims\system\CodeIgniter.php(457): CodeIgniter\CodeIgniter->runController(Object(App\Controllers\authentications\AuthenticationController))
#10 C:\laragon\www\i-aims\system\CodeIgniter.php(340): CodeIgniter\CodeIgniter->handleRequest(NULL, Object(Config\Cache), false)
#11 C:\laragon\www\i-aims\public\index.php(67): CodeIgniter\CodeIgniter->run()
#12 C:\laragon\www\i-aims\system\Commands\Server\rewrite.php(43): require_once('C:\\laragon\\www\\...')
#13 {main}
CRITICAL - 2022-11-13 08:10:08 --> Duplicate entry '0' for key 'PRIMARY'
in SYSTEMPATH\Database\MySQLi\Connection.php on line 292.
 1 SYSTEMPATH\Database\MySQLi\Connection.php(292): mysqli->query('INSERT INTO `auth_user` (`firstname`, `lastname`, `email`) VALUES (\'MICHAEL\', \'BERAY\', \'mpberay@dswd.gov.ph\')', 0)
 2 SYSTEMPATH\Database\BaseConnection.php(693): CodeIgniter\Database\MySQLi\Connection->execute('INSERT INTO `auth_user` (`firstname`, `lastname`, `email`) VALUES (\'MICHAEL\', \'BERAY\', \'mpberay@dswd.gov.ph\')')
 3 SYSTEMPATH\Database\BaseConnection.php(620): CodeIgniter\Database\BaseConnection->simpleQuery('INSERT INTO `auth_user` (`firstname`, `lastname`, `email`) VALUES (\'MICHAEL\', \'BERAY\', \'mpberay@dswd.gov.ph\')')
 4 SYSTEMPATH\Database\BaseBuilder.php(1916): CodeIgniter\Database\BaseConnection->query('INSERT INTO `auth_user` (`firstname`, `lastname`, `email`) VALUES (:firstname:, :lastname:, :email:)', [...], false)
 5 SYSTEMPATH\Model.php(279): CodeIgniter\Database\BaseBuilder->insert()
 6 SYSTEMPATH\BaseModel.php(738): CodeIgniter\Model->doInsert([...])
 7 SYSTEMPATH\Model.php(667): CodeIgniter\BaseModel->insert([...], true)
 8 APPPATH\Controllers\authentications\AuthenticationController.php(99): CodeIgniter\Model->insert([...])
 9 SYSTEMPATH\CodeIgniter.php(904): App\Controllers\authentications\AuthenticationController->RegisterUser()
10 SYSTEMPATH\CodeIgniter.php(457): CodeIgniter\CodeIgniter->runController(Object(App\Controllers\authentications\AuthenticationController))
11 SYSTEMPATH\CodeIgniter.php(340): CodeIgniter\CodeIgniter->handleRequest(null, Object(Config\Cache), false)
12 FCPATH\index.php(67): CodeIgniter\CodeIgniter->run()
13 SYSTEMPATH\Commands\Server\rewrite.php(43): require_once('FCPATH\\index.php')
ERROR - 2022-11-13 08:11:12 --> mysqli_sql_exception: Duplicate entry '0' for key 'PRIMARY' in C:\laragon\www\i-aims\system\Database\MySQLi\Connection.php:292
Stack trace:
#0 C:\laragon\www\i-aims\system\Database\MySQLi\Connection.php(292): mysqli->query('INSERT INTO `au...', 0)
#1 C:\laragon\www\i-aims\system\Database\BaseConnection.php(693): CodeIgniter\Database\MySQLi\Connection->execute('INSERT INTO `au...')
#2 C:\laragon\www\i-aims\system\Database\BaseConnection.php(620): CodeIgniter\Database\BaseConnection->simpleQuery('INSERT INTO `au...')
#3 C:\laragon\www\i-aims\system\Database\BaseBuilder.php(1916): CodeIgniter\Database\BaseConnection->query('INSERT INTO `au...', Array, false)
#4 C:\laragon\www\i-aims\system\Model.php(279): CodeIgniter\Database\BaseBuilder->insert()
#5 C:\laragon\www\i-aims\system\BaseModel.php(738): CodeIgniter\Model->doInsert(Array)
#6 C:\laragon\www\i-aims\system\Model.php(667): CodeIgniter\BaseModel->insert(Array, true)
#7 C:\laragon\www\i-aims\app\Controllers\authentications\AuthenticationController.php(99): CodeIgniter\Model->insert(Array)
#8 C:\laragon\www\i-aims\system\CodeIgniter.php(904): App\Controllers\authentications\AuthenticationController->RegisterUser()
#9 C:\laragon\www\i-aims\system\CodeIgniter.php(457): CodeIgniter\CodeIgniter->runController(Object(App\Controllers\authentications\AuthenticationController))
#10 C:\laragon\www\i-aims\system\CodeIgniter.php(340): CodeIgniter\CodeIgniter->handleRequest(NULL, Object(Config\Cache), false)
#11 C:\laragon\www\i-aims\public\index.php(67): CodeIgniter\CodeIgniter->run()
#12 C:\laragon\www\i-aims\system\Commands\Server\rewrite.php(43): require_once('C:\\laragon\\www\\...')
#13 {main}
CRITICAL - 2022-11-13 08:11:12 --> Duplicate entry '0' for key 'PRIMARY'
in SYSTEMPATH\Database\MySQLi\Connection.php on line 292.
 1 SYSTEMPATH\Database\MySQLi\Connection.php(292): mysqli->query('INSERT INTO `auth_user` (`firstname`, `lastname`, `email`) VALUES (\'MICHAEL\', \'BERAY\', \'mpberay@dswd.gov.ph\')', 0)
 2 SYSTEMPATH\Database\BaseConnection.php(693): CodeIgniter\Database\MySQLi\Connection->execute('INSERT INTO `auth_user` (`firstname`, `lastname`, `email`) VALUES (\'MICHAEL\', \'BERAY\', \'mpberay@dswd.gov.ph\')')
 3 SYSTEMPATH\Database\BaseConnection.php(620): CodeIgniter\Database\BaseConnection->simpleQuery('INSERT INTO `auth_user` (`firstname`, `lastname`, `email`) VALUES (\'MICHAEL\', \'BERAY\', \'mpberay@dswd.gov.ph\')')
 4 SYSTEMPATH\Database\BaseBuilder.php(1916): CodeIgniter\Database\BaseConnection->query('INSERT INTO `auth_user` (`firstname`, `lastname`, `email`) VALUES (:firstname:, :lastname:, :email:)', [...], false)
 5 SYSTEMPATH\Model.php(279): CodeIgniter\Database\BaseBuilder->insert()
 6 SYSTEMPATH\BaseModel.php(738): CodeIgniter\Model->doInsert([...])
 7 SYSTEMPATH\Model.php(667): CodeIgniter\BaseModel->insert([...], true)
 8 APPPATH\Controllers\authentications\AuthenticationController.php(99): CodeIgniter\Model->insert([...])
 9 SYSTEMPATH\CodeIgniter.php(904): App\Controllers\authentications\AuthenticationController->RegisterUser()
10 SYSTEMPATH\CodeIgniter.php(457): CodeIgniter\CodeIgniter->runController(Object(App\Controllers\authentications\AuthenticationController))
11 SYSTEMPATH\CodeIgniter.php(340): CodeIgniter\CodeIgniter->handleRequest(null, Object(Config\Cache), false)
12 FCPATH\index.php(67): CodeIgniter\CodeIgniter->run()
13 SYSTEMPATH\Commands\Server\rewrite.php(43): require_once('FCPATH\\index.php')
ERROR - 2022-11-13 08:12:37 --> mysqli_sql_exception: Duplicate entry '0' for key 'PRIMARY' in C:\laragon\www\i-aims\system\Database\MySQLi\Connection.php:292
Stack trace:
#0 C:\laragon\www\i-aims\system\Database\MySQLi\Connection.php(292): mysqli->query('INSERT INTO `au...', 0)
#1 C:\laragon\www\i-aims\system\Database\BaseConnection.php(693): CodeIgniter\Database\MySQLi\Connection->execute('INSERT INTO `au...')
#2 C:\laragon\www\i-aims\system\Database\BaseConnection.php(620): CodeIgniter\Database\BaseConnection->simpleQuery('INSERT INTO `au...')
#3 C:\laragon\www\i-aims\system\Database\BaseBuilder.php(1916): CodeIgniter\Database\BaseConnection->query('INSERT INTO `au...', Array, false)
#4 C:\laragon\www\i-aims\system\Model.php(279): CodeIgniter\Database\BaseBuilder->insert()
#5 C:\laragon\www\i-aims\system\BaseModel.php(738): CodeIgniter\Model->doInsert(Array)
#6 C:\laragon\www\i-aims\system\Model.php(667): CodeIgniter\BaseModel->insert(Array, true)
#7 C:\laragon\www\i-aims\app\Controllers\authentications\AuthenticationController.php(99): CodeIgniter\Model->insert(Array)
#8 C:\laragon\www\i-aims\system\CodeIgniter.php(904): App\Controllers\authentications\AuthenticationController->RegisterUser()
#9 C:\laragon\www\i-aims\system\CodeIgniter.php(457): CodeIgniter\CodeIgniter->runController(Object(App\Controllers\authentications\AuthenticationController))
#10 C:\laragon\www\i-aims\system\CodeIgniter.php(340): CodeIgniter\CodeIgniter->handleRequest(NULL, Object(Config\Cache), false)
#11 C:\laragon\www\i-aims\public\index.php(67): CodeIgniter\CodeIgniter->run()
#12 C:\laragon\www\i-aims\system\Commands\Server\rewrite.php(43): require_once('C:\\laragon\\www\\...')
#13 {main}
CRITICAL - 2022-11-13 08:12:37 --> Duplicate entry '0' for key 'PRIMARY'
in SYSTEMPATH\Database\MySQLi\Connection.php on line 292.
 1 SYSTEMPATH\Database\MySQLi\Connection.php(292): mysqli->query('INSERT INTO `auth_user` (`firstname`, `lastname`, `email`) VALUES (\'MICHAEL\', \'BERAY\', \'mpberay@dswd.gov.ph\')', 0)
 2 SYSTEMPATH\Database\BaseConnection.php(693): CodeIgniter\Database\MySQLi\Connection->execute('INSERT INTO `auth_user` (`firstname`, `lastname`, `email`) VALUES (\'MICHAEL\', \'BERAY\', \'mpberay@dswd.gov.ph\')')
 3 SYSTEMPATH\Database\BaseConnection.php(620): CodeIgniter\Database\BaseConnection->simpleQuery('INSERT INTO `auth_user` (`firstname`, `lastname`, `email`) VALUES (\'MICHAEL\', \'BERAY\', \'mpberay@dswd.gov.ph\')')
 4 SYSTEMPATH\Database\BaseBuilder.php(1916): CodeIgniter\Database\BaseConnection->query('INSERT INTO `auth_user` (`firstname`, `lastname`, `email`) VALUES (:firstname:, :lastname:, :email:)', [...], false)
 5 SYSTEMPATH\Model.php(279): CodeIgniter\Database\BaseBuilder->insert()
 6 SYSTEMPATH\BaseModel.php(738): CodeIgniter\Model->doInsert([...])
 7 SYSTEMPATH\Model.php(667): CodeIgniter\BaseModel->insert([...], true)
 8 APPPATH\Controllers\authentications\AuthenticationController.php(99): CodeIgniter\Model->insert([...])
 9 SYSTEMPATH\CodeIgniter.php(904): App\Controllers\authentications\AuthenticationController->RegisterUser()
10 SYSTEMPATH\CodeIgniter.php(457): CodeIgniter\CodeIgniter->runController(Object(App\Controllers\authentications\AuthenticationController))
11 SYSTEMPATH\CodeIgniter.php(340): CodeIgniter\CodeIgniter->handleRequest(null, Object(Config\Cache), false)
12 FCPATH\index.php(67): CodeIgniter\CodeIgniter->run()
13 SYSTEMPATH\Commands\Server\rewrite.php(43): require_once('FCPATH\\index.php')
ERROR - 2022-11-13 08:13:05 --> mysqli_sql_exception: Duplicate entry '0' for key 'PRIMARY' in C:\laragon\www\i-aims\system\Database\MySQLi\Connection.php:292
Stack trace:
#0 C:\laragon\www\i-aims\system\Database\MySQLi\Connection.php(292): mysqli->query('INSERT INTO `au...', 0)
#1 C:\laragon\www\i-aims\system\Database\BaseConnection.php(693): CodeIgniter\Database\MySQLi\Connection->execute('INSERT INTO `au...')
#2 C:\laragon\www\i-aims\system\Database\BaseConnection.php(620): CodeIgniter\Database\BaseConnection->simpleQuery('INSERT INTO `au...')
#3 C:\laragon\www\i-aims\system\Database\BaseBuilder.php(1916): CodeIgniter\Database\BaseConnection->query('INSERT INTO `au...', Array, false)
#4 C:\laragon\www\i-aims\system\Model.php(279): CodeIgniter\Database\BaseBuilder->insert()
#5 C:\laragon\www\i-aims\system\BaseModel.php(738): CodeIgniter\Model->doInsert(Array)
#6 C:\laragon\www\i-aims\system\Model.php(667): CodeIgniter\BaseModel->insert(Array, true)
#7 C:\laragon\www\i-aims\app\Controllers\authentications\AuthenticationController.php(99): CodeIgniter\Model->insert(Array)
#8 C:\laragon\www\i-aims\system\CodeIgniter.php(904): App\Controllers\authentications\AuthenticationController->RegisterUser()
#9 C:\laragon\www\i-aims\system\CodeIgniter.php(457): CodeIgniter\CodeIgniter->runController(Object(App\Controllers\authentications\AuthenticationController))
#10 C:\laragon\www\i-aims\system\CodeIgniter.php(340): CodeIgniter\CodeIgniter->handleRequest(NULL, Object(Config\Cache), false)
#11 C:\laragon\www\i-aims\public\index.php(67): CodeIgniter\CodeIgniter->run()
#12 C:\laragon\www\i-aims\system\Commands\Server\rewrite.php(43): require_once('C:\\laragon\\www\\...')
#13 {main}
CRITICAL - 2022-11-13 08:13:05 --> Duplicate entry '0' for key 'PRIMARY'
in SYSTEMPATH\Database\MySQLi\Connection.php on line 292.
 1 SYSTEMPATH\Database\MySQLi\Connection.php(292): mysqli->query('INSERT INTO `auth_user` (`firstname`, `lastname`, `email`) VALUES (\'MICHAEL\', \'BERAY\', \'mpberay@dswd.gov.ph\')', 0)
 2 SYSTEMPATH\Database\BaseConnection.php(693): CodeIgniter\Database\MySQLi\Connection->execute('INSERT INTO `auth_user` (`firstname`, `lastname`, `email`) VALUES (\'MICHAEL\', \'BERAY\', \'mpberay@dswd.gov.ph\')')
 3 SYSTEMPATH\Database\BaseConnection.php(620): CodeIgniter\Database\BaseConnection->simpleQuery('INSERT INTO `auth_user` (`firstname`, `lastname`, `email`) VALUES (\'MICHAEL\', \'BERAY\', \'mpberay@dswd.gov.ph\')')
 4 SYSTEMPATH\Database\BaseBuilder.php(1916): CodeIgniter\Database\BaseConnection->query('INSERT INTO `auth_user` (`firstname`, `lastname`, `email`) VALUES (:firstname:, :lastname:, :email:)', [...], false)
 5 SYSTEMPATH\Model.php(279): CodeIgniter\Database\BaseBuilder->insert()
 6 SYSTEMPATH\BaseModel.php(738): CodeIgniter\Model->doInsert([...])
 7 SYSTEMPATH\Model.php(667): CodeIgniter\BaseModel->insert([...], true)
 8 APPPATH\Controllers\authentications\AuthenticationController.php(99): CodeIgniter\Model->insert([...])
 9 SYSTEMPATH\CodeIgniter.php(904): App\Controllers\authentications\AuthenticationController->RegisterUser()
10 SYSTEMPATH\CodeIgniter.php(457): CodeIgniter\CodeIgniter->runController(Object(App\Controllers\authentications\AuthenticationController))
11 SYSTEMPATH\CodeIgniter.php(340): CodeIgniter\CodeIgniter->handleRequest(null, Object(Config\Cache), false)
12 FCPATH\index.php(67): CodeIgniter\CodeIgniter->run()
13 SYSTEMPATH\Commands\Server\rewrite.php(43): require_once('FCPATH\\index.php')
ERROR - 2022-11-13 08:14:04 --> mysqli_sql_exception: Duplicate entry '11' for key 'PRIMARY' in C:\laragon\www\i-aims\system\Database\MySQLi\Connection.php:292
Stack trace:
#0 C:\laragon\www\i-aims\system\Database\MySQLi\Connection.php(292): mysqli->query('INSERT INTO `au...', 0)
#1 C:\laragon\www\i-aims\system\Database\BaseConnection.php(693): CodeIgniter\Database\MySQLi\Connection->execute('INSERT INTO `au...')
#2 C:\laragon\www\i-aims\system\Database\BaseConnection.php(620): CodeIgniter\Database\BaseConnection->simpleQuery('INSERT INTO `au...')
#3 C:\laragon\www\i-aims\system\Database\BaseBuilder.php(1916): CodeIgniter\Database\BaseConnection->query('INSERT INTO `au...', Array, false)
#4 C:\laragon\www\i-aims\system\Model.php(279): CodeIgniter\Database\BaseBuilder->insert()
#5 C:\laragon\www\i-aims\system\BaseModel.php(738): CodeIgniter\Model->doInsert(Array)
#6 C:\laragon\www\i-aims\system\Model.php(667): CodeIgniter\BaseModel->insert(Array, true)
#7 C:\laragon\www\i-aims\app\Controllers\authentications\AuthenticationController.php(99): CodeIgniter\Model->insert(Array)
#8 C:\laragon\www\i-aims\system\CodeIgniter.php(904): App\Controllers\authentications\AuthenticationController->RegisterUser()
#9 C:\laragon\www\i-aims\system\CodeIgniter.php(457): CodeIgniter\CodeIgniter->runController(Object(App\Controllers\authentications\AuthenticationController))
#10 C:\laragon\www\i-aims\system\CodeIgniter.php(340): CodeIgniter\CodeIgniter->handleRequest(NULL, Object(Config\Cache), false)
#11 C:\laragon\www\i-aims\public\index.php(67): CodeIgniter\CodeIgniter->run()
#12 C:\laragon\www\i-aims\system\Commands\Server\rewrite.php(43): require_once('C:\\laragon\\www\\...')
#13 {main}
CRITICAL - 2022-11-13 08:14:04 --> Duplicate entry '11' for key 'PRIMARY'
in SYSTEMPATH\Database\MySQLi\Connection.php on line 292.
 1 SYSTEMPATH\Database\MySQLi\Connection.php(292): mysqli->query('INSERT INTO `auth_user` (`id`, `firstname`, `lastname`, `email`) VALUES (\'11-13-2022-6370fbac613e9\', \'asdasd\', \'BERAY\', \'asdad@gmail.com\')', 0)
 2 SYSTEMPATH\Database\BaseConnection.php(693): CodeIgniter\Database\MySQLi\Connection->execute('INSERT INTO `auth_user` (`id`, `firstname`, `lastname`, `email`) VALUES (\'11-13-2022-6370fbac613e9\', \'asdasd\', \'BERAY\', \'asdad@gmail.com\')')
 3 SYSTEMPATH\Database\BaseConnection.php(620): CodeIgniter\Database\BaseConnection->simpleQuery('INSERT INTO `auth_user` (`id`, `firstname`, `lastname`, `email`) VALUES (\'11-13-2022-6370fbac613e9\', \'asdasd\', \'BERAY\', \'asdad@gmail.com\')')
 4 SYSTEMPATH\Database\BaseBuilder.php(1916): CodeIgniter\Database\BaseConnection->query('INSERT INTO `auth_user` (`id`, `firstname`, `lastname`, `email`) VALUES (:id:, :firstname:, :lastname:, :email:)', [...], false)
 5 SYSTEMPATH\Model.php(279): CodeIgniter\Database\BaseBuilder->insert()
 6 SYSTEMPATH\BaseModel.php(738): CodeIgniter\Model->doInsert([...])
 7 SYSTEMPATH\Model.php(667): CodeIgniter\BaseModel->insert([...], true)
 8 APPPATH\Controllers\authentications\AuthenticationController.php(99): CodeIgniter\Model->insert([...])
 9 SYSTEMPATH\CodeIgniter.php(904): App\Controllers\authentications\AuthenticationController->RegisterUser()
10 SYSTEMPATH\CodeIgniter.php(457): CodeIgniter\CodeIgniter->runController(Object(App\Controllers\authentications\AuthenticationController))
11 SYSTEMPATH\CodeIgniter.php(340): CodeIgniter\CodeIgniter->handleRequest(null, Object(Config\Cache), false)
12 FCPATH\index.php(67): CodeIgniter\CodeIgniter->run()
13 SYSTEMPATH\Commands\Server\rewrite.php(43): require_once('FCPATH\\index.php')
CRITICAL - 2022-11-13 22:04:53 --> Trying to access array offset on value of type null
in APPPATH\Controllers\authentications\AuthenticationController.php on line 73.
 1 APPPATH\Controllers\authentications\AuthenticationController.php(73): CodeIgniter\Debug\Exceptions->errorHandler(8, 'Trying to access array offset on value of type null', 'APPPATH\\Controllers\\authentications\\AuthenticationController.php', 73, [...])
 2 SYSTEMPATH\CodeIgniter.php(904): App\Controllers\authentications\AuthenticationController->LoginUser()
 3 SYSTEMPATH\CodeIgniter.php(457): CodeIgniter\CodeIgniter->runController(Object(App\Controllers\authentications\AuthenticationController))
 4 SYSTEMPATH\CodeIgniter.php(340): CodeIgniter\CodeIgniter->handleRequest(null, Object(Config\Cache), false)
 5 FCPATH\index.php(67): CodeIgniter\CodeIgniter->run()
 6 SYSTEMPATH\Commands\Server\rewrite.php(43): require_once('FCPATH\\index.php')
