CRITICAL - 2022-11-11 07:41:57 --> Undefined variable: id_num
in APPPATH\Views\DashboardView.php on line 1.
 1 APPPATH\Views\DashboardView.php(1): CodeIgniter\Debug\Exceptions->errorHandler(8, 'Undefined variable: id_num', 'APPPATH\\Views\\DashboardView.php', 1, [])
 2 SYSTEMPATH\View\View.php(213): include('APPPATH\\Views\\DashboardView.php')
 3 SYSTEMPATH\View\View.php(216): CodeIgniter\View\View->CodeIgniter\View\{closure}()
 4 SYSTEMPATH\Common.php(1142): CodeIgniter\View\View->render('DashboardView', [], true)
 5 APPPATH\Controllers\BaseController.php(55): view('DashboardView')
 6 APPPATH\Controllers\DashboardController.php(16): App\Controllers\BaseController->render('DashboardView', [...])
 7 SYSTEMPATH\CodeIgniter.php(904): App\Controllers\DashboardController->index()
 8 SYSTEMPATH\CodeIgniter.php(457): CodeIgniter\CodeIgniter->runController(Object(App\Controllers\DashboardController))
 9 SYSTEMPATH\CodeIgniter.php(340): CodeIgniter\CodeIgniter->handleRequest(null, Object(Config\Cache), false)
10 FCPATH\index.php(67): CodeIgniter\CodeIgniter->run()
11 SYSTEMPATH\Commands\Server\rewrite.php(43): require_once('FCPATH\\index.php')
CRITICAL - 2022-11-11 07:42:40 --> Invalid file: asd.php
in SYSTEMPATH\Exceptions\FrameworkException.php on line 33.
 1 SYSTEMPATH\View\View.php(201): CodeIgniter\Exceptions\FrameworkException::forInvalidFile('asd.php')
 2 SYSTEMPATH\Common.php(1142): CodeIgniter\View\View->render('asd', [], true)
 3 APPPATH\Controllers\BaseController.php(55): view('asd')
 4 APPPATH\Controllers\DashboardController.php(17): App\Controllers\BaseController->render('asd', [...])
 5 SYSTEMPATH\CodeIgniter.php(904): App\Controllers\DashboardController->index()
 6 SYSTEMPATH\CodeIgniter.php(457): CodeIgniter\CodeIgniter->runController(Object(App\Controllers\DashboardController))
 7 SYSTEMPATH\CodeIgniter.php(340): CodeIgniter\CodeIgniter->handleRequest(null, Object(Config\Cache), false)
 8 FCPATH\index.php(67): CodeIgniter\CodeIgniter->run()
 9 SYSTEMPATH\Commands\Server\rewrite.php(43): require_once('FCPATH\\index.php')
CRITICAL - 2022-11-11 07:42:51 --> Undefined variable: id_num
in APPPATH\Views\DashboardView.php on line 1.
 1 APPPATH\Views\DashboardView.php(1): CodeIgniter\Debug\Exceptions->errorHandler(8, 'Undefined variable: id_num', 'APPPATH\\Views\\DashboardView.php', 1, [])
 2 SYSTEMPATH\View\View.php(213): include('APPPATH\\Views\\DashboardView.php')
 3 SYSTEMPATH\View\View.php(216): CodeIgniter\View\View->CodeIgniter\View\{closure}()
 4 SYSTEMPATH\Common.php(1142): CodeIgniter\View\View->render('DashboardView', [], true)
 5 APPPATH\Controllers\BaseController.php(55): view('DashboardView')
 6 APPPATH\Controllers\DashboardController.php(17): App\Controllers\BaseController->render('DashboardView', [...])
 7 SYSTEMPATH\CodeIgniter.php(904): App\Controllers\DashboardController->index()
 8 SYSTEMPATH\CodeIgniter.php(457): CodeIgniter\CodeIgniter->runController(Object(App\Controllers\DashboardController))
 9 SYSTEMPATH\CodeIgniter.php(340): CodeIgniter\CodeIgniter->handleRequest(null, Object(Config\Cache), false)
10 FCPATH\index.php(67): CodeIgniter\CodeIgniter->run()
11 SYSTEMPATH\Commands\Server\rewrite.php(43): require_once('FCPATH\\index.php')
CRITICAL - 2022-11-11 07:43:28 --> Undefined variable: id_num
in APPPATH\Views\DashboardView.php on line 1.
 1 APPPATH\Views\DashboardView.php(1): CodeIgniter\Debug\Exceptions->errorHandler(8, 'Undefined variable: id_num', 'APPPATH\\Views\\DashboardView.php', 1, [])
 2 SYSTEMPATH\View\View.php(213): include('APPPATH\\Views\\DashboardView.php')
 3 SYSTEMPATH\View\View.php(216): CodeIgniter\View\View->CodeIgniter\View\{closure}()
 4 SYSTEMPATH\Common.php(1142): CodeIgniter\View\View->render('DashboardView', [], true)
 5 APPPATH\Controllers\BaseController.php(55): view('DashboardView')
 6 APPPATH\Controllers\DashboardController.php(17): App\Controllers\BaseController->render('DashboardView', [...])
 7 SYSTEMPATH\CodeIgniter.php(904): App\Controllers\DashboardController->index()
 8 SYSTEMPATH\CodeIgniter.php(457): CodeIgniter\CodeIgniter->runController(Object(App\Controllers\DashboardController))
 9 SYSTEMPATH\CodeIgniter.php(340): CodeIgniter\CodeIgniter->handleRequest(null, Object(Config\Cache), false)
10 FCPATH\index.php(67): CodeIgniter\CodeIgniter->run()
11 SYSTEMPATH\Commands\Server\rewrite.php(43): require_once('FCPATH\\index.php')
CRITICAL - 2022-11-11 07:43:38 --> Undefined variable: id_num
in APPPATH\Views\DashboardView.php on line 1.
 1 APPPATH\Views\DashboardView.php(1): CodeIgniter\Debug\Exceptions->errorHandler(8, 'Undefined variable: id_num', 'APPPATH\\Views\\DashboardView.php', 1, [])
 2 SYSTEMPATH\View\View.php(213): include('APPPATH\\Views\\DashboardView.php')
 3 SYSTEMPATH\View\View.php(216): CodeIgniter\View\View->CodeIgniter\View\{closure}()
 4 SYSTEMPATH\Common.php(1142): CodeIgniter\View\View->render('DashboardView', [], true)
 5 APPPATH\Controllers\BaseController.php(55): view('DashboardView')
 6 APPPATH\Controllers\DashboardController.php(17): App\Controllers\BaseController->render('DashboardView', [...])
 7 SYSTEMPATH\CodeIgniter.php(904): App\Controllers\DashboardController->index()
 8 SYSTEMPATH\CodeIgniter.php(457): CodeIgniter\CodeIgniter->runController(Object(App\Controllers\DashboardController))
 9 SYSTEMPATH\CodeIgniter.php(340): CodeIgniter\CodeIgniter->handleRequest(null, Object(Config\Cache), false)
10 FCPATH\index.php(67): CodeIgniter\CodeIgniter->run()
11 SYSTEMPATH\Commands\Server\rewrite.php(43): require_once('FCPATH\\index.php')
CRITICAL - 2022-11-11 07:44:20 --> Undefined variable: asdasdasd
in APPPATH\Views\DashboardView.php on line 1.
 1 APPPATH\Views\DashboardView.php(1): CodeIgniter\Debug\Exceptions->errorHandler(8, 'Undefined variable: asdasdasd', 'APPPATH\\Views\\DashboardView.php', 1, [])
 2 SYSTEMPATH\View\View.php(213): include('APPPATH\\Views\\DashboardView.php')
 3 SYSTEMPATH\View\View.php(216): CodeIgniter\View\View->CodeIgniter\View\{closure}()
 4 SYSTEMPATH\Common.php(1142): CodeIgniter\View\View->render('DashboardView', [], true)
 5 APPPATH\Controllers\BaseController.php(55): view('DashboardView')
 6 APPPATH\Controllers\DashboardController.php(17): App\Controllers\BaseController->render('DashboardView', [...])
 7 SYSTEMPATH\CodeIgniter.php(904): App\Controllers\DashboardController->index()
 8 SYSTEMPATH\CodeIgniter.php(457): CodeIgniter\CodeIgniter->runController(Object(App\Controllers\DashboardController))
 9 SYSTEMPATH\CodeIgniter.php(340): CodeIgniter\CodeIgniter->handleRequest(null, Object(Config\Cache), false)
10 FCPATH\index.php(67): CodeIgniter\CodeIgniter->run()
11 SYSTEMPATH\Commands\Server\rewrite.php(43): require_once('FCPATH\\index.php')
CRITICAL - 2022-11-11 07:44:40 --> Undefined variable: data
in APPPATH\Views\DashboardView.php on line 1.
 1 APPPATH\Views\DashboardView.php(1): CodeIgniter\Debug\Exceptions->errorHandler(8, 'Undefined variable: data', 'APPPATH\\Views\\DashboardView.php', 1, [])
 2 SYSTEMPATH\View\View.php(213): include('APPPATH\\Views\\DashboardView.php')
 3 SYSTEMPATH\View\View.php(216): CodeIgniter\View\View->CodeIgniter\View\{closure}()
 4 SYSTEMPATH\Common.php(1142): CodeIgniter\View\View->render('DashboardView', [], true)
 5 APPPATH\Controllers\BaseController.php(55): view('DashboardView')
 6 APPPATH\Controllers\DashboardController.php(17): App\Controllers\BaseController->render('DashboardView', [...])
 7 SYSTEMPATH\CodeIgniter.php(904): App\Controllers\DashboardController->index()
 8 SYSTEMPATH\CodeIgniter.php(457): CodeIgniter\CodeIgniter->runController(Object(App\Controllers\DashboardController))
 9 SYSTEMPATH\CodeIgniter.php(340): CodeIgniter\CodeIgniter->handleRequest(null, Object(Config\Cache), false)
10 FCPATH\index.php(67): CodeIgniter\CodeIgniter->run()
11 SYSTEMPATH\Commands\Server\rewrite.php(43): require_once('FCPATH\\index.php')
CRITICAL - 2022-11-11 07:45:44 --> Undefined variable: data
in APPPATH\Views\DashboardView.php on line 1.
 1 APPPATH\Views\DashboardView.php(1): CodeIgniter\Debug\Exceptions->errorHandler(8, 'Undefined variable: data', 'APPPATH\\Views\\DashboardView.php', 1, [...])
 2 SYSTEMPATH\View\View.php(213): include('APPPATH\\Views\\DashboardView.php')
 3 SYSTEMPATH\View\View.php(216): CodeIgniter\View\View->CodeIgniter\View\{closure}()
 4 SYSTEMPATH\Common.php(1142): CodeIgniter\View\View->render('DashboardView', [], true)
 5 APPPATH\Controllers\DashboardController.php(18): view('DashboardView', [...])
 6 SYSTEMPATH\CodeIgniter.php(904): App\Controllers\DashboardController->index()
 7 SYSTEMPATH\CodeIgniter.php(457): CodeIgniter\CodeIgniter->runController(Object(App\Controllers\DashboardController))
 8 SYSTEMPATH\CodeIgniter.php(340): CodeIgniter\CodeIgniter->handleRequest(null, Object(Config\Cache), false)
 9 FCPATH\index.php(67): CodeIgniter\CodeIgniter->run()
10 SYSTEMPATH\Commands\Server\rewrite.php(43): require_once('FCPATH\\index.php')
CRITICAL - 2022-11-11 07:45:46 --> Undefined variable: data
in APPPATH\Views\DashboardView.php on line 1.
 1 APPPATH\Views\DashboardView.php(1): CodeIgniter\Debug\Exceptions->errorHandler(8, 'Undefined variable: data', 'APPPATH\\Views\\DashboardView.php', 1, [...])
 2 SYSTEMPATH\View\View.php(213): include('APPPATH\\Views\\DashboardView.php')
 3 SYSTEMPATH\View\View.php(216): CodeIgniter\View\View->CodeIgniter\View\{closure}()
 4 SYSTEMPATH\Common.php(1142): CodeIgniter\View\View->render('DashboardView', [], true)
 5 APPPATH\Controllers\DashboardController.php(18): view('DashboardView', [...])
 6 SYSTEMPATH\CodeIgniter.php(904): App\Controllers\DashboardController->index()
 7 SYSTEMPATH\CodeIgniter.php(457): CodeIgniter\CodeIgniter->runController(Object(App\Controllers\DashboardController))
 8 SYSTEMPATH\CodeIgniter.php(340): CodeIgniter\CodeIgniter->handleRequest(null, Object(Config\Cache), false)
 9 FCPATH\index.php(67): CodeIgniter\CodeIgniter->run()
10 SYSTEMPATH\Commands\Server\rewrite.php(43): require_once('FCPATH\\index.php')
CRITICAL - 2022-11-11 07:45:47 --> Undefined variable: data
in APPPATH\Views\DashboardView.php on line 1.
 1 APPPATH\Views\DashboardView.php(1): CodeIgniter\Debug\Exceptions->errorHandler(8, 'Undefined variable: data', 'APPPATH\\Views\\DashboardView.php', 1, [...])
 2 SYSTEMPATH\View\View.php(213): include('APPPATH\\Views\\DashboardView.php')
 3 SYSTEMPATH\View\View.php(216): CodeIgniter\View\View->CodeIgniter\View\{closure}()
 4 SYSTEMPATH\Common.php(1142): CodeIgniter\View\View->render('DashboardView', [], true)
 5 APPPATH\Controllers\DashboardController.php(18): view('DashboardView', [...])
 6 SYSTEMPATH\CodeIgniter.php(904): App\Controllers\DashboardController->index()
 7 SYSTEMPATH\CodeIgniter.php(457): CodeIgniter\CodeIgniter->runController(Object(App\Controllers\DashboardController))
 8 SYSTEMPATH\CodeIgniter.php(340): CodeIgniter\CodeIgniter->handleRequest(null, Object(Config\Cache), false)
 9 FCPATH\index.php(67): CodeIgniter\CodeIgniter->run()
10 SYSTEMPATH\Commands\Server\rewrite.php(43): require_once('FCPATH\\index.php')
CRITICAL - 2022-11-11 07:45:47 --> Undefined variable: data
in APPPATH\Views\DashboardView.php on line 1.
 1 APPPATH\Views\DashboardView.php(1): CodeIgniter\Debug\Exceptions->errorHandler(8, 'Undefined variable: data', 'APPPATH\\Views\\DashboardView.php', 1, [...])
 2 SYSTEMPATH\View\View.php(213): include('APPPATH\\Views\\DashboardView.php')
 3 SYSTEMPATH\View\View.php(216): CodeIgniter\View\View->CodeIgniter\View\{closure}()
 4 SYSTEMPATH\Common.php(1142): CodeIgniter\View\View->render('DashboardView', [], true)
 5 APPPATH\Controllers\DashboardController.php(18): view('DashboardView', [...])
 6 SYSTEMPATH\CodeIgniter.php(904): App\Controllers\DashboardController->index()
 7 SYSTEMPATH\CodeIgniter.php(457): CodeIgniter\CodeIgniter->runController(Object(App\Controllers\DashboardController))
 8 SYSTEMPATH\CodeIgniter.php(340): CodeIgniter\CodeIgniter->handleRequest(null, Object(Config\Cache), false)
 9 FCPATH\index.php(67): CodeIgniter\CodeIgniter->run()
10 SYSTEMPATH\Commands\Server\rewrite.php(43): require_once('FCPATH\\index.php')
CRITICAL - 2022-11-11 07:45:47 --> Undefined variable: data
in APPPATH\Views\DashboardView.php on line 1.
 1 APPPATH\Views\DashboardView.php(1): CodeIgniter\Debug\Exceptions->errorHandler(8, 'Undefined variable: data', 'APPPATH\\Views\\DashboardView.php', 1, [...])
 2 SYSTEMPATH\View\View.php(213): include('APPPATH\\Views\\DashboardView.php')
 3 SYSTEMPATH\View\View.php(216): CodeIgniter\View\View->CodeIgniter\View\{closure}()
 4 SYSTEMPATH\Common.php(1142): CodeIgniter\View\View->render('DashboardView', [], true)
 5 APPPATH\Controllers\DashboardController.php(18): view('DashboardView', [...])
 6 SYSTEMPATH\CodeIgniter.php(904): App\Controllers\DashboardController->index()
 7 SYSTEMPATH\CodeIgniter.php(457): CodeIgniter\CodeIgniter->runController(Object(App\Controllers\DashboardController))
 8 SYSTEMPATH\CodeIgniter.php(340): CodeIgniter\CodeIgniter->handleRequest(null, Object(Config\Cache), false)
 9 FCPATH\index.php(67): CodeIgniter\CodeIgniter->run()
10 SYSTEMPATH\Commands\Server\rewrite.php(43): require_once('FCPATH\\index.php')
CRITICAL - 2022-11-11 07:45:47 --> Undefined variable: data
in APPPATH\Views\DashboardView.php on line 1.
 1 APPPATH\Views\DashboardView.php(1): CodeIgniter\Debug\Exceptions->errorHandler(8, 'Undefined variable: data', 'APPPATH\\Views\\DashboardView.php', 1, [...])
 2 SYSTEMPATH\View\View.php(213): include('APPPATH\\Views\\DashboardView.php')
 3 SYSTEMPATH\View\View.php(216): CodeIgniter\View\View->CodeIgniter\View\{closure}()
 4 SYSTEMPATH\Common.php(1142): CodeIgniter\View\View->render('DashboardView', [], true)
 5 APPPATH\Controllers\DashboardController.php(18): view('DashboardView', [...])
 6 SYSTEMPATH\CodeIgniter.php(904): App\Controllers\DashboardController->index()
 7 SYSTEMPATH\CodeIgniter.php(457): CodeIgniter\CodeIgniter->runController(Object(App\Controllers\DashboardController))
 8 SYSTEMPATH\CodeIgniter.php(340): CodeIgniter\CodeIgniter->handleRequest(null, Object(Config\Cache), false)
 9 FCPATH\index.php(67): CodeIgniter\CodeIgniter->run()
10 SYSTEMPATH\Commands\Server\rewrite.php(43): require_once('FCPATH\\index.php')
CRITICAL - 2022-11-11 07:45:47 --> Undefined variable: data
in APPPATH\Views\DashboardView.php on line 1.
 1 APPPATH\Views\DashboardView.php(1): CodeIgniter\Debug\Exceptions->errorHandler(8, 'Undefined variable: data', 'APPPATH\\Views\\DashboardView.php', 1, [...])
 2 SYSTEMPATH\View\View.php(213): include('APPPATH\\Views\\DashboardView.php')
 3 SYSTEMPATH\View\View.php(216): CodeIgniter\View\View->CodeIgniter\View\{closure}()
 4 SYSTEMPATH\Common.php(1142): CodeIgniter\View\View->render('DashboardView', [], true)
 5 APPPATH\Controllers\DashboardController.php(18): view('DashboardView', [...])
 6 SYSTEMPATH\CodeIgniter.php(904): App\Controllers\DashboardController->index()
 7 SYSTEMPATH\CodeIgniter.php(457): CodeIgniter\CodeIgniter->runController(Object(App\Controllers\DashboardController))
 8 SYSTEMPATH\CodeIgniter.php(340): CodeIgniter\CodeIgniter->handleRequest(null, Object(Config\Cache), false)
 9 FCPATH\index.php(67): CodeIgniter\CodeIgniter->run()
10 SYSTEMPATH\Commands\Server\rewrite.php(43): require_once('FCPATH\\index.php')
CRITICAL - 2022-11-11 07:49:37 --> Undefined variable: id_numasd
in APPPATH\Views\DashboardView.php on line 1.
 1 APPPATH\Views\DashboardView.php(1): CodeIgniter\Debug\Exceptions->errorHandler(8, 'Undefined variable: id_numasd', 'APPPATH\\Views\\DashboardView.php', 1, [...])
 2 SYSTEMPATH\View\View.php(213): include('APPPATH\\Views\\DashboardView.php')
 3 SYSTEMPATH\View\View.php(216): CodeIgniter\View\View->CodeIgniter\View\{closure}()
 4 SYSTEMPATH\Common.php(1142): CodeIgniter\View\View->render('DashboardView', [], true)
 5 APPPATH\Controllers\BaseController.php(55): view('DashboardView', [...])
 6 APPPATH\Controllers\DashboardController.php(17): App\Controllers\BaseController->render('DashboardView', [...])
 7 SYSTEMPATH\CodeIgniter.php(904): App\Controllers\DashboardController->index()
 8 SYSTEMPATH\CodeIgniter.php(457): CodeIgniter\CodeIgniter->runController(Object(App\Controllers\DashboardController))
 9 SYSTEMPATH\CodeIgniter.php(340): CodeIgniter\CodeIgniter->handleRequest(null, Object(Config\Cache), false)
10 FCPATH\index.php(67): CodeIgniter\CodeIgniter->run()
11 SYSTEMPATH\Commands\Server\rewrite.php(43): require_once('FCPATH\\index.php')
CRITICAL - 2022-11-11 09:10:36 --> preg_match(): Unknown modifier '/'
in SYSTEMPATH\Router\Router.php on line 418.
 1 [internal function]: CodeIgniter\Debug\Exceptions->errorHandler(2, 'preg_match(): Unknown modifier \'/\'', 'SYSTEMPATH\\Router\\Router.php', 418, [...])
 2 SYSTEMPATH\Router\Router.php(418): preg_match('#^#/register$#u', 'vendors/landingpage/assets/css/bootstrap.min.css.map', [])
 3 SYSTEMPATH\Router\Router.php(181): CodeIgniter\Router\Router->checkRoutes('vendors/landingpage/assets/css/bootstrap.min.css.map')
 4 SYSTEMPATH\CodeIgniter.php(779): CodeIgniter\Router\Router->handle('vendors/landingpage/assets/css/bootstrap.min.css.map')
 5 SYSTEMPATH\CodeIgniter.php(406): CodeIgniter\CodeIgniter->tryToRouteIt(Object(CodeIgniter\Router\RouteCollection))
 6 SYSTEMPATH\CodeIgniter.php(340): CodeIgniter\CodeIgniter->handleRequest(null, Object(Config\Cache), false)
 7 FCPATH\index.php(67): CodeIgniter\CodeIgniter->run()
 8 SYSTEMPATH\Commands\Server\rewrite.php(43): require_once('FCPATH\\index.php')
CRITICAL - 2022-11-11 09:10:36 --> preg_match(): Unknown modifier '/'
in SYSTEMPATH\Router\Router.php on line 418.
 1 [internal function]: CodeIgniter\Debug\Exceptions->errorHandler(2, 'preg_match(): Unknown modifier \'/\'', 'SYSTEMPATH\\Router\\Router.php', 418, [...])
 2 SYSTEMPATH\Router\Router.php(418): preg_match('#^#/register$#u', 'vendors/landingpage/assets/js/bootstrap.min.js.map', [])
 3 SYSTEMPATH\Router\Router.php(181): CodeIgniter\Router\Router->checkRoutes('vendors/landingpage/assets/js/bootstrap.min.js.map')
 4 SYSTEMPATH\CodeIgniter.php(779): CodeIgniter\Router\Router->handle('vendors/landingpage/assets/js/bootstrap.min.js.map')
 5 SYSTEMPATH\CodeIgniter.php(406): CodeIgniter\CodeIgniter->tryToRouteIt(Object(CodeIgniter\Router\RouteCollection))
 6 SYSTEMPATH\CodeIgniter.php(340): CodeIgniter\CodeIgniter->handleRequest(null, Object(Config\Cache), false)
 7 FCPATH\index.php(67): CodeIgniter\CodeIgniter->run()
 8 SYSTEMPATH\Commands\Server\rewrite.php(43): require_once('FCPATH\\index.php')
CRITICAL - 2022-11-11 09:10:36 --> preg_match(): Unknown modifier '/'
in SYSTEMPATH\Router\Router.php on line 418.
 1 [internal function]: CodeIgniter\Debug\Exceptions->errorHandler(2, 'preg_match(): Unknown modifier \'/\'', 'SYSTEMPATH\\Router\\Router.php', 418, [...])
 2 SYSTEMPATH\Router\Router.php(418): preg_match('#^#/register$#u', 'vendors/landingpage/assets/js/popper.min.js.map', [])
 3 SYSTEMPATH\Router\Router.php(181): CodeIgniter\Router\Router->checkRoutes('vendors/landingpage/assets/js/popper.min.js.map')
 4 SYSTEMPATH\CodeIgniter.php(779): CodeIgniter\Router\Router->handle('vendors/landingpage/assets/js/popper.min.js.map')
 5 SYSTEMPATH\CodeIgniter.php(406): CodeIgniter\CodeIgniter->tryToRouteIt(Object(CodeIgniter\Router\RouteCollection))
 6 SYSTEMPATH\CodeIgniter.php(340): CodeIgniter\CodeIgniter->handleRequest(null, Object(Config\Cache), false)
 7 FCPATH\index.php(67): CodeIgniter\CodeIgniter->run()
 8 SYSTEMPATH\Commands\Server\rewrite.php(43): require_once('FCPATH\\index.php')
CRITICAL - 2022-11-11 09:10:37 --> preg_match(): Unknown modifier '/'
in SYSTEMPATH\Router\Router.php on line 418.
 1 [internal function]: CodeIgniter\Debug\Exceptions->errorHandler(2, 'preg_match(): Unknown modifier \'/\'', 'SYSTEMPATH\\Router\\Router.php', 418, [...])
 2 SYSTEMPATH\Router\Router.php(418): preg_match('#^#/register$#u', 'vendors/landingpage/assets/scss/_header.scss', [])
 3 SYSTEMPATH\Router\Router.php(181): CodeIgniter\Router\Router->checkRoutes('vendors/landingpage/assets/scss/_header.scss')
 4 SYSTEMPATH\CodeIgniter.php(779): CodeIgniter\Router\Router->handle('vendors/landingpage/assets/scss/_header.scss')
 5 SYSTEMPATH\CodeIgniter.php(406): CodeIgniter\CodeIgniter->tryToRouteIt(Object(CodeIgniter\Router\RouteCollection))
 6 SYSTEMPATH\CodeIgniter.php(340): CodeIgniter\CodeIgniter->handleRequest(null, Object(Config\Cache), false)
 7 FCPATH\index.php(67): CodeIgniter\CodeIgniter->run()
 8 SYSTEMPATH\Commands\Server\rewrite.php(43): require_once('FCPATH\\index.php')
CRITICAL - 2022-11-11 09:20:16 --> preg_match(): Unknown modifier '/'
in SYSTEMPATH\Router\Router.php on line 418.
 1 [internal function]: CodeIgniter\Debug\Exceptions->errorHandler(2, 'preg_match(): Unknown modifier \'/\'', 'SYSTEMPATH\\Router\\Router.php', 418, [...])
 2 SYSTEMPATH\Router\Router.php(418): preg_match('#^#/register$#u', 'vendors/landingpage/assets/css/bootstrap.min.css.map', [])
 3 SYSTEMPATH\Router\Router.php(181): CodeIgniter\Router\Router->checkRoutes('vendors/landingpage/assets/css/bootstrap.min.css.map')
 4 SYSTEMPATH\CodeIgniter.php(779): CodeIgniter\Router\Router->handle('vendors/landingpage/assets/css/bootstrap.min.css.map')
 5 SYSTEMPATH\CodeIgniter.php(406): CodeIgniter\CodeIgniter->tryToRouteIt(Object(CodeIgniter\Router\RouteCollection))
 6 SYSTEMPATH\CodeIgniter.php(340): CodeIgniter\CodeIgniter->handleRequest(null, Object(Config\Cache), false)
 7 FCPATH\index.php(67): CodeIgniter\CodeIgniter->run()
 8 SYSTEMPATH\Commands\Server\rewrite.php(43): require_once('FCPATH\\index.php')
CRITICAL - 2022-11-11 09:20:16 --> preg_match(): Unknown modifier '/'
in SYSTEMPATH\Router\Router.php on line 418.
 1 [internal function]: CodeIgniter\Debug\Exceptions->errorHandler(2, 'preg_match(): Unknown modifier \'/\'', 'SYSTEMPATH\\Router\\Router.php', 418, [...])
 2 SYSTEMPATH\Router\Router.php(418): preg_match('#^#/register$#u', 'vendors/landingpage/assets/js/bootstrap.min.js.map', [])
 3 SYSTEMPATH\Router\Router.php(181): CodeIgniter\Router\Router->checkRoutes('vendors/landingpage/assets/js/bootstrap.min.js.map')
 4 SYSTEMPATH\CodeIgniter.php(779): CodeIgniter\Router\Router->handle('vendors/landingpage/assets/js/bootstrap.min.js.map')
 5 SYSTEMPATH\CodeIgniter.php(406): CodeIgniter\CodeIgniter->tryToRouteIt(Object(CodeIgniter\Router\RouteCollection))
 6 SYSTEMPATH\CodeIgniter.php(340): CodeIgniter\CodeIgniter->handleRequest(null, Object(Config\Cache), false)
 7 FCPATH\index.php(67): CodeIgniter\CodeIgniter->run()
 8 SYSTEMPATH\Commands\Server\rewrite.php(43): require_once('FCPATH\\index.php')
CRITICAL - 2022-11-11 09:20:17 --> preg_match(): Unknown modifier '/'
in SYSTEMPATH\Router\Router.php on line 418.
 1 [internal function]: CodeIgniter\Debug\Exceptions->errorHandler(2, 'preg_match(): Unknown modifier \'/\'', 'SYSTEMPATH\\Router\\Router.php', 418, [...])
 2 SYSTEMPATH\Router\Router.php(418): preg_match('#^#/register$#u', 'vendors/landingpage/assets/js/popper.min.js.map', [])
 3 SYSTEMPATH\Router\Router.php(181): CodeIgniter\Router\Router->checkRoutes('vendors/landingpage/assets/js/popper.min.js.map')
 4 SYSTEMPATH\CodeIgniter.php(779): CodeIgniter\Router\Router->handle('vendors/landingpage/assets/js/popper.min.js.map')
 5 SYSTEMPATH\CodeIgniter.php(406): CodeIgniter\CodeIgniter->tryToRouteIt(Object(CodeIgniter\Router\RouteCollection))
 6 SYSTEMPATH\CodeIgniter.php(340): CodeIgniter\CodeIgniter->handleRequest(null, Object(Config\Cache), false)
 7 FCPATH\index.php(67): CodeIgniter\CodeIgniter->run()
 8 SYSTEMPATH\Commands\Server\rewrite.php(43): require_once('FCPATH\\index.php')
CRITICAL - 2022-11-11 09:21:43 --> preg_match(): Compilation failed: quantifier does not follow a repeatable item at offset 1
in SYSTEMPATH\Router\Router.php on line 418.
 1 [internal function]: CodeIgniter\Debug\Exceptions->errorHandler(2, 'preg_match(): Compilation failed: quantifier does not follow a repeatable item at offset 1', 'SYSTEMPATH\\Router\\Router.php', 418, [...])
 2 SYSTEMPATH\Router\Router.php(418): preg_match('#^?/register$#u', 'register', [])
 3 SYSTEMPATH\Router\Router.php(181): CodeIgniter\Router\Router->checkRoutes('register')
 4 SYSTEMPATH\CodeIgniter.php(779): CodeIgniter\Router\Router->handle('register')
 5 SYSTEMPATH\CodeIgniter.php(406): CodeIgniter\CodeIgniter->tryToRouteIt(Object(CodeIgniter\Router\RouteCollection))
 6 SYSTEMPATH\CodeIgniter.php(340): CodeIgniter\CodeIgniter->handleRequest(null, Object(Config\Cache), false)
 7 FCPATH\index.php(67): CodeIgniter\CodeIgniter->run()
 8 SYSTEMPATH\Commands\Server\rewrite.php(43): require_once('FCPATH\\index.php')
CRITICAL - 2022-11-11 09:22:03 --> preg_match(): Compilation failed: quantifier does not follow a repeatable item at offset 1
in SYSTEMPATH\Router\Router.php on line 418.
 1 [internal function]: CodeIgniter\Debug\Exceptions->errorHandler(2, 'preg_match(): Compilation failed: quantifier does not follow a repeatable item at offset 1', 'SYSTEMPATH\\Router\\Router.php', 418, [...])
 2 SYSTEMPATH\Router\Router.php(418): preg_match('#^?/register$#u', 'register', [])
 3 SYSTEMPATH\Router\Router.php(181): CodeIgniter\Router\Router->checkRoutes('register')
 4 SYSTEMPATH\CodeIgniter.php(779): CodeIgniter\Router\Router->handle('/register')
 5 SYSTEMPATH\CodeIgniter.php(406): CodeIgniter\CodeIgniter->tryToRouteIt(Object(CodeIgniter\Router\RouteCollection))
 6 SYSTEMPATH\CodeIgniter.php(340): CodeIgniter\CodeIgniter->handleRequest(null, Object(Config\Cache), false)
 7 FCPATH\index.php(67): CodeIgniter\CodeIgniter->run()
CRITICAL - 2022-11-11 09:23:24 --> preg_match(): Unknown modifier ']'
in SYSTEMPATH\Router\Router.php on line 418.
 1 [internal function]: CodeIgniter\Debug\Exceptions->errorHandler(2, 'preg_match(): Unknown modifier \']\'', 'SYSTEMPATH\\Router\\Router.php', 418, [...])
 2 SYSTEMPATH\Router\Router.php(418): preg_match('#^[#]/register$#u', '[', [])
 3 SYSTEMPATH\Router\Router.php(181): CodeIgniter\Router\Router->checkRoutes('[')
 4 SYSTEMPATH\CodeIgniter.php(779): CodeIgniter\Router\Router->handle('/[')
 5 SYSTEMPATH\CodeIgniter.php(406): CodeIgniter\CodeIgniter->tryToRouteIt(Object(CodeIgniter\Router\RouteCollection))
 6 SYSTEMPATH\CodeIgniter.php(340): CodeIgniter\CodeIgniter->handleRequest(null, Object(Config\Cache), false)
 7 FCPATH\index.php(67): CodeIgniter\CodeIgniter->run()
 8 SYSTEMPATH\Commands\Server\rewrite.php(43): require_once('FCPATH\\index.php')
CRITICAL - 2022-11-11 09:23:39 --> preg_match(): Unknown modifier ']'
in SYSTEMPATH\Router\Router.php on line 418.
 1 [internal function]: CodeIgniter\Debug\Exceptions->errorHandler(2, 'preg_match(): Unknown modifier \']\'', 'SYSTEMPATH\\Router\\Router.php', 418, [...])
 2 SYSTEMPATH\Router\Router.php(418): preg_match('#^#]/register$#u', 'vendors/landingpage/assets/css/bootstrap.min.css.map', [])
 3 SYSTEMPATH\Router\Router.php(181): CodeIgniter\Router\Router->checkRoutes('vendors/landingpage/assets/css/bootstrap.min.css.map')
 4 SYSTEMPATH\CodeIgniter.php(779): CodeIgniter\Router\Router->handle('vendors/landingpage/assets/css/bootstrap.min.css.map')
 5 SYSTEMPATH\CodeIgniter.php(406): CodeIgniter\CodeIgniter->tryToRouteIt(Object(CodeIgniter\Router\RouteCollection))
 6 SYSTEMPATH\CodeIgniter.php(340): CodeIgniter\CodeIgniter->handleRequest(null, Object(Config\Cache), false)
 7 FCPATH\index.php(67): CodeIgniter\CodeIgniter->run()
 8 SYSTEMPATH\Commands\Server\rewrite.php(43): require_once('FCPATH\\index.php')
CRITICAL - 2022-11-11 09:23:39 --> preg_match(): Unknown modifier ']'
in SYSTEMPATH\Router\Router.php on line 418.
 1 [internal function]: CodeIgniter\Debug\Exceptions->errorHandler(2, 'preg_match(): Unknown modifier \']\'', 'SYSTEMPATH\\Router\\Router.php', 418, [...])
 2 SYSTEMPATH\Router\Router.php(418): preg_match('#^#]/register$#u', 'vendors/landingpage/assets/js/bootstrap.min.js.map', [])
 3 SYSTEMPATH\Router\Router.php(181): CodeIgniter\Router\Router->checkRoutes('vendors/landingpage/assets/js/bootstrap.min.js.map')
 4 SYSTEMPATH\CodeIgniter.php(779): CodeIgniter\Router\Router->handle('vendors/landingpage/assets/js/bootstrap.min.js.map')
 5 SYSTEMPATH\CodeIgniter.php(406): CodeIgniter\CodeIgniter->tryToRouteIt(Object(CodeIgniter\Router\RouteCollection))
 6 SYSTEMPATH\CodeIgniter.php(340): CodeIgniter\CodeIgniter->handleRequest(null, Object(Config\Cache), false)
 7 FCPATH\index.php(67): CodeIgniter\CodeIgniter->run()
 8 SYSTEMPATH\Commands\Server\rewrite.php(43): require_once('FCPATH\\index.php')
CRITICAL - 2022-11-11 09:23:39 --> preg_match(): Unknown modifier ']'
in SYSTEMPATH\Router\Router.php on line 418.
 1 [internal function]: CodeIgniter\Debug\Exceptions->errorHandler(2, 'preg_match(): Unknown modifier \']\'', 'SYSTEMPATH\\Router\\Router.php', 418, [...])
 2 SYSTEMPATH\Router\Router.php(418): preg_match('#^#]/register$#u', 'vendors/landingpage/assets/js/popper.min.js.map', [])
 3 SYSTEMPATH\Router\Router.php(181): CodeIgniter\Router\Router->checkRoutes('vendors/landingpage/assets/js/popper.min.js.map')
 4 SYSTEMPATH\CodeIgniter.php(779): CodeIgniter\Router\Router->handle('vendors/landingpage/assets/js/popper.min.js.map')
 5 SYSTEMPATH\CodeIgniter.php(406): CodeIgniter\CodeIgniter->tryToRouteIt(Object(CodeIgniter\Router\RouteCollection))
 6 SYSTEMPATH\CodeIgniter.php(340): CodeIgniter\CodeIgniter->handleRequest(null, Object(Config\Cache), false)
 7 FCPATH\index.php(67): CodeIgniter\CodeIgniter->run()
 8 SYSTEMPATH\Commands\Server\rewrite.php(43): require_once('FCPATH\\index.php')
CRITICAL - 2022-11-11 09:24:07 --> preg_match(): Unknown modifier '/'
in SYSTEMPATH\Router\Router.php on line 418.
 1 [internal function]: CodeIgniter\Debug\Exceptions->errorHandler(2, 'preg_match(): Unknown modifier \'/\'', 'SYSTEMPATH\\Router\\Router.php', 418, [...])
 2 SYSTEMPATH\Router\Router.php(418): preg_match('#^[#/register$#u', '[', [])
 3 SYSTEMPATH\Router\Router.php(181): CodeIgniter\Router\Router->checkRoutes('[')
 4 SYSTEMPATH\CodeIgniter.php(779): CodeIgniter\Router\Router->handle('/[')
 5 SYSTEMPATH\CodeIgniter.php(406): CodeIgniter\CodeIgniter->tryToRouteIt(Object(CodeIgniter\Router\RouteCollection))
 6 SYSTEMPATH\CodeIgniter.php(340): CodeIgniter\CodeIgniter->handleRequest(null, Object(Config\Cache), false)
 7 FCPATH\index.php(67): CodeIgniter\CodeIgniter->run()
 8 SYSTEMPATH\Commands\Server\rewrite.php(43): require_once('FCPATH\\index.php')
CRITICAL - 2022-11-11 09:24:27 --> preg_match(): Compilation failed: missing terminating ] for character class at offset 13
in SYSTEMPATH\Router\Router.php on line 418.
 1 [internal function]: CodeIgniter\Debug\Exceptions->errorHandler(2, 'preg_match(): Compilation failed: missing terminating ] for character class at offset 13', 'SYSTEMPATH\\Router\\Router.php', 418, [...])
 2 SYSTEMPATH\Router\Router.php(418): preg_match('#^[^/register$#u', '[^/register', [])
 3 SYSTEMPATH\Router\Router.php(181): CodeIgniter\Router\Router->checkRoutes('[^/register')
 4 SYSTEMPATH\CodeIgniter.php(779): CodeIgniter\Router\Router->handle('/[^/register')
 5 SYSTEMPATH\CodeIgniter.php(406): CodeIgniter\CodeIgniter->tryToRouteIt(Object(CodeIgniter\Router\RouteCollection))
 6 SYSTEMPATH\CodeIgniter.php(340): CodeIgniter\CodeIgniter->handleRequest(null, Object(Config\Cache), false)
 7 FCPATH\index.php(67): CodeIgniter\CodeIgniter->run()
 8 SYSTEMPATH\Commands\Server\rewrite.php(43): require_once('FCPATH\\index.php')
CRITICAL - 2022-11-11 09:29:40 --> preg_match(): Compilation failed: quantifier does not follow a repeatable item at offset 1
in SYSTEMPATH\Router\Router.php on line 418.
 1 [internal function]: CodeIgniter\Debug\Exceptions->errorHandler(2, 'preg_match(): Compilation failed: quantifier does not follow a repeatable item at offset 1', 'SYSTEMPATH\\Router\\Router.php', 418, [...])
 2 SYSTEMPATH\Router\Router.php(418): preg_match('#^?]/register$#u', 'vendors/landingpage/assets/js/bootstrap.min.js.map', [])
 3 SYSTEMPATH\Router\Router.php(181): CodeIgniter\Router\Router->checkRoutes('vendors/landingpage/assets/js/bootstrap.min.js.map')
 4 SYSTEMPATH\CodeIgniter.php(779): CodeIgniter\Router\Router->handle('vendors/landingpage/assets/js/bootstrap.min.js.map')
 5 SYSTEMPATH\CodeIgniter.php(406): CodeIgniter\CodeIgniter->tryToRouteIt(Object(CodeIgniter\Router\RouteCollection))
 6 SYSTEMPATH\CodeIgniter.php(340): CodeIgniter\CodeIgniter->handleRequest(null, Object(Config\Cache), false)
 7 FCPATH\index.php(67): CodeIgniter\CodeIgniter->run()
 8 SYSTEMPATH\Commands\Server\rewrite.php(43): require_once('FCPATH\\index.php')
CRITICAL - 2022-11-11 09:29:40 --> preg_match(): Compilation failed: quantifier does not follow a repeatable item at offset 1
in SYSTEMPATH\Router\Router.php on line 418.
 1 [internal function]: CodeIgniter\Debug\Exceptions->errorHandler(2, 'preg_match(): Compilation failed: quantifier does not follow a repeatable item at offset 1', 'SYSTEMPATH\\Router\\Router.php', 418, [...])
 2 SYSTEMPATH\Router\Router.php(418): preg_match('#^?]/register$#u', 'vendors/landingpage/assets/js/popper.min.js.map', [])
 3 SYSTEMPATH\Router\Router.php(181): CodeIgniter\Router\Router->checkRoutes('vendors/landingpage/assets/js/popper.min.js.map')
 4 SYSTEMPATH\CodeIgniter.php(779): CodeIgniter\Router\Router->handle('vendors/landingpage/assets/js/popper.min.js.map')
 5 SYSTEMPATH\CodeIgniter.php(406): CodeIgniter\CodeIgniter->tryToRouteIt(Object(CodeIgniter\Router\RouteCollection))
 6 SYSTEMPATH\CodeIgniter.php(340): CodeIgniter\CodeIgniter->handleRequest(null, Object(Config\Cache), false)
 7 FCPATH\index.php(67): CodeIgniter\CodeIgniter->run()
 8 SYSTEMPATH\Commands\Server\rewrite.php(43): require_once('FCPATH\\index.php')
CRITICAL - 2022-11-11 09:29:40 --> preg_match(): Compilation failed: quantifier does not follow a repeatable item at offset 1
in SYSTEMPATH\Router\Router.php on line 418.
 1 [internal function]: CodeIgniter\Debug\Exceptions->errorHandler(2, 'preg_match(): Compilation failed: quantifier does not follow a repeatable item at offset 1', 'SYSTEMPATH\\Router\\Router.php', 418, [...])
 2 SYSTEMPATH\Router\Router.php(418): preg_match('#^?]/register$#u', 'vendors/landingpage/assets/css/bootstrap.min.css.map', [])
 3 SYSTEMPATH\Router\Router.php(181): CodeIgniter\Router\Router->checkRoutes('vendors/landingpage/assets/css/bootstrap.min.css.map')
 4 SYSTEMPATH\CodeIgniter.php(779): CodeIgniter\Router\Router->handle('vendors/landingpage/assets/css/bootstrap.min.css.map')
 5 SYSTEMPATH\CodeIgniter.php(406): CodeIgniter\CodeIgniter->tryToRouteIt(Object(CodeIgniter\Router\RouteCollection))
 6 SYSTEMPATH\CodeIgniter.php(340): CodeIgniter\CodeIgniter->handleRequest(null, Object(Config\Cache), false)
 7 FCPATH\index.php(67): CodeIgniter\CodeIgniter->run()
 8 SYSTEMPATH\Commands\Server\rewrite.php(43): require_once('FCPATH\\index.php')
CRITICAL - 2022-11-11 09:34:38 --> preg_match(): Unknown modifier '1'
in SYSTEMPATH\Router\Router.php on line 418.
 1 [internal function]: CodeIgniter\Debug\Exceptions->errorHandler(2, 'preg_match(): Unknown modifier \'1\'', 'SYSTEMPATH\\Router\\Router.php', 418, [...])
 2 SYSTEMPATH\Router\Router.php(418): preg_match('#^&amp;#174]]/register$#u', '&', [])
 3 SYSTEMPATH\Router\Router.php(181): CodeIgniter\Router\Router->checkRoutes('&')
 4 SYSTEMPATH\CodeIgniter.php(779): CodeIgniter\Router\Router->handle('/&')
 5 SYSTEMPATH\CodeIgniter.php(406): CodeIgniter\CodeIgniter->tryToRouteIt(Object(CodeIgniter\Router\RouteCollection))
 6 SYSTEMPATH\CodeIgniter.php(340): CodeIgniter\CodeIgniter->handleRequest(null, Object(Config\Cache), false)
 7 FCPATH\index.php(67): CodeIgniter\CodeIgniter->run()
 8 SYSTEMPATH\Commands\Server\rewrite.php(43): require_once('FCPATH\\index.php')
