CRITICAL - 2022-11-14 01:58:00 --> Trying to access array offset on value of type null
in APPPATH\Controllers\authentications\AuthenticationController.php on line 73.
 1 APPPATH\Controllers\authentications\AuthenticationController.php(73): CodeIgniter\Debug\Exceptions->errorHandler(8, 'Trying to access array offset on value of type null', 'APPPATH\\Controllers\\authentications\\AuthenticationController.php', 73, [...])
 2 SYSTEMPATH\CodeIgniter.php(904): App\Controllers\authentications\AuthenticationController->LoginUser()
 3 SYSTEMPATH\CodeIgniter.php(457): CodeIgniter\CodeIgniter->runController(Object(App\Controllers\authentications\AuthenticationController))
 4 SYSTEMPATH\CodeIgniter.php(340): CodeIgniter\CodeIgniter->handleRequest(null, Object(Config\Cache), false)
 5 FCPATH\index.php(67): CodeIgniter\CodeIgniter->run()
 6 SYSTEMPATH\Commands\Server\rewrite.php(43): require_once('FCPATH\\index.php')
CRITICAL - 2022-11-14 01:58:07 --> Trying to access array offset on value of type null
in APPPATH\Controllers\authentications\AuthenticationController.php on line 73.
 1 APPPATH\Controllers\authentications\AuthenticationController.php(73): CodeIgniter\Debug\Exceptions->errorHandler(8, 'Trying to access array offset on value of type null', 'APPPATH\\Controllers\\authentications\\AuthenticationController.php', 73, [...])
 2 SYSTEMPATH\CodeIgniter.php(904): App\Controllers\authentications\AuthenticationController->LoginUser()
 3 SYSTEMPATH\CodeIgniter.php(457): CodeIgniter\CodeIgniter->runController(Object(App\Controllers\authentications\AuthenticationController))
 4 SYSTEMPATH\CodeIgniter.php(340): CodeIgniter\CodeIgniter->handleRequest(null, Object(Config\Cache), false)
 5 FCPATH\index.php(67): CodeIgniter\CodeIgniter->run()
 6 SYSTEMPATH\Commands\Server\rewrite.php(43): require_once('FCPATH\\index.php')
CRITICAL - 2022-11-14 03:09:14 --> Undefined variable: firstname
in APPPATH\Views\includes\navbar.php on line 29.
 1 APPPATH\Views\includes\navbar.php(29): CodeIgniter\Debug\Exceptions->errorHandler(8, 'Undefined variable: firstname', 'APPPATH\\Views\\includes\\navbar.php', 29, [])
 2 APPPATH\Views\includes\header.php(50): include('APPPATH\\Views\\includes\\navbar.php')
 3 SYSTEMPATH\View\View.php(213): include('APPPATH\\Views\\includes\\header.php')
 4 SYSTEMPATH\View\View.php(216): CodeIgniter\View\View->CodeIgniter\View\{closure}()
 5 SYSTEMPATH\Common.php(1142): CodeIgniter\View\View->render('includes/header', [], true)
 6 APPPATH\Controllers\BaseController.php(62): view('includes/header')
 7 APPPATH\Controllers\DashboardController.php(18): App\Controllers\BaseController->render('DashboardView', [...])
 8 SYSTEMPATH\CodeIgniter.php(904): App\Controllers\DashboardController->index()
 9 SYSTEMPATH\CodeIgniter.php(457): CodeIgniter\CodeIgniter->runController(Object(App\Controllers\DashboardController))
10 SYSTEMPATH\CodeIgniter.php(340): CodeIgniter\CodeIgniter->handleRequest(null, Object(Config\Cache), false)
11 FCPATH\index.php(67): CodeIgniter\CodeIgniter->run()
12 SYSTEMPATH\Commands\Server\rewrite.php(43): require_once('FCPATH\\index.php')
CRITICAL - 2022-11-14 03:09:50 --> Undefined variable: firstname
in APPPATH\Views\includes\navbar.php on line 29.
 1 APPPATH\Views\includes\navbar.php(29): CodeIgniter\Debug\Exceptions->errorHandler(8, 'Undefined variable: firstname', 'APPPATH\\Views\\includes\\navbar.php', 29, [])
 2 APPPATH\Views\includes\header.php(50): include('APPPATH\\Views\\includes\\navbar.php')
 3 SYSTEMPATH\View\View.php(213): include('APPPATH\\Views\\includes\\header.php')
 4 SYSTEMPATH\View\View.php(216): CodeIgniter\View\View->CodeIgniter\View\{closure}()
 5 SYSTEMPATH\Common.php(1142): CodeIgniter\View\View->render('includes/header', [], true)
 6 APPPATH\Controllers\BaseController.php(62): view('includes/header')
 7 APPPATH\Controllers\DashboardController.php(18): App\Controllers\BaseController->render('DashboardView', [...])
 8 SYSTEMPATH\CodeIgniter.php(904): App\Controllers\DashboardController->index()
 9 SYSTEMPATH\CodeIgniter.php(457): CodeIgniter\CodeIgniter->runController(Object(App\Controllers\DashboardController))
10 SYSTEMPATH\CodeIgniter.php(340): CodeIgniter\CodeIgniter->handleRequest(null, Object(Config\Cache), false)
11 FCPATH\index.php(67): CodeIgniter\CodeIgniter->run()
12 SYSTEMPATH\Commands\Server\rewrite.php(43): require_once('FCPATH\\index.php')
CRITICAL - 2022-11-14 03:10:16 --> Undefined variable: firstname
in APPPATH\Views\includes\navbar.php on line 29.
 1 APPPATH\Views\includes\navbar.php(29): CodeIgniter\Debug\Exceptions->errorHandler(8, 'Undefined variable: firstname', 'APPPATH\\Views\\includes\\navbar.php', 29, [])
 2 APPPATH\Views\includes\header.php(50): include('APPPATH\\Views\\includes\\navbar.php')
 3 SYSTEMPATH\View\View.php(213): include('APPPATH\\Views\\includes\\header.php')
 4 SYSTEMPATH\View\View.php(216): CodeIgniter\View\View->CodeIgniter\View\{closure}()
 5 SYSTEMPATH\Common.php(1142): CodeIgniter\View\View->render('includes/header', [], true)
 6 APPPATH\Controllers\BaseController.php(62): view('includes/header')
 7 APPPATH\Controllers\DashboardController.php(18): App\Controllers\BaseController->render('DashboardView', [...])
 8 SYSTEMPATH\CodeIgniter.php(904): App\Controllers\DashboardController->index()
 9 SYSTEMPATH\CodeIgniter.php(457): CodeIgniter\CodeIgniter->runController(Object(App\Controllers\DashboardController))
10 SYSTEMPATH\CodeIgniter.php(340): CodeIgniter\CodeIgniter->handleRequest(null, Object(Config\Cache), false)
11 FCPATH\index.php(67): CodeIgniter\CodeIgniter->run()
12 SYSTEMPATH\Commands\Server\rewrite.php(43): require_once('FCPATH\\index.php')
CRITICAL - 2022-11-14 03:11:11 --> Undefined variable: firstname
in APPPATH\Views\includes\navbar.php on line 29.
 1 APPPATH\Views\includes\navbar.php(29): CodeIgniter\Debug\Exceptions->errorHandler(8, 'Undefined variable: firstname', 'APPPATH\\Views\\includes\\navbar.php', 29, [])
 2 APPPATH\Views\includes\header.php(50): include('APPPATH\\Views\\includes\\navbar.php')
 3 SYSTEMPATH\View\View.php(213): include('APPPATH\\Views\\includes\\header.php')
 4 SYSTEMPATH\View\View.php(216): CodeIgniter\View\View->CodeIgniter\View\{closure}()
 5 SYSTEMPATH\Common.php(1142): CodeIgniter\View\View->render('includes/header', [], true)
 6 APPPATH\Controllers\BaseController.php(62): view('includes/header')
 7 APPPATH\Controllers\DashboardController.php(18): App\Controllers\BaseController->render('DashboardView', [...])
 8 SYSTEMPATH\CodeIgniter.php(904): App\Controllers\DashboardController->index()
 9 SYSTEMPATH\CodeIgniter.php(457): CodeIgniter\CodeIgniter->runController(Object(App\Controllers\DashboardController))
10 SYSTEMPATH\CodeIgniter.php(340): CodeIgniter\CodeIgniter->handleRequest(null, Object(Config\Cache), false)
11 FCPATH\index.php(67): CodeIgniter\CodeIgniter->run()
12 SYSTEMPATH\Commands\Server\rewrite.php(43): require_once('FCPATH\\index.php')
CRITICAL - 2022-11-14 03:11:12 --> Undefined variable: firstname
in APPPATH\Views\includes\navbar.php on line 29.
 1 APPPATH\Views\includes\navbar.php(29): CodeIgniter\Debug\Exceptions->errorHandler(8, 'Undefined variable: firstname', 'APPPATH\\Views\\includes\\navbar.php', 29, [])
 2 APPPATH\Views\includes\header.php(50): include('APPPATH\\Views\\includes\\navbar.php')
 3 SYSTEMPATH\View\View.php(213): include('APPPATH\\Views\\includes\\header.php')
 4 SYSTEMPATH\View\View.php(216): CodeIgniter\View\View->CodeIgniter\View\{closure}()
 5 SYSTEMPATH\Common.php(1142): CodeIgniter\View\View->render('includes/header', [], true)
 6 APPPATH\Controllers\BaseController.php(62): view('includes/header')
 7 APPPATH\Controllers\DashboardController.php(18): App\Controllers\BaseController->render('DashboardView', [...])
 8 SYSTEMPATH\CodeIgniter.php(904): App\Controllers\DashboardController->index()
 9 SYSTEMPATH\CodeIgniter.php(457): CodeIgniter\CodeIgniter->runController(Object(App\Controllers\DashboardController))
10 SYSTEMPATH\CodeIgniter.php(340): CodeIgniter\CodeIgniter->handleRequest(null, Object(Config\Cache), false)
11 FCPATH\index.php(67): CodeIgniter\CodeIgniter->run()
12 SYSTEMPATH\Commands\Server\rewrite.php(43): require_once('FCPATH\\index.php')
CRITICAL - 2022-11-14 03:13:12 --> Undefined variable: data
in APPPATH\Views\includes\navbar.php on line 29.
 1 APPPATH\Views\includes\navbar.php(29): CodeIgniter\Debug\Exceptions->errorHandler(8, 'Undefined variable: data', 'APPPATH\\Views\\includes\\navbar.php', 29, [])
 2 APPPATH\Views\includes\header.php(50): include('APPPATH\\Views\\includes\\navbar.php')
 3 SYSTEMPATH\View\View.php(213): include('APPPATH\\Views\\includes\\header.php')
 4 SYSTEMPATH\View\View.php(216): CodeIgniter\View\View->CodeIgniter\View\{closure}()
 5 SYSTEMPATH\Common.php(1142): CodeIgniter\View\View->render('includes/header', [], true)
 6 APPPATH\Controllers\BaseController.php(62): view('includes/header')
 7 APPPATH\Controllers\DashboardController.php(18): App\Controllers\BaseController->render('DashboardView', [...])
 8 SYSTEMPATH\CodeIgniter.php(904): App\Controllers\DashboardController->index()
 9 SYSTEMPATH\CodeIgniter.php(457): CodeIgniter\CodeIgniter->runController(Object(App\Controllers\DashboardController))
10 SYSTEMPATH\CodeIgniter.php(340): CodeIgniter\CodeIgniter->handleRequest(null, Object(Config\Cache), false)
11 FCPATH\index.php(67): CodeIgniter\CodeIgniter->run()
12 SYSTEMPATH\Commands\Server\rewrite.php(43): require_once('FCPATH\\index.php')
CRITICAL - 2022-11-14 03:13:31 --> Undefined variable: firstname
in APPPATH\Views\includes\navbar.php on line 29.
 1 APPPATH\Views\includes\navbar.php(29): CodeIgniter\Debug\Exceptions->errorHandler(8, 'Undefined variable: firstname', 'APPPATH\\Views\\includes\\navbar.php', 29, [])
 2 APPPATH\Views\includes\header.php(50): include('APPPATH\\Views\\includes\\navbar.php')
 3 SYSTEMPATH\View\View.php(213): include('APPPATH\\Views\\includes\\header.php')
 4 SYSTEMPATH\View\View.php(216): CodeIgniter\View\View->CodeIgniter\View\{closure}()
 5 SYSTEMPATH\Common.php(1142): CodeIgniter\View\View->render('includes/header', [], true)
 6 APPPATH\Controllers\BaseController.php(62): view('includes/header')
 7 APPPATH\Controllers\DashboardController.php(18): App\Controllers\BaseController->render('DashboardView', [...])
 8 SYSTEMPATH\CodeIgniter.php(904): App\Controllers\DashboardController->index()
 9 SYSTEMPATH\CodeIgniter.php(457): CodeIgniter\CodeIgniter->runController(Object(App\Controllers\DashboardController))
10 SYSTEMPATH\CodeIgniter.php(340): CodeIgniter\CodeIgniter->handleRequest(null, Object(Config\Cache), false)
11 FCPATH\index.php(67): CodeIgniter\CodeIgniter->run()
12 SYSTEMPATH\Commands\Server\rewrite.php(43): require_once('FCPATH\\index.php')
CRITICAL - 2022-11-14 03:13:39 --> Undefined variable: firstname
in APPPATH\Views\includes\navbar.php on line 29.
 1 APPPATH\Views\includes\navbar.php(29): CodeIgniter\Debug\Exceptions->errorHandler(8, 'Undefined variable: firstname', 'APPPATH\\Views\\includes\\navbar.php', 29, [])
 2 APPPATH\Views\includes\header.php(50): include('APPPATH\\Views\\includes\\navbar.php')
 3 SYSTEMPATH\View\View.php(213): include('APPPATH\\Views\\includes\\header.php')
 4 SYSTEMPATH\View\View.php(216): CodeIgniter\View\View->CodeIgniter\View\{closure}()
 5 SYSTEMPATH\Common.php(1142): CodeIgniter\View\View->render('includes/header', [], true)
 6 APPPATH\Controllers\BaseController.php(62): view('includes/header')
 7 APPPATH\Controllers\DashboardController.php(18): App\Controllers\BaseController->render('DashboardView', [...])
 8 SYSTEMPATH\CodeIgniter.php(904): App\Controllers\DashboardController->index()
 9 SYSTEMPATH\CodeIgniter.php(457): CodeIgniter\CodeIgniter->runController(Object(App\Controllers\DashboardController))
10 SYSTEMPATH\CodeIgniter.php(340): CodeIgniter\CodeIgniter->handleRequest(null, Object(Config\Cache), false)
11 FCPATH\index.php(67): CodeIgniter\CodeIgniter->run()
12 SYSTEMPATH\Commands\Server\rewrite.php(43): require_once('FCPATH\\index.php')
CRITICAL - 2022-11-14 03:14:40 --> Undefined variable: user_info
in APPPATH\Views\DashboardView.php on line 12.
 1 APPPATH\Views\DashboardView.php(12): CodeIgniter\Debug\Exceptions->errorHandler(8, 'Undefined variable: user_info', 'APPPATH\\Views\\DashboardView.php', 12, [...])
 2 SYSTEMPATH\View\View.php(213): include('APPPATH\\Views\\DashboardView.php')
 3 SYSTEMPATH\View\View.php(216): CodeIgniter\View\View->CodeIgniter\View\{closure}()
 4 SYSTEMPATH\Common.php(1142): CodeIgniter\View\View->render('DashboardView', [], true)
 5 APPPATH\Controllers\BaseController.php(63): view('DashboardView', [...])
 6 APPPATH\Controllers\DashboardController.php(18): App\Controllers\BaseController->render('DashboardView', [...])
 7 SYSTEMPATH\CodeIgniter.php(904): App\Controllers\DashboardController->index()
 8 SYSTEMPATH\CodeIgniter.php(457): CodeIgniter\CodeIgniter->runController(Object(App\Controllers\DashboardController))
 9 SYSTEMPATH\CodeIgniter.php(340): CodeIgniter\CodeIgniter->handleRequest(null, Object(Config\Cache), false)
10 FCPATH\index.php(67): CodeIgniter\CodeIgniter->run()
11 SYSTEMPATH\Commands\Server\rewrite.php(43): require_once('FCPATH\\index.php')
CRITICAL - 2022-11-14 03:15:13 --> Undefined variable: id_num
in APPPATH\Views\DashboardView.php on line 27.
 1 APPPATH\Views\DashboardView.php(27): CodeIgniter\Debug\Exceptions->errorHandler(8, 'Undefined variable: id_num', 'APPPATH\\Views\\DashboardView.php', 27, [...])
 2 SYSTEMPATH\View\View.php(213): include('APPPATH\\Views\\DashboardView.php')
 3 SYSTEMPATH\View\View.php(216): CodeIgniter\View\View->CodeIgniter\View\{closure}()
 4 SYSTEMPATH\Common.php(1142): CodeIgniter\View\View->render('DashboardView', [], true)
 5 APPPATH\Controllers\BaseController.php(63): view('DashboardView', [...])
 6 APPPATH\Controllers\DashboardController.php(18): App\Controllers\BaseController->render('DashboardView', [...])
 7 SYSTEMPATH\CodeIgniter.php(904): App\Controllers\DashboardController->index()
 8 SYSTEMPATH\CodeIgniter.php(457): CodeIgniter\CodeIgniter->runController(Object(App\Controllers\DashboardController))
 9 SYSTEMPATH\CodeIgniter.php(340): CodeIgniter\CodeIgniter->handleRequest(null, Object(Config\Cache), false)
10 FCPATH\index.php(67): CodeIgniter\CodeIgniter->run()
11 SYSTEMPATH\Commands\Server\rewrite.php(43): require_once('FCPATH\\index.php')
CRITICAL - 2022-11-14 03:15:17 --> Undefined variable: id_num
in APPPATH\Views\DashboardView.php on line 27.
 1 APPPATH\Views\DashboardView.php(27): CodeIgniter\Debug\Exceptions->errorHandler(8, 'Undefined variable: id_num', 'APPPATH\\Views\\DashboardView.php', 27, [...])
 2 SYSTEMPATH\View\View.php(213): include('APPPATH\\Views\\DashboardView.php')
 3 SYSTEMPATH\View\View.php(216): CodeIgniter\View\View->CodeIgniter\View\{closure}()
 4 SYSTEMPATH\Common.php(1142): CodeIgniter\View\View->render('DashboardView', [], true)
 5 APPPATH\Controllers\BaseController.php(63): view('DashboardView', [...])
 6 APPPATH\Controllers\DashboardController.php(18): App\Controllers\BaseController->render('DashboardView', [...])
 7 SYSTEMPATH\CodeIgniter.php(904): App\Controllers\DashboardController->index()
 8 SYSTEMPATH\CodeIgniter.php(457): CodeIgniter\CodeIgniter->runController(Object(App\Controllers\DashboardController))
 9 SYSTEMPATH\CodeIgniter.php(340): CodeIgniter\CodeIgniter->handleRequest(null, Object(Config\Cache), false)
10 FCPATH\index.php(67): CodeIgniter\CodeIgniter->run()
11 SYSTEMPATH\Commands\Server\rewrite.php(43): require_once('FCPATH\\index.php')
CRITICAL - 2022-11-14 03:16:27 --> Undefined variable: userInfo
in APPPATH\Controllers\DashboardController.php on line 18.
 1 APPPATH\Controllers\DashboardController.php(18): CodeIgniter\Debug\Exceptions->errorHandler(8, 'Undefined variable: userInfo', 'APPPATH\\Controllers\\DashboardController.php', 18, [...])
 2 SYSTEMPATH\CodeIgniter.php(904): App\Controllers\DashboardController->index()
 3 SYSTEMPATH\CodeIgniter.php(457): CodeIgniter\CodeIgniter->runController(Object(App\Controllers\DashboardController))
 4 SYSTEMPATH\CodeIgniter.php(340): CodeIgniter\CodeIgniter->handleRequest(null, Object(Config\Cache), false)
 5 FCPATH\index.php(67): CodeIgniter\CodeIgniter->run()
 6 SYSTEMPATH\Commands\Server\rewrite.php(43): require_once('FCPATH\\index.php')
CRITICAL - 2022-11-14 03:16:53 --> Undefined variable: id_num
in APPPATH\Views\DashboardView.php on line 27.
 1 APPPATH\Views\DashboardView.php(27): CodeIgniter\Debug\Exceptions->errorHandler(8, 'Undefined variable: id_num', 'APPPATH\\Views\\DashboardView.php', 27, [...])
 2 SYSTEMPATH\View\View.php(213): include('APPPATH\\Views\\DashboardView.php')
 3 SYSTEMPATH\View\View.php(216): CodeIgniter\View\View->CodeIgniter\View\{closure}()
 4 SYSTEMPATH\Common.php(1142): CodeIgniter\View\View->render('DashboardView', [], true)
 5 APPPATH\Controllers\BaseController.php(63): view('DashboardView', [...])
 6 APPPATH\Controllers\DashboardController.php(20): App\Controllers\BaseController->render('DashboardView', [...])
 7 SYSTEMPATH\CodeIgniter.php(904): App\Controllers\DashboardController->index()
 8 SYSTEMPATH\CodeIgniter.php(457): CodeIgniter\CodeIgniter->runController(Object(App\Controllers\DashboardController))
 9 SYSTEMPATH\CodeIgniter.php(340): CodeIgniter\CodeIgniter->handleRequest(null, Object(Config\Cache), false)
10 FCPATH\index.php(67): CodeIgniter\CodeIgniter->run()
11 SYSTEMPATH\Commands\Server\rewrite.php(43): require_once('FCPATH\\index.php')
CRITICAL - 2022-11-14 03:17:17 --> Undefined variable: id_num
in APPPATH\Views\DashboardView.php on line 27.
 1 APPPATH\Views\DashboardView.php(27): CodeIgniter\Debug\Exceptions->errorHandler(8, 'Undefined variable: id_num', 'APPPATH\\Views\\DashboardView.php', 27, [...])
 2 SYSTEMPATH\View\View.php(213): include('APPPATH\\Views\\DashboardView.php')
 3 SYSTEMPATH\View\View.php(216): CodeIgniter\View\View->CodeIgniter\View\{closure}()
 4 SYSTEMPATH\Common.php(1142): CodeIgniter\View\View->render('DashboardView', [], true)
 5 APPPATH\Controllers\BaseController.php(63): view('DashboardView', [...])
 6 APPPATH\Controllers\DashboardController.php(20): App\Controllers\BaseController->render('DashboardView', [...])
 7 SYSTEMPATH\CodeIgniter.php(904): App\Controllers\DashboardController->index()
 8 SYSTEMPATH\CodeIgniter.php(457): CodeIgniter\CodeIgniter->runController(Object(App\Controllers\DashboardController))
 9 SYSTEMPATH\CodeIgniter.php(340): CodeIgniter\CodeIgniter->handleRequest(null, Object(Config\Cache), false)
10 FCPATH\index.php(67): CodeIgniter\CodeIgniter->run()
11 SYSTEMPATH\Commands\Server\rewrite.php(43): require_once('FCPATH\\index.php')
CRITICAL - 2022-11-14 07:23:33 --> Undefined index: firstname
in APPPATH\Controllers\BaseController.php on line 49.
 1 APPPATH\Controllers\BaseController.php(49): CodeIgniter\Debug\Exceptions->errorHandler(8, 'Undefined index: firstname', 'APPPATH\\Controllers\\BaseController.php', 49, [...])
 2 SYSTEMPATH\CodeIgniter.php(866): App\Controllers\BaseController->__construct()
 3 SYSTEMPATH\CodeIgniter.php(448): CodeIgniter\CodeIgniter->createController()
 4 SYSTEMPATH\CodeIgniter.php(340): CodeIgniter\CodeIgniter->handleRequest(null, Object(Config\Cache), false)
 5 FCPATH\index.php(67): CodeIgniter\CodeIgniter->run()
 6 SYSTEMPATH\Commands\Server\rewrite.php(43): require_once('FCPATH\\index.php')
CRITICAL - 2022-11-14 19:22:14 --> Trying to access array offset on value of type null
in APPPATH\Controllers\authentications\AuthenticationController.php on line 73.
 1 APPPATH\Controllers\authentications\AuthenticationController.php(73): CodeIgniter\Debug\Exceptions->errorHandler(8, 'Trying to access array offset on value of type null', 'APPPATH\\Controllers\\authentications\\AuthenticationController.php', 73, [...])
 2 SYSTEMPATH\CodeIgniter.php(904): App\Controllers\authentications\AuthenticationController->LoginUser()
 3 SYSTEMPATH\CodeIgniter.php(457): CodeIgniter\CodeIgniter->runController(Object(App\Controllers\authentications\AuthenticationController))
 4 SYSTEMPATH\CodeIgniter.php(340): CodeIgniter\CodeIgniter->handleRequest(null, Object(Config\Cache), false)
 5 FCPATH\index.php(67): CodeIgniter\CodeIgniter->run()
 6 SYSTEMPATH\Commands\Server\rewrite.php(43): require_once('FCPATH\\index.php')
CRITICAL - 2022-11-14 19:29:20 --> Undefined variable: email
in APPPATH\Views\Authentications\LoginView.php on line 56.
 1 APPPATH\Views\Authentications\LoginView.php(56): CodeIgniter\Debug\Exceptions->errorHandler(8, 'Undefined variable: email', 'APPPATH\\Views\\Authentications\\LoginView.php', 56, [])
 2 SYSTEMPATH\View\View.php(213): include('APPPATH\\Views\\Authentications\\LoginView.php')
 3 SYSTEMPATH\View\View.php(216): CodeIgniter\View\View->CodeIgniter\View\{closure}()
 4 SYSTEMPATH\Common.php(1142): CodeIgniter\View\View->render('Authentications/LoginView', [], true)
 5 APPPATH\Controllers\authentications\AuthenticationController.php(39): view('Authentications/LoginView')
 6 SYSTEMPATH\CodeIgniter.php(904): App\Controllers\authentications\AuthenticationController->index()
 7 SYSTEMPATH\CodeIgniter.php(457): CodeIgniter\CodeIgniter->runController(Object(App\Controllers\authentications\AuthenticationController))
 8 SYSTEMPATH\CodeIgniter.php(340): CodeIgniter\CodeIgniter->handleRequest(null, Object(Config\Cache), false)
 9 FCPATH\index.php(67): CodeIgniter\CodeIgniter->run()
10 SYSTEMPATH\Commands\Server\rewrite.php(43): require_once('FCPATH\\index.php')
CRITICAL - 2022-11-14 19:30:06 --> Undefined variable: email
in APPPATH\Views\Authentications\LoginView.php on line 56.
 1 APPPATH\Views\Authentications\LoginView.php(56): CodeIgniter\Debug\Exceptions->errorHandler(8, 'Undefined variable: email', 'APPPATH\\Views\\Authentications\\LoginView.php', 56, [])
 2 SYSTEMPATH\View\View.php(213): include('APPPATH\\Views\\Authentications\\LoginView.php')
 3 SYSTEMPATH\View\View.php(216): CodeIgniter\View\View->CodeIgniter\View\{closure}()
 4 SYSTEMPATH\Common.php(1142): CodeIgniter\View\View->render('Authentications/LoginView', [], true)
 5 APPPATH\Controllers\authentications\AuthenticationController.php(39): view('Authentications/LoginView')
 6 SYSTEMPATH\CodeIgniter.php(904): App\Controllers\authentications\AuthenticationController->index()
 7 SYSTEMPATH\CodeIgniter.php(457): CodeIgniter\CodeIgniter->runController(Object(App\Controllers\authentications\AuthenticationController))
 8 SYSTEMPATH\CodeIgniter.php(340): CodeIgniter\CodeIgniter->handleRequest(null, Object(Config\Cache), false)
 9 FCPATH\index.php(67): CodeIgniter\CodeIgniter->run()
10 SYSTEMPATH\Commands\Server\rewrite.php(43): require_once('FCPATH\\index.php')
CRITICAL - 2022-11-14 19:30:07 --> Undefined variable: email
in APPPATH\Views\Authentications\LoginView.php on line 56.
 1 APPPATH\Views\Authentications\LoginView.php(56): CodeIgniter\Debug\Exceptions->errorHandler(8, 'Undefined variable: email', 'APPPATH\\Views\\Authentications\\LoginView.php', 56, [])
 2 SYSTEMPATH\View\View.php(213): include('APPPATH\\Views\\Authentications\\LoginView.php')
 3 SYSTEMPATH\View\View.php(216): CodeIgniter\View\View->CodeIgniter\View\{closure}()
 4 SYSTEMPATH\Common.php(1142): CodeIgniter\View\View->render('Authentications/LoginView', [], true)
 5 APPPATH\Controllers\authentications\AuthenticationController.php(39): view('Authentications/LoginView')
 6 SYSTEMPATH\CodeIgniter.php(904): App\Controllers\authentications\AuthenticationController->index()
 7 SYSTEMPATH\CodeIgniter.php(457): CodeIgniter\CodeIgniter->runController(Object(App\Controllers\authentications\AuthenticationController))
 8 SYSTEMPATH\CodeIgniter.php(340): CodeIgniter\CodeIgniter->handleRequest(null, Object(Config\Cache), false)
 9 FCPATH\index.php(67): CodeIgniter\CodeIgniter->run()
10 SYSTEMPATH\Commands\Server\rewrite.php(43): require_once('FCPATH\\index.php')
CRITICAL - 2022-11-14 19:30:07 --> Undefined variable: email
in APPPATH\Views\Authentications\LoginView.php on line 56.
 1 APPPATH\Views\Authentications\LoginView.php(56): CodeIgniter\Debug\Exceptions->errorHandler(8, 'Undefined variable: email', 'APPPATH\\Views\\Authentications\\LoginView.php', 56, [])
 2 SYSTEMPATH\View\View.php(213): include('APPPATH\\Views\\Authentications\\LoginView.php')
 3 SYSTEMPATH\View\View.php(216): CodeIgniter\View\View->CodeIgniter\View\{closure}()
 4 SYSTEMPATH\Common.php(1142): CodeIgniter\View\View->render('Authentications/LoginView', [], true)
 5 APPPATH\Controllers\authentications\AuthenticationController.php(39): view('Authentications/LoginView')
 6 SYSTEMPATH\CodeIgniter.php(904): App\Controllers\authentications\AuthenticationController->index()
 7 SYSTEMPATH\CodeIgniter.php(457): CodeIgniter\CodeIgniter->runController(Object(App\Controllers\authentications\AuthenticationController))
 8 SYSTEMPATH\CodeIgniter.php(340): CodeIgniter\CodeIgniter->handleRequest(null, Object(Config\Cache), false)
 9 FCPATH\index.php(67): CodeIgniter\CodeIgniter->run()
10 SYSTEMPATH\Commands\Server\rewrite.php(43): require_once('FCPATH\\index.php')
CRITICAL - 2022-11-14 19:31:57 --> Undefined variable: email
in APPPATH\Views\Authentications\LoginView.php on line 56.
 1 APPPATH\Views\Authentications\LoginView.php(56): CodeIgniter\Debug\Exceptions->errorHandler(8, 'Undefined variable: email', 'APPPATH\\Views\\Authentications\\LoginView.php', 56, [])
 2 SYSTEMPATH\View\View.php(213): include('APPPATH\\Views\\Authentications\\LoginView.php')
 3 SYSTEMPATH\View\View.php(216): CodeIgniter\View\View->CodeIgniter\View\{closure}()
 4 SYSTEMPATH\Common.php(1142): CodeIgniter\View\View->render('Authentications/LoginView', [], true)
 5 APPPATH\Controllers\authentications\AuthenticationController.php(39): view('Authentications/LoginView')
 6 SYSTEMPATH\CodeIgniter.php(904): App\Controllers\authentications\AuthenticationController->index()
 7 SYSTEMPATH\CodeIgniter.php(457): CodeIgniter\CodeIgniter->runController(Object(App\Controllers\authentications\AuthenticationController))
 8 SYSTEMPATH\CodeIgniter.php(340): CodeIgniter\CodeIgniter->handleRequest(null, Object(Config\Cache), false)
 9 FCPATH\index.php(67): CodeIgniter\CodeIgniter->run()
10 SYSTEMPATH\Commands\Server\rewrite.php(43): require_once('FCPATH\\index.php')
CRITICAL - 2022-11-14 19:31:59 --> Undefined variable: email
in APPPATH\Views\Authentications\LoginView.php on line 56.
 1 APPPATH\Views\Authentications\LoginView.php(56): CodeIgniter\Debug\Exceptions->errorHandler(8, 'Undefined variable: email', 'APPPATH\\Views\\Authentications\\LoginView.php', 56, [])
 2 SYSTEMPATH\View\View.php(213): include('APPPATH\\Views\\Authentications\\LoginView.php')
 3 SYSTEMPATH\View\View.php(216): CodeIgniter\View\View->CodeIgniter\View\{closure}()
 4 SYSTEMPATH\Common.php(1142): CodeIgniter\View\View->render('Authentications/LoginView', [], true)
 5 APPPATH\Controllers\authentications\AuthenticationController.php(39): view('Authentications/LoginView')
 6 SYSTEMPATH\CodeIgniter.php(904): App\Controllers\authentications\AuthenticationController->index()
 7 SYSTEMPATH\CodeIgniter.php(457): CodeIgniter\CodeIgniter->runController(Object(App\Controllers\authentications\AuthenticationController))
 8 SYSTEMPATH\CodeIgniter.php(340): CodeIgniter\CodeIgniter->handleRequest(null, Object(Config\Cache), false)
 9 FCPATH\index.php(67): CodeIgniter\CodeIgniter->run()
10 SYSTEMPATH\Commands\Server\rewrite.php(43): require_once('FCPATH\\index.php')
CRITICAL - 2022-11-14 19:32:04 --> Undefined variable: email
in APPPATH\Views\Authentications\LoginView.php on line 56.
 1 APPPATH\Views\Authentications\LoginView.php(56): CodeIgniter\Debug\Exceptions->errorHandler(8, 'Undefined variable: email', 'APPPATH\\Views\\Authentications\\LoginView.php', 56, [])
 2 SYSTEMPATH\View\View.php(213): include('APPPATH\\Views\\Authentications\\LoginView.php')
 3 SYSTEMPATH\View\View.php(216): CodeIgniter\View\View->CodeIgniter\View\{closure}()
 4 SYSTEMPATH\Common.php(1142): CodeIgniter\View\View->render('Authentications/LoginView', [], true)
 5 APPPATH\Controllers\authentications\AuthenticationController.php(39): view('Authentications/LoginView')
 6 SYSTEMPATH\CodeIgniter.php(904): App\Controllers\authentications\AuthenticationController->index()
 7 SYSTEMPATH\CodeIgniter.php(457): CodeIgniter\CodeIgniter->runController(Object(App\Controllers\authentications\AuthenticationController))
 8 SYSTEMPATH\CodeIgniter.php(340): CodeIgniter\CodeIgniter->handleRequest(null, Object(Config\Cache), false)
 9 FCPATH\index.php(67): CodeIgniter\CodeIgniter->run()
10 SYSTEMPATH\Commands\Server\rewrite.php(43): require_once('FCPATH\\index.php')
CRITICAL - 2022-11-14 19:35:49 --> Undefined variable: email
in APPPATH\Views\Authentications\LoginView.php on line 56.
 1 APPPATH\Views\Authentications\LoginView.php(56): CodeIgniter\Debug\Exceptions->errorHandler(8, 'Undefined variable: email', 'APPPATH\\Views\\Authentications\\LoginView.php', 56, [])
 2 SYSTEMPATH\View\View.php(213): include('APPPATH\\Views\\Authentications\\LoginView.php')
 3 SYSTEMPATH\View\View.php(216): CodeIgniter\View\View->CodeIgniter\View\{closure}()
 4 SYSTEMPATH\Common.php(1142): CodeIgniter\View\View->render('Authentications/LoginView', [], true)
 5 APPPATH\Controllers\authentications\AuthenticationController.php(39): view('Authentications/LoginView')
 6 SYSTEMPATH\CodeIgniter.php(904): App\Controllers\authentications\AuthenticationController->index()
 7 SYSTEMPATH\CodeIgniter.php(457): CodeIgniter\CodeIgniter->runController(Object(App\Controllers\authentications\AuthenticationController))
 8 SYSTEMPATH\CodeIgniter.php(340): CodeIgniter\CodeIgniter->handleRequest(null, Object(Config\Cache), false)
 9 FCPATH\index.php(67): CodeIgniter\CodeIgniter->run()
10 SYSTEMPATH\Commands\Server\rewrite.php(43): require_once('FCPATH\\index.php')
CRITICAL - 2022-11-14 19:39:34 --> Undefined variable: email
in APPPATH\Views\Authentications\LoginView.php on line 56.
 1 APPPATH\Views\Authentications\LoginView.php(56): CodeIgniter\Debug\Exceptions->errorHandler(8, 'Undefined variable: email', 'APPPATH\\Views\\Authentications\\LoginView.php', 56, [])
 2 SYSTEMPATH\View\View.php(213): include('APPPATH\\Views\\Authentications\\LoginView.php')
 3 SYSTEMPATH\View\View.php(216): CodeIgniter\View\View->CodeIgniter\View\{closure}()
 4 SYSTEMPATH\Common.php(1142): CodeIgniter\View\View->render('Authentications/LoginView', [], true)
 5 APPPATH\Controllers\authentications\AuthenticationController.php(39): view('Authentications/LoginView')
 6 SYSTEMPATH\CodeIgniter.php(904): App\Controllers\authentications\AuthenticationController->index()
 7 SYSTEMPATH\CodeIgniter.php(457): CodeIgniter\CodeIgniter->runController(Object(App\Controllers\authentications\AuthenticationController))
 8 SYSTEMPATH\CodeIgniter.php(340): CodeIgniter\CodeIgniter->handleRequest(null, Object(Config\Cache), false)
 9 FCPATH\index.php(67): CodeIgniter\CodeIgniter->run()
10 SYSTEMPATH\Commands\Server\rewrite.php(43): require_once('FCPATH\\index.php')
CRITICAL - 2022-11-14 19:39:36 --> Undefined variable: email
in APPPATH\Views\Authentications\LoginView.php on line 56.
 1 APPPATH\Views\Authentications\LoginView.php(56): CodeIgniter\Debug\Exceptions->errorHandler(8, 'Undefined variable: email', 'APPPATH\\Views\\Authentications\\LoginView.php', 56, [])
 2 SYSTEMPATH\View\View.php(213): include('APPPATH\\Views\\Authentications\\LoginView.php')
 3 SYSTEMPATH\View\View.php(216): CodeIgniter\View\View->CodeIgniter\View\{closure}()
 4 SYSTEMPATH\Common.php(1142): CodeIgniter\View\View->render('Authentications/LoginView', [], true)
 5 APPPATH\Controllers\authentications\AuthenticationController.php(39): view('Authentications/LoginView')
 6 SYSTEMPATH\CodeIgniter.php(904): App\Controllers\authentications\AuthenticationController->index()
 7 SYSTEMPATH\CodeIgniter.php(457): CodeIgniter\CodeIgniter->runController(Object(App\Controllers\authentications\AuthenticationController))
 8 SYSTEMPATH\CodeIgniter.php(340): CodeIgniter\CodeIgniter->handleRequest(null, Object(Config\Cache), false)
 9 FCPATH\index.php(67): CodeIgniter\CodeIgniter->run()
10 SYSTEMPATH\Commands\Server\rewrite.php(43): require_once('FCPATH\\index.php')
CRITICAL - 2022-11-14 19:42:51 --> Undefined variable: email
in APPPATH\Views\Authentications\LoginView.php on line 56.
 1 APPPATH\Views\Authentications\LoginView.php(56): CodeIgniter\Debug\Exceptions->errorHandler(8, 'Undefined variable: email', 'APPPATH\\Views\\Authentications\\LoginView.php', 56, [])
 2 SYSTEMPATH\View\View.php(213): include('APPPATH\\Views\\Authentications\\LoginView.php')
 3 SYSTEMPATH\View\View.php(216): CodeIgniter\View\View->CodeIgniter\View\{closure}()
 4 SYSTEMPATH\Common.php(1142): CodeIgniter\View\View->render('Authentications/LoginView', [], true)
 5 APPPATH\Controllers\authentications\AuthenticationController.php(39): view('Authentications/LoginView')
 6 SYSTEMPATH\CodeIgniter.php(904): App\Controllers\authentications\AuthenticationController->index()
 7 SYSTEMPATH\CodeIgniter.php(457): CodeIgniter\CodeIgniter->runController(Object(App\Controllers\authentications\AuthenticationController))
 8 SYSTEMPATH\CodeIgniter.php(340): CodeIgniter\CodeIgniter->handleRequest(null, Object(Config\Cache), false)
 9 FCPATH\index.php(67): CodeIgniter\CodeIgniter->run()
10 SYSTEMPATH\Commands\Server\rewrite.php(43): require_once('FCPATH\\index.php')
CRITICAL - 2022-11-14 19:42:51 --> Undefined variable: email
in APPPATH\Views\Authentications\LoginView.php on line 56.
 1 APPPATH\Views\Authentications\LoginView.php(56): CodeIgniter\Debug\Exceptions->errorHandler(8, 'Undefined variable: email', 'APPPATH\\Views\\Authentications\\LoginView.php', 56, [])
 2 SYSTEMPATH\View\View.php(213): include('APPPATH\\Views\\Authentications\\LoginView.php')
 3 SYSTEMPATH\View\View.php(216): CodeIgniter\View\View->CodeIgniter\View\{closure}()
 4 SYSTEMPATH\Common.php(1142): CodeIgniter\View\View->render('Authentications/LoginView', [], true)
 5 APPPATH\Controllers\authentications\AuthenticationController.php(39): view('Authentications/LoginView')
 6 SYSTEMPATH\CodeIgniter.php(904): App\Controllers\authentications\AuthenticationController->index()
 7 SYSTEMPATH\CodeIgniter.php(457): CodeIgniter\CodeIgniter->runController(Object(App\Controllers\authentications\AuthenticationController))
 8 SYSTEMPATH\CodeIgniter.php(340): CodeIgniter\CodeIgniter->handleRequest(null, Object(Config\Cache), false)
 9 FCPATH\index.php(67): CodeIgniter\CodeIgniter->run()
10 SYSTEMPATH\Commands\Server\rewrite.php(43): require_once('FCPATH\\index.php')
CRITICAL - 2022-11-14 19:43:56 --> Undefined variable: failed
in APPPATH\Views\Authentications\LoginView.php on line 56.
 1 APPPATH\Views\Authentications\LoginView.php(56): CodeIgniter\Debug\Exceptions->errorHandler(8, 'Undefined variable: failed', 'APPPATH\\Views\\Authentications\\LoginView.php', 56, [])
 2 SYSTEMPATH\View\View.php(213): include('APPPATH\\Views\\Authentications\\LoginView.php')
 3 SYSTEMPATH\View\View.php(216): CodeIgniter\View\View->CodeIgniter\View\{closure}()
 4 SYSTEMPATH\Common.php(1142): CodeIgniter\View\View->render('Authentications/LoginView', [], true)
 5 APPPATH\Controllers\authentications\AuthenticationController.php(39): view('Authentications/LoginView')
 6 SYSTEMPATH\CodeIgniter.php(904): App\Controllers\authentications\AuthenticationController->index()
 7 SYSTEMPATH\CodeIgniter.php(457): CodeIgniter\CodeIgniter->runController(Object(App\Controllers\authentications\AuthenticationController))
 8 SYSTEMPATH\CodeIgniter.php(340): CodeIgniter\CodeIgniter->handleRequest(null, Object(Config\Cache), false)
 9 FCPATH\index.php(67): CodeIgniter\CodeIgniter->run()
10 SYSTEMPATH\Commands\Server\rewrite.php(43): require_once('FCPATH\\index.php')
CRITICAL - 2022-11-14 19:44:01 --> Undefined variable: emails
in APPPATH\Views\Authentications\LoginView.php on line 56.
 1 APPPATH\Views\Authentications\LoginView.php(56): CodeIgniter\Debug\Exceptions->errorHandler(8, 'Undefined variable: emails', 'APPPATH\\Views\\Authentications\\LoginView.php', 56, [])
 2 SYSTEMPATH\View\View.php(213): include('APPPATH\\Views\\Authentications\\LoginView.php')
 3 SYSTEMPATH\View\View.php(216): CodeIgniter\View\View->CodeIgniter\View\{closure}()
 4 SYSTEMPATH\Common.php(1142): CodeIgniter\View\View->render('Authentications/LoginView', [], true)
 5 APPPATH\Controllers\authentications\AuthenticationController.php(39): view('Authentications/LoginView')
 6 SYSTEMPATH\CodeIgniter.php(904): App\Controllers\authentications\AuthenticationController->index()
 7 SYSTEMPATH\CodeIgniter.php(457): CodeIgniter\CodeIgniter->runController(Object(App\Controllers\authentications\AuthenticationController))
 8 SYSTEMPATH\CodeIgniter.php(340): CodeIgniter\CodeIgniter->handleRequest(null, Object(Config\Cache), false)
 9 FCPATH\index.php(67): CodeIgniter\CodeIgniter->run()
10 SYSTEMPATH\Commands\Server\rewrite.php(43): require_once('FCPATH\\index.php')
CRITICAL - 2022-11-14 19:44:12 --> Undefined variable: email
in APPPATH\Views\Authentications\LoginView.php on line 56.
 1 APPPATH\Views\Authentications\LoginView.php(56): CodeIgniter\Debug\Exceptions->errorHandler(8, 'Undefined variable: email', 'APPPATH\\Views\\Authentications\\LoginView.php', 56, [])
 2 SYSTEMPATH\View\View.php(213): include('APPPATH\\Views\\Authentications\\LoginView.php')
 3 SYSTEMPATH\View\View.php(216): CodeIgniter\View\View->CodeIgniter\View\{closure}()
 4 SYSTEMPATH\Common.php(1142): CodeIgniter\View\View->render('Authentications/LoginView', [], true)
 5 APPPATH\Controllers\authentications\AuthenticationController.php(39): view('Authentications/LoginView')
 6 SYSTEMPATH\CodeIgniter.php(904): App\Controllers\authentications\AuthenticationController->index()
 7 SYSTEMPATH\CodeIgniter.php(457): CodeIgniter\CodeIgniter->runController(Object(App\Controllers\authentications\AuthenticationController))
 8 SYSTEMPATH\CodeIgniter.php(340): CodeIgniter\CodeIgniter->handleRequest(null, Object(Config\Cache), false)
 9 FCPATH\index.php(67): CodeIgniter\CodeIgniter->run()
10 SYSTEMPATH\Commands\Server\rewrite.php(43): require_once('FCPATH\\index.php')
CRITICAL - 2022-11-14 19:44:43 --> Undefined variable: email
in APPPATH\Views\Authentications\LoginView.php on line 56.
 1 APPPATH\Views\Authentications\LoginView.php(56): CodeIgniter\Debug\Exceptions->errorHandler(8, 'Undefined variable: email', 'APPPATH\\Views\\Authentications\\LoginView.php', 56, [])
 2 SYSTEMPATH\View\View.php(213): include('APPPATH\\Views\\Authentications\\LoginView.php')
 3 SYSTEMPATH\View\View.php(216): CodeIgniter\View\View->CodeIgniter\View\{closure}()
 4 SYSTEMPATH\Common.php(1142): CodeIgniter\View\View->render('Authentications/LoginView', [], true)
 5 APPPATH\Controllers\authentications\AuthenticationController.php(39): view('Authentications/LoginView')
 6 SYSTEMPATH\CodeIgniter.php(904): App\Controllers\authentications\AuthenticationController->index()
 7 SYSTEMPATH\CodeIgniter.php(457): CodeIgniter\CodeIgniter->runController(Object(App\Controllers\authentications\AuthenticationController))
 8 SYSTEMPATH\CodeIgniter.php(340): CodeIgniter\CodeIgniter->handleRequest(null, Object(Config\Cache), false)
 9 FCPATH\index.php(67): CodeIgniter\CodeIgniter->run()
10 SYSTEMPATH\Commands\Server\rewrite.php(43): require_once('FCPATH\\index.php')
CRITICAL - 2022-11-14 19:44:45 --> Undefined variable: email
in APPPATH\Views\Authentications\LoginView.php on line 56.
 1 APPPATH\Views\Authentications\LoginView.php(56): CodeIgniter\Debug\Exceptions->errorHandler(8, 'Undefined variable: email', 'APPPATH\\Views\\Authentications\\LoginView.php', 56, [])
 2 SYSTEMPATH\View\View.php(213): include('APPPATH\\Views\\Authentications\\LoginView.php')
 3 SYSTEMPATH\View\View.php(216): CodeIgniter\View\View->CodeIgniter\View\{closure}()
 4 SYSTEMPATH\Common.php(1142): CodeIgniter\View\View->render('Authentications/LoginView', [], true)
 5 APPPATH\Controllers\authentications\AuthenticationController.php(39): view('Authentications/LoginView')
 6 SYSTEMPATH\CodeIgniter.php(904): App\Controllers\authentications\AuthenticationController->index()
 7 SYSTEMPATH\CodeIgniter.php(457): CodeIgniter\CodeIgniter->runController(Object(App\Controllers\authentications\AuthenticationController))
 8 SYSTEMPATH\CodeIgniter.php(340): CodeIgniter\CodeIgniter->handleRequest(null, Object(Config\Cache), false)
 9 FCPATH\index.php(67): CodeIgniter\CodeIgniter->run()
10 SYSTEMPATH\Commands\Server\rewrite.php(43): require_once('FCPATH\\index.php')
CRITICAL - 2022-11-14 19:44:45 --> Undefined variable: email
in APPPATH\Views\Authentications\LoginView.php on line 56.
 1 APPPATH\Views\Authentications\LoginView.php(56): CodeIgniter\Debug\Exceptions->errorHandler(8, 'Undefined variable: email', 'APPPATH\\Views\\Authentications\\LoginView.php', 56, [])
 2 SYSTEMPATH\View\View.php(213): include('APPPATH\\Views\\Authentications\\LoginView.php')
 3 SYSTEMPATH\View\View.php(216): CodeIgniter\View\View->CodeIgniter\View\{closure}()
 4 SYSTEMPATH\Common.php(1142): CodeIgniter\View\View->render('Authentications/LoginView', [], true)
 5 APPPATH\Controllers\authentications\AuthenticationController.php(39): view('Authentications/LoginView')
 6 SYSTEMPATH\CodeIgniter.php(904): App\Controllers\authentications\AuthenticationController->index()
 7 SYSTEMPATH\CodeIgniter.php(457): CodeIgniter\CodeIgniter->runController(Object(App\Controllers\authentications\AuthenticationController))
 8 SYSTEMPATH\CodeIgniter.php(340): CodeIgniter\CodeIgniter->handleRequest(null, Object(Config\Cache), false)
 9 FCPATH\index.php(67): CodeIgniter\CodeIgniter->run()
10 SYSTEMPATH\Commands\Server\rewrite.php(43): require_once('FCPATH\\index.php')
CRITICAL - 2022-11-14 19:44:45 --> Undefined variable: email
in APPPATH\Views\Authentications\LoginView.php on line 56.
 1 APPPATH\Views\Authentications\LoginView.php(56): CodeIgniter\Debug\Exceptions->errorHandler(8, 'Undefined variable: email', 'APPPATH\\Views\\Authentications\\LoginView.php', 56, [])
 2 SYSTEMPATH\View\View.php(213): include('APPPATH\\Views\\Authentications\\LoginView.php')
 3 SYSTEMPATH\View\View.php(216): CodeIgniter\View\View->CodeIgniter\View\{closure}()
 4 SYSTEMPATH\Common.php(1142): CodeIgniter\View\View->render('Authentications/LoginView', [], true)
 5 APPPATH\Controllers\authentications\AuthenticationController.php(39): view('Authentications/LoginView')
 6 SYSTEMPATH\CodeIgniter.php(904): App\Controllers\authentications\AuthenticationController->index()
 7 SYSTEMPATH\CodeIgniter.php(457): CodeIgniter\CodeIgniter->runController(Object(App\Controllers\authentications\AuthenticationController))
 8 SYSTEMPATH\CodeIgniter.php(340): CodeIgniter\CodeIgniter->handleRequest(null, Object(Config\Cache), false)
 9 FCPATH\index.php(67): CodeIgniter\CodeIgniter->run()
10 SYSTEMPATH\Commands\Server\rewrite.php(43): require_once('FCPATH\\index.php')
CRITICAL - 2022-11-14 19:44:46 --> Undefined variable: email
in APPPATH\Views\Authentications\LoginView.php on line 56.
 1 APPPATH\Views\Authentications\LoginView.php(56): CodeIgniter\Debug\Exceptions->errorHandler(8, 'Undefined variable: email', 'APPPATH\\Views\\Authentications\\LoginView.php', 56, [])
 2 SYSTEMPATH\View\View.php(213): include('APPPATH\\Views\\Authentications\\LoginView.php')
 3 SYSTEMPATH\View\View.php(216): CodeIgniter\View\View->CodeIgniter\View\{closure}()
 4 SYSTEMPATH\Common.php(1142): CodeIgniter\View\View->render('Authentications/LoginView', [], true)
 5 APPPATH\Controllers\authentications\AuthenticationController.php(39): view('Authentications/LoginView')
 6 SYSTEMPATH\CodeIgniter.php(904): App\Controllers\authentications\AuthenticationController->index()
 7 SYSTEMPATH\CodeIgniter.php(457): CodeIgniter\CodeIgniter->runController(Object(App\Controllers\authentications\AuthenticationController))
 8 SYSTEMPATH\CodeIgniter.php(340): CodeIgniter\CodeIgniter->handleRequest(null, Object(Config\Cache), false)
 9 FCPATH\index.php(67): CodeIgniter\CodeIgniter->run()
10 SYSTEMPATH\Commands\Server\rewrite.php(43): require_once('FCPATH\\index.php')
CRITICAL - 2022-11-14 19:45:04 --> Undefined variable: email
in APPPATH\Views\Authentications\LoginView.php on line 56.
 1 APPPATH\Views\Authentications\LoginView.php(56): CodeIgniter\Debug\Exceptions->errorHandler(8, 'Undefined variable: email', 'APPPATH\\Views\\Authentications\\LoginView.php', 56, [])
 2 SYSTEMPATH\View\View.php(213): include('APPPATH\\Views\\Authentications\\LoginView.php')
 3 SYSTEMPATH\View\View.php(216): CodeIgniter\View\View->CodeIgniter\View\{closure}()
 4 SYSTEMPATH\Common.php(1142): CodeIgniter\View\View->render('Authentications/LoginView', [], true)
 5 APPPATH\Controllers\authentications\AuthenticationController.php(39): view('Authentications/LoginView')
 6 SYSTEMPATH\CodeIgniter.php(904): App\Controllers\authentications\AuthenticationController->index()
 7 SYSTEMPATH\CodeIgniter.php(457): CodeIgniter\CodeIgniter->runController(Object(App\Controllers\authentications\AuthenticationController))
 8 SYSTEMPATH\CodeIgniter.php(340): CodeIgniter\CodeIgniter->handleRequest(null, Object(Config\Cache), false)
 9 FCPATH\index.php(67): CodeIgniter\CodeIgniter->run()
10 SYSTEMPATH\Commands\Server\rewrite.php(43): require_once('FCPATH\\index.php')
CRITICAL - 2022-11-14 19:46:28 --> Undefined variable: email
in APPPATH\Views\Authentications\LoginView.php on line 56.
 1 APPPATH\Views\Authentications\LoginView.php(56): CodeIgniter\Debug\Exceptions->errorHandler(8, 'Undefined variable: email', 'APPPATH\\Views\\Authentications\\LoginView.php', 56, [])
 2 SYSTEMPATH\View\View.php(213): include('APPPATH\\Views\\Authentications\\LoginView.php')
 3 SYSTEMPATH\View\View.php(216): CodeIgniter\View\View->CodeIgniter\View\{closure}()
 4 SYSTEMPATH\Common.php(1142): CodeIgniter\View\View->render('Authentications/LoginView', [], true)
 5 APPPATH\Controllers\authentications\AuthenticationController.php(39): view('Authentications/LoginView')
 6 SYSTEMPATH\CodeIgniter.php(904): App\Controllers\authentications\AuthenticationController->index()
 7 SYSTEMPATH\CodeIgniter.php(457): CodeIgniter\CodeIgniter->runController(Object(App\Controllers\authentications\AuthenticationController))
 8 SYSTEMPATH\CodeIgniter.php(340): CodeIgniter\CodeIgniter->handleRequest(null, Object(Config\Cache), false)
 9 FCPATH\index.php(67): CodeIgniter\CodeIgniter->run()
10 SYSTEMPATH\Commands\Server\rewrite.php(43): require_once('FCPATH\\index.php')
CRITICAL - 2022-11-14 19:46:40 --> Undefined variable: email
in APPPATH\Views\Authentications\LoginView.php on line 56.
 1 APPPATH\Views\Authentications\LoginView.php(56): CodeIgniter\Debug\Exceptions->errorHandler(8, 'Undefined variable: email', 'APPPATH\\Views\\Authentications\\LoginView.php', 56, [])
 2 SYSTEMPATH\View\View.php(213): include('APPPATH\\Views\\Authentications\\LoginView.php')
 3 SYSTEMPATH\View\View.php(216): CodeIgniter\View\View->CodeIgniter\View\{closure}()
 4 SYSTEMPATH\Common.php(1142): CodeIgniter\View\View->render('Authentications/LoginView', [], true)
 5 APPPATH\Controllers\authentications\AuthenticationController.php(39): view('Authentications/LoginView')
 6 SYSTEMPATH\CodeIgniter.php(904): App\Controllers\authentications\AuthenticationController->index()
 7 SYSTEMPATH\CodeIgniter.php(457): CodeIgniter\CodeIgniter->runController(Object(App\Controllers\authentications\AuthenticationController))
 8 SYSTEMPATH\CodeIgniter.php(340): CodeIgniter\CodeIgniter->handleRequest(null, Object(Config\Cache), false)
 9 FCPATH\index.php(67): CodeIgniter\CodeIgniter->run()
10 SYSTEMPATH\Commands\Server\rewrite.php(43): require_once('FCPATH\\index.php')
CRITICAL - 2022-11-14 19:46:41 --> Undefined variable: email
in APPPATH\Views\Authentications\LoginView.php on line 56.
 1 APPPATH\Views\Authentications\LoginView.php(56): CodeIgniter\Debug\Exceptions->errorHandler(8, 'Undefined variable: email', 'APPPATH\\Views\\Authentications\\LoginView.php', 56, [])
 2 SYSTEMPATH\View\View.php(213): include('APPPATH\\Views\\Authentications\\LoginView.php')
 3 SYSTEMPATH\View\View.php(216): CodeIgniter\View\View->CodeIgniter\View\{closure}()
 4 SYSTEMPATH\Common.php(1142): CodeIgniter\View\View->render('Authentications/LoginView', [], true)
 5 APPPATH\Controllers\authentications\AuthenticationController.php(39): view('Authentications/LoginView')
 6 SYSTEMPATH\CodeIgniter.php(904): App\Controllers\authentications\AuthenticationController->index()
 7 SYSTEMPATH\CodeIgniter.php(457): CodeIgniter\CodeIgniter->runController(Object(App\Controllers\authentications\AuthenticationController))
 8 SYSTEMPATH\CodeIgniter.php(340): CodeIgniter\CodeIgniter->handleRequest(null, Object(Config\Cache), false)
 9 FCPATH\index.php(67): CodeIgniter\CodeIgniter->run()
10 SYSTEMPATH\Commands\Server\rewrite.php(43): require_once('FCPATH\\index.php')
CRITICAL - 2022-11-14 19:46:49 --> Undefined variable: email
in APPPATH\Views\Authentications\LoginView.php on line 56.
 1 APPPATH\Views\Authentications\LoginView.php(56): CodeIgniter\Debug\Exceptions->errorHandler(8, 'Undefined variable: email', 'APPPATH\\Views\\Authentications\\LoginView.php', 56, [])
 2 SYSTEMPATH\View\View.php(213): include('APPPATH\\Views\\Authentications\\LoginView.php')
 3 SYSTEMPATH\View\View.php(216): CodeIgniter\View\View->CodeIgniter\View\{closure}()
 4 SYSTEMPATH\Common.php(1142): CodeIgniter\View\View->render('Authentications/LoginView', [], true)
 5 APPPATH\Controllers\authentications\AuthenticationController.php(39): view('Authentications/LoginView')
 6 SYSTEMPATH\CodeIgniter.php(904): App\Controllers\authentications\AuthenticationController->index()
 7 SYSTEMPATH\CodeIgniter.php(457): CodeIgniter\CodeIgniter->runController(Object(App\Controllers\authentications\AuthenticationController))
 8 SYSTEMPATH\CodeIgniter.php(340): CodeIgniter\CodeIgniter->handleRequest(null, Object(Config\Cache), false)
 9 FCPATH\index.php(67): CodeIgniter\CodeIgniter->run()
10 SYSTEMPATH\Commands\Server\rewrite.php(43): require_once('FCPATH\\index.php')
CRITICAL - 2022-11-14 19:49:42 --> Undefined variable: password
in APPPATH\Views\Authentications\LoginView.php on line 64.
 1 APPPATH\Views\Authentications\LoginView.php(64): CodeIgniter\Debug\Exceptions->errorHandler(8, 'Undefined variable: password', 'APPPATH\\Views\\Authentications\\LoginView.php', 64, [])
 2 SYSTEMPATH\View\View.php(213): include('APPPATH\\Views\\Authentications\\LoginView.php')
 3 SYSTEMPATH\View\View.php(216): CodeIgniter\View\View->CodeIgniter\View\{closure}()
 4 SYSTEMPATH\Common.php(1142): CodeIgniter\View\View->render('Authentications/LoginView', [], true)
 5 APPPATH\Controllers\authentications\AuthenticationController.php(39): view('Authentications/LoginView')
 6 SYSTEMPATH\CodeIgniter.php(904): App\Controllers\authentications\AuthenticationController->index()
 7 SYSTEMPATH\CodeIgniter.php(457): CodeIgniter\CodeIgniter->runController(Object(App\Controllers\authentications\AuthenticationController))
 8 SYSTEMPATH\CodeIgniter.php(340): CodeIgniter\CodeIgniter->handleRequest(null, Object(Config\Cache), false)
 9 FCPATH\index.php(67): CodeIgniter\CodeIgniter->run()
10 SYSTEMPATH\Commands\Server\rewrite.php(43): require_once('FCPATH\\index.php')
CRITICAL - 2022-11-14 20:00:51 --> Undefined property: App\Controllers\DashboardController::$s
in APPPATH\Controllers\BaseController.php on line 67.
 1 APPPATH\Controllers\BaseController.php(67): CodeIgniter\Debug\Exceptions->errorHandler(8, 'Undefined property: App\\Controllers\\DashboardController::$s', 'APPPATH\\Controllers\\BaseController.php', 67, [...])
 2 APPPATH\Controllers\DashboardController.php(20): App\Controllers\BaseController->render('DashboardView', [...])
 3 SYSTEMPATH\CodeIgniter.php(904): App\Controllers\DashboardController->index()
 4 SYSTEMPATH\CodeIgniter.php(457): CodeIgniter\CodeIgniter->runController(Object(App\Controllers\DashboardController))
 5 SYSTEMPATH\CodeIgniter.php(340): CodeIgniter\CodeIgniter->handleRequest(null, Object(Config\Cache), false)
 6 FCPATH\index.php(67): CodeIgniter\CodeIgniter->run()
 7 SYSTEMPATH\Commands\Server\rewrite.php(43): require_once('FCPATH\\index.php')
