ERROR - 2023-09-10 16:36:25 --> mysqli_sql_exception: You have an error in your SQL syntax; check the manual that corresponds to your MariaDB server version for the right syntax to use near 'AS `province`' at line 1 in C:\laragon\www\promis\system\Database\MySQLi\Connection.php:292
Stack trace:
#0 C:\laragon\www\promis\system\Database\MySQLi\Connection.php(292): mysqli->query('SHOW COLUMNS FR...', 0)
#1 C:\laragon\www\promis\system\Database\BaseConnection.php(693): CodeIgniter\Database\MySQLi\Connection->execute('SHOW COLUMNS FR...')
#2 C:\laragon\www\promis\system\Database\BaseConnection.php(620): CodeIgniter\Database\BaseConnection->simpleQuery('SHOW COLUMNS FR...')
#3 C:\laragon\www\promis\system\Database\MySQLi\Connection.php(408): CodeIgniter\Database\BaseConnection->query('SHOW COLUMNS FR...')
#4 C:\laragon\www\promis\system\Database\BaseConnection.php(1514): CodeIgniter\Database\MySQLi\Connection->_fieldData('`lib_psgc_provi...')
#5 C:\laragon\www\promis\vendor\hermawan\codeigniter4-datatables\src\DataTableColumnDefs.php(335): CodeIgniter\Database\BaseConnection->getFieldData('`lib_psgc_provi...')
#6 C:\laragon\www\promis\vendor\hermawan\codeigniter4-datatables\src\DataTableColumnDefs.php(17): Hermawan\DataTables\DataTableColumnDefs->initFromBuilder(Object(CodeIgniter\Database\MySQLi\Builder))
#7 C:\laragon\www\promis\vendor\hermawan\codeigniter4-datatables\src\DataTable.php(35): Hermawan\DataTables\DataTableColumnDefs->__construct(Object(CodeIgniter\Database\MySQLi\Builder))
#8 C:\laragon\www\promis\vendor\hermawan\codeigniter4-datatables\src\DataTable.php(46): Hermawan\DataTables\DataTable->__construct(Object(CodeIgniter\Database\MySQLi\Builder))
#9 C:\laragon\www\promis\app\Controllers\libraries\Psgc\ProvinceController.php(44): Hermawan\DataTables\DataTable::of(Object(CodeIgniter\Database\MySQLi\Builder))
#10 C:\laragon\www\promis\system\CodeIgniter.php(904): App\Controllers\Libraries\Psgc\ProvinceController->getDatatable('0')
#11 C:\laragon\www\promis\system\CodeIgniter.php(457): CodeIgniter\CodeIgniter->runController(Object(App\Controllers\Libraries\Psgc\ProvinceController))
#12 C:\laragon\www\promis\system\CodeIgniter.php(340): CodeIgniter\CodeIgniter->handleRequest(NULL, Object(Config\Cache), false)
#13 C:\laragon\www\promis\public\index.php(67): CodeIgniter\CodeIgniter->run()
#14 C:\laragon\www\promis\system\Commands\Server\rewrite.php(43): require_once('C:\\laragon\\www\\...')
#15 {main}
CRITICAL - 2023-09-10 16:36:25 --> You have an error in your SQL syntax; check the manual that corresponds to your MariaDB server version for the right syntax to use near 'AS `province`' at line 1
in SYSTEMPATH\Database\MySQLi\Connection.php on line 292.
 1 SYSTEMPATH\Database\MySQLi\Connection.php(292): mysqli->query('SHOW COLUMNS FROM `lib_psgc_provinces` AS `province`', 0)
 2 SYSTEMPATH\Database\BaseConnection.php(693): CodeIgniter\Database\MySQLi\Connection->execute('SHOW COLUMNS FROM `lib_psgc_provinces` AS `province`')
 3 SYSTEMPATH\Database\BaseConnection.php(620): CodeIgniter\Database\BaseConnection->simpleQuery('SHOW COLUMNS FROM `lib_psgc_provinces` AS `province`')
 4 SYSTEMPATH\Database\MySQLi\Connection.php(408): CodeIgniter\Database\BaseConnection->query('SHOW COLUMNS FROM `lib_psgc_provinces` AS `province`')
 5 SYSTEMPATH\Database\BaseConnection.php(1514): CodeIgniter\Database\MySQLi\Connection->_fieldData('`lib_psgc_provinces` AS `province`')
 6 VENDORPATH\hermawan\codeigniter4-datatables\src\DataTableColumnDefs.php(335): CodeIgniter\Database\BaseConnection->getFieldData('`lib_psgc_provinces` AS `province`')
 7 VENDORPATH\hermawan\codeigniter4-datatables\src\DataTableColumnDefs.php(17): Hermawan\DataTables\DataTableColumnDefs->initFromBuilder(Object(CodeIgniter\Database\MySQLi\Builder))
 8 VENDORPATH\hermawan\codeigniter4-datatables\src\DataTable.php(35): Hermawan\DataTables\DataTableColumnDefs->__construct(Object(CodeIgniter\Database\MySQLi\Builder))
 9 VENDORPATH\hermawan\codeigniter4-datatables\src\DataTable.php(46): Hermawan\DataTables\DataTable->__construct(Object(CodeIgniter\Database\MySQLi\Builder))
10 APPPATH\Controllers\libraries\Psgc\ProvinceController.php(44): Hermawan\DataTables\DataTable::of(Object(CodeIgniter\Database\MySQLi\Builder))
11 SYSTEMPATH\CodeIgniter.php(904): App\Controllers\Libraries\Psgc\ProvinceController->getDatatable('0')
12 SYSTEMPATH\CodeIgniter.php(457): CodeIgniter\CodeIgniter->runController(Object(App\Controllers\Libraries\Psgc\ProvinceController))
13 SYSTEMPATH\CodeIgniter.php(340): CodeIgniter\CodeIgniter->handleRequest(null, Object(Config\Cache), false)
14 FCPATH\index.php(67): CodeIgniter\CodeIgniter->run()
15 SYSTEMPATH\Commands\Server\rewrite.php(43): require_once('FCPATH\\index.php')
ERROR - 2023-09-10 17:16:50 --> mysqli_sql_exception: Table 'prism.lib_psgc_province' doesn't exist in C:\laragon\www\promis\system\Database\MySQLi\Connection.php:292
Stack trace:
#0 C:\laragon\www\promis\system\Database\MySQLi\Connection.php(292): mysqli->query('INSERT INTO `li...', 0)
#1 C:\laragon\www\promis\system\Database\BaseConnection.php(693): CodeIgniter\Database\MySQLi\Connection->execute('INSERT INTO `li...')
#2 C:\laragon\www\promis\system\Database\BaseConnection.php(620): CodeIgniter\Database\BaseConnection->simpleQuery('INSERT INTO `li...')
#3 C:\laragon\www\promis\system\Database\BaseBuilder.php(1916): CodeIgniter\Database\BaseConnection->query('INSERT INTO `li...', Array, false)
#4 C:\laragon\www\promis\app\Models\Libraries\Psgc\ProvinceModel.php(15): CodeIgniter\Database\BaseBuilder->insert()
#5 C:\laragon\www\promis\app\Controllers\libraries\Psgc\ProvinceController.php(28): App\Models\Libraries\Psgc\ProvinceModel->provinceInsert(Array, '64fd8982cb29e')
#6 C:\laragon\www\promis\system\CodeIgniter.php(904): App\Controllers\Libraries\Psgc\ProvinceController->actionInsertUpdate()
#7 C:\laragon\www\promis\system\CodeIgniter.php(457): CodeIgniter\CodeIgniter->runController(Object(App\Controllers\Libraries\Psgc\ProvinceController))
#8 C:\laragon\www\promis\system\CodeIgniter.php(340): CodeIgniter\CodeIgniter->handleRequest(NULL, Object(Config\Cache), false)
#9 C:\laragon\www\promis\public\index.php(67): CodeIgniter\CodeIgniter->run()
#10 C:\laragon\www\promis\system\Commands\Server\rewrite.php(43): require_once('C:\\laragon\\www\\...')
#11 {main}
CRITICAL - 2023-09-10 17:16:50 --> Table 'prism.lib_psgc_province' doesn't exist
in SYSTEMPATH\Database\MySQLi\Connection.php on line 292.
 1 SYSTEMPATH\Database\MySQLi\Connection.php(292): mysqli->query('INSERT INTO `lib_psgc_province` (`provinceID`, `provinceCode`, `provinceName`, `provinceAcronym`, `regionCode`, `dateAdded`) VALUES (\'64fd8982cb29e\', \'12312312\', \'Test1\', \'Test2\', \'160000000\', \'2023-09-10 17:16:50\')', 0)
 2 SYSTEMPATH\Database\BaseConnection.php(693): CodeIgniter\Database\MySQLi\Connection->execute('INSERT INTO `lib_psgc_province` (`provinceID`, `provinceCode`, `provinceName`, `provinceAcronym`, `regionCode`, `dateAdded`) VALUES (\'64fd8982cb29e\', \'12312312\', \'Test1\', \'Test2\', \'160000000\', \'2023-09-10 17:16:50\')')
 3 SYSTEMPATH\Database\BaseConnection.php(620): CodeIgniter\Database\BaseConnection->simpleQuery('INSERT INTO `lib_psgc_province` (`provinceID`, `provinceCode`, `provinceName`, `provinceAcronym`, `regionCode`, `dateAdded`) VALUES (\'64fd8982cb29e\', \'12312312\', \'Test1\', \'Test2\', \'160000000\', \'2023-09-10 17:16:50\')')
 4 SYSTEMPATH\Database\BaseBuilder.php(1916): CodeIgniter\Database\BaseConnection->query('INSERT INTO `lib_psgc_province` (`provinceID`, `provinceCode`, `provinceName`, `provinceAcronym`, `regionCode`, `dateAdded`) VALUES (:provinceID:, :provinceCode:, :provinceName:, :provinceAcronym:, :regionCode:, :dateAdded:)', [...], false)
 5 APPPATH\Models\Libraries\Psgc\ProvinceModel.php(15): CodeIgniter\Database\BaseBuilder->insert()
 6 APPPATH\Controllers\libraries\Psgc\ProvinceController.php(28): App\Models\Libraries\Psgc\ProvinceModel->provinceInsert([...], '64fd8982cb29e')
 7 SYSTEMPATH\CodeIgniter.php(904): App\Controllers\Libraries\Psgc\ProvinceController->actionInsertUpdate()
 8 SYSTEMPATH\CodeIgniter.php(457): CodeIgniter\CodeIgniter->runController(Object(App\Controllers\Libraries\Psgc\ProvinceController))
 9 SYSTEMPATH\CodeIgniter.php(340): CodeIgniter\CodeIgniter->handleRequest(null, Object(Config\Cache), false)
10 FCPATH\index.php(67): CodeIgniter\CodeIgniter->run()
11 SYSTEMPATH\Commands\Server\rewrite.php(43): require_once('FCPATH\\index.php')
CRITICAL - 2023-09-10 20:21:37 --> Array to string conversion
in APPPATH\Controllers\libraries\Psgc\ProvinceController.php on line 32.
 1 APPPATH\Controllers\libraries\Psgc\ProvinceController.php(32): CodeIgniter\Debug\Exceptions->errorHandler(8, 'Array to string conversion', 'APPPATH\\Controllers\\libraries\\Psgc\\ProvinceController.php', 32, [...])
 2 SYSTEMPATH\CodeIgniter.php(904): App\Controllers\Libraries\Psgc\ProvinceController->actionInsertUpdate()
 3 SYSTEMPATH\CodeIgniter.php(457): CodeIgniter\CodeIgniter->runController(Object(App\Controllers\Libraries\Psgc\ProvinceController))
 4 SYSTEMPATH\CodeIgniter.php(340): CodeIgniter\CodeIgniter->handleRequest(null, Object(Config\Cache), false)
 5 FCPATH\index.php(67): CodeIgniter\CodeIgniter->run()
 6 SYSTEMPATH\Commands\Server\rewrite.php(43): require_once('FCPATH\\index.php')
CRITICAL - 2023-09-10 22:06:33 --> Object of class CodeIgniter\HTTP\Response could not be converted to string
in APPPATH\Controllers\libraries\Psgc\ProvinceController.php on line 63.
 1 SYSTEMPATH\CodeIgniter.php(904): App\Controllers\Libraries\Psgc\ProvinceController->getDatatable('[object Object]')
 2 SYSTEMPATH\CodeIgniter.php(457): CodeIgniter\CodeIgniter->runController(Object(App\Controllers\Libraries\Psgc\ProvinceController))
 3 SYSTEMPATH\CodeIgniter.php(340): CodeIgniter\CodeIgniter->handleRequest(null, Object(Config\Cache), false)
 4 FCPATH\index.php(67): CodeIgniter\CodeIgniter->run()
 5 SYSTEMPATH\Commands\Server\rewrite.php(43): require_once('FCPATH\\index.php')
ERROR - 2023-09-10 22:37:07 --> mysqli_sql_exception: You have an error in your SQL syntax; check the manual that corresponds to your MariaDB server version for the right syntax to use near 'AS `province`' at line 1 in C:\laragon\www\promis\system\Database\MySQLi\Connection.php:292
Stack trace:
#0 C:\laragon\www\promis\system\Database\MySQLi\Connection.php(292): mysqli->query('SHOW COLUMNS FR...', 0)
#1 C:\laragon\www\promis\system\Database\BaseConnection.php(693): CodeIgniter\Database\MySQLi\Connection->execute('SHOW COLUMNS FR...')
#2 C:\laragon\www\promis\system\Database\BaseConnection.php(620): CodeIgniter\Database\BaseConnection->simpleQuery('SHOW COLUMNS FR...')
#3 C:\laragon\www\promis\system\Database\MySQLi\Connection.php(408): CodeIgniter\Database\BaseConnection->query('SHOW COLUMNS FR...')
#4 C:\laragon\www\promis\system\Database\BaseConnection.php(1514): CodeIgniter\Database\MySQLi\Connection->_fieldData('`lib_psgc_provi...')
#5 C:\laragon\www\promis\vendor\hermawan\codeigniter4-datatables\src\DataTableColumnDefs.php(335): CodeIgniter\Database\BaseConnection->getFieldData('`lib_psgc_provi...')
#6 C:\laragon\www\promis\vendor\hermawan\codeigniter4-datatables\src\DataTableColumnDefs.php(17): Hermawan\DataTables\DataTableColumnDefs->initFromBuilder(Object(CodeIgniter\Database\MySQLi\Builder))
#7 C:\laragon\www\promis\vendor\hermawan\codeigniter4-datatables\src\DataTable.php(35): Hermawan\DataTables\DataTableColumnDefs->__construct(Object(CodeIgniter\Database\MySQLi\Builder))
#8 C:\laragon\www\promis\vendor\hermawan\codeigniter4-datatables\src\DataTable.php(46): Hermawan\DataTables\DataTable->__construct(Object(CodeIgniter\Database\MySQLi\Builder))
#9 C:\laragon\www\promis\app\Controllers\libraries\Psgc\ProvinceController.php(68): Hermawan\DataTables\DataTable::of(Object(CodeIgniter\Database\MySQLi\Builder))
#10 C:\laragon\www\promis\system\CodeIgniter.php(904): App\Controllers\Libraries\Psgc\ProvinceController->getDatatable()
#11 C:\laragon\www\promis\system\CodeIgniter.php(457): CodeIgniter\CodeIgniter->runController(Object(App\Controllers\Libraries\Psgc\ProvinceController))
#12 C:\laragon\www\promis\system\CodeIgniter.php(340): CodeIgniter\CodeIgniter->handleRequest(NULL, Object(Config\Cache), false)
#13 C:\laragon\www\promis\public\index.php(67): CodeIgniter\CodeIgniter->run()
#14 C:\laragon\www\promis\system\Commands\Server\rewrite.php(43): require_once('C:\\laragon\\www\\...')
#15 {main}
CRITICAL - 2023-09-10 22:37:07 --> You have an error in your SQL syntax; check the manual that corresponds to your MariaDB server version for the right syntax to use near 'AS `province`' at line 1
in SYSTEMPATH\Database\MySQLi\Connection.php on line 292.
 1 SYSTEMPATH\Database\MySQLi\Connection.php(292): mysqli->query('SHOW COLUMNS FROM `lib_psgc_provinces` AS `province`', 0)
 2 SYSTEMPATH\Database\BaseConnection.php(693): CodeIgniter\Database\MySQLi\Connection->execute('SHOW COLUMNS FROM `lib_psgc_provinces` AS `province`')
 3 SYSTEMPATH\Database\BaseConnection.php(620): CodeIgniter\Database\BaseConnection->simpleQuery('SHOW COLUMNS FROM `lib_psgc_provinces` AS `province`')
 4 SYSTEMPATH\Database\MySQLi\Connection.php(408): CodeIgniter\Database\BaseConnection->query('SHOW COLUMNS FROM `lib_psgc_provinces` AS `province`')
 5 SYSTEMPATH\Database\BaseConnection.php(1514): CodeIgniter\Database\MySQLi\Connection->_fieldData('`lib_psgc_provinces` AS `province`')
 6 VENDORPATH\hermawan\codeigniter4-datatables\src\DataTableColumnDefs.php(335): CodeIgniter\Database\BaseConnection->getFieldData('`lib_psgc_provinces` AS `province`')
 7 VENDORPATH\hermawan\codeigniter4-datatables\src\DataTableColumnDefs.php(17): Hermawan\DataTables\DataTableColumnDefs->initFromBuilder(Object(CodeIgniter\Database\MySQLi\Builder))
 8 VENDORPATH\hermawan\codeigniter4-datatables\src\DataTable.php(35): Hermawan\DataTables\DataTableColumnDefs->__construct(Object(CodeIgniter\Database\MySQLi\Builder))
 9 VENDORPATH\hermawan\codeigniter4-datatables\src\DataTable.php(46): Hermawan\DataTables\DataTable->__construct(Object(CodeIgniter\Database\MySQLi\Builder))
10 APPPATH\Controllers\libraries\Psgc\ProvinceController.php(68): Hermawan\DataTables\DataTable::of(Object(CodeIgniter\Database\MySQLi\Builder))
11 SYSTEMPATH\CodeIgniter.php(904): App\Controllers\Libraries\Psgc\ProvinceController->getDatatable()
12 SYSTEMPATH\CodeIgniter.php(457): CodeIgniter\CodeIgniter->runController(Object(App\Controllers\Libraries\Psgc\ProvinceController))
13 SYSTEMPATH\CodeIgniter.php(340): CodeIgniter\CodeIgniter->handleRequest(null, Object(Config\Cache), false)
14 FCPATH\index.php(67): CodeIgniter\CodeIgniter->run()
15 SYSTEMPATH\Commands\Server\rewrite.php(43): require_once('FCPATH\\index.php')
ERROR - 2023-09-10 22:37:15 --> mysqli_sql_exception: You have an error in your SQL syntax; check the manual that corresponds to your MariaDB server version for the right syntax to use near 'AS `province`' at line 1 in C:\laragon\www\promis\system\Database\MySQLi\Connection.php:292
Stack trace:
#0 C:\laragon\www\promis\system\Database\MySQLi\Connection.php(292): mysqli->query('SHOW COLUMNS FR...', 0)
#1 C:\laragon\www\promis\system\Database\BaseConnection.php(693): CodeIgniter\Database\MySQLi\Connection->execute('SHOW COLUMNS FR...')
#2 C:\laragon\www\promis\system\Database\BaseConnection.php(620): CodeIgniter\Database\BaseConnection->simpleQuery('SHOW COLUMNS FR...')
#3 C:\laragon\www\promis\system\Database\MySQLi\Connection.php(408): CodeIgniter\Database\BaseConnection->query('SHOW COLUMNS FR...')
#4 C:\laragon\www\promis\system\Database\BaseConnection.php(1514): CodeIgniter\Database\MySQLi\Connection->_fieldData('`lib_psgc_provi...')
#5 C:\laragon\www\promis\vendor\hermawan\codeigniter4-datatables\src\DataTableColumnDefs.php(335): CodeIgniter\Database\BaseConnection->getFieldData('`lib_psgc_provi...')
#6 C:\laragon\www\promis\vendor\hermawan\codeigniter4-datatables\src\DataTableColumnDefs.php(17): Hermawan\DataTables\DataTableColumnDefs->initFromBuilder(Object(CodeIgniter\Database\MySQLi\Builder))
#7 C:\laragon\www\promis\vendor\hermawan\codeigniter4-datatables\src\DataTable.php(35): Hermawan\DataTables\DataTableColumnDefs->__construct(Object(CodeIgniter\Database\MySQLi\Builder))
#8 C:\laragon\www\promis\vendor\hermawan\codeigniter4-datatables\src\DataTable.php(46): Hermawan\DataTables\DataTable->__construct(Object(CodeIgniter\Database\MySQLi\Builder))
#9 C:\laragon\www\promis\app\Controllers\libraries\Psgc\ProvinceController.php(68): Hermawan\DataTables\DataTable::of(Object(CodeIgniter\Database\MySQLi\Builder))
#10 C:\laragon\www\promis\system\CodeIgniter.php(904): App\Controllers\Libraries\Psgc\ProvinceController->getDatatable()
#11 C:\laragon\www\promis\system\CodeIgniter.php(457): CodeIgniter\CodeIgniter->runController(Object(App\Controllers\Libraries\Psgc\ProvinceController))
#12 C:\laragon\www\promis\system\CodeIgniter.php(340): CodeIgniter\CodeIgniter->handleRequest(NULL, Object(Config\Cache), false)
#13 C:\laragon\www\promis\public\index.php(67): CodeIgniter\CodeIgniter->run()
#14 C:\laragon\www\promis\system\Commands\Server\rewrite.php(43): require_once('C:\\laragon\\www\\...')
#15 {main}
CRITICAL - 2023-09-10 22:37:15 --> You have an error in your SQL syntax; check the manual that corresponds to your MariaDB server version for the right syntax to use near 'AS `province`' at line 1
in SYSTEMPATH\Database\MySQLi\Connection.php on line 292.
 1 SYSTEMPATH\Database\MySQLi\Connection.php(292): mysqli->query('SHOW COLUMNS FROM `lib_psgc_provinces` AS `province`', 0)
 2 SYSTEMPATH\Database\BaseConnection.php(693): CodeIgniter\Database\MySQLi\Connection->execute('SHOW COLUMNS FROM `lib_psgc_provinces` AS `province`')
 3 SYSTEMPATH\Database\BaseConnection.php(620): CodeIgniter\Database\BaseConnection->simpleQuery('SHOW COLUMNS FROM `lib_psgc_provinces` AS `province`')
 4 SYSTEMPATH\Database\MySQLi\Connection.php(408): CodeIgniter\Database\BaseConnection->query('SHOW COLUMNS FROM `lib_psgc_provinces` AS `province`')
 5 SYSTEMPATH\Database\BaseConnection.php(1514): CodeIgniter\Database\MySQLi\Connection->_fieldData('`lib_psgc_provinces` AS `province`')
 6 VENDORPATH\hermawan\codeigniter4-datatables\src\DataTableColumnDefs.php(335): CodeIgniter\Database\BaseConnection->getFieldData('`lib_psgc_provinces` AS `province`')
 7 VENDORPATH\hermawan\codeigniter4-datatables\src\DataTableColumnDefs.php(17): Hermawan\DataTables\DataTableColumnDefs->initFromBuilder(Object(CodeIgniter\Database\MySQLi\Builder))
 8 VENDORPATH\hermawan\codeigniter4-datatables\src\DataTable.php(35): Hermawan\DataTables\DataTableColumnDefs->__construct(Object(CodeIgniter\Database\MySQLi\Builder))
 9 VENDORPATH\hermawan\codeigniter4-datatables\src\DataTable.php(46): Hermawan\DataTables\DataTable->__construct(Object(CodeIgniter\Database\MySQLi\Builder))
10 APPPATH\Controllers\libraries\Psgc\ProvinceController.php(68): Hermawan\DataTables\DataTable::of(Object(CodeIgniter\Database\MySQLi\Builder))
11 SYSTEMPATH\CodeIgniter.php(904): App\Controllers\Libraries\Psgc\ProvinceController->getDatatable()
12 SYSTEMPATH\CodeIgniter.php(457): CodeIgniter\CodeIgniter->runController(Object(App\Controllers\Libraries\Psgc\ProvinceController))
13 SYSTEMPATH\CodeIgniter.php(340): CodeIgniter\CodeIgniter->handleRequest(null, Object(Config\Cache), false)
14 FCPATH\index.php(67): CodeIgniter\CodeIgniter->run()
15 SYSTEMPATH\Commands\Server\rewrite.php(43): require_once('FCPATH\\index.php')
ERROR - 2023-09-10 22:37:31 --> mysqli_sql_exception: You have an error in your SQL syntax; check the manual that corresponds to your MariaDB server version for the right syntax to use near 'AS `province`' at line 1 in C:\laragon\www\promis\system\Database\MySQLi\Connection.php:292
Stack trace:
#0 C:\laragon\www\promis\system\Database\MySQLi\Connection.php(292): mysqli->query('SHOW COLUMNS FR...', 0)
#1 C:\laragon\www\promis\system\Database\BaseConnection.php(693): CodeIgniter\Database\MySQLi\Connection->execute('SHOW COLUMNS FR...')
#2 C:\laragon\www\promis\system\Database\BaseConnection.php(620): CodeIgniter\Database\BaseConnection->simpleQuery('SHOW COLUMNS FR...')
#3 C:\laragon\www\promis\system\Database\MySQLi\Connection.php(408): CodeIgniter\Database\BaseConnection->query('SHOW COLUMNS FR...')
#4 C:\laragon\www\promis\system\Database\BaseConnection.php(1514): CodeIgniter\Database\MySQLi\Connection->_fieldData('`lib_psgc_provi...')
#5 C:\laragon\www\promis\vendor\hermawan\codeigniter4-datatables\src\DataTableColumnDefs.php(335): CodeIgniter\Database\BaseConnection->getFieldData('`lib_psgc_provi...')
#6 C:\laragon\www\promis\vendor\hermawan\codeigniter4-datatables\src\DataTableColumnDefs.php(17): Hermawan\DataTables\DataTableColumnDefs->initFromBuilder(Object(CodeIgniter\Database\MySQLi\Builder))
#7 C:\laragon\www\promis\vendor\hermawan\codeigniter4-datatables\src\DataTable.php(35): Hermawan\DataTables\DataTableColumnDefs->__construct(Object(CodeIgniter\Database\MySQLi\Builder))
#8 C:\laragon\www\promis\vendor\hermawan\codeigniter4-datatables\src\DataTable.php(46): Hermawan\DataTables\DataTable->__construct(Object(CodeIgniter\Database\MySQLi\Builder))
#9 C:\laragon\www\promis\app\Controllers\libraries\Psgc\ProvinceController.php(68): Hermawan\DataTables\DataTable::of(Object(CodeIgniter\Database\MySQLi\Builder))
#10 C:\laragon\www\promis\system\CodeIgniter.php(904): App\Controllers\Libraries\Psgc\ProvinceController->getDatatable()
#11 C:\laragon\www\promis\system\CodeIgniter.php(457): CodeIgniter\CodeIgniter->runController(Object(App\Controllers\Libraries\Psgc\ProvinceController))
#12 C:\laragon\www\promis\system\CodeIgniter.php(340): CodeIgniter\CodeIgniter->handleRequest(NULL, Object(Config\Cache), false)
#13 C:\laragon\www\promis\public\index.php(67): CodeIgniter\CodeIgniter->run()
#14 C:\laragon\www\promis\system\Commands\Server\rewrite.php(43): require_once('C:\\laragon\\www\\...')
#15 {main}
CRITICAL - 2023-09-10 22:37:31 --> You have an error in your SQL syntax; check the manual that corresponds to your MariaDB server version for the right syntax to use near 'AS `province`' at line 1
in SYSTEMPATH\Database\MySQLi\Connection.php on line 292.
 1 SYSTEMPATH\Database\MySQLi\Connection.php(292): mysqli->query('SHOW COLUMNS FROM `lib_psgc_provinces` AS `province`', 0)
 2 SYSTEMPATH\Database\BaseConnection.php(693): CodeIgniter\Database\MySQLi\Connection->execute('SHOW COLUMNS FROM `lib_psgc_provinces` AS `province`')
 3 SYSTEMPATH\Database\BaseConnection.php(620): CodeIgniter\Database\BaseConnection->simpleQuery('SHOW COLUMNS FROM `lib_psgc_provinces` AS `province`')
 4 SYSTEMPATH\Database\MySQLi\Connection.php(408): CodeIgniter\Database\BaseConnection->query('SHOW COLUMNS FROM `lib_psgc_provinces` AS `province`')
 5 SYSTEMPATH\Database\BaseConnection.php(1514): CodeIgniter\Database\MySQLi\Connection->_fieldData('`lib_psgc_provinces` AS `province`')
 6 VENDORPATH\hermawan\codeigniter4-datatables\src\DataTableColumnDefs.php(335): CodeIgniter\Database\BaseConnection->getFieldData('`lib_psgc_provinces` AS `province`')
 7 VENDORPATH\hermawan\codeigniter4-datatables\src\DataTableColumnDefs.php(17): Hermawan\DataTables\DataTableColumnDefs->initFromBuilder(Object(CodeIgniter\Database\MySQLi\Builder))
 8 VENDORPATH\hermawan\codeigniter4-datatables\src\DataTable.php(35): Hermawan\DataTables\DataTableColumnDefs->__construct(Object(CodeIgniter\Database\MySQLi\Builder))
 9 VENDORPATH\hermawan\codeigniter4-datatables\src\DataTable.php(46): Hermawan\DataTables\DataTable->__construct(Object(CodeIgniter\Database\MySQLi\Builder))
10 APPPATH\Controllers\libraries\Psgc\ProvinceController.php(68): Hermawan\DataTables\DataTable::of(Object(CodeIgniter\Database\MySQLi\Builder))
11 SYSTEMPATH\CodeIgniter.php(904): App\Controllers\Libraries\Psgc\ProvinceController->getDatatable()
12 SYSTEMPATH\CodeIgniter.php(457): CodeIgniter\CodeIgniter->runController(Object(App\Controllers\Libraries\Psgc\ProvinceController))
13 SYSTEMPATH\CodeIgniter.php(340): CodeIgniter\CodeIgniter->handleRequest(null, Object(Config\Cache), false)
14 FCPATH\index.php(67): CodeIgniter\CodeIgniter->run()
15 SYSTEMPATH\Commands\Server\rewrite.php(43): require_once('FCPATH\\index.php')
CRITICAL - 2023-09-10 23:02:40 --> Call to undefined method CodeIgniter\Database\MySQLi\Builder::when()
in APPPATH\Models\Libraries\Psgc\ProvinceModel.php on line 55.
 1 APPPATH\Controllers\libraries\Psgc\ProvinceController.php(23): App\Models\Libraries\Psgc\ProvinceModel->checkProvinceExist('012800000')
 2 SYSTEMPATH\CodeIgniter.php(904): App\Controllers\Libraries\Psgc\ProvinceController->actionInsertUpdate()
 3 SYSTEMPATH\CodeIgniter.php(457): CodeIgniter\CodeIgniter->runController(Object(App\Controllers\Libraries\Psgc\ProvinceController))
 4 SYSTEMPATH\CodeIgniter.php(340): CodeIgniter\CodeIgniter->handleRequest(null, Object(Config\Cache), false)
 5 FCPATH\index.php(67): CodeIgniter\CodeIgniter->run()
 6 SYSTEMPATH\Commands\Server\rewrite.php(43): require_once('FCPATH\\index.php')
CRITICAL - 2023-09-10 23:02:42 --> Call to undefined method CodeIgniter\Database\MySQLi\Builder::when()
in APPPATH\Models\Libraries\Psgc\ProvinceModel.php on line 55.
 1 APPPATH\Controllers\libraries\Psgc\ProvinceController.php(23): App\Models\Libraries\Psgc\ProvinceModel->checkProvinceExist('012800000')
 2 SYSTEMPATH\CodeIgniter.php(904): App\Controllers\Libraries\Psgc\ProvinceController->actionInsertUpdate()
 3 SYSTEMPATH\CodeIgniter.php(457): CodeIgniter\CodeIgniter->runController(Object(App\Controllers\Libraries\Psgc\ProvinceController))
 4 SYSTEMPATH\CodeIgniter.php(340): CodeIgniter\CodeIgniter->handleRequest(null, Object(Config\Cache), false)
 5 FCPATH\index.php(67): CodeIgniter\CodeIgniter->run()
 6 SYSTEMPATH\Commands\Server\rewrite.php(43): require_once('FCPATH\\index.php')
