CRITICAL - 2023-08-28 09:22:38 --> syntax error, unexpected 'echo' (T_ECHO)
in APPPATH\Views\users\UsersLogsView.php on line 66.
 1 SYSTEMPATH\View\View.php(216): CodeIgniter\View\View->CodeIgniter\View\{closure}()
 2 SYSTEMPATH\Common.php(1142): CodeIgniter\View\View->render('users/UsersLogsView', [], true)
 3 APPPATH\Controllers\BaseController.php(66): view('users/UsersLogsView', [...])
 4 APPPATH\Controllers\users\UsersController.php(32): App\Controllers\BaseController->render('users/UsersLogsView', [...])
 5 SYSTEMPATH\CodeIgniter.php(904): App\Controllers\users\UsersController->userLogsPage()
 6 SYSTEMPATH\CodeIgniter.php(457): CodeIgniter\CodeIgniter->runController(Object(App\Controllers\users\UsersController))
 7 SYSTEMPATH\CodeIgniter.php(340): CodeIgniter\CodeIgniter->handleRequest(null, Object(Config\Cache), false)
 8 FCPATH\index.php(67): CodeIgniter\CodeIgniter->run()
 9 SYSTEMPATH\Commands\Server\rewrite.php(43): require_once('FCPATH\\index.php')
CRITICAL - 2023-08-28 09:22:50 --> syntax error, unexpected 'echo' (T_ECHO)
in APPPATH\Views\users\UsersLogsView.php on line 66.
 1 SYSTEMPATH\View\View.php(216): CodeIgniter\View\View->CodeIgniter\View\{closure}()
 2 SYSTEMPATH\Common.php(1142): CodeIgniter\View\View->render('users/UsersLogsView', [], true)
 3 APPPATH\Controllers\BaseController.php(66): view('users/UsersLogsView', [...])
 4 APPPATH\Controllers\users\UsersController.php(32): App\Controllers\BaseController->render('users/UsersLogsView', [...])
 5 SYSTEMPATH\CodeIgniter.php(904): App\Controllers\users\UsersController->userLogsPage()
 6 SYSTEMPATH\CodeIgniter.php(457): CodeIgniter\CodeIgniter->runController(Object(App\Controllers\users\UsersController))
 7 SYSTEMPATH\CodeIgniter.php(340): CodeIgniter\CodeIgniter->handleRequest(null, Object(Config\Cache), false)
 8 FCPATH\index.php(67): CodeIgniter\CodeIgniter->run()
 9 SYSTEMPATH\Commands\Server\rewrite.php(43): require_once('FCPATH\\index.php')
CRITICAL - 2023-08-28 10:31:15 --> Undefined index: no_quotes
in VENDORPATH\hermawan\codeigniter4-datatables\src\DataTableColumnDefs.php on line 261.
 1 VENDORPATH\hermawan\codeigniter4-datatables\src\DataTableColumnDefs.php(261): CodeIgniter\Debug\Exceptions->errorHandler(8, 'Undefined index: no_quotes', 'VENDORPATH\\hermawan\\codeigniter4-datatables\\src\\DataTableColumnDefs.php', 261, [...])
 2 VENDORPATH\hermawan\codeigniter4-datatables\src\DataTableColumnDefs.php(17): Hermawan\DataTables\DataTableColumnDefs->initFromBuilder(Object(CodeIgniter\Database\MySQLi\Builder))
 3 VENDORPATH\hermawan\codeigniter4-datatables\src\DataTable.php(35): Hermawan\DataTables\DataTableColumnDefs->__construct(Object(CodeIgniter\Database\MySQLi\Builder))
 4 VENDORPATH\hermawan\codeigniter4-datatables\src\DataTable.php(46): Hermawan\DataTables\DataTable->__construct(Object(CodeIgniter\Database\MySQLi\Builder))
 5 APPPATH\Controllers\users\UsersController.php(55): Hermawan\DataTables\DataTable::of(Object(CodeIgniter\Database\MySQLi\Builder))
 6 SYSTEMPATH\CodeIgniter.php(904): App\Controllers\users\UsersController->loadList()
 7 SYSTEMPATH\CodeIgniter.php(457): CodeIgniter\CodeIgniter->runController(Object(App\Controllers\users\UsersController))
 8 SYSTEMPATH\CodeIgniter.php(340): CodeIgniter\CodeIgniter->handleRequest(null, Object(Config\Cache), false)
 9 FCPATH\index.php(67): CodeIgniter\CodeIgniter->run()
10 SYSTEMPATH\Commands\Server\rewrite.php(43): require_once('FCPATH\\index.php')
CRITICAL - 2023-08-28 10:32:48 --> Undefined index: no_quotes
in VENDORPATH\hermawan\codeigniter4-datatables\src\DataTableColumnDefs.php on line 261.
 1 VENDORPATH\hermawan\codeigniter4-datatables\src\DataTableColumnDefs.php(261): CodeIgniter\Debug\Exceptions->errorHandler(8, 'Undefined index: no_quotes', 'VENDORPATH\\hermawan\\codeigniter4-datatables\\src\\DataTableColumnDefs.php', 261, [...])
 2 VENDORPATH\hermawan\codeigniter4-datatables\src\DataTableColumnDefs.php(17): Hermawan\DataTables\DataTableColumnDefs->initFromBuilder(Object(CodeIgniter\Database\MySQLi\Builder))
 3 VENDORPATH\hermawan\codeigniter4-datatables\src\DataTable.php(35): Hermawan\DataTables\DataTableColumnDefs->__construct(Object(CodeIgniter\Database\MySQLi\Builder))
 4 VENDORPATH\hermawan\codeigniter4-datatables\src\DataTable.php(46): Hermawan\DataTables\DataTable->__construct(Object(CodeIgniter\Database\MySQLi\Builder))
 5 APPPATH\Controllers\users\UsersController.php(55): Hermawan\DataTables\DataTable::of(Object(CodeIgniter\Database\MySQLi\Builder))
 6 SYSTEMPATH\CodeIgniter.php(904): App\Controllers\users\UsersController->loadList()
 7 SYSTEMPATH\CodeIgniter.php(457): CodeIgniter\CodeIgniter->runController(Object(App\Controllers\users\UsersController))
 8 SYSTEMPATH\CodeIgniter.php(340): CodeIgniter\CodeIgniter->handleRequest(null, Object(Config\Cache), false)
 9 FCPATH\index.php(67): CodeIgniter\CodeIgniter->run()
10 SYSTEMPATH\Commands\Server\rewrite.php(43): require_once('FCPATH\\index.php')
CRITICAL - 2023-08-28 10:33:02 --> Undefined index: no_quotes
in VENDORPATH\hermawan\codeigniter4-datatables\src\DataTableColumnDefs.php on line 261.
 1 VENDORPATH\hermawan\codeigniter4-datatables\src\DataTableColumnDefs.php(261): CodeIgniter\Debug\Exceptions->errorHandler(8, 'Undefined index: no_quotes', 'VENDORPATH\\hermawan\\codeigniter4-datatables\\src\\DataTableColumnDefs.php', 261, [...])
 2 VENDORPATH\hermawan\codeigniter4-datatables\src\DataTableColumnDefs.php(17): Hermawan\DataTables\DataTableColumnDefs->initFromBuilder(Object(CodeIgniter\Database\MySQLi\Builder))
 3 VENDORPATH\hermawan\codeigniter4-datatables\src\DataTable.php(35): Hermawan\DataTables\DataTableColumnDefs->__construct(Object(CodeIgniter\Database\MySQLi\Builder))
 4 VENDORPATH\hermawan\codeigniter4-datatables\src\DataTable.php(46): Hermawan\DataTables\DataTable->__construct(Object(CodeIgniter\Database\MySQLi\Builder))
 5 APPPATH\Controllers\users\UsersController.php(55): Hermawan\DataTables\DataTable::of(Object(CodeIgniter\Database\MySQLi\Builder))
 6 SYSTEMPATH\CodeIgniter.php(904): App\Controllers\users\UsersController->loadList()
 7 SYSTEMPATH\CodeIgniter.php(457): CodeIgniter\CodeIgniter->runController(Object(App\Controllers\users\UsersController))
 8 SYSTEMPATH\CodeIgniter.php(340): CodeIgniter\CodeIgniter->handleRequest(null, Object(Config\Cache), false)
 9 FCPATH\index.php(67): CodeIgniter\CodeIgniter->run()
10 SYSTEMPATH\Commands\Server\rewrite.php(43): require_once('FCPATH\\index.php')
CRITICAL - 2023-08-28 11:26:39 --> Invalid file: libraries/offices/SectionView.php
in SYSTEMPATH\Exceptions\FrameworkException.php on line 33.
 1 SYSTEMPATH\View\View.php(201): CodeIgniter\Exceptions\FrameworkException::forInvalidFile('libraries/offices/SectionView.php')
 2 SYSTEMPATH\Common.php(1142): CodeIgniter\View\View->render('libraries/offices/SectionView', [], true)
 3 APPPATH\Controllers\BaseController.php(66): view('libraries/offices/SectionView', [])
 4 APPPATH\Controllers\libraries\LibrariesOfficesController.php(17): App\Controllers\BaseController->render('libraries/offices/SectionView')
 5 SYSTEMPATH\CodeIgniter.php(904): App\Controllers\libraries\LibrariesOfficesController->sectionPage()
 6 SYSTEMPATH\CodeIgniter.php(457): CodeIgniter\CodeIgniter->runController(Object(App\Controllers\libraries\LibrariesOfficesController))
 7 SYSTEMPATH\CodeIgniter.php(340): CodeIgniter\CodeIgniter->handleRequest(null, Object(Config\Cache), false)
 8 FCPATH\index.php(67): CodeIgniter\CodeIgniter->run()
 9 SYSTEMPATH\Commands\Server\rewrite.php(43): require_once('FCPATH\\index.php')
CRITICAL - 2023-08-28 11:27:10 --> Invalid file: libraries/offices/SectionView.php
in SYSTEMPATH\Exceptions\FrameworkException.php on line 33.
 1 SYSTEMPATH\View\View.php(201): CodeIgniter\Exceptions\FrameworkException::forInvalidFile('libraries/offices/SectionView.php')
 2 SYSTEMPATH\Common.php(1142): CodeIgniter\View\View->render('libraries/offices/SectionView', [], true)
 3 APPPATH\Controllers\BaseController.php(66): view('libraries/offices/SectionView', [])
 4 APPPATH\Controllers\libraries\LibrariesOfficesController.php(17): App\Controllers\BaseController->render('libraries/offices/SectionView')
 5 SYSTEMPATH\CodeIgniter.php(904): App\Controllers\libraries\LibrariesOfficesController->sectionPage()
 6 SYSTEMPATH\CodeIgniter.php(457): CodeIgniter\CodeIgniter->runController(Object(App\Controllers\libraries\LibrariesOfficesController))
 7 SYSTEMPATH\CodeIgniter.php(340): CodeIgniter\CodeIgniter->handleRequest(null, Object(Config\Cache), false)
 8 FCPATH\index.php(67): CodeIgniter\CodeIgniter->run()
 9 SYSTEMPATH\Commands\Server\rewrite.php(43): require_once('FCPATH\\index.php')
CRITICAL - 2023-08-28 11:28:17 --> Invalid file: libraries/offices/SectionView.php
in SYSTEMPATH\Exceptions\FrameworkException.php on line 33.
 1 SYSTEMPATH\View\View.php(201): CodeIgniter\Exceptions\FrameworkException::forInvalidFile('libraries/offices/SectionView.php')
 2 SYSTEMPATH\Common.php(1142): CodeIgniter\View\View->render('libraries/offices/SectionView', [], true)
 3 APPPATH\Controllers\BaseController.php(66): view('libraries/offices/SectionView', [])
 4 APPPATH\Controllers\libraries\LibrariesOfficesController.php(17): App\Controllers\BaseController->render('libraries/offices/SectionView')
 5 SYSTEMPATH\CodeIgniter.php(904): App\Controllers\libraries\LibrariesOfficesController->sectionPage()
 6 SYSTEMPATH\CodeIgniter.php(457): CodeIgniter\CodeIgniter->runController(Object(App\Controllers\libraries\LibrariesOfficesController))
 7 SYSTEMPATH\CodeIgniter.php(340): CodeIgniter\CodeIgniter->handleRequest(null, Object(Config\Cache), false)
 8 FCPATH\index.php(67): CodeIgniter\CodeIgniter->run()
 9 SYSTEMPATH\Commands\Server\rewrite.php(43): require_once('FCPATH\\index.php')
CRITICAL - 2023-08-28 12:33:49 --> Invalid file: libraries/offices/OfficesViews.php
in SYSTEMPATH\Exceptions\FrameworkException.php on line 33.
 1 SYSTEMPATH\View\View.php(201): CodeIgniter\Exceptions\FrameworkException::forInvalidFile('libraries/offices/OfficesViews.php')
 2 SYSTEMPATH\Common.php(1142): CodeIgniter\View\View->render('libraries/offices/OfficesViews', [], true)
 3 APPPATH\Controllers\BaseController.php(66): view('libraries/offices/OfficesViews', [])
 4 APPPATH\Controllers\libraries\LibrariesOfficesController.php(14): App\Controllers\BaseController->render('libraries/offices/OfficesViews')
 5 SYSTEMPATH\CodeIgniter.php(904): App\Controllers\libraries\LibrariesOfficesController->divisionPage()
 6 SYSTEMPATH\CodeIgniter.php(457): CodeIgniter\CodeIgniter->runController(Object(App\Controllers\libraries\LibrariesOfficesController))
 7 SYSTEMPATH\CodeIgniter.php(340): CodeIgniter\CodeIgniter->handleRequest(null, Object(Config\Cache), false)
 8 FCPATH\index.php(67): CodeIgniter\CodeIgniter->run()
 9 SYSTEMPATH\Commands\Server\rewrite.php(43): require_once('FCPATH\\index.php')
CRITICAL - 2023-08-28 14:19:31 --> Call to undefined function App\Controllers\Libraries\Office\now()
in APPPATH\Controllers\libraries\Office\PositionController.php on line 24.
 1 SYSTEMPATH\CodeIgniter.php(904): App\Controllers\Libraries\Office\PositionController->actionPosition()
 2 SYSTEMPATH\CodeIgniter.php(457): CodeIgniter\CodeIgniter->runController(Object(App\Controllers\Libraries\Office\PositionController))
 3 SYSTEMPATH\CodeIgniter.php(340): CodeIgniter\CodeIgniter->handleRequest(null, Object(Config\Cache), false)
 4 FCPATH\index.php(67): CodeIgniter\CodeIgniter->run()
 5 SYSTEMPATH\Commands\Server\rewrite.php(43): require_once('FCPATH\\index.php')
CRITICAL - 2023-08-28 14:22:00 --> Call to undefined function App\Controllers\Libraries\Office\now()
in APPPATH\Controllers\libraries\Office\PositionController.php on line 20.
 1 SYSTEMPATH\CodeIgniter.php(904): App\Controllers\Libraries\Office\PositionController->actionPosition()
 2 SYSTEMPATH\CodeIgniter.php(457): CodeIgniter\CodeIgniter->runController(Object(App\Controllers\Libraries\Office\PositionController))
 3 SYSTEMPATH\CodeIgniter.php(340): CodeIgniter\CodeIgniter->handleRequest(null, Object(Config\Cache), false)
 4 FCPATH\index.php(67): CodeIgniter\CodeIgniter->run()
 5 SYSTEMPATH\Commands\Server\rewrite.php(43): require_once('FCPATH\\index.php')
CRITICAL - 2023-08-28 14:22:36 --> You must set the database table to be used with your query.
in SYSTEMPATH\Database\BaseConnection.php on line 872.
 1 SYSTEMPATH\Model.php(587): CodeIgniter\Database\BaseConnection->table(null)
 2 SYSTEMPATH\Model.php(764): CodeIgniter\Model->builder()
 3 APPPATH\Controllers\libraries\Office\PositionController.php(29): CodeIgniter\Model->__call('insertSession', [...])
 4 SYSTEMPATH\CodeIgniter.php(904): App\Controllers\Libraries\Office\PositionController->actionPosition()
 5 SYSTEMPATH\CodeIgniter.php(457): CodeIgniter\CodeIgniter->runController(Object(App\Controllers\Libraries\Office\PositionController))
 6 SYSTEMPATH\CodeIgniter.php(340): CodeIgniter\CodeIgniter->handleRequest(null, Object(Config\Cache), false)
 7 FCPATH\index.php(67): CodeIgniter\CodeIgniter->run()
 8 SYSTEMPATH\Commands\Server\rewrite.php(43): require_once('FCPATH\\index.php')
CRITICAL - 2023-08-28 14:24:41 --> Call to undefined function App\Controllers\Libraries\Office\now()
in APPPATH\Controllers\libraries\Office\PositionController.php on line 15.
 1 SYSTEMPATH\CodeIgniter.php(866): App\Controllers\Libraries\Office\PositionController->__construct()
 2 SYSTEMPATH\CodeIgniter.php(448): CodeIgniter\CodeIgniter->createController()
 3 SYSTEMPATH\CodeIgniter.php(340): CodeIgniter\CodeIgniter->handleRequest(null, Object(Config\Cache), false)
 4 FCPATH\index.php(67): CodeIgniter\CodeIgniter->run()
 5 SYSTEMPATH\Commands\Server\rewrite.php(43): require_once('FCPATH\\index.php')
CRITICAL - 2023-08-28 14:26:06 --> Call to undefined function App\Controllers\Libraries\Office\now()
in APPPATH\Controllers\libraries\Office\PositionController.php on line 16.
 1 SYSTEMPATH\CodeIgniter.php(866): App\Controllers\Libraries\Office\PositionController->__construct()
 2 SYSTEMPATH\CodeIgniter.php(448): CodeIgniter\CodeIgniter->createController()
 3 SYSTEMPATH\CodeIgniter.php(340): CodeIgniter\CodeIgniter->handleRequest(null, Object(Config\Cache), false)
 4 FCPATH\index.php(67): CodeIgniter\CodeIgniter->run()
 5 SYSTEMPATH\Commands\Server\rewrite.php(43): require_once('FCPATH\\index.php')
CRITICAL - 2023-08-28 14:26:38 --> Call to undefined function App\Controllers\Libraries\Office\now()
in APPPATH\Controllers\libraries\Office\PositionController.php on line 16.
 1 SYSTEMPATH\CodeIgniter.php(866): App\Controllers\Libraries\Office\PositionController->__construct()
 2 SYSTEMPATH\CodeIgniter.php(448): CodeIgniter\CodeIgniter->createController()
 3 SYSTEMPATH\CodeIgniter.php(340): CodeIgniter\CodeIgniter->handleRequest(null, Object(Config\Cache), false)
 4 FCPATH\index.php(67): CodeIgniter\CodeIgniter->run()
 5 SYSTEMPATH\Commands\Server\rewrite.php(43): require_once('FCPATH\\index.php')
CRITICAL - 2023-08-28 14:26:54 --> Call to undefined function App\Controllers\Libraries\Office\now()
in APPPATH\Controllers\libraries\Office\PositionController.php on line 16.
 1 SYSTEMPATH\CodeIgniter.php(866): App\Controllers\Libraries\Office\PositionController->__construct()
 2 SYSTEMPATH\CodeIgniter.php(448): CodeIgniter\CodeIgniter->createController()
 3 SYSTEMPATH\CodeIgniter.php(340): CodeIgniter\CodeIgniter->handleRequest(null, Object(Config\Cache), false)
 4 FCPATH\index.php(67): CodeIgniter\CodeIgniter->run()
 5 SYSTEMPATH\Commands\Server\rewrite.php(43): require_once('FCPATH\\index.php')
CRITICAL - 2023-08-28 14:28:09 --> Call to undefined function App\Controllers\Libraries\Office\now()
in APPPATH\Controllers\libraries\Office\PositionController.php on line 16.
 1 SYSTEMPATH\CodeIgniter.php(866): App\Controllers\Libraries\Office\PositionController->__construct()
 2 SYSTEMPATH\CodeIgniter.php(448): CodeIgniter\CodeIgniter->createController()
 3 SYSTEMPATH\CodeIgniter.php(340): CodeIgniter\CodeIgniter->handleRequest(null, Object(Config\Cache), false)
 4 FCPATH\index.php(67): CodeIgniter\CodeIgniter->run()
 5 SYSTEMPATH\Commands\Server\rewrite.php(43): require_once('FCPATH\\index.php')
CRITICAL - 2023-08-28 14:29:19 --> Call to undefined function App\Controllers\Libraries\Office\now()
in APPPATH\Controllers\libraries\Office\PositionController.php on line 16.
 1 SYSTEMPATH\CodeIgniter.php(866): App\Controllers\Libraries\Office\PositionController->__construct()
 2 SYSTEMPATH\CodeIgniter.php(448): CodeIgniter\CodeIgniter->createController()
 3 SYSTEMPATH\CodeIgniter.php(340): CodeIgniter\CodeIgniter->handleRequest(null, Object(Config\Cache), false)
 4 FCPATH\index.php(67): CodeIgniter\CodeIgniter->run()
 5 SYSTEMPATH\Commands\Server\rewrite.php(43): require_once('FCPATH\\index.php')
CRITICAL - 2023-08-28 14:29:58 --> Call to undefined function App\Controllers\Libraries\Office\now()
in APPPATH\Controllers\libraries\Office\PositionController.php on line 23.
 1 SYSTEMPATH\CodeIgniter.php(904): App\Controllers\Libraries\Office\PositionController->actionPosition()
 2 SYSTEMPATH\CodeIgniter.php(457): CodeIgniter\CodeIgniter->runController(Object(App\Controllers\Libraries\Office\PositionController))
 3 SYSTEMPATH\CodeIgniter.php(340): CodeIgniter\CodeIgniter->handleRequest(null, Object(Config\Cache), false)
 4 FCPATH\index.php(67): CodeIgniter\CodeIgniter->run()
 5 SYSTEMPATH\Commands\Server\rewrite.php(43): require_once('FCPATH\\index.php')
CRITICAL - 2023-08-28 19:43:56 --> Class 'App\Controllers\Libraries\Office\DataTable' not found
in APPPATH\Controllers\libraries\Office\PositionController.php on line 49.
 1 SYSTEMPATH\CodeIgniter.php(904): App\Controllers\Libraries\Office\PositionController->loadPosition()
 2 SYSTEMPATH\CodeIgniter.php(457): CodeIgniter\CodeIgniter->runController(Object(App\Controllers\Libraries\Office\PositionController))
 3 SYSTEMPATH\CodeIgniter.php(340): CodeIgniter\CodeIgniter->handleRequest(null, Object(Config\Cache), false)
 4 FCPATH\index.php(67): CodeIgniter\CodeIgniter->run()
 5 SYSTEMPATH\Commands\Server\rewrite.php(43): require_once('FCPATH\\index.php')
CRITICAL - 2023-08-28 19:44:00 --> Class 'App\Controllers\Libraries\Office\DataTable' not found
in APPPATH\Controllers\libraries\Office\PositionController.php on line 49.
 1 SYSTEMPATH\CodeIgniter.php(904): App\Controllers\Libraries\Office\PositionController->loadPosition()
 2 SYSTEMPATH\CodeIgniter.php(457): CodeIgniter\CodeIgniter->runController(Object(App\Controllers\Libraries\Office\PositionController))
 3 SYSTEMPATH\CodeIgniter.php(340): CodeIgniter\CodeIgniter->handleRequest(null, Object(Config\Cache), false)
 4 FCPATH\index.php(67): CodeIgniter\CodeIgniter->run()
 5 SYSTEMPATH\Commands\Server\rewrite.php(43): require_once('FCPATH\\index.php')
CRITICAL - 2023-08-28 19:44:31 --> Class 'App\Controllers\Libraries\Office\DataTable' not found
in APPPATH\Controllers\libraries\Office\PositionController.php on line 49.
 1 SYSTEMPATH\CodeIgniter.php(904): App\Controllers\Libraries\Office\PositionController->loadPosition()
 2 SYSTEMPATH\CodeIgniter.php(457): CodeIgniter\CodeIgniter->runController(Object(App\Controllers\Libraries\Office\PositionController))
 3 SYSTEMPATH\CodeIgniter.php(340): CodeIgniter\CodeIgniter->handleRequest(null, Object(Config\Cache), false)
 4 FCPATH\index.php(67): CodeIgniter\CodeIgniter->run()
 5 SYSTEMPATH\Commands\Server\rewrite.php(43): require_once('FCPATH\\index.php')
CRITICAL - 2023-08-28 19:44:32 --> Class 'App\Controllers\Libraries\Office\DataTable' not found
in APPPATH\Controllers\libraries\Office\PositionController.php on line 49.
 1 SYSTEMPATH\CodeIgniter.php(904): App\Controllers\Libraries\Office\PositionController->loadPosition()
 2 SYSTEMPATH\CodeIgniter.php(457): CodeIgniter\CodeIgniter->runController(Object(App\Controllers\Libraries\Office\PositionController))
 3 SYSTEMPATH\CodeIgniter.php(340): CodeIgniter\CodeIgniter->handleRequest(null, Object(Config\Cache), false)
 4 FCPATH\index.php(67): CodeIgniter\CodeIgniter->run()
 5 SYSTEMPATH\Commands\Server\rewrite.php(43): require_once('FCPATH\\index.php')
CRITICAL - 2023-08-28 19:44:33 --> Class 'App\Controllers\Libraries\Office\DataTable' not found
in APPPATH\Controllers\libraries\Office\PositionController.php on line 49.
 1 SYSTEMPATH\CodeIgniter.php(904): App\Controllers\Libraries\Office\PositionController->loadPosition()
 2 SYSTEMPATH\CodeIgniter.php(457): CodeIgniter\CodeIgniter->runController(Object(App\Controllers\Libraries\Office\PositionController))
 3 SYSTEMPATH\CodeIgniter.php(340): CodeIgniter\CodeIgniter->handleRequest(null, Object(Config\Cache), false)
 4 FCPATH\index.php(67): CodeIgniter\CodeIgniter->run()
 5 SYSTEMPATH\Commands\Server\rewrite.php(43): require_once('FCPATH\\index.php')
ERROR - 2023-08-28 19:45:07 --> mysqli_sql_exception: You have an error in your SQL syntax; check the manual that corresponds to your MariaDB server version for the right syntax to use near 'AS `tus`' at line 1 in C:\laragon\www\promis\system\Database\MySQLi\Connection.php:292
Stack trace:
#0 C:\laragon\www\promis\system\Database\MySQLi\Connection.php(292): mysqli->query('SHOW COLUMNS FR...', 0)
#1 C:\laragon\www\promis\system\Database\BaseConnection.php(693): CodeIgniter\Database\MySQLi\Connection->execute('SHOW COLUMNS FR...')
#2 C:\laragon\www\promis\system\Database\BaseConnection.php(620): CodeIgniter\Database\BaseConnection->simpleQuery('SHOW COLUMNS FR...')
#3 C:\laragon\www\promis\system\Database\MySQLi\Connection.php(408): CodeIgniter\Database\BaseConnection->query('SHOW COLUMNS FR...')
#4 C:\laragon\www\promis\system\Database\BaseConnection.php(1514): CodeIgniter\Database\MySQLi\Connection->_fieldData('`tbl_user_sessi...')
#5 C:\laragon\www\promis\vendor\hermawan\codeigniter4-datatables\src\DataTableColumnDefs.php(335): CodeIgniter\Database\BaseConnection->getFieldData('`tbl_user_sessi...')
#6 C:\laragon\www\promis\vendor\hermawan\codeigniter4-datatables\src\DataTableColumnDefs.php(17): Hermawan\DataTables\DataTableColumnDefs->initFromBuilder(Object(CodeIgniter\Database\MySQLi\Builder))
#7 C:\laragon\www\promis\vendor\hermawan\codeigniter4-datatables\src\DataTable.php(35): Hermawan\DataTables\DataTableColumnDefs->__construct(Object(CodeIgniter\Database\MySQLi\Builder))
#8 C:\laragon\www\promis\vendor\hermawan\codeigniter4-datatables\src\DataTable.php(46): Hermawan\DataTables\DataTable->__construct(Object(CodeIgniter\Database\MySQLi\Builder))
#9 C:\laragon\www\promis\app\Controllers\libraries\Office\PositionController.php(49): Hermawan\DataTables\DataTable::of(Object(CodeIgniter\Database\MySQLi\Builder))
#10 C:\laragon\www\promis\system\CodeIgniter.php(904): App\Controllers\Libraries\Office\PositionController->loadPosition()
#11 C:\laragon\www\promis\system\CodeIgniter.php(457): CodeIgniter\CodeIgniter->runController(Object(App\Controllers\Libraries\Office\PositionController))
#12 C:\laragon\www\promis\system\CodeIgniter.php(340): CodeIgniter\CodeIgniter->handleRequest(NULL, Object(Config\Cache), false)
#13 C:\laragon\www\promis\public\index.php(67): CodeIgniter\CodeIgniter->run()
#14 C:\laragon\www\promis\system\Commands\Server\rewrite.php(43): require_once('C:\\laragon\\www\\...')
#15 {main}
CRITICAL - 2023-08-28 19:45:07 --> You have an error in your SQL syntax; check the manual that corresponds to your MariaDB server version for the right syntax to use near 'AS `tus`' at line 1
in SYSTEMPATH\Database\MySQLi\Connection.php on line 292.
 1 SYSTEMPATH\Database\MySQLi\Connection.php(292): mysqli->query('SHOW COLUMNS FROM `tbl_user_session` AS `tus`', 0)
 2 SYSTEMPATH\Database\BaseConnection.php(693): CodeIgniter\Database\MySQLi\Connection->execute('SHOW COLUMNS FROM `tbl_user_session` AS `tus`')
 3 SYSTEMPATH\Database\BaseConnection.php(620): CodeIgniter\Database\BaseConnection->simpleQuery('SHOW COLUMNS FROM `tbl_user_session` AS `tus`')
 4 SYSTEMPATH\Database\MySQLi\Connection.php(408): CodeIgniter\Database\BaseConnection->query('SHOW COLUMNS FROM `tbl_user_session` AS `tus`')
 5 SYSTEMPATH\Database\BaseConnection.php(1514): CodeIgniter\Database\MySQLi\Connection->_fieldData('`tbl_user_session` AS `tus`')
 6 VENDORPATH\hermawan\codeigniter4-datatables\src\DataTableColumnDefs.php(335): CodeIgniter\Database\BaseConnection->getFieldData('`tbl_user_session` AS `tus`')
 7 VENDORPATH\hermawan\codeigniter4-datatables\src\DataTableColumnDefs.php(17): Hermawan\DataTables\DataTableColumnDefs->initFromBuilder(Object(CodeIgniter\Database\MySQLi\Builder))
 8 VENDORPATH\hermawan\codeigniter4-datatables\src\DataTable.php(35): Hermawan\DataTables\DataTableColumnDefs->__construct(Object(CodeIgniter\Database\MySQLi\Builder))
 9 VENDORPATH\hermawan\codeigniter4-datatables\src\DataTable.php(46): Hermawan\DataTables\DataTable->__construct(Object(CodeIgniter\Database\MySQLi\Builder))
10 APPPATH\Controllers\libraries\Office\PositionController.php(49): Hermawan\DataTables\DataTable::of(Object(CodeIgniter\Database\MySQLi\Builder))
11 SYSTEMPATH\CodeIgniter.php(904): App\Controllers\Libraries\Office\PositionController->loadPosition()
12 SYSTEMPATH\CodeIgniter.php(457): CodeIgniter\CodeIgniter->runController(Object(App\Controllers\Libraries\Office\PositionController))
13 SYSTEMPATH\CodeIgniter.php(340): CodeIgniter\CodeIgniter->handleRequest(null, Object(Config\Cache), false)
14 FCPATH\index.php(67): CodeIgniter\CodeIgniter->run()
15 SYSTEMPATH\Commands\Server\rewrite.php(43): require_once('FCPATH\\index.php')
CRITICAL - 2023-08-28 19:49:02 --> Undefined property: stdClass::$is_active
in APPPATH\Controllers\libraries\Office\PositionController.php on line 54.
 1 APPPATH\Controllers\libraries\Office\PositionController.php(54): CodeIgniter\Debug\Exceptions->errorHandler(8, 'Undefined property: stdClass::$is_active', 'APPPATH\\Controllers\\libraries\\Office\\PositionController.php', 54, [...])
 2 VENDORPATH\hermawan\codeigniter4-datatables\src\DataTableQuery.php(91): App\Controllers\Libraries\Office\PositionController->App\Controllers\Libraries\Office\{closure}(Object(stdClass))
 3 VENDORPATH\hermawan\codeigniter4-datatables\src\DataTable.php(176): Hermawan\DataTables\DataTableQuery->getDataResult()
 4 APPPATH\Controllers\libraries\Office\PositionController.php(61): Hermawan\DataTables\DataTable->toJson(true)
 5 SYSTEMPATH\CodeIgniter.php(904): App\Controllers\Libraries\Office\PositionController->loadPosition()
 6 SYSTEMPATH\CodeIgniter.php(457): CodeIgniter\CodeIgniter->runController(Object(App\Controllers\Libraries\Office\PositionController))
 7 SYSTEMPATH\CodeIgniter.php(340): CodeIgniter\CodeIgniter->handleRequest(null, Object(Config\Cache), false)
 8 FCPATH\index.php(67): CodeIgniter\CodeIgniter->run()
 9 SYSTEMPATH\Commands\Server\rewrite.php(43): require_once('FCPATH\\index.php')
CRITICAL - 2023-08-28 21:47:40 --> syntax error, unexpected '$condition' (T_VARIABLE)
in APPPATH\Models\Libraries\Office\PositionModel.php on line 34.
 1 SYSTEMPATH\Autoloader\Autoloader.php(259): CodeIgniter\Autoloader\Autoloader->includeFile('APPPATH\\Models\\Libraries\\Office\\PositionModel.php')
 2 SYSTEMPATH\Autoloader\Autoloader.php(237): CodeIgniter\Autoloader\Autoloader->loadInNamespace('App\\Models\\Libraries\\Office\\PositionModel')
 3 [internal function]: CodeIgniter\Autoloader\Autoloader->loadClass('App\\Models\\Libraries\\Office\\PositionModel')
 4 APPPATH\Controllers\libraries\Office\PositionController.php(15): spl_autoload_call('App\\Models\\Libraries\\Office\\PositionModel')
 5 SYSTEMPATH\CodeIgniter.php(866): App\Controllers\Libraries\Office\PositionController->__construct()
 6 SYSTEMPATH\CodeIgniter.php(448): CodeIgniter\CodeIgniter->createController()
 7 SYSTEMPATH\CodeIgniter.php(340): CodeIgniter\CodeIgniter->handleRequest(null, Object(Config\Cache), false)
 8 FCPATH\index.php(67): CodeIgniter\CodeIgniter->run()
 9 SYSTEMPATH\Commands\Server\rewrite.php(43): require_once('FCPATH\\index.php')
CRITICAL - 2023-08-28 21:51:55 --> syntax error, unexpected 'return' (T_RETURN)
in APPPATH\Models\Libraries\Office\PositionModel.php on line 35.
 1 SYSTEMPATH\Autoloader\Autoloader.php(259): CodeIgniter\Autoloader\Autoloader->includeFile('APPPATH\\Models\\Libraries\\Office\\PositionModel.php')
 2 SYSTEMPATH\Autoloader\Autoloader.php(237): CodeIgniter\Autoloader\Autoloader->loadInNamespace('App\\Models\\Libraries\\Office\\PositionModel')
 3 [internal function]: CodeIgniter\Autoloader\Autoloader->loadClass('App\\Models\\Libraries\\Office\\PositionModel')
 4 APPPATH\Controllers\libraries\Office\PositionController.php(15): spl_autoload_call('App\\Models\\Libraries\\Office\\PositionModel')
 5 SYSTEMPATH\CodeIgniter.php(866): App\Controllers\Libraries\Office\PositionController->__construct()
 6 SYSTEMPATH\CodeIgniter.php(448): CodeIgniter\CodeIgniter->createController()
 7 SYSTEMPATH\CodeIgniter.php(340): CodeIgniter\CodeIgniter->handleRequest(null, Object(Config\Cache), false)
 8 FCPATH\index.php(67): CodeIgniter\CodeIgniter->run()
 9 SYSTEMPATH\Commands\Server\rewrite.php(43): require_once('FCPATH\\index.php')
CRITICAL - 2023-08-28 21:52:23 --> Undefined variable: query
in APPPATH\Models\Libraries\Office\PositionModel.php on line 35.
 1 APPPATH\Models\Libraries\Office\PositionModel.php(35): CodeIgniter\Debug\Exceptions->errorHandler(8, 'Undefined variable: query', 'APPPATH\\Models\\Libraries\\Office\\PositionModel.php', 35, [...])
 2 APPPATH\Controllers\libraries\Office\PositionController.php(25): App\Models\Libraries\Office\PositionModel->loadPosition(0)
 3 SYSTEMPATH\CodeIgniter.php(904): App\Controllers\Libraries\Office\PositionController->loadPosition('0')
 4 SYSTEMPATH\CodeIgniter.php(457): CodeIgniter\CodeIgniter->runController(Object(App\Controllers\Libraries\Office\PositionController))
 5 SYSTEMPATH\CodeIgniter.php(340): CodeIgniter\CodeIgniter->handleRequest(null, Object(Config\Cache), false)
 6 FCPATH\index.php(67): CodeIgniter\CodeIgniter->run()
 7 SYSTEMPATH\Commands\Server\rewrite.php(43): require_once('FCPATH\\index.php')
CRITICAL - 2023-08-28 21:52:25 --> Undefined variable: query
in APPPATH\Models\Libraries\Office\PositionModel.php on line 35.
 1 APPPATH\Models\Libraries\Office\PositionModel.php(35): CodeIgniter\Debug\Exceptions->errorHandler(8, 'Undefined variable: query', 'APPPATH\\Models\\Libraries\\Office\\PositionModel.php', 35, [...])
 2 APPPATH\Controllers\libraries\Office\PositionController.php(25): App\Models\Libraries\Office\PositionModel->loadPosition(0)
 3 SYSTEMPATH\CodeIgniter.php(904): App\Controllers\Libraries\Office\PositionController->loadPosition('0')
 4 SYSTEMPATH\CodeIgniter.php(457): CodeIgniter\CodeIgniter->runController(Object(App\Controllers\Libraries\Office\PositionController))
 5 SYSTEMPATH\CodeIgniter.php(340): CodeIgniter\CodeIgniter->handleRequest(null, Object(Config\Cache), false)
 6 FCPATH\index.php(67): CodeIgniter\CodeIgniter->run()
 7 SYSTEMPATH\Commands\Server\rewrite.php(43): require_once('FCPATH\\index.php')
CRITICAL - 2023-08-28 21:52:31 --> Undefined variable: query
in APPPATH\Models\Libraries\Office\PositionModel.php on line 35.
 1 APPPATH\Models\Libraries\Office\PositionModel.php(35): CodeIgniter\Debug\Exceptions->errorHandler(8, 'Undefined variable: query', 'APPPATH\\Models\\Libraries\\Office\\PositionModel.php', 35, [...])
 2 APPPATH\Controllers\libraries\Office\PositionController.php(25): App\Models\Libraries\Office\PositionModel->loadPosition(0)
 3 SYSTEMPATH\CodeIgniter.php(904): App\Controllers\Libraries\Office\PositionController->loadPosition('0')
 4 SYSTEMPATH\CodeIgniter.php(457): CodeIgniter\CodeIgniter->runController(Object(App\Controllers\Libraries\Office\PositionController))
 5 SYSTEMPATH\CodeIgniter.php(340): CodeIgniter\CodeIgniter->handleRequest(null, Object(Config\Cache), false)
 6 FCPATH\index.php(67): CodeIgniter\CodeIgniter->run()
 7 SYSTEMPATH\Commands\Server\rewrite.php(43): require_once('FCPATH\\index.php')
CRITICAL - 2023-08-28 21:52:46 --> __clone method called on non-object
in VENDORPATH\hermawan\codeigniter4-datatables\src\DataTableColumnDefs.php on line 240.
 1 VENDORPATH\hermawan\codeigniter4-datatables\src\DataTableColumnDefs.php(17): Hermawan\DataTables\DataTableColumnDefs->initFromBuilder(null)
 2 VENDORPATH\hermawan\codeigniter4-datatables\src\DataTable.php(35): Hermawan\DataTables\DataTableColumnDefs->__construct(null)
 3 VENDORPATH\hermawan\codeigniter4-datatables\src\DataTable.php(46): Hermawan\DataTables\DataTable->__construct(null)
 4 APPPATH\Controllers\libraries\Office\PositionController.php(27): Hermawan\DataTables\DataTable::of(null)
 5 SYSTEMPATH\CodeIgniter.php(904): App\Controllers\Libraries\Office\PositionController->loadPosition('0')
 6 SYSTEMPATH\CodeIgniter.php(457): CodeIgniter\CodeIgniter->runController(Object(App\Controllers\Libraries\Office\PositionController))
 7 SYSTEMPATH\CodeIgniter.php(340): CodeIgniter\CodeIgniter->handleRequest(null, Object(Config\Cache), false)
 8 FCPATH\index.php(67): CodeIgniter\CodeIgniter->run()
 9 SYSTEMPATH\Commands\Server\rewrite.php(43): require_once('FCPATH\\index.php')
CRITICAL - 2023-08-28 21:54:41 --> Call to undefined method CodeIgniter\Database\MySQLi\Builder::when()
in APPPATH\Models\Libraries\Office\PositionModel.php on line 35.
 1 APPPATH\Controllers\libraries\Office\PositionController.php(25): App\Models\Libraries\Office\PositionModel->loadPosition('64ec920eb1ea4')
 2 SYSTEMPATH\CodeIgniter.php(904): App\Controllers\Libraries\Office\PositionController->loadPosition('64ec920eb1ea4')
 3 SYSTEMPATH\CodeIgniter.php(457): CodeIgniter\CodeIgniter->runController(Object(App\Controllers\Libraries\Office\PositionController))
 4 SYSTEMPATH\CodeIgniter.php(340): CodeIgniter\CodeIgniter->handleRequest(null, Object(Config\Cache), false)
 5 FCPATH\index.php(67): CodeIgniter\CodeIgniter->run()
 6 SYSTEMPATH\Commands\Server\rewrite.php(43): require_once('FCPATH\\index.php')
