CRITICAL - 2023-08-21 00:01:42 --> Undefined index: password_hash
in APPPATH\Controllers\authentications\AuthenticationController.php on line 88.
 1 APPPATH\Controllers\authentications\AuthenticationController.php(88): CodeIgniter\Debug\Exceptions->errorHandler(8, 'Undefined index: password_hash', 'APPPATH\\Controllers\\authentications\\AuthenticationController.php', 88, [...])
 2 SYSTEMPATH\CodeIgniter.php(904): App\Controllers\authentications\AuthenticationController->LoginUser()
 3 SYSTEMPATH\CodeIgniter.php(457): CodeIgniter\CodeIgniter->runController(Object(App\Controllers\authentications\AuthenticationController))
 4 SYSTEMPATH\CodeIgniter.php(340): CodeIgniter\CodeIgniter->handleRequest(null, Object(Config\Cache), false)
 5 FCPATH\index.php(67): CodeIgniter\CodeIgniter->run()
 6 SYSTEMPATH\Commands\Server\rewrite.php(43): require_once('FCPATH\\index.php')
CRITICAL - 2023-08-21 00:01:42 --> Uncaught CodeIgniter\Format\Exceptions\FormatException: Failed to parse json string, error: "Type is not supported". in C:\laragon\www\promis\system\Format\JSONFormatter.php:41
Stack trace:
#0 C:\laragon\www\promis\system\Format\JSONFormatter.php(41): CodeIgniter\Format\Exceptions\FormatException::forInvalidJSON('Type is not sup...')
#1 C:\laragon\www\promis\system\API\ResponseTrait.php(348): CodeIgniter\Format\JSONFormatter->format(Array)
#2 C:\laragon\www\promis\system\API\ResponseTrait.php(99): CodeIgniter\Debug\Exceptions->format(Array)
#3 C:\laragon\www\promis\system\Debug\Exceptions.php(132): CodeIgniter\Debug\Exceptions->respond(Array, 500)
#4 [internal function]: CodeIgniter\Debug\Exceptions->exceptionHandler(Object(ErrorException))
#5 {main}
  thrown
in SYSTEMPATH\Format\JSONFormatter.php on line 41.
 1 [internal function]: CodeIgniter\Debug\Exceptions->shutdownHandler()
CRITICAL - 2023-08-21 00:03:04 --> Undefined index: id
in APPPATH\Controllers\authentications\AuthenticationController.php on line 96.
 1 APPPATH\Controllers\authentications\AuthenticationController.php(96): CodeIgniter\Debug\Exceptions->errorHandler(8, 'Undefined index: id', 'APPPATH\\Controllers\\authentications\\AuthenticationController.php', 96, [...])
 2 SYSTEMPATH\CodeIgniter.php(904): App\Controllers\authentications\AuthenticationController->LoginUser()
 3 SYSTEMPATH\CodeIgniter.php(457): CodeIgniter\CodeIgniter->runController(Object(App\Controllers\authentications\AuthenticationController))
 4 SYSTEMPATH\CodeIgniter.php(340): CodeIgniter\CodeIgniter->handleRequest(null, Object(Config\Cache), false)
 5 FCPATH\index.php(67): CodeIgniter\CodeIgniter->run()
 6 SYSTEMPATH\Commands\Server\rewrite.php(43): require_once('FCPATH\\index.php')
CRITICAL - 2023-08-21 00:03:04 --> Uncaught CodeIgniter\Format\Exceptions\FormatException: Failed to parse json string, error: "Type is not supported". in C:\laragon\www\promis\system\Format\JSONFormatter.php:41
Stack trace:
#0 C:\laragon\www\promis\system\Format\JSONFormatter.php(41): CodeIgniter\Format\Exceptions\FormatException::forInvalidJSON('Type is not sup...')
#1 C:\laragon\www\promis\system\API\ResponseTrait.php(348): CodeIgniter\Format\JSONFormatter->format(Array)
#2 C:\laragon\www\promis\system\API\ResponseTrait.php(99): CodeIgniter\Debug\Exceptions->format(Array)
#3 C:\laragon\www\promis\system\Debug\Exceptions.php(132): CodeIgniter\Debug\Exceptions->respond(Array, 500)
#4 [internal function]: CodeIgniter\Debug\Exceptions->exceptionHandler(Object(ErrorException))
#5 {main}
  thrown
in SYSTEMPATH\Format\JSONFormatter.php on line 41.
 1 [internal function]: CodeIgniter\Debug\Exceptions->shutdownHandler()
CRITICAL - 2023-08-21 00:03:30 --> Undefined index: id
in APPPATH\Controllers\authentications\AuthenticationController.php on line 96.
 1 APPPATH\Controllers\authentications\AuthenticationController.php(96): CodeIgniter\Debug\Exceptions->errorHandler(8, 'Undefined index: id', 'APPPATH\\Controllers\\authentications\\AuthenticationController.php', 96, [...])
 2 SYSTEMPATH\CodeIgniter.php(904): App\Controllers\authentications\AuthenticationController->LoginUser()
 3 SYSTEMPATH\CodeIgniter.php(457): CodeIgniter\CodeIgniter->runController(Object(App\Controllers\authentications\AuthenticationController))
 4 SYSTEMPATH\CodeIgniter.php(340): CodeIgniter\CodeIgniter->handleRequest(null, Object(Config\Cache), false)
 5 FCPATH\index.php(67): CodeIgniter\CodeIgniter->run()
 6 SYSTEMPATH\Commands\Server\rewrite.php(43): require_once('FCPATH\\index.php')
CRITICAL - 2023-08-21 00:03:30 --> Uncaught CodeIgniter\Format\Exceptions\FormatException: Failed to parse json string, error: "Type is not supported". in C:\laragon\www\promis\system\Format\JSONFormatter.php:41
Stack trace:
#0 C:\laragon\www\promis\system\Format\JSONFormatter.php(41): CodeIgniter\Format\Exceptions\FormatException::forInvalidJSON('Type is not sup...')
#1 C:\laragon\www\promis\system\API\ResponseTrait.php(348): CodeIgniter\Format\JSONFormatter->format(Array)
#2 C:\laragon\www\promis\system\API\ResponseTrait.php(99): CodeIgniter\Debug\Exceptions->format(Array)
#3 C:\laragon\www\promis\system\Debug\Exceptions.php(132): CodeIgniter\Debug\Exceptions->respond(Array, 500)
#4 [internal function]: CodeIgniter\Debug\Exceptions->exceptionHandler(Object(ErrorException))
#5 {main}
  thrown
in SYSTEMPATH\Format\JSONFormatter.php on line 41.
 1 [internal function]: CodeIgniter\Debug\Exceptions->shutdownHandler()
CRITICAL - 2023-08-21 00:04:15 --> Undefined index: id
in APPPATH\Controllers\authentications\AuthenticationController.php on line 96.
 1 APPPATH\Controllers\authentications\AuthenticationController.php(96): CodeIgniter\Debug\Exceptions->errorHandler(8, 'Undefined index: id', 'APPPATH\\Controllers\\authentications\\AuthenticationController.php', 96, [...])
 2 SYSTEMPATH\CodeIgniter.php(904): App\Controllers\authentications\AuthenticationController->LoginUser()
 3 SYSTEMPATH\CodeIgniter.php(457): CodeIgniter\CodeIgniter->runController(Object(App\Controllers\authentications\AuthenticationController))
 4 SYSTEMPATH\CodeIgniter.php(340): CodeIgniter\CodeIgniter->handleRequest(null, Object(Config\Cache), false)
 5 FCPATH\index.php(67): CodeIgniter\CodeIgniter->run()
 6 SYSTEMPATH\Commands\Server\rewrite.php(43): require_once('FCPATH\\index.php')
CRITICAL - 2023-08-21 00:04:15 --> Uncaught CodeIgniter\Format\Exceptions\FormatException: Failed to parse json string, error: "Type is not supported". in C:\laragon\www\promis\system\Format\JSONFormatter.php:41
Stack trace:
#0 C:\laragon\www\promis\system\Format\JSONFormatter.php(41): CodeIgniter\Format\Exceptions\FormatException::forInvalidJSON('Type is not sup...')
#1 C:\laragon\www\promis\system\API\ResponseTrait.php(348): CodeIgniter\Format\JSONFormatter->format(Array)
#2 C:\laragon\www\promis\system\API\ResponseTrait.php(99): CodeIgniter\Debug\Exceptions->format(Array)
#3 C:\laragon\www\promis\system\Debug\Exceptions.php(132): CodeIgniter\Debug\Exceptions->respond(Array, 500)
#4 [internal function]: CodeIgniter\Debug\Exceptions->exceptionHandler(Object(ErrorException))
#5 {main}
  thrown
in SYSTEMPATH\Format\JSONFormatter.php on line 41.
 1 [internal function]: CodeIgniter\Debug\Exceptions->shutdownHandler()
CRITICAL - 2023-08-21 00:05:36 --> You must set the database table to be used with your query.
in SYSTEMPATH\Database\BaseConnection.php on line 872.
 1 SYSTEMPATH\Model.php(587): CodeIgniter\Database\BaseConnection->table(null)
 2 SYSTEMPATH\Model.php(764): CodeIgniter\Model->builder()
 3 APPPATH\Controllers\BaseController.php(50): CodeIgniter\Model->__call('where', [...])
 4 SYSTEMPATH\CodeIgniter.php(866): App\Controllers\BaseController->__construct()
 5 SYSTEMPATH\CodeIgniter.php(448): CodeIgniter\CodeIgniter->createController()
 6 SYSTEMPATH\CodeIgniter.php(340): CodeIgniter\CodeIgniter->handleRequest(null, Object(Config\Cache), false)
 7 FCPATH\index.php(67): CodeIgniter\CodeIgniter->run()
 8 SYSTEMPATH\Commands\Server\rewrite.php(43): require_once('FCPATH\\index.php')
CRITICAL - 2023-08-21 00:08:44 --> Undefined property: App\Controllers\DashboardController::$userInfo
in APPPATH\Controllers\DashboardController.php on line 20.
 1 APPPATH\Controllers\DashboardController.php(20): CodeIgniter\Debug\Exceptions->errorHandler(8, 'Undefined property: App\\Controllers\\DashboardController::$userInfo', 'APPPATH\\Controllers\\DashboardController.php', 20, [...])
 2 SYSTEMPATH\CodeIgniter.php(904): App\Controllers\DashboardController->index()
 3 SYSTEMPATH\CodeIgniter.php(457): CodeIgniter\CodeIgniter->runController(Object(App\Controllers\DashboardController))
 4 SYSTEMPATH\CodeIgniter.php(340): CodeIgniter\CodeIgniter->handleRequest(null, Object(Config\Cache), false)
 5 FCPATH\index.php(67): CodeIgniter\CodeIgniter->run()
 6 SYSTEMPATH\Commands\Server\rewrite.php(43): require_once('FCPATH\\index.php')
CRITICAL - 2023-08-21 00:09:19 --> Undefined property: App\Controllers\DashboardController::$userInfo
in APPPATH\Controllers\DashboardController.php on line 20.
 1 APPPATH\Controllers\DashboardController.php(20): CodeIgniter\Debug\Exceptions->errorHandler(8, 'Undefined property: App\\Controllers\\DashboardController::$userInfo', 'APPPATH\\Controllers\\DashboardController.php', 20, [...])
 2 SYSTEMPATH\CodeIgniter.php(904): App\Controllers\DashboardController->index()
 3 SYSTEMPATH\CodeIgniter.php(457): CodeIgniter\CodeIgniter->runController(Object(App\Controllers\DashboardController))
 4 SYSTEMPATH\CodeIgniter.php(340): CodeIgniter\CodeIgniter->handleRequest(null, Object(Config\Cache), false)
 5 FCPATH\index.php(67): CodeIgniter\CodeIgniter->run()
 6 SYSTEMPATH\Commands\Server\rewrite.php(43): require_once('FCPATH\\index.php')
CRITICAL - 2023-08-21 00:09:40 --> Undefined property: App\Controllers\DashboardController::$userInfo
in APPPATH\Controllers\DashboardController.php on line 20.
 1 APPPATH\Controllers\DashboardController.php(20): CodeIgniter\Debug\Exceptions->errorHandler(8, 'Undefined property: App\\Controllers\\DashboardController::$userInfo', 'APPPATH\\Controllers\\DashboardController.php', 20, [...])
 2 SYSTEMPATH\CodeIgniter.php(904): App\Controllers\DashboardController->index()
 3 SYSTEMPATH\CodeIgniter.php(457): CodeIgniter\CodeIgniter->runController(Object(App\Controllers\DashboardController))
 4 SYSTEMPATH\CodeIgniter.php(340): CodeIgniter\CodeIgniter->handleRequest(null, Object(Config\Cache), false)
 5 FCPATH\index.php(67): CodeIgniter\CodeIgniter->run()
 6 SYSTEMPATH\Commands\Server\rewrite.php(43): require_once('FCPATH\\index.php')
CRITICAL - 2023-08-21 01:44:41 --> Cannot use object of type stdClass as array
in APPPATH\Controllers\authentications\AuthenticationController.php on line 94.
 1 SYSTEMPATH\CodeIgniter.php(904): App\Controllers\authentications\AuthenticationController->LoginUser()
 2 SYSTEMPATH\CodeIgniter.php(457): CodeIgniter\CodeIgniter->runController(Object(App\Controllers\authentications\AuthenticationController))
 3 SYSTEMPATH\CodeIgniter.php(340): CodeIgniter\CodeIgniter->handleRequest(null, Object(Config\Cache), false)
 4 FCPATH\index.php(67): CodeIgniter\CodeIgniter->run()
 5 SYSTEMPATH\Commands\Server\rewrite.php(43): require_once('FCPATH\\index.php')
CRITICAL - 2023-08-21 01:45:38 --> Undefined index: password_hash
in APPPATH\Controllers\authentications\AuthenticationController.php on line 94.
 1 APPPATH\Controllers\authentications\AuthenticationController.php(94): CodeIgniter\Debug\Exceptions->errorHandler(8, 'Undefined index: password_hash', 'APPPATH\\Controllers\\authentications\\AuthenticationController.php', 94, [...])
 2 SYSTEMPATH\CodeIgniter.php(904): App\Controllers\authentications\AuthenticationController->LoginUser()
 3 SYSTEMPATH\CodeIgniter.php(457): CodeIgniter\CodeIgniter->runController(Object(App\Controllers\authentications\AuthenticationController))
 4 SYSTEMPATH\CodeIgniter.php(340): CodeIgniter\CodeIgniter->handleRequest(null, Object(Config\Cache), false)
 5 FCPATH\index.php(67): CodeIgniter\CodeIgniter->run()
 6 SYSTEMPATH\Commands\Server\rewrite.php(43): require_once('FCPATH\\index.php')
CRITICAL - 2023-08-21 01:45:38 --> Uncaught CodeIgniter\Format\Exceptions\FormatException: Failed to parse json string, error: "Type is not supported". in C:\laragon\www\promis\system\Format\JSONFormatter.php:41
Stack trace:
#0 C:\laragon\www\promis\system\Format\JSONFormatter.php(41): CodeIgniter\Format\Exceptions\FormatException::forInvalidJSON('Type is not sup...')
#1 C:\laragon\www\promis\system\API\ResponseTrait.php(348): CodeIgniter\Format\JSONFormatter->format(Array)
#2 C:\laragon\www\promis\system\API\ResponseTrait.php(99): CodeIgniter\Debug\Exceptions->format(Array)
#3 C:\laragon\www\promis\system\Debug\Exceptions.php(132): CodeIgniter\Debug\Exceptions->respond(Array, 500)
#4 [internal function]: CodeIgniter\Debug\Exceptions->exceptionHandler(Object(ErrorException))
#5 {main}
  thrown
in SYSTEMPATH\Format\JSONFormatter.php on line 41.
 1 [internal function]: CodeIgniter\Debug\Exceptions->shutdownHandler()
CRITICAL - 2023-08-21 01:46:23 --> Cannot use object of type stdClass as array
in APPPATH\Controllers\authentications\AuthenticationController.php on line 39.
 1 SYSTEMPATH\CodeIgniter.php(904): App\Controllers\authentications\AuthenticationController->index()
 2 SYSTEMPATH\CodeIgniter.php(457): CodeIgniter\CodeIgniter->runController(Object(App\Controllers\authentications\AuthenticationController))
 3 SYSTEMPATH\CodeIgniter.php(340): CodeIgniter\CodeIgniter->handleRequest(null, Object(Config\Cache), false)
 4 FCPATH\index.php(67): CodeIgniter\CodeIgniter->run()
 5 SYSTEMPATH\Commands\Server\rewrite.php(43): require_once('FCPATH\\index.php')
CRITICAL - 2023-08-21 01:46:35 --> Undefined index: password_hash
in APPPATH\Controllers\authentications\AuthenticationController.php on line 39.
 1 APPPATH\Controllers\authentications\AuthenticationController.php(39): CodeIgniter\Debug\Exceptions->errorHandler(8, 'Undefined index: password_hash', 'APPPATH\\Controllers\\authentications\\AuthenticationController.php', 39, [...])
 2 SYSTEMPATH\CodeIgniter.php(904): App\Controllers\authentications\AuthenticationController->index()
 3 SYSTEMPATH\CodeIgniter.php(457): CodeIgniter\CodeIgniter->runController(Object(App\Controllers\authentications\AuthenticationController))
 4 SYSTEMPATH\CodeIgniter.php(340): CodeIgniter\CodeIgniter->handleRequest(null, Object(Config\Cache), false)
 5 FCPATH\index.php(67): CodeIgniter\CodeIgniter->run()
 6 SYSTEMPATH\Commands\Server\rewrite.php(43): require_once('FCPATH\\index.php')
CRITICAL - 2023-08-21 01:46:36 --> Undefined index: password_hash
in APPPATH\Controllers\authentications\AuthenticationController.php on line 39.
 1 APPPATH\Controllers\authentications\AuthenticationController.php(39): CodeIgniter\Debug\Exceptions->errorHandler(8, 'Undefined index: password_hash', 'APPPATH\\Controllers\\authentications\\AuthenticationController.php', 39, [...])
 2 SYSTEMPATH\CodeIgniter.php(904): App\Controllers\authentications\AuthenticationController->index()
 3 SYSTEMPATH\CodeIgniter.php(457): CodeIgniter\CodeIgniter->runController(Object(App\Controllers\authentications\AuthenticationController))
 4 SYSTEMPATH\CodeIgniter.php(340): CodeIgniter\CodeIgniter->handleRequest(null, Object(Config\Cache), false)
 5 FCPATH\index.php(67): CodeIgniter\CodeIgniter->run()
 6 SYSTEMPATH\Commands\Server\rewrite.php(43): require_once('FCPATH\\index.php')
CRITICAL - 2023-08-21 01:49:09 --> Undefined variable: userInfo
in APPPATH\Controllers\authentications\AuthenticationController.php on line 39.
 1 APPPATH\Controllers\authentications\AuthenticationController.php(39): CodeIgniter\Debug\Exceptions->errorHandler(8, 'Undefined variable: userInfo', 'APPPATH\\Controllers\\authentications\\AuthenticationController.php', 39, [...])
 2 SYSTEMPATH\CodeIgniter.php(904): App\Controllers\authentications\AuthenticationController->index()
 3 SYSTEMPATH\CodeIgniter.php(457): CodeIgniter\CodeIgniter->runController(Object(App\Controllers\authentications\AuthenticationController))
 4 SYSTEMPATH\CodeIgniter.php(340): CodeIgniter\CodeIgniter->handleRequest(null, Object(Config\Cache), false)
 5 FCPATH\index.php(67): CodeIgniter\CodeIgniter->run()
 6 SYSTEMPATH\Commands\Server\rewrite.php(43): require_once('FCPATH\\index.php')
CRITICAL - 2023-08-21 01:49:22 --> Undefined variable: userInfo
in APPPATH\Controllers\authentications\AuthenticationController.php on line 39.
 1 APPPATH\Controllers\authentications\AuthenticationController.php(39): CodeIgniter\Debug\Exceptions->errorHandler(8, 'Undefined variable: userInfo', 'APPPATH\\Controllers\\authentications\\AuthenticationController.php', 39, [...])
 2 SYSTEMPATH\CodeIgniter.php(904): App\Controllers\authentications\AuthenticationController->index()
 3 SYSTEMPATH\CodeIgniter.php(457): CodeIgniter\CodeIgniter->runController(Object(App\Controllers\authentications\AuthenticationController))
 4 SYSTEMPATH\CodeIgniter.php(340): CodeIgniter\CodeIgniter->handleRequest(null, Object(Config\Cache), false)
 5 FCPATH\index.php(67): CodeIgniter\CodeIgniter->run()
 6 SYSTEMPATH\Commands\Server\rewrite.php(43): require_once('FCPATH\\index.php')
CRITICAL - 2023-08-21 02:02:26 --> Allowed fields must be specified for model: App\Models\Authentications\AuthModel
in SYSTEMPATH\BaseModel.php on line 1139.
 1 SYSTEMPATH\BaseModel.php(1139): CodeIgniter\Database\Exceptions\DataException::forInvalidAllowedFields('App\\Models\\Authentications\\AuthModel')
 2 SYSTEMPATH\BaseModel.php(713): CodeIgniter\BaseModel->doProtectFields([...])
 3 SYSTEMPATH\Model.php(667): CodeIgniter\BaseModel->insert([...], true)
 4 APPPATH\Models\Authentications\AuthModel.php(41): CodeIgniter\Model->insert([...])
 5 APPPATH\Controllers\authentications\AuthenticationController.php(108): App\Models\Authentications\AuthModel->insertSession([...])
 6 SYSTEMPATH\CodeIgniter.php(904): App\Controllers\authentications\AuthenticationController->LoginUser()
 7 SYSTEMPATH\CodeIgniter.php(457): CodeIgniter\CodeIgniter->runController(Object(App\Controllers\authentications\AuthenticationController))
 8 SYSTEMPATH\CodeIgniter.php(340): CodeIgniter\CodeIgniter->handleRequest(null, Object(Config\Cache), false)
 9 FCPATH\index.php(67): CodeIgniter\CodeIgniter->run()
10 SYSTEMPATH\Commands\Server\rewrite.php(43): require_once('FCPATH\\index.php')
CRITICAL - 2023-08-21 02:06:40 --> Allowed fields must be specified for model: App\Models\Authentications\AuthModel
in SYSTEMPATH\BaseModel.php on line 1139.
 1 SYSTEMPATH\BaseModel.php(1139): CodeIgniter\Database\Exceptions\DataException::forInvalidAllowedFields('App\\Models\\Authentications\\AuthModel')
 2 SYSTEMPATH\BaseModel.php(713): CodeIgniter\BaseModel->doProtectFields([...])
 3 SYSTEMPATH\Model.php(667): CodeIgniter\BaseModel->insert([...], true)
 4 APPPATH\Models\Authentications\AuthModel.php(41): CodeIgniter\Model->insert([...])
 5 APPPATH\Controllers\authentications\AuthenticationController.php(108): App\Models\Authentications\AuthModel->insertSession([...])
 6 SYSTEMPATH\CodeIgniter.php(904): App\Controllers\authentications\AuthenticationController->LoginUser()
 7 SYSTEMPATH\CodeIgniter.php(457): CodeIgniter\CodeIgniter->runController(Object(App\Controllers\authentications\AuthenticationController))
 8 SYSTEMPATH\CodeIgniter.php(340): CodeIgniter\CodeIgniter->handleRequest(null, Object(Config\Cache), false)
 9 FCPATH\index.php(67): CodeIgniter\CodeIgniter->run()
10 SYSTEMPATH\Commands\Server\rewrite.php(43): require_once('FCPATH\\index.php')
CRITICAL - 2023-08-21 02:08:35 --> Allowed fields must be specified for model: App\Models\Authentications\AuthModel
in SYSTEMPATH\BaseModel.php on line 1139.
 1 SYSTEMPATH\BaseModel.php(1139): CodeIgniter\Database\Exceptions\DataException::forInvalidAllowedFields('App\\Models\\Authentications\\AuthModel')
 2 SYSTEMPATH\BaseModel.php(713): CodeIgniter\BaseModel->doProtectFields([...])
 3 SYSTEMPATH\Model.php(667): CodeIgniter\BaseModel->insert([...], true)
 4 APPPATH\Models\Authentications\AuthModel.php(41): CodeIgniter\Model->insert([...])
 5 APPPATH\Controllers\authentications\AuthenticationController.php(109): App\Models\Authentications\AuthModel->insertSession([...])
 6 SYSTEMPATH\CodeIgniter.php(904): App\Controllers\authentications\AuthenticationController->LoginUser()
 7 SYSTEMPATH\CodeIgniter.php(457): CodeIgniter\CodeIgniter->runController(Object(App\Controllers\authentications\AuthenticationController))
 8 SYSTEMPATH\CodeIgniter.php(340): CodeIgniter\CodeIgniter->handleRequest(null, Object(Config\Cache), false)
 9 FCPATH\index.php(67): CodeIgniter\CodeIgniter->run()
10 SYSTEMPATH\Commands\Server\rewrite.php(43): require_once('FCPATH\\index.php')
CRITICAL - 2023-08-21 02:16:29 --> Allowed fields must be specified for model: App\Models\Authentications\AuthModel
in SYSTEMPATH\BaseModel.php on line 1139.
 1 SYSTEMPATH\BaseModel.php(1139): CodeIgniter\Database\Exceptions\DataException::forInvalidAllowedFields('App\\Models\\Authentications\\AuthModel')
 2 SYSTEMPATH\BaseModel.php(713): CodeIgniter\BaseModel->doProtectFields([...])
 3 SYSTEMPATH\Model.php(667): CodeIgniter\BaseModel->insert([...], true)
 4 APPPATH\Models\Authentications\AuthModel.php(41): CodeIgniter\Model->insert([...])
 5 APPPATH\Controllers\authentications\AuthenticationController.php(109): App\Models\Authentications\AuthModel->insertSession([...])
 6 SYSTEMPATH\CodeIgniter.php(904): App\Controllers\authentications\AuthenticationController->LoginUser()
 7 SYSTEMPATH\CodeIgniter.php(457): CodeIgniter\CodeIgniter->runController(Object(App\Controllers\authentications\AuthenticationController))
 8 SYSTEMPATH\CodeIgniter.php(340): CodeIgniter\CodeIgniter->handleRequest(null, Object(Config\Cache), false)
 9 FCPATH\index.php(67): CodeIgniter\CodeIgniter->run()
10 SYSTEMPATH\Commands\Server\rewrite.php(43): require_once('FCPATH\\index.php')
CRITICAL - 2023-08-21 02:18:32 --> Allowed fields must be specified for model: App\Models\Authentications\AuthModel
in SYSTEMPATH\BaseModel.php on line 1139.
 1 SYSTEMPATH\BaseModel.php(1139): CodeIgniter\Database\Exceptions\DataException::forInvalidAllowedFields('App\\Models\\Authentications\\AuthModel')
 2 SYSTEMPATH\BaseModel.php(713): CodeIgniter\BaseModel->doProtectFields([...])
 3 SYSTEMPATH\Model.php(667): CodeIgniter\BaseModel->insert([...], true)
 4 APPPATH\Models\Authentications\AuthModel.php(42): CodeIgniter\Model->insert([...])
 5 APPPATH\Controllers\authentications\AuthenticationController.php(109): App\Models\Authentications\AuthModel->insertSession([...])
 6 SYSTEMPATH\CodeIgniter.php(904): App\Controllers\authentications\AuthenticationController->LoginUser()
 7 SYSTEMPATH\CodeIgniter.php(457): CodeIgniter\CodeIgniter->runController(Object(App\Controllers\authentications\AuthenticationController))
 8 SYSTEMPATH\CodeIgniter.php(340): CodeIgniter\CodeIgniter->handleRequest(null, Object(Config\Cache), false)
 9 FCPATH\index.php(67): CodeIgniter\CodeIgniter->run()
10 SYSTEMPATH\Commands\Server\rewrite.php(43): require_once('FCPATH\\index.php')
ERROR - 2023-08-21 02:21:21 --> mysqli_sql_exception: Unknown column 'user_id' in 'field list' in C:\laragon\www\promis\system\Database\MySQLi\Connection.php:292
Stack trace:
#0 C:\laragon\www\promis\system\Database\MySQLi\Connection.php(292): mysqli->query('INSERT INTO `au...', 0)
#1 C:\laragon\www\promis\system\Database\BaseConnection.php(693): CodeIgniter\Database\MySQLi\Connection->execute('INSERT INTO `au...')
#2 C:\laragon\www\promis\system\Database\BaseConnection.php(620): CodeIgniter\Database\BaseConnection->simpleQuery('INSERT INTO `au...')
#3 C:\laragon\www\promis\system\Database\BaseBuilder.php(1916): CodeIgniter\Database\BaseConnection->query('INSERT INTO `au...', Array, false)
#4 C:\laragon\www\promis\system\Model.php(279): CodeIgniter\Database\BaseBuilder->insert()
#5 C:\laragon\www\promis\system\BaseModel.php(738): CodeIgniter\Model->doInsert(Array)
#6 C:\laragon\www\promis\system\Model.php(667): CodeIgniter\BaseModel->insert(Array, true)
#7 C:\laragon\www\promis\app\Models\Authentications\AuthModel.php(41): CodeIgniter\Model->insert(Array)
#8 C:\laragon\www\promis\app\Controllers\authentications\AuthenticationController.php(109): App\Models\Authentications\AuthModel->insertSession(Array)
#9 C:\laragon\www\promis\system\CodeIgniter.php(904): App\Controllers\authentications\AuthenticationController->LoginUser()
#10 C:\laragon\www\promis\system\CodeIgniter.php(457): CodeIgniter\CodeIgniter->runController(Object(App\Controllers\authentications\AuthenticationController))
#11 C:\laragon\www\promis\system\CodeIgniter.php(340): CodeIgniter\CodeIgniter->handleRequest(NULL, Object(Config\Cache), false)
#12 C:\laragon\www\promis\public\index.php(67): CodeIgniter\CodeIgniter->run()
#13 C:\laragon\www\promis\system\Commands\Server\rewrite.php(43): require_once('C:\\laragon\\www\\...')
#14 {main}
CRITICAL - 2023-08-21 02:21:21 --> Unknown column 'user_id' in 'field list'
in SYSTEMPATH\Database\MySQLi\Connection.php on line 292.
 1 SYSTEMPATH\Database\MySQLi\Connection.php(292): mysqli->query('INSERT INTO `auth_user` (`id`, `user_id`) VALUES (\'64e31071a3546\', \'16-08148-638592057dd1c\')', 0)
 2 SYSTEMPATH\Database\BaseConnection.php(693): CodeIgniter\Database\MySQLi\Connection->execute('INSERT INTO `auth_user` (`id`, `user_id`) VALUES (\'64e31071a3546\', \'16-08148-638592057dd1c\')')
 3 SYSTEMPATH\Database\BaseConnection.php(620): CodeIgniter\Database\BaseConnection->simpleQuery('INSERT INTO `auth_user` (`id`, `user_id`) VALUES (\'64e31071a3546\', \'16-08148-638592057dd1c\')')
 4 SYSTEMPATH\Database\BaseBuilder.php(1916): CodeIgniter\Database\BaseConnection->query('INSERT INTO `auth_user` (`id`, `user_id`) VALUES (:id:, :user_id:)', [...], false)
 5 SYSTEMPATH\Model.php(279): CodeIgniter\Database\BaseBuilder->insert()
 6 SYSTEMPATH\BaseModel.php(738): CodeIgniter\Model->doInsert([...])
 7 SYSTEMPATH\Model.php(667): CodeIgniter\BaseModel->insert([...], true)
 8 APPPATH\Models\Authentications\AuthModel.php(41): CodeIgniter\Model->insert([...])
 9 APPPATH\Controllers\authentications\AuthenticationController.php(109): App\Models\Authentications\AuthModel->insertSession([...])
10 SYSTEMPATH\CodeIgniter.php(904): App\Controllers\authentications\AuthenticationController->LoginUser()
11 SYSTEMPATH\CodeIgniter.php(457): CodeIgniter\CodeIgniter->runController(Object(App\Controllers\authentications\AuthenticationController))
12 SYSTEMPATH\CodeIgniter.php(340): CodeIgniter\CodeIgniter->handleRequest(null, Object(Config\Cache), false)
13 FCPATH\index.php(67): CodeIgniter\CodeIgniter->run()
14 SYSTEMPATH\Commands\Server\rewrite.php(43): require_once('FCPATH\\index.php')
CRITICAL - 2023-08-21 02:26:35 --> Call to undefined method App\Models\Authentications\AuthModel::getAllowedFields
in SYSTEMPATH\Model.php on line 774.
 1 APPPATH\Models\Authentications\AuthModel.php(44): CodeIgniter\Model->__call('getAllowedFields', [...])
 2 APPPATH\Controllers\authentications\AuthenticationController.php(109): App\Models\Authentications\AuthModel->insertSession([...])
 3 SYSTEMPATH\CodeIgniter.php(904): App\Controllers\authentications\AuthenticationController->LoginUser()
 4 SYSTEMPATH\CodeIgniter.php(457): CodeIgniter\CodeIgniter->runController(Object(App\Controllers\authentications\AuthenticationController))
 5 SYSTEMPATH\CodeIgniter.php(340): CodeIgniter\CodeIgniter->handleRequest(null, Object(Config\Cache), false)
 6 FCPATH\index.php(67): CodeIgniter\CodeIgniter->run()
 7 SYSTEMPATH\Commands\Server\rewrite.php(43): require_once('FCPATH\\index.php')
CRITICAL - 2023-08-21 02:28:15 --> Class 'App\Models\Authentications\AuthModel' not found
in APPPATH\Controllers\authentications\AuthenticationController.php on line 57.
 1 SYSTEMPATH\CodeIgniter.php(904): App\Controllers\authentications\AuthenticationController->LoginUser()
 2 SYSTEMPATH\CodeIgniter.php(457): CodeIgniter\CodeIgniter->runController(Object(App\Controllers\authentications\AuthenticationController))
 3 SYSTEMPATH\CodeIgniter.php(340): CodeIgniter\CodeIgniter->handleRequest(null, Object(Config\Cache), false)
 4 FCPATH\index.php(67): CodeIgniter\CodeIgniter->run()
 5 SYSTEMPATH\Commands\Server\rewrite.php(43): require_once('FCPATH\\index.php')
CRITICAL - 2023-08-21 02:29:17 --> Call to undefined method App\Models\Authentications\AuthModel::getAllowedFields
in SYSTEMPATH\Model.php on line 774.
 1 APPPATH\Models\Authentications\AuthModel.php(44): CodeIgniter\Model->__call('getAllowedFields', [...])
 2 APPPATH\Controllers\authentications\AuthenticationController.php(109): App\Models\Authentications\AuthModel->insertSession([...])
 3 SYSTEMPATH\CodeIgniter.php(904): App\Controllers\authentications\AuthenticationController->LoginUser()
 4 SYSTEMPATH\CodeIgniter.php(457): CodeIgniter\CodeIgniter->runController(Object(App\Controllers\authentications\AuthenticationController))
 5 SYSTEMPATH\CodeIgniter.php(340): CodeIgniter\CodeIgniter->handleRequest(null, Object(Config\Cache), false)
 6 FCPATH\index.php(67): CodeIgniter\CodeIgniter->run()
 7 SYSTEMPATH\Commands\Server\rewrite.php(43): require_once('FCPATH\\index.php')
CRITICAL - 2023-08-21 02:30:42 --> There is no data to insert.
in SYSTEMPATH\BaseModel.php on line 1577.
 1 SYSTEMPATH\BaseModel.php(1577): CodeIgniter\Database\Exceptions\DataException::forEmptyDataset('insert')
 2 SYSTEMPATH\BaseModel.php(704): CodeIgniter\BaseModel->transformDataToArray([], 'insert')
 3 SYSTEMPATH\Model.php(667): CodeIgniter\BaseModel->insert([], true)
 4 APPPATH\Models\Authentications\AuthModel.php(49): CodeIgniter\Model->insert([])
 5 APPPATH\Controllers\authentications\AuthenticationController.php(109): App\Models\Authentications\AuthModel->insertSession([...])
 6 SYSTEMPATH\CodeIgniter.php(904): App\Controllers\authentications\AuthenticationController->LoginUser()
 7 SYSTEMPATH\CodeIgniter.php(457): CodeIgniter\CodeIgniter->runController(Object(App\Controllers\authentications\AuthenticationController))
 8 SYSTEMPATH\CodeIgniter.php(340): CodeIgniter\CodeIgniter->handleRequest(null, Object(Config\Cache), false)
 9 FCPATH\index.php(67): CodeIgniter\CodeIgniter->run()
10 SYSTEMPATH\Commands\Server\rewrite.php(43): require_once('FCPATH\\index.php')
CRITICAL - 2023-08-21 02:32:30 --> Allowed fields must be specified for model: App\Models\Authentications\AuthModel
in SYSTEMPATH\BaseModel.php on line 1139.
 1 SYSTEMPATH\BaseModel.php(1139): CodeIgniter\Database\Exceptions\DataException::forInvalidAllowedFields('App\\Models\\Authentications\\AuthModel')
 2 SYSTEMPATH\BaseModel.php(713): CodeIgniter\BaseModel->doProtectFields([...])
 3 SYSTEMPATH\Model.php(667): CodeIgniter\BaseModel->insert([...], true)
 4 APPPATH\Models\Authentications\AuthModel.php(49): CodeIgniter\Model->insert([...])
 5 APPPATH\Controllers\authentications\AuthenticationController.php(109): App\Models\Authentications\AuthModel->insertSession([...])
 6 SYSTEMPATH\CodeIgniter.php(904): App\Controllers\authentications\AuthenticationController->LoginUser()
 7 SYSTEMPATH\CodeIgniter.php(457): CodeIgniter\CodeIgniter->runController(Object(App\Controllers\authentications\AuthenticationController))
 8 SYSTEMPATH\CodeIgniter.php(340): CodeIgniter\CodeIgniter->handleRequest(null, Object(Config\Cache), false)
 9 FCPATH\index.php(67): CodeIgniter\CodeIgniter->run()
10 SYSTEMPATH\Commands\Server\rewrite.php(43): require_once('FCPATH\\index.php')
CRITICAL - 2023-08-21 02:33:22 --> Allowed fields must be specified for model: App\Models\Authentications\AuthModel
in SYSTEMPATH\BaseModel.php on line 1139.
 1 SYSTEMPATH\BaseModel.php(1139): CodeIgniter\Database\Exceptions\DataException::forInvalidAllowedFields('App\\Models\\Authentications\\AuthModel')
 2 SYSTEMPATH\BaseModel.php(713): CodeIgniter\BaseModel->doProtectFields([...])
 3 SYSTEMPATH\Model.php(667): CodeIgniter\BaseModel->insert([...], true)
 4 APPPATH\Models\Authentications\AuthModel.php(49): CodeIgniter\Model->insert([...])
 5 APPPATH\Controllers\authentications\AuthenticationController.php(109): App\Models\Authentications\AuthModel->insertSession([...])
 6 SYSTEMPATH\CodeIgniter.php(904): App\Controllers\authentications\AuthenticationController->LoginUser()
 7 SYSTEMPATH\CodeIgniter.php(457): CodeIgniter\CodeIgniter->runController(Object(App\Controllers\authentications\AuthenticationController))
 8 SYSTEMPATH\CodeIgniter.php(340): CodeIgniter\CodeIgniter->handleRequest(null, Object(Config\Cache), false)
 9 FCPATH\index.php(67): CodeIgniter\CodeIgniter->run()
10 SYSTEMPATH\Commands\Server\rewrite.php(43): require_once('FCPATH\\index.php')
CRITICAL - 2023-08-21 02:33:52 --> There is no data to insert.
in SYSTEMPATH\BaseModel.php on line 1577.
 1 SYSTEMPATH\BaseModel.php(1577): CodeIgniter\Database\Exceptions\DataException::forEmptyDataset('insert')
 2 SYSTEMPATH\BaseModel.php(704): CodeIgniter\BaseModel->transformDataToArray([], 'insert')
 3 SYSTEMPATH\Model.php(667): CodeIgniter\BaseModel->insert([], true)
 4 APPPATH\Models\Authentications\AuthModel.php(49): CodeIgniter\Model->insert([])
 5 APPPATH\Controllers\authentications\AuthenticationController.php(109): App\Models\Authentications\AuthModel->insertSession([...])
 6 SYSTEMPATH\CodeIgniter.php(904): App\Controllers\authentications\AuthenticationController->LoginUser()
 7 SYSTEMPATH\CodeIgniter.php(457): CodeIgniter\CodeIgniter->runController(Object(App\Controllers\authentications\AuthenticationController))
 8 SYSTEMPATH\CodeIgniter.php(340): CodeIgniter\CodeIgniter->handleRequest(null, Object(Config\Cache), false)
 9 FCPATH\index.php(67): CodeIgniter\CodeIgniter->run()
10 SYSTEMPATH\Commands\Server\rewrite.php(43): require_once('FCPATH\\index.php')
CRITICAL - 2023-08-21 02:42:26 --> There is no data to insert.
in SYSTEMPATH\BaseModel.php on line 1577.
 1 SYSTEMPATH\BaseModel.php(1577): CodeIgniter\Database\Exceptions\DataException::forEmptyDataset('insert')
 2 SYSTEMPATH\BaseModel.php(704): CodeIgniter\BaseModel->transformDataToArray([], 'insert')
 3 SYSTEMPATH\Model.php(667): CodeIgniter\BaseModel->insert([], true)
 4 APPPATH\Models\Authentications\AuthModel.php(53): CodeIgniter\Model->insert([])
 5 APPPATH\Controllers\authentications\AuthenticationController.php(109): App\Models\Authentications\AuthModel->insertSession([...])
 6 SYSTEMPATH\CodeIgniter.php(904): App\Controllers\authentications\AuthenticationController->LoginUser()
 7 SYSTEMPATH\CodeIgniter.php(457): CodeIgniter\CodeIgniter->runController(Object(App\Controllers\authentications\AuthenticationController))
 8 SYSTEMPATH\CodeIgniter.php(340): CodeIgniter\CodeIgniter->handleRequest(null, Object(Config\Cache), false)
 9 FCPATH\index.php(67): CodeIgniter\CodeIgniter->run()
10 SYSTEMPATH\Commands\Server\rewrite.php(43): require_once('FCPATH\\index.php')
CRITICAL - 2023-08-21 02:51:30 --> There is no data to insert.
in SYSTEMPATH\BaseModel.php on line 1577.
 1 SYSTEMPATH\BaseModel.php(1577): CodeIgniter\Database\Exceptions\DataException::forEmptyDataset('insert')
 2 SYSTEMPATH\BaseModel.php(704): CodeIgniter\BaseModel->transformDataToArray([], 'insert')
 3 SYSTEMPATH\Model.php(667): CodeIgniter\BaseModel->insert([], true)
 4 APPPATH\Models\Authentications\AuthModel.php(49): CodeIgniter\Model->insert([])
 5 APPPATH\Controllers\authentications\AuthenticationController.php(109): App\Models\Authentications\AuthModel->insertSession([...])
 6 SYSTEMPATH\CodeIgniter.php(904): App\Controllers\authentications\AuthenticationController->LoginUser()
 7 SYSTEMPATH\CodeIgniter.php(457): CodeIgniter\CodeIgniter->runController(Object(App\Controllers\authentications\AuthenticationController))
 8 SYSTEMPATH\CodeIgniter.php(340): CodeIgniter\CodeIgniter->handleRequest(null, Object(Config\Cache), false)
 9 FCPATH\index.php(67): CodeIgniter\CodeIgniter->run()
10 SYSTEMPATH\Commands\Server\rewrite.php(43): require_once('FCPATH\\index.php')
CRITICAL - 2023-08-21 03:01:58 --> Allowed fields must be specified for model: App\Models\Authentications\AuthModel
in SYSTEMPATH\BaseModel.php on line 1139.
 1 SYSTEMPATH\BaseModel.php(1139): CodeIgniter\Database\Exceptions\DataException::forInvalidAllowedFields('App\\Models\\Authentications\\AuthModel')
 2 SYSTEMPATH\BaseModel.php(713): CodeIgniter\BaseModel->doProtectFields([...])
 3 SYSTEMPATH\Model.php(667): CodeIgniter\BaseModel->insert([...], true)
 4 APPPATH\Models\Authentications\AuthModel.php(49): CodeIgniter\Model->insert([...])
 5 APPPATH\Controllers\authentications\AuthenticationController.php(47): App\Models\Authentications\AuthModel->insertSession([...])
 6 SYSTEMPATH\CodeIgniter.php(904): App\Controllers\authentications\AuthenticationController->index()
 7 SYSTEMPATH\CodeIgniter.php(457): CodeIgniter\CodeIgniter->runController(Object(App\Controllers\authentications\AuthenticationController))
 8 SYSTEMPATH\CodeIgniter.php(340): CodeIgniter\CodeIgniter->handleRequest(null, Object(Config\Cache), false)
 9 FCPATH\index.php(67): CodeIgniter\CodeIgniter->run()
10 SYSTEMPATH\Commands\Server\rewrite.php(43): require_once('FCPATH\\index.php')
CRITICAL - 2023-08-21 03:02:43 --> Allowed fields must be specified for model: App\Models\Authentications\AuthModel
in SYSTEMPATH\BaseModel.php on line 1139.
 1 SYSTEMPATH\BaseModel.php(1139): CodeIgniter\Database\Exceptions\DataException::forInvalidAllowedFields('App\\Models\\Authentications\\AuthModel')
 2 SYSTEMPATH\BaseModel.php(713): CodeIgniter\BaseModel->doProtectFields([...])
 3 SYSTEMPATH\Model.php(667): CodeIgniter\BaseModel->insert([...], true)
 4 APPPATH\Models\Authentications\AuthModel.php(48): CodeIgniter\Model->insert([...])
 5 APPPATH\Controllers\authentications\AuthenticationController.php(47): App\Models\Authentications\AuthModel->insertSession([...])
 6 SYSTEMPATH\CodeIgniter.php(904): App\Controllers\authentications\AuthenticationController->index()
 7 SYSTEMPATH\CodeIgniter.php(457): CodeIgniter\CodeIgniter->runController(Object(App\Controllers\authentications\AuthenticationController))
 8 SYSTEMPATH\CodeIgniter.php(340): CodeIgniter\CodeIgniter->handleRequest(null, Object(Config\Cache), false)
 9 FCPATH\index.php(67): CodeIgniter\CodeIgniter->run()
10 SYSTEMPATH\Commands\Server\rewrite.php(43): require_once('FCPATH\\index.php')
CRITICAL - 2023-08-21 03:03:36 --> Allowed fields must be specified for model: App\Models\Authentications\AuthModel
in SYSTEMPATH\BaseModel.php on line 1139.
 1 SYSTEMPATH\BaseModel.php(1139): CodeIgniter\Database\Exceptions\DataException::forInvalidAllowedFields('App\\Models\\Authentications\\AuthModel')
 2 SYSTEMPATH\BaseModel.php(713): CodeIgniter\BaseModel->doProtectFields([...])
 3 SYSTEMPATH\Model.php(667): CodeIgniter\BaseModel->insert([...], true)
 4 APPPATH\Models\Authentications\AuthModel.php(51): CodeIgniter\Model->insert([...])
 5 APPPATH\Controllers\authentications\AuthenticationController.php(47): App\Models\Authentications\AuthModel->insertSession([...])
 6 SYSTEMPATH\CodeIgniter.php(904): App\Controllers\authentications\AuthenticationController->index()
 7 SYSTEMPATH\CodeIgniter.php(457): CodeIgniter\CodeIgniter->runController(Object(App\Controllers\authentications\AuthenticationController))
 8 SYSTEMPATH\CodeIgniter.php(340): CodeIgniter\CodeIgniter->handleRequest(null, Object(Config\Cache), false)
 9 FCPATH\index.php(67): CodeIgniter\CodeIgniter->run()
10 SYSTEMPATH\Commands\Server\rewrite.php(43): require_once('FCPATH\\index.php')
CRITICAL - 2023-08-21 03:04:02 --> Allowed fields must be specified for model: App\Models\Authentications\AuthModel
in SYSTEMPATH\BaseModel.php on line 1139.
 1 SYSTEMPATH\BaseModel.php(1139): CodeIgniter\Database\Exceptions\DataException::forInvalidAllowedFields('App\\Models\\Authentications\\AuthModel')
 2 SYSTEMPATH\BaseModel.php(713): CodeIgniter\BaseModel->doProtectFields([...])
 3 SYSTEMPATH\Model.php(667): CodeIgniter\BaseModel->insert([...], true)
 4 APPPATH\Models\Authentications\AuthModel.php(48): CodeIgniter\Model->insert([...])
 5 APPPATH\Controllers\authentications\AuthenticationController.php(47): App\Models\Authentications\AuthModel->insertSession([...])
 6 SYSTEMPATH\CodeIgniter.php(904): App\Controllers\authentications\AuthenticationController->index()
 7 SYSTEMPATH\CodeIgniter.php(457): CodeIgniter\CodeIgniter->runController(Object(App\Controllers\authentications\AuthenticationController))
 8 SYSTEMPATH\CodeIgniter.php(340): CodeIgniter\CodeIgniter->handleRequest(null, Object(Config\Cache), false)
 9 FCPATH\index.php(67): CodeIgniter\CodeIgniter->run()
10 SYSTEMPATH\Commands\Server\rewrite.php(43): require_once('FCPATH\\index.php')
CRITICAL - 2023-08-21 03:11:54 --> Allowed fields must be specified for model: App\Models\Authentications\AuthModel
in SYSTEMPATH\BaseModel.php on line 1139.
 1 SYSTEMPATH\BaseModel.php(1139): CodeIgniter\Database\Exceptions\DataException::forInvalidAllowedFields('App\\Models\\Authentications\\AuthModel')
 2 SYSTEMPATH\BaseModel.php(713): CodeIgniter\BaseModel->doProtectFields([...])
 3 SYSTEMPATH\Model.php(667): CodeIgniter\BaseModel->insert([...], true)
 4 APPPATH\Models\Authentications\AuthModel.php(46): CodeIgniter\Model->insert([...])
 5 APPPATH\Controllers\authentications\AuthenticationController.php(47): App\Models\Authentications\AuthModel->insertSession([...])
 6 SYSTEMPATH\CodeIgniter.php(904): App\Controllers\authentications\AuthenticationController->index()
 7 SYSTEMPATH\CodeIgniter.php(457): CodeIgniter\CodeIgniter->runController(Object(App\Controllers\authentications\AuthenticationController))
 8 SYSTEMPATH\CodeIgniter.php(340): CodeIgniter\CodeIgniter->handleRequest(null, Object(Config\Cache), false)
 9 FCPATH\index.php(67): CodeIgniter\CodeIgniter->run()
10 SYSTEMPATH\Commands\Server\rewrite.php(43): require_once('FCPATH\\index.php')
CRITICAL - 2023-08-21 03:11:55 --> Allowed fields must be specified for model: App\Models\Authentications\AuthModel
in SYSTEMPATH\BaseModel.php on line 1139.
 1 SYSTEMPATH\BaseModel.php(1139): CodeIgniter\Database\Exceptions\DataException::forInvalidAllowedFields('App\\Models\\Authentications\\AuthModel')
 2 SYSTEMPATH\BaseModel.php(713): CodeIgniter\BaseModel->doProtectFields([...])
 3 SYSTEMPATH\Model.php(667): CodeIgniter\BaseModel->insert([...], true)
 4 APPPATH\Models\Authentications\AuthModel.php(46): CodeIgniter\Model->insert([...])
 5 APPPATH\Controllers\authentications\AuthenticationController.php(47): App\Models\Authentications\AuthModel->insertSession([...])
 6 SYSTEMPATH\CodeIgniter.php(904): App\Controllers\authentications\AuthenticationController->index()
 7 SYSTEMPATH\CodeIgniter.php(457): CodeIgniter\CodeIgniter->runController(Object(App\Controllers\authentications\AuthenticationController))
 8 SYSTEMPATH\CodeIgniter.php(340): CodeIgniter\CodeIgniter->handleRequest(null, Object(Config\Cache), false)
 9 FCPATH\index.php(67): CodeIgniter\CodeIgniter->run()
10 SYSTEMPATH\Commands\Server\rewrite.php(43): require_once('FCPATH\\index.php')
CRITICAL - 2023-08-21 03:11:56 --> Allowed fields must be specified for model: App\Models\Authentications\AuthModel
in SYSTEMPATH\BaseModel.php on line 1139.
 1 SYSTEMPATH\BaseModel.php(1139): CodeIgniter\Database\Exceptions\DataException::forInvalidAllowedFields('App\\Models\\Authentications\\AuthModel')
 2 SYSTEMPATH\BaseModel.php(713): CodeIgniter\BaseModel->doProtectFields([...])
 3 SYSTEMPATH\Model.php(667): CodeIgniter\BaseModel->insert([...], true)
 4 APPPATH\Models\Authentications\AuthModel.php(46): CodeIgniter\Model->insert([...])
 5 APPPATH\Controllers\authentications\AuthenticationController.php(47): App\Models\Authentications\AuthModel->insertSession([...])
 6 SYSTEMPATH\CodeIgniter.php(904): App\Controllers\authentications\AuthenticationController->index()
 7 SYSTEMPATH\CodeIgniter.php(457): CodeIgniter\CodeIgniter->runController(Object(App\Controllers\authentications\AuthenticationController))
 8 SYSTEMPATH\CodeIgniter.php(340): CodeIgniter\CodeIgniter->handleRequest(null, Object(Config\Cache), false)
 9 FCPATH\index.php(67): CodeIgniter\CodeIgniter->run()
10 SYSTEMPATH\Commands\Server\rewrite.php(43): require_once('FCPATH\\index.php')
CRITICAL - 2023-08-21 03:11:56 --> Allowed fields must be specified for model: App\Models\Authentications\AuthModel
in SYSTEMPATH\BaseModel.php on line 1139.
 1 SYSTEMPATH\BaseModel.php(1139): CodeIgniter\Database\Exceptions\DataException::forInvalidAllowedFields('App\\Models\\Authentications\\AuthModel')
 2 SYSTEMPATH\BaseModel.php(713): CodeIgniter\BaseModel->doProtectFields([...])
 3 SYSTEMPATH\Model.php(667): CodeIgniter\BaseModel->insert([...], true)
 4 APPPATH\Models\Authentications\AuthModel.php(46): CodeIgniter\Model->insert([...])
 5 APPPATH\Controllers\authentications\AuthenticationController.php(47): App\Models\Authentications\AuthModel->insertSession([...])
 6 SYSTEMPATH\CodeIgniter.php(904): App\Controllers\authentications\AuthenticationController->index()
 7 SYSTEMPATH\CodeIgniter.php(457): CodeIgniter\CodeIgniter->runController(Object(App\Controllers\authentications\AuthenticationController))
 8 SYSTEMPATH\CodeIgniter.php(340): CodeIgniter\CodeIgniter->handleRequest(null, Object(Config\Cache), false)
 9 FCPATH\index.php(67): CodeIgniter\CodeIgniter->run()
10 SYSTEMPATH\Commands\Server\rewrite.php(43): require_once('FCPATH\\index.php')
CRITICAL - 2023-08-21 03:15:01 --> Allowed fields must be specified for model: App\Models\Authentications\AuthModel
in SYSTEMPATH\BaseModel.php on line 1139.
 1 SYSTEMPATH\BaseModel.php(1139): CodeIgniter\Database\Exceptions\DataException::forInvalidAllowedFields('App\\Models\\Authentications\\AuthModel')
 2 SYSTEMPATH\BaseModel.php(713): CodeIgniter\BaseModel->doProtectFields([...])
 3 SYSTEMPATH\Model.php(667): CodeIgniter\BaseModel->insert([...], true)
 4 APPPATH\Models\Authentications\AuthModel.php(48): CodeIgniter\Model->insert([...])
 5 APPPATH\Controllers\authentications\AuthenticationController.php(47): App\Models\Authentications\AuthModel->insertSession([...])
 6 SYSTEMPATH\CodeIgniter.php(904): App\Controllers\authentications\AuthenticationController->index()
 7 SYSTEMPATH\CodeIgniter.php(457): CodeIgniter\CodeIgniter->runController(Object(App\Controllers\authentications\AuthenticationController))
 8 SYSTEMPATH\CodeIgniter.php(340): CodeIgniter\CodeIgniter->handleRequest(null, Object(Config\Cache), false)
 9 FCPATH\index.php(67): CodeIgniter\CodeIgniter->run()
10 SYSTEMPATH\Commands\Server\rewrite.php(43): require_once('FCPATH\\index.php')
CRITICAL - 2023-08-21 03:15:02 --> Allowed fields must be specified for model: App\Models\Authentications\AuthModel
in SYSTEMPATH\BaseModel.php on line 1139.
 1 SYSTEMPATH\BaseModel.php(1139): CodeIgniter\Database\Exceptions\DataException::forInvalidAllowedFields('App\\Models\\Authentications\\AuthModel')
 2 SYSTEMPATH\BaseModel.php(713): CodeIgniter\BaseModel->doProtectFields([...])
 3 SYSTEMPATH\Model.php(667): CodeIgniter\BaseModel->insert([...], true)
 4 APPPATH\Models\Authentications\AuthModel.php(48): CodeIgniter\Model->insert([...])
 5 APPPATH\Controllers\authentications\AuthenticationController.php(47): App\Models\Authentications\AuthModel->insertSession([...])
 6 SYSTEMPATH\CodeIgniter.php(904): App\Controllers\authentications\AuthenticationController->index()
 7 SYSTEMPATH\CodeIgniter.php(457): CodeIgniter\CodeIgniter->runController(Object(App\Controllers\authentications\AuthenticationController))
 8 SYSTEMPATH\CodeIgniter.php(340): CodeIgniter\CodeIgniter->handleRequest(null, Object(Config\Cache), false)
 9 FCPATH\index.php(67): CodeIgniter\CodeIgniter->run()
10 SYSTEMPATH\Commands\Server\rewrite.php(43): require_once('FCPATH\\index.php')
CRITICAL - 2023-08-21 03:15:03 --> Allowed fields must be specified for model: App\Models\Authentications\AuthModel
in SYSTEMPATH\BaseModel.php on line 1139.
 1 SYSTEMPATH\BaseModel.php(1139): CodeIgniter\Database\Exceptions\DataException::forInvalidAllowedFields('App\\Models\\Authentications\\AuthModel')
 2 SYSTEMPATH\BaseModel.php(713): CodeIgniter\BaseModel->doProtectFields([...])
 3 SYSTEMPATH\Model.php(667): CodeIgniter\BaseModel->insert([...], true)
 4 APPPATH\Models\Authentications\AuthModel.php(48): CodeIgniter\Model->insert([...])
 5 APPPATH\Controllers\authentications\AuthenticationController.php(47): App\Models\Authentications\AuthModel->insertSession([...])
 6 SYSTEMPATH\CodeIgniter.php(904): App\Controllers\authentications\AuthenticationController->index()
 7 SYSTEMPATH\CodeIgniter.php(457): CodeIgniter\CodeIgniter->runController(Object(App\Controllers\authentications\AuthenticationController))
 8 SYSTEMPATH\CodeIgniter.php(340): CodeIgniter\CodeIgniter->handleRequest(null, Object(Config\Cache), false)
 9 FCPATH\index.php(67): CodeIgniter\CodeIgniter->run()
10 SYSTEMPATH\Commands\Server\rewrite.php(43): require_once('FCPATH\\index.php')
CRITICAL - 2023-08-21 03:15:04 --> Allowed fields must be specified for model: App\Models\Authentications\AuthModel
in SYSTEMPATH\BaseModel.php on line 1139.
 1 SYSTEMPATH\BaseModel.php(1139): CodeIgniter\Database\Exceptions\DataException::forInvalidAllowedFields('App\\Models\\Authentications\\AuthModel')
 2 SYSTEMPATH\BaseModel.php(713): CodeIgniter\BaseModel->doProtectFields([...])
 3 SYSTEMPATH\Model.php(667): CodeIgniter\BaseModel->insert([...], true)
 4 APPPATH\Models\Authentications\AuthModel.php(48): CodeIgniter\Model->insert([...])
 5 APPPATH\Controllers\authentications\AuthenticationController.php(47): App\Models\Authentications\AuthModel->insertSession([...])
 6 SYSTEMPATH\CodeIgniter.php(904): App\Controllers\authentications\AuthenticationController->index()
 7 SYSTEMPATH\CodeIgniter.php(457): CodeIgniter\CodeIgniter->runController(Object(App\Controllers\authentications\AuthenticationController))
 8 SYSTEMPATH\CodeIgniter.php(340): CodeIgniter\CodeIgniter->handleRequest(null, Object(Config\Cache), false)
 9 FCPATH\index.php(67): CodeIgniter\CodeIgniter->run()
10 SYSTEMPATH\Commands\Server\rewrite.php(43): require_once('FCPATH\\index.php')
CRITICAL - 2023-08-21 03:15:05 --> Allowed fields must be specified for model: App\Models\Authentications\AuthModel
in SYSTEMPATH\BaseModel.php on line 1139.
 1 SYSTEMPATH\BaseModel.php(1139): CodeIgniter\Database\Exceptions\DataException::forInvalidAllowedFields('App\\Models\\Authentications\\AuthModel')
 2 SYSTEMPATH\BaseModel.php(713): CodeIgniter\BaseModel->doProtectFields([...])
 3 SYSTEMPATH\Model.php(667): CodeIgniter\BaseModel->insert([...], true)
 4 APPPATH\Models\Authentications\AuthModel.php(48): CodeIgniter\Model->insert([...])
 5 APPPATH\Controllers\authentications\AuthenticationController.php(47): App\Models\Authentications\AuthModel->insertSession([...])
 6 SYSTEMPATH\CodeIgniter.php(904): App\Controllers\authentications\AuthenticationController->index()
 7 SYSTEMPATH\CodeIgniter.php(457): CodeIgniter\CodeIgniter->runController(Object(App\Controllers\authentications\AuthenticationController))
 8 SYSTEMPATH\CodeIgniter.php(340): CodeIgniter\CodeIgniter->handleRequest(null, Object(Config\Cache), false)
 9 FCPATH\index.php(67): CodeIgniter\CodeIgniter->run()
10 SYSTEMPATH\Commands\Server\rewrite.php(43): require_once('FCPATH\\index.php')
CRITICAL - 2023-08-21 03:15:05 --> Allowed fields must be specified for model: App\Models\Authentications\AuthModel
in SYSTEMPATH\BaseModel.php on line 1139.
 1 SYSTEMPATH\BaseModel.php(1139): CodeIgniter\Database\Exceptions\DataException::forInvalidAllowedFields('App\\Models\\Authentications\\AuthModel')
 2 SYSTEMPATH\BaseModel.php(713): CodeIgniter\BaseModel->doProtectFields([...])
 3 SYSTEMPATH\Model.php(667): CodeIgniter\BaseModel->insert([...], true)
 4 APPPATH\Models\Authentications\AuthModel.php(48): CodeIgniter\Model->insert([...])
 5 APPPATH\Controllers\authentications\AuthenticationController.php(47): App\Models\Authentications\AuthModel->insertSession([...])
 6 SYSTEMPATH\CodeIgniter.php(904): App\Controllers\authentications\AuthenticationController->index()
 7 SYSTEMPATH\CodeIgniter.php(457): CodeIgniter\CodeIgniter->runController(Object(App\Controllers\authentications\AuthenticationController))
 8 SYSTEMPATH\CodeIgniter.php(340): CodeIgniter\CodeIgniter->handleRequest(null, Object(Config\Cache), false)
 9 FCPATH\index.php(67): CodeIgniter\CodeIgniter->run()
10 SYSTEMPATH\Commands\Server\rewrite.php(43): require_once('FCPATH\\index.php')
CRITICAL - 2023-08-21 03:20:18 --> There is no data to insert.
in SYSTEMPATH\BaseModel.php on line 1577.
 1 SYSTEMPATH\BaseModel.php(1577): CodeIgniter\Database\Exceptions\DataException::forEmptyDataset('insert')
 2 SYSTEMPATH\BaseModel.php(704): CodeIgniter\BaseModel->transformDataToArray([], 'insert')
 3 SYSTEMPATH\Model.php(667): CodeIgniter\BaseModel->insert([], true)
 4 APPPATH\Models\Authentications\AuthModel.php(47): CodeIgniter\Model->insert([])
 5 APPPATH\Controllers\authentications\AuthenticationController.php(47): App\Models\Authentications\AuthModel->insertSession([...])
 6 SYSTEMPATH\CodeIgniter.php(904): App\Controllers\authentications\AuthenticationController->index()
 7 SYSTEMPATH\CodeIgniter.php(457): CodeIgniter\CodeIgniter->runController(Object(App\Controllers\authentications\AuthenticationController))
 8 SYSTEMPATH\CodeIgniter.php(340): CodeIgniter\CodeIgniter->handleRequest(null, Object(Config\Cache), false)
 9 FCPATH\index.php(67): CodeIgniter\CodeIgniter->run()
10 SYSTEMPATH\Commands\Server\rewrite.php(43): require_once('FCPATH\\index.php')
CRITICAL - 2023-08-21 03:26:44 --> Object of class App\Models\Authentications\AuthModel could not be converted to string
in APPPATH\Models\Authentications\AuthModel.php on line 47.
 1 APPPATH\Controllers\authentications\AuthenticationController.php(47): App\Models\Authentications\AuthModel->insertSession([...])
 2 SYSTEMPATH\CodeIgniter.php(904): App\Controllers\authentications\AuthenticationController->index()
 3 SYSTEMPATH\CodeIgniter.php(457): CodeIgniter\CodeIgniter->runController(Object(App\Controllers\authentications\AuthenticationController))
 4 SYSTEMPATH\CodeIgniter.php(340): CodeIgniter\CodeIgniter->handleRequest(null, Object(Config\Cache), false)
 5 FCPATH\index.php(67): CodeIgniter\CodeIgniter->run()
 6 SYSTEMPATH\Commands\Server\rewrite.php(43): require_once('FCPATH\\index.php')
ERROR - 2023-08-21 03:37:05 --> mysqli_sql_exception: Unknown column 'user_id' in 'field list' in C:\laragon\www\promis\system\Database\MySQLi\Connection.php:292
Stack trace:
#0 C:\laragon\www\promis\system\Database\MySQLi\Connection.php(292): mysqli->query('INSERT INTO `au...', 0)
#1 C:\laragon\www\promis\system\Database\BaseConnection.php(693): CodeIgniter\Database\MySQLi\Connection->execute('INSERT INTO `au...')
#2 C:\laragon\www\promis\system\Database\BaseConnection.php(620): CodeIgniter\Database\BaseConnection->simpleQuery('INSERT INTO `au...')
#3 C:\laragon\www\promis\system\Database\BaseBuilder.php(1916): CodeIgniter\Database\BaseConnection->query('INSERT INTO `au...', Array, false)
#4 C:\laragon\www\promis\system\Model.php(279): CodeIgniter\Database\BaseBuilder->insert()
#5 C:\laragon\www\promis\system\BaseModel.php(738): CodeIgniter\Model->doInsert(Array)
#6 C:\laragon\www\promis\system\Model.php(667): CodeIgniter\BaseModel->insert(Array, true)
#7 C:\laragon\www\promis\app\Models\Authentications\AuthModel.php(47): CodeIgniter\Model->insert(Array)
#8 C:\laragon\www\promis\app\Controllers\authentications\AuthenticationController.php(116): App\Models\Authentications\AuthModel->insertSession(Array)
#9 C:\laragon\www\promis\system\CodeIgniter.php(904): App\Controllers\authentications\AuthenticationController->LoginUser()
#10 C:\laragon\www\promis\system\CodeIgniter.php(457): CodeIgniter\CodeIgniter->runController(Object(App\Controllers\authentications\AuthenticationController))
#11 C:\laragon\www\promis\system\CodeIgniter.php(340): CodeIgniter\CodeIgniter->handleRequest(NULL, Object(Config\Cache), false)
#12 C:\laragon\www\promis\public\index.php(67): CodeIgniter\CodeIgniter->run()
#13 C:\laragon\www\promis\system\Commands\Server\rewrite.php(43): require_once('C:\\laragon\\www\\...')
#14 {main}
CRITICAL - 2023-08-21 03:37:05 --> Unknown column 'user_id' in 'field list'
in SYSTEMPATH\Database\MySQLi\Connection.php on line 292.
 1 SYSTEMPATH\Database\MySQLi\Connection.php(292): mysqli->query('INSERT INTO `auth_user` (`id`, `user_id`) VALUES (\'64e32231b1d8e\', \'16-08148-638592057dd1c\')', 0)
 2 SYSTEMPATH\Database\BaseConnection.php(693): CodeIgniter\Database\MySQLi\Connection->execute('INSERT INTO `auth_user` (`id`, `user_id`) VALUES (\'64e32231b1d8e\', \'16-08148-638592057dd1c\')')
 3 SYSTEMPATH\Database\BaseConnection.php(620): CodeIgniter\Database\BaseConnection->simpleQuery('INSERT INTO `auth_user` (`id`, `user_id`) VALUES (\'64e32231b1d8e\', \'16-08148-638592057dd1c\')')
 4 SYSTEMPATH\Database\BaseBuilder.php(1916): CodeIgniter\Database\BaseConnection->query('INSERT INTO `auth_user` (`id`, `user_id`) VALUES (:id:, :user_id:)', [...], false)
 5 SYSTEMPATH\Model.php(279): CodeIgniter\Database\BaseBuilder->insert()
 6 SYSTEMPATH\BaseModel.php(738): CodeIgniter\Model->doInsert([...])
 7 SYSTEMPATH\Model.php(667): CodeIgniter\BaseModel->insert([...], true)
 8 APPPATH\Models\Authentications\AuthModel.php(47): CodeIgniter\Model->insert([...])
 9 APPPATH\Controllers\authentications\AuthenticationController.php(116): App\Models\Authentications\AuthModel->insertSession([...])
10 SYSTEMPATH\CodeIgniter.php(904): App\Controllers\authentications\AuthenticationController->LoginUser()
11 SYSTEMPATH\CodeIgniter.php(457): CodeIgniter\CodeIgniter->runController(Object(App\Controllers\authentications\AuthenticationController))
12 SYSTEMPATH\CodeIgniter.php(340): CodeIgniter\CodeIgniter->handleRequest(null, Object(Config\Cache), false)
13 FCPATH\index.php(67): CodeIgniter\CodeIgniter->run()
14 SYSTEMPATH\Commands\Server\rewrite.php(43): require_once('FCPATH\\index.php')
CRITICAL - 2023-08-21 03:51:35 --> Undefined variable: currentDateTime
in APPPATH\Controllers\authentications\AuthenticationController.php on line 118.
 1 APPPATH\Controllers\authentications\AuthenticationController.php(118): CodeIgniter\Debug\Exceptions->errorHandler(8, 'Undefined variable: currentDateTime', 'APPPATH\\Controllers\\authentications\\AuthenticationController.php', 118, [...])
 2 SYSTEMPATH\CodeIgniter.php(904): App\Controllers\authentications\AuthenticationController->LoginUser()
 3 SYSTEMPATH\CodeIgniter.php(457): CodeIgniter\CodeIgniter->runController(Object(App\Controllers\authentications\AuthenticationController))
 4 SYSTEMPATH\CodeIgniter.php(340): CodeIgniter\CodeIgniter->handleRequest(null, Object(Config\Cache), false)
 5 FCPATH\index.php(67): CodeIgniter\CodeIgniter->run()
 6 SYSTEMPATH\Commands\Server\rewrite.php(43): require_once('FCPATH\\index.php')
CRITICAL - 2023-08-21 03:51:35 --> Uncaught CodeIgniter\Format\Exceptions\FormatException: Failed to parse json string, error: "Type is not supported". in C:\laragon\www\promis\system\Format\JSONFormatter.php:41
Stack trace:
#0 C:\laragon\www\promis\system\Format\JSONFormatter.php(41): CodeIgniter\Format\Exceptions\FormatException::forInvalidJSON('Type is not sup...')
#1 C:\laragon\www\promis\system\API\ResponseTrait.php(348): CodeIgniter\Format\JSONFormatter->format(Array)
#2 C:\laragon\www\promis\system\API\ResponseTrait.php(99): CodeIgniter\Debug\Exceptions->format(Array)
#3 C:\laragon\www\promis\system\Debug\Exceptions.php(132): CodeIgniter\Debug\Exceptions->respond(Array, 500)
#4 [internal function]: CodeIgniter\Debug\Exceptions->exceptionHandler(Object(ErrorException))
#5 {main}
  thrown
in SYSTEMPATH\Format\JSONFormatter.php on line 41.
 1 [internal function]: CodeIgniter\Debug\Exceptions->shutdownHandler()
CRITICAL - 2023-08-21 03:52:41 --> Call to undefined function App\Controllers\authentications\now()
in APPPATH\Controllers\authentications\AuthenticationController.php on line 113.
 1 SYSTEMPATH\CodeIgniter.php(904): App\Controllers\authentications\AuthenticationController->LoginUser()
 2 SYSTEMPATH\CodeIgniter.php(457): CodeIgniter\CodeIgniter->runController(Object(App\Controllers\authentications\AuthenticationController))
 3 SYSTEMPATH\CodeIgniter.php(340): CodeIgniter\CodeIgniter->handleRequest(null, Object(Config\Cache), false)
 4 FCPATH\index.php(67): CodeIgniter\CodeIgniter->run()
 5 SYSTEMPATH\Commands\Server\rewrite.php(43): require_once('FCPATH\\index.php')
CRITICAL - 2023-08-21 04:09:02 --> Undefined variable: authModelSession
in APPPATH\Controllers\authentications\AuthenticationController.php on line 127.
 1 APPPATH\Controllers\authentications\AuthenticationController.php(127): CodeIgniter\Debug\Exceptions->errorHandler(8, 'Undefined variable: authModelSession', 'APPPATH\\Controllers\\authentications\\AuthenticationController.php', 127, [...])
 2 SYSTEMPATH\CodeIgniter.php(904): App\Controllers\authentications\AuthenticationController->LoginUser()
 3 SYSTEMPATH\CodeIgniter.php(457): CodeIgniter\CodeIgniter->runController(Object(App\Controllers\authentications\AuthenticationController))
 4 SYSTEMPATH\CodeIgniter.php(340): CodeIgniter\CodeIgniter->handleRequest(null, Object(Config\Cache), false)
 5 FCPATH\index.php(67): CodeIgniter\CodeIgniter->run()
 6 SYSTEMPATH\Commands\Server\rewrite.php(43): require_once('FCPATH\\index.php')
CRITICAL - 2023-08-21 04:09:02 --> Uncaught CodeIgniter\Format\Exceptions\FormatException: Failed to parse json string, error: "Type is not supported". in C:\laragon\www\promis\system\Format\JSONFormatter.php:41
Stack trace:
#0 C:\laragon\www\promis\system\Format\JSONFormatter.php(41): CodeIgniter\Format\Exceptions\FormatException::forInvalidJSON('Type is not sup...')
#1 C:\laragon\www\promis\system\API\ResponseTrait.php(348): CodeIgniter\Format\JSONFormatter->format(Array)
#2 C:\laragon\www\promis\system\API\ResponseTrait.php(99): CodeIgniter\Debug\Exceptions->format(Array)
#3 C:\laragon\www\promis\system\Debug\Exceptions.php(132): CodeIgniter\Debug\Exceptions->respond(Array, 500)
#4 [internal function]: CodeIgniter\Debug\Exceptions->exceptionHandler(Object(ErrorException))
#5 {main}
  thrown
in SYSTEMPATH\Format\JSONFormatter.php on line 41.
 1 [internal function]: CodeIgniter\Debug\Exceptions->shutdownHandler()
CRITICAL - 2023-08-21 04:18:34 --> Undefined variable: userInfo
in APPPATH\Controllers\authentications\AuthenticationController.php on line 163.
 1 APPPATH\Controllers\authentications\AuthenticationController.php(163): CodeIgniter\Debug\Exceptions->errorHandler(8, 'Undefined variable: userInfo', 'APPPATH\\Controllers\\authentications\\AuthenticationController.php', 163, [])
 2 SYSTEMPATH\CodeIgniter.php(904): App\Controllers\authentications\AuthenticationController->LogoutUser()
 3 SYSTEMPATH\CodeIgniter.php(457): CodeIgniter\CodeIgniter->runController(Object(App\Controllers\authentications\AuthenticationController))
 4 SYSTEMPATH\CodeIgniter.php(340): CodeIgniter\CodeIgniter->handleRequest(null, Object(Config\Cache), false)
 5 FCPATH\index.php(67): CodeIgniter\CodeIgniter->run()
 6 SYSTEMPATH\Commands\Server\rewrite.php(43): require_once('FCPATH\\index.php')
CRITICAL - 2023-08-21 04:22:22 --> Undefined property: App\Controllers\authentications\AuthenticationController::$sessionUserInfo
in APPPATH\Controllers\authentications\AuthenticationController.php on line 163.
 1 APPPATH\Controllers\authentications\AuthenticationController.php(163): CodeIgniter\Debug\Exceptions->errorHandler(8, 'Undefined property: App\\Controllers\\authentications\\AuthenticationController::$sessionUserInfo', 'APPPATH\\Controllers\\authentications\\AuthenticationController.php', 163, [])
 2 SYSTEMPATH\CodeIgniter.php(904): App\Controllers\authentications\AuthenticationController->LogoutUser()
 3 SYSTEMPATH\CodeIgniter.php(457): CodeIgniter\CodeIgniter->runController(Object(App\Controllers\authentications\AuthenticationController))
 4 SYSTEMPATH\CodeIgniter.php(340): CodeIgniter\CodeIgniter->handleRequest(null, Object(Config\Cache), false)
 5 FCPATH\index.php(67): CodeIgniter\CodeIgniter->run()
 6 SYSTEMPATH\Commands\Server\rewrite.php(43): require_once('FCPATH\\index.php')
CRITICAL - 2023-08-21 04:23:36 --> Undefined property: App\Controllers\authentications\AuthenticationController::$sessionUserInfo
in APPPATH\Controllers\authentications\AuthenticationController.php on line 163.
 1 APPPATH\Controllers\authentications\AuthenticationController.php(163): CodeIgniter\Debug\Exceptions->errorHandler(8, 'Undefined property: App\\Controllers\\authentications\\AuthenticationController::$sessionUserInfo', 'APPPATH\\Controllers\\authentications\\AuthenticationController.php', 163, [])
 2 SYSTEMPATH\CodeIgniter.php(904): App\Controllers\authentications\AuthenticationController->LogoutUser()
 3 SYSTEMPATH\CodeIgniter.php(457): CodeIgniter\CodeIgniter->runController(Object(App\Controllers\authentications\AuthenticationController))
 4 SYSTEMPATH\CodeIgniter.php(340): CodeIgniter\CodeIgniter->handleRequest(null, Object(Config\Cache), false)
 5 FCPATH\index.php(67): CodeIgniter\CodeIgniter->run()
 6 SYSTEMPATH\Commands\Server\rewrite.php(43): require_once('FCPATH\\index.php')
CRITICAL - 2023-08-21 04:25:38 --> Undefined property: App\Controllers\DashboardController::$sessionUserInfo
in APPPATH\Controllers\DashboardController.php on line 21.
 1 APPPATH\Controllers\DashboardController.php(21): CodeIgniter\Debug\Exceptions->errorHandler(8, 'Undefined property: App\\Controllers\\DashboardController::$sessionUserInfo', 'APPPATH\\Controllers\\DashboardController.php', 21, [...])
 2 SYSTEMPATH\CodeIgniter.php(904): App\Controllers\DashboardController->index()
 3 SYSTEMPATH\CodeIgniter.php(457): CodeIgniter\CodeIgniter->runController(Object(App\Controllers\DashboardController))
 4 SYSTEMPATH\CodeIgniter.php(340): CodeIgniter\CodeIgniter->handleRequest(null, Object(Config\Cache), false)
 5 FCPATH\index.php(67): CodeIgniter\CodeIgniter->run()
 6 SYSTEMPATH\Commands\Server\rewrite.php(43): require_once('FCPATH\\index.php')
CRITICAL - 2023-08-21 04:26:40 --> Undefined property: App\Controllers\authentications\AuthenticationController::$sessionUserInfo
in APPPATH\Controllers\authentications\AuthenticationController.php on line 163.
 1 APPPATH\Controllers\authentications\AuthenticationController.php(163): CodeIgniter\Debug\Exceptions->errorHandler(8, 'Undefined property: App\\Controllers\\authentications\\AuthenticationController::$sessionUserInfo', 'APPPATH\\Controllers\\authentications\\AuthenticationController.php', 163, [])
 2 SYSTEMPATH\CodeIgniter.php(904): App\Controllers\authentications\AuthenticationController->LogoutUser()
 3 SYSTEMPATH\CodeIgniter.php(457): CodeIgniter\CodeIgniter->runController(Object(App\Controllers\authentications\AuthenticationController))
 4 SYSTEMPATH\CodeIgniter.php(340): CodeIgniter\CodeIgniter->handleRequest(null, Object(Config\Cache), false)
 5 FCPATH\index.php(67): CodeIgniter\CodeIgniter->run()
 6 SYSTEMPATH\Commands\Server\rewrite.php(43): require_once('FCPATH\\index.php')
CRITICAL - 2023-08-21 04:28:06 --> Undefined property: App\Controllers\DashboardController::$sessionUserInfo
in APPPATH\Controllers\DashboardController.php on line 21.
 1 APPPATH\Controllers\DashboardController.php(21): CodeIgniter\Debug\Exceptions->errorHandler(8, 'Undefined property: App\\Controllers\\DashboardController::$sessionUserInfo', 'APPPATH\\Controllers\\DashboardController.php', 21, [...])
 2 SYSTEMPATH\CodeIgniter.php(904): App\Controllers\DashboardController->index()
 3 SYSTEMPATH\CodeIgniter.php(457): CodeIgniter\CodeIgniter->runController(Object(App\Controllers\DashboardController))
 4 SYSTEMPATH\CodeIgniter.php(340): CodeIgniter\CodeIgniter->handleRequest(null, Object(Config\Cache), false)
 5 FCPATH\index.php(67): CodeIgniter\CodeIgniter->run()
 6 SYSTEMPATH\Commands\Server\rewrite.php(43): require_once('FCPATH\\index.php')
CRITICAL - 2023-08-21 04:29:30 --> Undefined property: App\Controllers\authentications\AuthenticationController::$sessionUserInfo
in APPPATH\Controllers\authentications\AuthenticationController.php on line 163.
 1 APPPATH\Controllers\authentications\AuthenticationController.php(163): CodeIgniter\Debug\Exceptions->errorHandler(8, 'Undefined property: App\\Controllers\\authentications\\AuthenticationController::$sessionUserInfo', 'APPPATH\\Controllers\\authentications\\AuthenticationController.php', 163, [])
 2 SYSTEMPATH\CodeIgniter.php(904): App\Controllers\authentications\AuthenticationController->LogoutUser()
 3 SYSTEMPATH\CodeIgniter.php(457): CodeIgniter\CodeIgniter->runController(Object(App\Controllers\authentications\AuthenticationController))
 4 SYSTEMPATH\CodeIgniter.php(340): CodeIgniter\CodeIgniter->handleRequest(null, Object(Config\Cache), false)
 5 FCPATH\index.php(67): CodeIgniter\CodeIgniter->run()
 6 SYSTEMPATH\Commands\Server\rewrite.php(43): require_once('FCPATH\\index.php')
CRITICAL - 2023-08-21 04:30:15 --> Undefined property: App\Controllers\authentications\AuthenticationController::$sessionUserInfo
in APPPATH\Controllers\authentications\AuthenticationController.php on line 163.
 1 APPPATH\Controllers\authentications\AuthenticationController.php(163): CodeIgniter\Debug\Exceptions->errorHandler(8, 'Undefined property: App\\Controllers\\authentications\\AuthenticationController::$sessionUserInfo', 'APPPATH\\Controllers\\authentications\\AuthenticationController.php', 163, [])
 2 SYSTEMPATH\CodeIgniter.php(904): App\Controllers\authentications\AuthenticationController->LogoutUser()
 3 SYSTEMPATH\CodeIgniter.php(457): CodeIgniter\CodeIgniter->runController(Object(App\Controllers\authentications\AuthenticationController))
 4 SYSTEMPATH\CodeIgniter.php(340): CodeIgniter\CodeIgniter->handleRequest(null, Object(Config\Cache), false)
 5 FCPATH\index.php(67): CodeIgniter\CodeIgniter->run()
 6 SYSTEMPATH\Commands\Server\rewrite.php(43): require_once('FCPATH\\index.php')
CRITICAL - 2023-08-21 04:40:09 --> Undefined variable: UserInfo
in APPPATH\Views\includes\navbar.php on line 104.
 1 APPPATH\Views\includes\navbar.php(104): CodeIgniter\Debug\Exceptions->errorHandler(8, 'Undefined variable: UserInfo', 'APPPATH\\Views\\includes\\navbar.php', 104, [])
 2 APPPATH\Views\includes\header.php(68): include('APPPATH\\Views\\includes\\navbar.php')
 3 SYSTEMPATH\View\View.php(213): include('APPPATH\\Views\\includes\\header.php')
 4 SYSTEMPATH\View\View.php(216): CodeIgniter\View\View->CodeIgniter\View\{closure}()
 5 SYSTEMPATH\Common.php(1142): CodeIgniter\View\View->render('includes/header', [], true)
 6 APPPATH\Controllers\BaseController.php(66): view('includes/header')
 7 APPPATH\Controllers\DashboardController.php(22): App\Controllers\BaseController->render('DashboardView', [...])
 8 SYSTEMPATH\CodeIgniter.php(904): App\Controllers\DashboardController->index()
 9 SYSTEMPATH\CodeIgniter.php(457): CodeIgniter\CodeIgniter->runController(Object(App\Controllers\DashboardController))
10 SYSTEMPATH\CodeIgniter.php(340): CodeIgniter\CodeIgniter->handleRequest(null, Object(Config\Cache), false)
11 FCPATH\index.php(67): CodeIgniter\CodeIgniter->run()
12 SYSTEMPATH\Commands\Server\rewrite.php(43): require_once('FCPATH\\index.php')
CRITICAL - 2023-08-21 04:41:44 --> syntax error, unexpected '$UserInfo' (T_VARIABLE), expecting ';' or ','
in APPPATH\Views\includes\navbar.php on line 104.
 1 SYSTEMPATH\View\View.php(213): include()
 2 SYSTEMPATH\View\View.php(216): CodeIgniter\View\View->CodeIgniter\View\{closure}()
 3 SYSTEMPATH\Common.php(1142): CodeIgniter\View\View->render('includes/header', [], true)
 4 APPPATH\Controllers\BaseController.php(66): view('includes/header')
 5 APPPATH\Controllers\DashboardController.php(22): App\Controllers\BaseController->render('DashboardView', [...])
 6 SYSTEMPATH\CodeIgniter.php(904): App\Controllers\DashboardController->index()
 7 SYSTEMPATH\CodeIgniter.php(457): CodeIgniter\CodeIgniter->runController(Object(App\Controllers\DashboardController))
 8 SYSTEMPATH\CodeIgniter.php(340): CodeIgniter\CodeIgniter->handleRequest(null, Object(Config\Cache), false)
 9 FCPATH\index.php(67): CodeIgniter\CodeIgniter->run()
10 SYSTEMPATH\Commands\Server\rewrite.php(43): require_once('FCPATH\\index.php')
CRITICAL - 2023-08-21 04:42:35 --> Undefined variable: UserInfo
in APPPATH\Views\includes\navbar.php on line 104.
 1 APPPATH\Views\includes\navbar.php(104): CodeIgniter\Debug\Exceptions->errorHandler(8, 'Undefined variable: UserInfo', 'APPPATH\\Views\\includes\\navbar.php', 104, [])
 2 APPPATH\Views\includes\header.php(68): include('APPPATH\\Views\\includes\\navbar.php')
 3 SYSTEMPATH\View\View.php(213): include('APPPATH\\Views\\includes\\header.php')
 4 SYSTEMPATH\View\View.php(216): CodeIgniter\View\View->CodeIgniter\View\{closure}()
 5 SYSTEMPATH\Common.php(1142): CodeIgniter\View\View->render('includes/header', [], true)
 6 APPPATH\Controllers\BaseController.php(66): view('includes/header')
 7 APPPATH\Controllers\DashboardController.php(22): App\Controllers\BaseController->render('DashboardView', [...])
 8 SYSTEMPATH\CodeIgniter.php(904): App\Controllers\DashboardController->index()
 9 SYSTEMPATH\CodeIgniter.php(457): CodeIgniter\CodeIgniter->runController(Object(App\Controllers\DashboardController))
10 SYSTEMPATH\CodeIgniter.php(340): CodeIgniter\CodeIgniter->handleRequest(null, Object(Config\Cache), false)
11 FCPATH\index.php(67): CodeIgniter\CodeIgniter->run()
12 SYSTEMPATH\Commands\Server\rewrite.php(43): require_once('FCPATH\\index.php')
CRITICAL - 2023-08-21 04:42:36 --> Undefined variable: UserInfo
in APPPATH\Views\includes\navbar.php on line 104.
 1 APPPATH\Views\includes\navbar.php(104): CodeIgniter\Debug\Exceptions->errorHandler(8, 'Undefined variable: UserInfo', 'APPPATH\\Views\\includes\\navbar.php', 104, [])
 2 APPPATH\Views\includes\header.php(68): include('APPPATH\\Views\\includes\\navbar.php')
 3 SYSTEMPATH\View\View.php(213): include('APPPATH\\Views\\includes\\header.php')
 4 SYSTEMPATH\View\View.php(216): CodeIgniter\View\View->CodeIgniter\View\{closure}()
 5 SYSTEMPATH\Common.php(1142): CodeIgniter\View\View->render('includes/header', [], true)
 6 APPPATH\Controllers\BaseController.php(66): view('includes/header')
 7 APPPATH\Controllers\DashboardController.php(22): App\Controllers\BaseController->render('DashboardView', [...])
 8 SYSTEMPATH\CodeIgniter.php(904): App\Controllers\DashboardController->index()
 9 SYSTEMPATH\CodeIgniter.php(457): CodeIgniter\CodeIgniter->runController(Object(App\Controllers\DashboardController))
10 SYSTEMPATH\CodeIgniter.php(340): CodeIgniter\CodeIgniter->handleRequest(null, Object(Config\Cache), false)
11 FCPATH\index.php(67): CodeIgniter\CodeIgniter->run()
12 SYSTEMPATH\Commands\Server\rewrite.php(43): require_once('FCPATH\\index.php')
CRITICAL - 2023-08-21 04:42:38 --> Undefined variable: UserInfo
in APPPATH\Views\includes\navbar.php on line 104.
 1 APPPATH\Views\includes\navbar.php(104): CodeIgniter\Debug\Exceptions->errorHandler(8, 'Undefined variable: UserInfo', 'APPPATH\\Views\\includes\\navbar.php', 104, [])
 2 APPPATH\Views\includes\header.php(68): include('APPPATH\\Views\\includes\\navbar.php')
 3 SYSTEMPATH\View\View.php(213): include('APPPATH\\Views\\includes\\header.php')
 4 SYSTEMPATH\View\View.php(216): CodeIgniter\View\View->CodeIgniter\View\{closure}()
 5 SYSTEMPATH\Common.php(1142): CodeIgniter\View\View->render('includes/header', [], true)
 6 APPPATH\Controllers\BaseController.php(66): view('includes/header')
 7 APPPATH\Controllers\DashboardController.php(22): App\Controllers\BaseController->render('DashboardView', [...])
 8 SYSTEMPATH\CodeIgniter.php(904): App\Controllers\DashboardController->index()
 9 SYSTEMPATH\CodeIgniter.php(457): CodeIgniter\CodeIgniter->runController(Object(App\Controllers\DashboardController))
10 SYSTEMPATH\CodeIgniter.php(340): CodeIgniter\CodeIgniter->handleRequest(null, Object(Config\Cache), false)
11 FCPATH\index.php(67): CodeIgniter\CodeIgniter->run()
12 SYSTEMPATH\Commands\Server\rewrite.php(43): require_once('FCPATH\\index.php')
CRITICAL - 2023-08-21 04:44:39 --> Undefined variable: userId
in APPPATH\Views\includes\navbar.php on line 104.
 1 APPPATH\Views\includes\navbar.php(104): CodeIgniter\Debug\Exceptions->errorHandler(8, 'Undefined variable: userId', 'APPPATH\\Views\\includes\\navbar.php', 104, [])
 2 APPPATH\Views\includes\header.php(68): include('APPPATH\\Views\\includes\\navbar.php')
 3 SYSTEMPATH\View\View.php(213): include('APPPATH\\Views\\includes\\header.php')
 4 SYSTEMPATH\View\View.php(216): CodeIgniter\View\View->CodeIgniter\View\{closure}()
 5 SYSTEMPATH\Common.php(1142): CodeIgniter\View\View->render('includes/header', [], true)
 6 APPPATH\Controllers\BaseController.php(66): view('includes/header')
 7 APPPATH\Controllers\DashboardController.php(22): App\Controllers\BaseController->render('DashboardView', [...])
 8 SYSTEMPATH\CodeIgniter.php(904): App\Controllers\DashboardController->index()
 9 SYSTEMPATH\CodeIgniter.php(457): CodeIgniter\CodeIgniter->runController(Object(App\Controllers\DashboardController))
10 SYSTEMPATH\CodeIgniter.php(340): CodeIgniter\CodeIgniter->handleRequest(null, Object(Config\Cache), false)
11 FCPATH\index.php(67): CodeIgniter\CodeIgniter->run()
12 SYSTEMPATH\Commands\Server\rewrite.php(43): require_once('FCPATH\\index.php')
CRITICAL - 2023-08-21 04:44:40 --> Undefined variable: userId
in APPPATH\Views\includes\navbar.php on line 104.
 1 APPPATH\Views\includes\navbar.php(104): CodeIgniter\Debug\Exceptions->errorHandler(8, 'Undefined variable: userId', 'APPPATH\\Views\\includes\\navbar.php', 104, [])
 2 APPPATH\Views\includes\header.php(68): include('APPPATH\\Views\\includes\\navbar.php')
 3 SYSTEMPATH\View\View.php(213): include('APPPATH\\Views\\includes\\header.php')
 4 SYSTEMPATH\View\View.php(216): CodeIgniter\View\View->CodeIgniter\View\{closure}()
 5 SYSTEMPATH\Common.php(1142): CodeIgniter\View\View->render('includes/header', [], true)
 6 APPPATH\Controllers\BaseController.php(66): view('includes/header')
 7 APPPATH\Controllers\DashboardController.php(22): App\Controllers\BaseController->render('DashboardView', [...])
 8 SYSTEMPATH\CodeIgniter.php(904): App\Controllers\DashboardController->index()
 9 SYSTEMPATH\CodeIgniter.php(457): CodeIgniter\CodeIgniter->runController(Object(App\Controllers\DashboardController))
10 SYSTEMPATH\CodeIgniter.php(340): CodeIgniter\CodeIgniter->handleRequest(null, Object(Config\Cache), false)
11 FCPATH\index.php(67): CodeIgniter\CodeIgniter->run()
12 SYSTEMPATH\Commands\Server\rewrite.php(43): require_once('FCPATH\\index.php')
CRITICAL - 2023-08-21 04:44:40 --> Undefined variable: userId
in APPPATH\Views\includes\navbar.php on line 104.
 1 APPPATH\Views\includes\navbar.php(104): CodeIgniter\Debug\Exceptions->errorHandler(8, 'Undefined variable: userId', 'APPPATH\\Views\\includes\\navbar.php', 104, [])
 2 APPPATH\Views\includes\header.php(68): include('APPPATH\\Views\\includes\\navbar.php')
 3 SYSTEMPATH\View\View.php(213): include('APPPATH\\Views\\includes\\header.php')
 4 SYSTEMPATH\View\View.php(216): CodeIgniter\View\View->CodeIgniter\View\{closure}()
 5 SYSTEMPATH\Common.php(1142): CodeIgniter\View\View->render('includes/header', [], true)
 6 APPPATH\Controllers\BaseController.php(66): view('includes/header')
 7 APPPATH\Controllers\DashboardController.php(22): App\Controllers\BaseController->render('DashboardView', [...])
 8 SYSTEMPATH\CodeIgniter.php(904): App\Controllers\DashboardController->index()
 9 SYSTEMPATH\CodeIgniter.php(457): CodeIgniter\CodeIgniter->runController(Object(App\Controllers\DashboardController))
10 SYSTEMPATH\CodeIgniter.php(340): CodeIgniter\CodeIgniter->handleRequest(null, Object(Config\Cache), false)
11 FCPATH\index.php(67): CodeIgniter\CodeIgniter->run()
12 SYSTEMPATH\Commands\Server\rewrite.php(43): require_once('FCPATH\\index.php')
CRITICAL - 2023-08-21 04:44:41 --> Undefined variable: userId
in APPPATH\Views\includes\navbar.php on line 104.
 1 APPPATH\Views\includes\navbar.php(104): CodeIgniter\Debug\Exceptions->errorHandler(8, 'Undefined variable: userId', 'APPPATH\\Views\\includes\\navbar.php', 104, [])
 2 APPPATH\Views\includes\header.php(68): include('APPPATH\\Views\\includes\\navbar.php')
 3 SYSTEMPATH\View\View.php(213): include('APPPATH\\Views\\includes\\header.php')
 4 SYSTEMPATH\View\View.php(216): CodeIgniter\View\View->CodeIgniter\View\{closure}()
 5 SYSTEMPATH\Common.php(1142): CodeIgniter\View\View->render('includes/header', [], true)
 6 APPPATH\Controllers\BaseController.php(66): view('includes/header')
 7 APPPATH\Controllers\DashboardController.php(22): App\Controllers\BaseController->render('DashboardView', [...])
 8 SYSTEMPATH\CodeIgniter.php(904): App\Controllers\DashboardController->index()
 9 SYSTEMPATH\CodeIgniter.php(457): CodeIgniter\CodeIgniter->runController(Object(App\Controllers\DashboardController))
10 SYSTEMPATH\CodeIgniter.php(340): CodeIgniter\CodeIgniter->handleRequest(null, Object(Config\Cache), false)
11 FCPATH\index.php(67): CodeIgniter\CodeIgniter->run()
12 SYSTEMPATH\Commands\Server\rewrite.php(43): require_once('FCPATH\\index.php')
CRITICAL - 2023-08-21 04:44:41 --> Undefined variable: userId
in APPPATH\Views\includes\navbar.php on line 104.
 1 APPPATH\Views\includes\navbar.php(104): CodeIgniter\Debug\Exceptions->errorHandler(8, 'Undefined variable: userId', 'APPPATH\\Views\\includes\\navbar.php', 104, [])
 2 APPPATH\Views\includes\header.php(68): include('APPPATH\\Views\\includes\\navbar.php')
 3 SYSTEMPATH\View\View.php(213): include('APPPATH\\Views\\includes\\header.php')
 4 SYSTEMPATH\View\View.php(216): CodeIgniter\View\View->CodeIgniter\View\{closure}()
 5 SYSTEMPATH\Common.php(1142): CodeIgniter\View\View->render('includes/header', [], true)
 6 APPPATH\Controllers\BaseController.php(66): view('includes/header')
 7 APPPATH\Controllers\DashboardController.php(22): App\Controllers\BaseController->render('DashboardView', [...])
 8 SYSTEMPATH\CodeIgniter.php(904): App\Controllers\DashboardController->index()
 9 SYSTEMPATH\CodeIgniter.php(457): CodeIgniter\CodeIgniter->runController(Object(App\Controllers\DashboardController))
10 SYSTEMPATH\CodeIgniter.php(340): CodeIgniter\CodeIgniter->handleRequest(null, Object(Config\Cache), false)
11 FCPATH\index.php(67): CodeIgniter\CodeIgniter->run()
12 SYSTEMPATH\Commands\Server\rewrite.php(43): require_once('FCPATH\\index.php')
CRITICAL - 2023-08-21 04:45:09 --> Array to string conversion
in APPPATH\Controllers\BaseController.php on line 66.
 1 APPPATH\Controllers\BaseController.php(66): CodeIgniter\Debug\Exceptions->errorHandler(8, 'Array to string conversion', 'APPPATH\\Controllers\\BaseController.php', 66, [...])
 2 APPPATH\Controllers\DashboardController.php(22): App\Controllers\BaseController->render('DashboardView', [...])
 3 SYSTEMPATH\CodeIgniter.php(904): App\Controllers\DashboardController->index()
 4 SYSTEMPATH\CodeIgniter.php(457): CodeIgniter\CodeIgniter->runController(Object(App\Controllers\DashboardController))
 5 SYSTEMPATH\CodeIgniter.php(340): CodeIgniter\CodeIgniter->handleRequest(null, Object(Config\Cache), false)
 6 FCPATH\index.php(67): CodeIgniter\CodeIgniter->run()
 7 SYSTEMPATH\Commands\Server\rewrite.php(43): require_once('FCPATH\\index.php')
CRITICAL - 2023-08-21 04:45:40 --> Array to string conversion
in APPPATH\Controllers\BaseController.php on line 66.
 1 APPPATH\Controllers\BaseController.php(66): CodeIgniter\Debug\Exceptions->errorHandler(8, 'Array to string conversion', 'APPPATH\\Controllers\\BaseController.php', 66, [...])
 2 APPPATH\Controllers\DashboardController.php(22): App\Controllers\BaseController->render('DashboardView', [...])
 3 SYSTEMPATH\CodeIgniter.php(904): App\Controllers\DashboardController->index()
 4 SYSTEMPATH\CodeIgniter.php(457): CodeIgniter\CodeIgniter->runController(Object(App\Controllers\DashboardController))
 5 SYSTEMPATH\CodeIgniter.php(340): CodeIgniter\CodeIgniter->handleRequest(null, Object(Config\Cache), false)
 6 FCPATH\index.php(67): CodeIgniter\CodeIgniter->run()
 7 SYSTEMPATH\Commands\Server\rewrite.php(43): require_once('FCPATH\\index.php')
CRITICAL - 2023-08-21 04:45:55 --> Array to string conversion
in APPPATH\Controllers\BaseController.php on line 66.
 1 APPPATH\Controllers\BaseController.php(66): CodeIgniter\Debug\Exceptions->errorHandler(8, 'Array to string conversion', 'APPPATH\\Controllers\\BaseController.php', 66, [...])
 2 APPPATH\Controllers\DashboardController.php(22): App\Controllers\BaseController->render('DashboardView', [...])
 3 SYSTEMPATH\CodeIgniter.php(904): App\Controllers\DashboardController->index()
 4 SYSTEMPATH\CodeIgniter.php(457): CodeIgniter\CodeIgniter->runController(Object(App\Controllers\DashboardController))
 5 SYSTEMPATH\CodeIgniter.php(340): CodeIgniter\CodeIgniter->handleRequest(null, Object(Config\Cache), false)
 6 FCPATH\index.php(67): CodeIgniter\CodeIgniter->run()
 7 SYSTEMPATH\Commands\Server\rewrite.php(43): require_once('FCPATH\\index.php')
CRITICAL - 2023-08-21 04:45:59 --> Array to string conversion
in APPPATH\Controllers\BaseController.php on line 66.
 1 APPPATH\Controllers\BaseController.php(66): CodeIgniter\Debug\Exceptions->errorHandler(8, 'Array to string conversion', 'APPPATH\\Controllers\\BaseController.php', 66, [...])
 2 APPPATH\Controllers\DashboardController.php(22): App\Controllers\BaseController->render('DashboardView', [...])
 3 SYSTEMPATH\CodeIgniter.php(904): App\Controllers\DashboardController->index()
 4 SYSTEMPATH\CodeIgniter.php(457): CodeIgniter\CodeIgniter->runController(Object(App\Controllers\DashboardController))
 5 SYSTEMPATH\CodeIgniter.php(340): CodeIgniter\CodeIgniter->handleRequest(null, Object(Config\Cache), false)
 6 FCPATH\index.php(67): CodeIgniter\CodeIgniter->run()
 7 SYSTEMPATH\Commands\Server\rewrite.php(43): require_once('FCPATH\\index.php')
CRITICAL - 2023-08-21 04:46:48 --> Undefined variable: userId
in APPPATH\Views\includes\navbar.php on line 104.
 1 APPPATH\Views\includes\navbar.php(104): CodeIgniter\Debug\Exceptions->errorHandler(8, 'Undefined variable: userId', 'APPPATH\\Views\\includes\\navbar.php', 104, [])
 2 APPPATH\Views\includes\header.php(68): include('APPPATH\\Views\\includes\\navbar.php')
 3 SYSTEMPATH\View\View.php(213): include('APPPATH\\Views\\includes\\header.php')
 4 SYSTEMPATH\View\View.php(216): CodeIgniter\View\View->CodeIgniter\View\{closure}()
 5 SYSTEMPATH\Common.php(1142): CodeIgniter\View\View->render('includes/header', [], true)
 6 APPPATH\Controllers\BaseController.php(66): view('includes/header')
 7 APPPATH\Controllers\DashboardController.php(22): App\Controllers\BaseController->render('DashboardView', [...])
 8 SYSTEMPATH\CodeIgniter.php(904): App\Controllers\DashboardController->index()
 9 SYSTEMPATH\CodeIgniter.php(457): CodeIgniter\CodeIgniter->runController(Object(App\Controllers\DashboardController))
10 SYSTEMPATH\CodeIgniter.php(340): CodeIgniter\CodeIgniter->handleRequest(null, Object(Config\Cache), false)
11 FCPATH\index.php(67): CodeIgniter\CodeIgniter->run()
12 SYSTEMPATH\Commands\Server\rewrite.php(43): require_once('FCPATH\\index.php')
CRITICAL - 2023-08-21 04:57:06 --> Too few arguments to function App\Controllers\authentications\AuthenticationController::LogoutUser(), 0 passed in C:\laragon\www\promis\system\CodeIgniter.php on line 904 and exactly 1 expected
in APPPATH\Controllers\authentications\AuthenticationController.php on line 157.
 1 SYSTEMPATH\CodeIgniter.php(904): App\Controllers\authentications\AuthenticationController->LogoutUser()
 2 SYSTEMPATH\CodeIgniter.php(457): CodeIgniter\CodeIgniter->runController(Object(App\Controllers\authentications\AuthenticationController))
 3 SYSTEMPATH\CodeIgniter.php(340): CodeIgniter\CodeIgniter->handleRequest(null, Object(Config\Cache), false)
 4 FCPATH\index.php(67): CodeIgniter\CodeIgniter->run()
 5 SYSTEMPATH\Commands\Server\rewrite.php(43): require_once('FCPATH\\index.php')
CRITICAL - 2023-08-21 04:59:15 --> Undefined variable: user_id
in APPPATH\Controllers\authentications\AuthenticationController.php on line 158.
 1 APPPATH\Controllers\authentications\AuthenticationController.php(158): CodeIgniter\Debug\Exceptions->errorHandler(8, 'Undefined variable: user_id', 'APPPATH\\Controllers\\authentications\\AuthenticationController.php', 158, [...])
 2 SYSTEMPATH\CodeIgniter.php(904): App\Controllers\authentications\AuthenticationController->LogoutUser('16-08148-638592057dd1c')
 3 SYSTEMPATH\CodeIgniter.php(457): CodeIgniter\CodeIgniter->runController(Object(App\Controllers\authentications\AuthenticationController))
 4 SYSTEMPATH\CodeIgniter.php(340): CodeIgniter\CodeIgniter->handleRequest(null, Object(Config\Cache), false)
 5 FCPATH\index.php(67): CodeIgniter\CodeIgniter->run()
 6 SYSTEMPATH\Commands\Server\rewrite.php(43): require_once('FCPATH\\index.php')
