CRITICAL - 2022-11-10 05:50:16 --> Invalid file: include/header.php
in SYSTEMPATH\Exceptions\FrameworkException.php on line 33.
 1 SYSTEMPATH\View\View.php(201): CodeIgniter\Exceptions\FrameworkException::forInvalidFile('include/header.php')
 2 SYSTEMPATH\Common.php(1142): CodeIgniter\View\View->render('include/header', [], true)
 3 APPPATH\Controllers\BaseController.php(54): view('include/header')
 4 APPPATH\Controllers\Internet\NewAccountController.php(18): App\Controllers\BaseController->render('Internet/NewAccountView')
 5 SYSTEMPATH\CodeIgniter.php(904): App\Controllers\Internet\NewAccountController->index()
 6 SYSTEMPATH\CodeIgniter.php(457): CodeIgniter\CodeIgniter->runController(Object(App\Controllers\Internet\NewAccountController))
 7 SYSTEMPATH\CodeIgniter.php(340): CodeIgniter\CodeIgniter->handleRequest(null, Object(Config\Cache), false)
 8 FCPATH\index.php(67): CodeIgniter\CodeIgniter->run()
 9 SYSTEMPATH\Commands\Server\rewrite.php(43): require_once('FCPATH\\index.php')
CRITICAL - 2022-11-10 19:39:12 --> Undefined property: App\Controllers\Tablue::$load
in APPPATH\Controllers\Tablue.php on line 39.
 1 APPPATH\Controllers\Tablue.php(39): CodeIgniter\Debug\Exceptions->errorHandler(8, 'Undefined property: App\\Controllers\\Tablue::$load', 'APPPATH\\Controllers\\Tablue.php', 39, [...])
 2 SYSTEMPATH\CodeIgniter.php(904): App\Controllers\Tablue->index()
 3 SYSTEMPATH\CodeIgniter.php(457): CodeIgniter\CodeIgniter->runController(Object(App\Controllers\Tablue))
 4 SYSTEMPATH\CodeIgniter.php(340): CodeIgniter\CodeIgniter->handleRequest(null, Object(Config\Cache), false)
 5 FCPATH\index.php(67): CodeIgniter\CodeIgniter->run()
 6 SYSTEMPATH\Commands\Server\rewrite.php(43): require_once('FCPATH\\index.php')
CRITICAL - 2022-11-10 19:39:50 --> Undefined property: App\Controllers\Tablue::$load
in APPPATH\Controllers\Tablue.php on line 39.
 1 APPPATH\Controllers\Tablue.php(39): CodeIgniter\Debug\Exceptions->errorHandler(8, 'Undefined property: App\\Controllers\\Tablue::$load', 'APPPATH\\Controllers\\Tablue.php', 39, [...])
 2 SYSTEMPATH\CodeIgniter.php(904): App\Controllers\Tablue->index()
 3 SYSTEMPATH\CodeIgniter.php(457): CodeIgniter\CodeIgniter->runController(Object(App\Controllers\Tablue))
 4 SYSTEMPATH\CodeIgniter.php(340): CodeIgniter\CodeIgniter->handleRequest(null, Object(Config\Cache), false)
 5 FCPATH\index.php(67): CodeIgniter\CodeIgniter->run()
 6 SYSTEMPATH\Commands\Server\rewrite.php(43): require_once('FCPATH\\index.php')
CRITICAL - 2022-11-10 19:41:22 --> Undefined property: App\Controllers\Home::$load
in APPPATH\Controllers\Home.php on line 39.
 1 APPPATH\Controllers\Home.php(39): CodeIgniter\Debug\Exceptions->errorHandler(8, 'Undefined property: App\\Controllers\\Home::$load', 'APPPATH\\Controllers\\Home.php', 39, [...])
 2 SYSTEMPATH\CodeIgniter.php(904): App\Controllers\Home->index()
 3 SYSTEMPATH\CodeIgniter.php(457): CodeIgniter\CodeIgniter->runController(Object(App\Controllers\Home))
 4 SYSTEMPATH\CodeIgniter.php(340): CodeIgniter\CodeIgniter->handleRequest(null, Object(Config\Cache), false)
 5 FCPATH\index.php(67): CodeIgniter\CodeIgniter->run()
 6 SYSTEMPATH\Commands\Server\rewrite.php(43): require_once('FCPATH\\index.php')
CRITICAL - 2022-11-10 19:44:44 --> Undefined property: App\Controllers\Home::$load
in APPPATH\Controllers\Home.php on line 39.
 1 APPPATH\Controllers\Home.php(39): CodeIgniter\Debug\Exceptions->errorHandler(8, 'Undefined property: App\\Controllers\\Home::$load', 'APPPATH\\Controllers\\Home.php', 39, [...])
 2 SYSTEMPATH\CodeIgniter.php(904): App\Controllers\Home->index()
 3 SYSTEMPATH\CodeIgniter.php(457): CodeIgniter\CodeIgniter->runController(Object(App\Controllers\Home))
 4 SYSTEMPATH\CodeIgniter.php(340): CodeIgniter\CodeIgniter->handleRequest(null, Object(Config\Cache), false)
 5 FCPATH\index.php(67): CodeIgniter\CodeIgniter->run()
 6 SYSTEMPATH\Commands\Server\rewrite.php(43): require_once('FCPATH\\index.php')
CRITICAL - 2022-11-10 19:46:59 --> Invalid file: tableu.php
in SYSTEMPATH\Exceptions\FrameworkException.php on line 33.
 1 SYSTEMPATH\View\View.php(201): CodeIgniter\Exceptions\FrameworkException::forInvalidFile('tableu.php')
 2 SYSTEMPATH\Common.php(1142): CodeIgniter\View\View->render('tableu', [], true)
 3 APPPATH\Controllers\Home.php(39): view('tableu')
 4 SYSTEMPATH\CodeIgniter.php(904): App\Controllers\Home->index()
 5 SYSTEMPATH\CodeIgniter.php(457): CodeIgniter\CodeIgniter->runController(Object(App\Controllers\Home))
 6 SYSTEMPATH\CodeIgniter.php(340): CodeIgniter\CodeIgniter->handleRequest(null, Object(Config\Cache), false)
 7 FCPATH\index.php(67): CodeIgniter\CodeIgniter->run()
 8 SYSTEMPATH\Commands\Server\rewrite.php(43): require_once('FCPATH\\index.php')
CRITICAL - 2022-11-10 20:20:02 --> Invalid file: include/header.php
in SYSTEMPATH\Exceptions\FrameworkException.php on line 33.
 1 SYSTEMPATH\View\View.php(201): CodeIgniter\Exceptions\FrameworkException::forInvalidFile('include/header.php')
 2 SYSTEMPATH\Common.php(1142): CodeIgniter\View\View->render('include/header', [], true)
 3 APPPATH\Controllers\BaseController.php(54): view('include/header')
 4 APPPATH\Controllers\DashboardController.php(15): App\Controllers\BaseController->render('DashboardView')
 5 SYSTEMPATH\CodeIgniter.php(904): App\Controllers\DashboardController->index()
 6 SYSTEMPATH\CodeIgniter.php(457): CodeIgniter\CodeIgniter->runController(Object(App\Controllers\DashboardController))
 7 SYSTEMPATH\CodeIgniter.php(340): CodeIgniter\CodeIgniter->handleRequest(null, Object(Config\Cache), false)
 8 FCPATH\index.php(67): CodeIgniter\CodeIgniter->run()
 9 SYSTEMPATH\Commands\Server\rewrite.php(43): require_once('FCPATH\\index.php')
CRITICAL - 2022-11-10 20:25:29 --> Invalid file: tableu.php
in SYSTEMPATH\Exceptions\FrameworkException.php on line 33.
 1 SYSTEMPATH\View\View.php(201): CodeIgniter\Exceptions\FrameworkException::forInvalidFile('tableu.php')
 2 SYSTEMPATH\Common.php(1142): CodeIgniter\View\View->render('tableu', [], true)
 3 APPPATH\Controllers\Tablue.php(39): view('tableu')
 4 SYSTEMPATH\CodeIgniter.php(904): App\Controllers\Tablue->index()
 5 SYSTEMPATH\CodeIgniter.php(457): CodeIgniter\CodeIgniter->runController(Object(App\Controllers\Tablue))
 6 SYSTEMPATH\CodeIgniter.php(340): CodeIgniter\CodeIgniter->handleRequest(null, Object(Config\Cache), false)
 7 FCPATH\index.php(67): CodeIgniter\CodeIgniter->run()
 8 SYSTEMPATH\Commands\Server\rewrite.php(43): require_once('FCPATH\\index.php')
CRITICAL - 2022-11-10 20:25:49 --> Argument 2 passed to view() must be of the type array, string given, called in C:\Laragon\www\i-aims\app\Controllers\Tablue.php on line 39
in SYSTEMPATH\Common.php on line 1128.
 1 APPPATH\Controllers\Tablue.php(39): view('tableu', 'VD-cKW1jSNqyfuZCw0Pqxg==:-bRC_61kNa4DOuazpYawCfyQ')
 2 SYSTEMPATH\CodeIgniter.php(904): App\Controllers\Tablue->index()
 3 SYSTEMPATH\CodeIgniter.php(457): CodeIgniter\CodeIgniter->runController(Object(App\Controllers\Tablue))
 4 SYSTEMPATH\CodeIgniter.php(340): CodeIgniter\CodeIgniter->handleRequest(null, Object(Config\Cache), false)
 5 FCPATH\index.php(67): CodeIgniter\CodeIgniter->run()
 6 SYSTEMPATH\Commands\Server\rewrite.php(43): require_once('FCPATH\\index.php')
CRITICAL - 2022-11-10 20:27:00 --> Argument 2 passed to view() must be of the type array, bool given, called in C:\Laragon\www\i-aims\app\Controllers\Tablue.php on line 39
in SYSTEMPATH\Common.php on line 1128.
 1 APPPATH\Controllers\Tablue.php(39): view('tableu', false)
 2 SYSTEMPATH\CodeIgniter.php(904): App\Controllers\Tablue->index()
 3 SYSTEMPATH\CodeIgniter.php(457): CodeIgniter\CodeIgniter->runController(Object(App\Controllers\Tablue))
 4 SYSTEMPATH\CodeIgniter.php(340): CodeIgniter\CodeIgniter->handleRequest(null, Object(Config\Cache), false)
 5 FCPATH\index.php(67): CodeIgniter\CodeIgniter->run()
 6 SYSTEMPATH\Commands\Server\rewrite.php(43): require_once('FCPATH\\index.php')
CRITICAL - 2022-11-10 20:37:27 --> Invalid file: tableu.php
in SYSTEMPATH\Exceptions\FrameworkException.php on line 33.
 1 SYSTEMPATH\View\View.php(201): CodeIgniter\Exceptions\FrameworkException::forInvalidFile('tableu.php')
 2 SYSTEMPATH\Common.php(1142): CodeIgniter\View\View->render('tableu', [], true)
 3 APPPATH\Controllers\Tablue.php(39): view('tableu')
 4 SYSTEMPATH\CodeIgniter.php(904): App\Controllers\Tablue->index()
 5 SYSTEMPATH\CodeIgniter.php(457): CodeIgniter\CodeIgniter->runController(Object(App\Controllers\Tablue))
 6 SYSTEMPATH\CodeIgniter.php(340): CodeIgniter\CodeIgniter->handleRequest(null, Object(Config\Cache), false)
 7 FCPATH\index.php(67): CodeIgniter\CodeIgniter->run()
 8 SYSTEMPATH\Commands\Server\rewrite.php(43): require_once('FCPATH\\index.php')
CRITICAL - 2022-11-10 20:39:32 --> Undefined variable: user_access
in APPPATH\Views\tablue.php on line 8.
 1 APPPATH\Views\tablue.php(8): CodeIgniter\Debug\Exceptions->errorHandler(8, 'Undefined variable: user_access', 'APPPATH\\Views\\tablue.php', 8, [])
 2 SYSTEMPATH\View\View.php(213): include('APPPATH\\Views\\tablue.php')
 3 SYSTEMPATH\View\View.php(216): CodeIgniter\View\View->CodeIgniter\View\{closure}()
 4 SYSTEMPATH\Common.php(1142): CodeIgniter\View\View->render('tablue', [], true)
 5 APPPATH\Controllers\Tablue.php(39): view('tablue')
 6 SYSTEMPATH\CodeIgniter.php(904): App\Controllers\Tablue->index()
 7 SYSTEMPATH\CodeIgniter.php(457): CodeIgniter\CodeIgniter->runController(Object(App\Controllers\Tablue))
 8 SYSTEMPATH\CodeIgniter.php(340): CodeIgniter\CodeIgniter->handleRequest(null, Object(Config\Cache), false)
 9 FCPATH\index.php(67): CodeIgniter\CodeIgniter->run()
10 SYSTEMPATH\Commands\Server\rewrite.php(43): require_once('FCPATH\\index.php')
CRITICAL - 2022-11-10 20:40:59 --> Argument 2 passed to view() must be of the type array, string given, called in C:\Laragon\www\i-aims\app\Controllers\Tablue.php on line 39
in SYSTEMPATH\Common.php on line 1128.
 1 APPPATH\Controllers\Tablue.php(39): view('tablue', 'VcTp9utCTKSnyVAveZgm0A==:vqkeFTHlA5qhgwwtGETGl1xP')
 2 SYSTEMPATH\CodeIgniter.php(904): App\Controllers\Tablue->index()
 3 SYSTEMPATH\CodeIgniter.php(457): CodeIgniter\CodeIgniter->runController(Object(App\Controllers\Tablue))
 4 SYSTEMPATH\CodeIgniter.php(340): CodeIgniter\CodeIgniter->handleRequest(null, Object(Config\Cache), false)
 5 FCPATH\index.php(67): CodeIgniter\CodeIgniter->run()
 6 SYSTEMPATH\Commands\Server\rewrite.php(43): require_once('FCPATH\\index.php')
CRITICAL - 2022-11-10 20:45:33 --> Undefined variable: user_access
in APPPATH\Views\tablue.php on line 8.
 1 APPPATH\Views\tablue.php(8): CodeIgniter\Debug\Exceptions->errorHandler(8, 'Undefined variable: user_access', 'APPPATH\\Views\\tablue.php', 8, [])
 2 SYSTEMPATH\View\View.php(213): include('APPPATH\\Views\\tablue.php')
 3 SYSTEMPATH\View\View.php(216): CodeIgniter\View\View->CodeIgniter\View\{closure}()
 4 SYSTEMPATH\Common.php(1142): CodeIgniter\View\View->render('tablue', [], true)
 5 APPPATH\Controllers\Tablue.php(39): view('tablue')
 6 SYSTEMPATH\CodeIgniter.php(904): App\Controllers\Tablue->index()
 7 SYSTEMPATH\CodeIgniter.php(457): CodeIgniter\CodeIgniter->runController(Object(App\Controllers\Tablue))
 8 SYSTEMPATH\CodeIgniter.php(340): CodeIgniter\CodeIgniter->handleRequest(null, Object(Config\Cache), false)
 9 FCPATH\index.php(67): CodeIgniter\CodeIgniter->run()
10 SYSTEMPATH\Commands\Server\rewrite.php(43): require_once('FCPATH\\index.php')
